# Bundle file v0.3
19 202
0 0 0
0 0 0
0 0 0
0 0 0
0 0 0
0 0 0
0 0 0
0 0 0
0 0 0
0 0 0
0 0 0
0 0 0
0 0 0
0 0 0
0 0 0
0 0 0
0 0 0
0 0 0
0 0 0
0 0 0
0 0 0
0 0 0
0 0 0
0 0 0
0 0 0
0 0 0
0 0 0
0 0 0
0 0 0
0 0 0
0 0 0
0 0 0
0 0 0
0 0 0
0 0 0
0 0 0
0 0 0
0 0 0
0 0 0
0 0 0
0 0 0
0 0 0
0 0 0
0 0 0
0 0 0
0 0 0
0 0 0
0 0 0
0 0 0
0 0 0
0 0 0
0 0 0
0 0 0
0 0 0
0 0 0
0 0 0
0 0 0
0 0 0
0 0 0
0 0 0
0 0 0
0 0 0
0 0 0
0 0 0
0 0 0
0 0 0
0 0 0
0 0 0
0 0 0
0 0 0
5.9722528893e+02 -7.7814113186e-03 -1.5049249104e-02
9.9996807004e-01 -5.3623429614e-03 -5.9248778378e-03
5.3384330439e-03 9.9997757341e-01 -4.0439845512e-03
5.9464301950e-03 4.0122258633e-03 9.9997427067e-01
-3.7279155809e-02 1.0107742382e-03 3.6292392741e-01
0 0 0
0 0 0
0 0 0
0 0 0
0 0 0
5.9676215256e+02 -1.6696399884e-02 -3.3549165047e-02
9.5578580845e-01 -1.7117637936e-01 2.3910695413e-01
1.5610843906e-01 9.8443439583e-01 8.0740792449e-02
-2.4920602645e-01 -3.9844290207e-02 9.6763050227e-01
9.1687318533e-01 1.9586071376e-01 7.7183988929e-02
0 0 0
0 0 0
0 0 0
0 0 0
0 0 0
0 0 0
0 0 0
0 0 0
0 0 0
0 0 0
1.9990199018e-01 4.4539189480e-01 -3.5291575183e+00
177 187 62
2 14 1664 34.2050 86.6390 16 1801 32.8260 67.2050
1.7113091374e-01 3.3046799277e-01 -3.6087432471e+00
89 79 10
2 14 1734 28.2530 63.7920 16 1858 27.6680 44.1750
6.5979855884e-01 9.9736980631e-02 -4.1805843457e+00
111 116 22
2 14 1843 101.2570 19.0470 16 682 76.5780 8.4810
-1.3644131732e-01 5.3556848024e-02 -4.2007823750e+00
134 128 16
2 14 608 -23.1990 10.9270 16 748 -34.2740 -16.8060
4.6307439177e-01 9.1311205168e-01 -4.3074586784e+00
121 118 14
2 14 2490 67.6440 141.9323 16 2610 24.4080 114.7200
2.4923410256e-01 3.8208685719e-01 -3.5661384576e+00
140 144 34
2 14 2614 43.1150 74.0810 16 2726 40.9180 56.1760
7.1144791557e-01 1.8082492644e-01 -4.2170897952e+00
174 186 86
2 14 2690 108.2780 31.7120 16 1910 79.4870 20.2600
-1.5889321481e-01 8.4299416411e-02 -4.2183686533e+00
176 167 64
2 14 1851 -26.5800 15.6420 16 1988 -38.8120 -12.9540
-2.8311491545e-01 3.5199438116e-02 -4.2223227632e+00
127 142 5
2 14 1868 -45.7010 7.5640 16 2005 -56.0210 -22.9920
-3.8153622327e-01 4.6959794477e-03 -4.1913211794e+00
190 189 78
2 14 1877 -61.4200 3.1290 16 2022 -69.2550 -30.2740
-3.8153622327e-01 4.6959794477e-03 -4.1913211794e+00
190 189 78
2 14 1878 -61.4200 3.1290 16 2023 -69.2550 -30.2740
-3.5774224573e-01 -7.3328851976e-02 -4.1375853420e+00
148 170 24
2 14 678 -58.5090 -9.2970 16 813 -62.5540 -41.2400
-3.9572379750e-01 -7.8493769781e-02 -4.1331853377e+00
131 152 12
2 14 683 -64.5800 -10.2490 16 818 -68.1640 -42.9650
-3.2601689602e-01 -1.1011790612e-01 -4.0547780471e+00
142 167 17
2 14 703 -54.7390 -15.5170 16 2055 -54.8400 -45.9090
1.2094190765e-01 -2.0460995582e-01 -3.7808116443e+00
93 112 0
2 14 2788 18.7240 -32.8740 16 2064 27.0570 -48.2770
8.3171629550e-02 -5.0039210243e-01 -3.7500853080e+00
167 116 35
2 14 2065 12.4760 -85.3300 16 2157 31.1060 -98.4130
6.3721398798e-01 -7.8471796605e-01 -4.1524091656e+00
137 110 31
2 14 2918 99.0550 -120.5380 16 3041 97.6980 -118.7650
-3.5092654566e-01 -5.8023178684e-01 -4.2233901262e+00
160 123 32
2 14 2069 -55.6260 -87.1470 16 2196 -50.3160 -117.9280
6.0886151055e-01 -8.0599364721e-01 -4.1651638672e+00
140 116 38
2 14 2926 94.2880 -123.3330 16 2205 93.7550 -122.6530
-4.3158353248e-01 -6.8448828328e-01 -4.3086933900e+00
196 165 75
2 14 2097 -66.4370 -100.9240 16 1073 -61.5350 -134.6250
-4.1683980331e-01 -7.2604634471e-01 -4.3145625095e+00
193 173 78
2 14 953 -64.0630 -107.2230 16 2240 -58.4850 -140.0370
6.8878146087e-01 7.9998974076e-01 -4.3998170197e+00
209 217 113
2 14 1569 99.7260 121.5450 16 2636 52.5050 100.3560
6.8985198213e-01 7.7047439655e-01 -4.4337034701e+00
112 120 9
2 14 2542 99.0970 116.5280 16 2652 51.9040 95.0290
1.7538897633e-01 4.0378824455e-01 -3.4971122502e+00
131 140 21
2 14 3293 29.8710 80.0020 16 2717 31.7540 60.0070
-1.9128870091e-01 3.3012950520e-01 -4.3273513244e+00
142 154 30
2 14 2649 -30.8370 52.3590 16 2806 -52.2820 20.7120
-3.9207782772e-01 3.2426127111e-01 -4.5218217855e+00
200 216 92
2 14 1778 -58.0370 49.0170 16 2830 -84.1700 12.5440
-3.2763343323e-01 1.6327170114e-01 -4.3306242586e+00
114 120 3
2 14 2699 -51.1780 27.1260 16 2874 -67.9040 -6.5910
-3.0819751232e-01 1.3646803190e-01 -4.2943233447e+00
118 117 15
2 14 2707 -48.7060 23.1730 16 2881 -63.7200 -9.5560
5.1740433132e-01 -9.9279085909e-02 -3.9597659945e+00
109 131 5
2 14 1916 83.7440 -13.1190 16 771 74.0850 -21.7680
5.9267909405e-01 -1.2663741096e-01 -3.9727363684e+00
106 133 4
2 14 3459 95.9630 -17.9980 16 2915 84.6150 -23.5750
-3.5055005313e-01 -4.9614743468e-02 -4.1369521135e+00
163 178 39
2 14 2753 -57.4050 -5.5340 16 2940 -62.0570 -37.4140
5.3784540246e-01 -2.2438219010e-01 -3.8809396643e+00
106 124 4
2 14 3476 89.1170 -34.7500 16 2942 84.9240 -39.9570
2.4936502800e-01 -2.0409921684e-01 -3.8148010408e+00
107 117 7
2 14 3472 40.7860 -32.0190 16 2950 45.2770 -44.8410
-2.6556004764e-01 -1.7422094154e-01 -4.0174173029e+00
152 170 32
2 14 3466 -45.4280 -25.6040 16 3551 -42.6740 -54.7960
5.0053362633e-02 -4.8211446156e-01 -3.7234203494e+00
172 122 37
2 14 3542 6.6540 -82.9530 16 3009 26.5500 -96.6640
4.2268210712e-01 -5.9720255381e-01 -3.9570528566e+00
123 87 10
2 14 3572 68.4520 -96.1700 16 3592 74.1490 -100.2630
-3.5255740242e-01 -6.0989016043e-01 -4.2247937197e+00
192 159 66
2 14 2077 -55.8500 -91.2280 16 3047 -49.7140 -122.9010
3.6996298959e-01 -8.2149845497e-01 -4.0761583985e+00
129 96 21
2 14 4080 58.0750 -129.3700 16 3062 66.1260 -133.7550
1.1951496415e-01 -9.2767001509e-01 -4.0506742848e+00
164 117 35
2 14 4100 17.9910 -147.2650 16 3673 34.3570 -159.2430
-3.3867831053e-02 9.8415938220e-01 -4.1877318959e+00
215 224 105
2 14 3767 -8.0800 157.1325 16 3323 -42.3710 121.5510
3.2528880878e-01 1.4478689396e-01 -3.8015781324e+00
114 87 12
2 14 3905 53.8250 28.4150 16 3464 47.5930 13.1720
-3.7174668292e-01 1.0560008818e-01 -4.3663587018e+00
145 157 32
2 14 2716 -57.2150 18.2910 16 3504 -73.5410 -16.3580
-3.2570193306e-01 5.3187700884e-02 -4.2535927010e+00
146 157 26
2 14 3410 -51.8630 10.5650 16 2907 -63.3890 -21.9070
5.3568920481e-01 -1.3358713391e-01 -3.9216283780e+00
124 149 21
2 14 3946 87.6940 -18.8110 16 3522 79.8180 -26.5070
4.2897602172e-01 -1.3795685233e-01 -3.8843841038e+00
103 126 2
2 14 3462 70.4870 -20.2320 16 2927 66.5030 -29.3980
3.5895950602e-01 -2.4499084537e-01 -3.8520334224e+00
103 115 11
2 14 3486 59.1900 -38.5120 16 3539 60.9850 -48.3250
9.1300173438e-02 -1.9422822439e-01 -3.7867224176e+00
100 115 1
2 14 3471 13.5010 -30.6240 16 3541 21.9390 -47.8630
2.3042726657e-01 -2.3882555724e-01 -3.8197718828e+00
92 118 0
2 14 3966 37.5240 -38.8080 16 3542 42.9260 -50.1120
1.0352325306e-01 -2.9957914103e-01 -3.7678904027e+00
115 135 8
2 14 3980 15.8160 -49.7300 16 4008 27.6450 -64.3390
-4.5429845785e-01 -3.2633809877e-01 -4.0988841332e+00
180 131 29
2 14 3498 -74.3280 -49.6540 16 4024 -69.9690 -83.6160
3.0060331585e-01 -6.4816387730e-01 -3.9484672314e+00
119 91 12
2 14 3584 48.3190 -105.0790 16 3606 58.2660 -112.0090
-4.2308272772e-01 -5.5965947465e-01 -4.3062458138e+00
144 106 17
2 14 3541 -65.3160 -82.0200 16 4068 -63.3570 -115.8820
3.8479717082e-01 -6.9985924169e-01 -4.0370863104e+00
107 90 8
2 14 4053 60.9370 -110.2820 16 4073 67.2630 -116.4000
-1.0946344895e-01 -6.4407549529e-01 -3.9915912290e+00
135 110 17
2 14 3583 -19.6700 -103.1510 16 3619 -5.0890 -124.2510
-3.6669779153e-01 -6.4897339378e-01 -4.2887641251e+00
145 119 25
2 14 2874 -56.9660 -96.2710 16 3621 -52.4860 -127.4230
-1.6754880224e-02 -6.6803027763e-01 -3.9252524603e+00
174 133 51
2 14 2898 -4.5690 -108.7990 16 3620 12.4640 -126.5240
4.9935147866e-01 -8.5630581707e-01 -4.1321912904e+00
154 125 49
2 14 4083 77.7760 -132.6610 16 4101 82.0250 -133.8210
-2.4095736993e-01 -6.9898402726e-01 -4.1855828782e+00
141 121 26
2 14 2891 -38.9490 -106.5870 16 3626 -29.8860 -133.0530
4.3319807537e-01 -8.7163499840e-01 -4.1463943376e+00
156 121 47
2 14 4487 67.0490 -134.2110 16 4112 72.6970 -138.3000
3.3574519422e-01 -8.9677545850e-01 -4.1189888573e+00
159 121 45
2 14 4092 52.0530 -139.4660 16 3641 61.1920 -145.5830
-3.1045034134e-01 -8.2298535065e-01 -4.2598434558e+00
177 157 67
2 14 3605 -48.6910 -122.7830 16 3659 -38.8430 -153.0700
-2.4846221427e-01 -8.6193578944e-01 -4.2652625152e+00
179 155 67
2 14 3612 -39.0910 -129.0750 16 3666 -29.0620 -156.1690
7.5723560196e-02 -8.7435662199e-01 -3.9989373928e+00
168 112 35
2 14 4093 10.9430 -140.2140 16 4130 28.9400 -154.3590
-1.9090604450e-01 -8.8262781006e-01 -4.2040835357e+00
174 149 62
2 14 3617 -30.8250 -134.2380 16 3671 -18.2150 -159.0700
-8.1606658990e-02 -9.2462728348e-01 -4.1240335526e+00
174 144 58
2 14 3627 -14.2000 -143.6290 16 3679 1.7790 -164.0420
2.6750938879e-01 4.9974501408e-01 -3.5824047390e+00
169 178 49
2 14 3832 46.1800 96.0410 16 3367 39.5730 75.4220
-1.2089660394e-01 5.8453778051e-01 -4.1198234970e+00
229 241 101
2 14 3274 -21.7650 95.5130 16 3874 -43.4020 64.2880
-1.5538165933e-01 3.9081526747e-01 -4.1352773662e+00
186 197 67
2 14 3861 -26.9570 64.5440 16 3901 -43.9370 34.0070
-8.4037545718e-02 3.5600730637e-01 -4.1374084391e+00
197 210 79
2 14 3874 -15.6160 58.8540 16 3907 -32.5610 30.5210
-1.2285403341e-01 3.4770628877e-01 -4.1704373796e+00
151 162 32
2 14 3875 -21.5340 57.1290 16 3911 -38.9570 27.6850
-3.9942289216e-01 3.7896095667e-01 -4.4919597855e+00
207 224 111
2 14 2640 -59.5700 56.7290 16 3449 -86.1530 21.0150
5.4007404746e-01 -5.1293588865e-02 -4.0316735805e+00
88 107 0
2 14 3934 85.8340 -5.1230 16 3946 72.0460 -14.4120
-3.4073777282e-01 1.5027653186e-02 -4.1852267956e+00
103 110 0
2 14 3927 -55.1740 4.9620 16 3961 -63.2020 -27.8090
5.5047576459e-01 -1.8907080590e-01 -3.9105438265e+00
97 121 0
2 14 4397 90.5050 -28.5210 16 3975 84.0190 -34.2330
4.3347676646e-01 -1.7999618285e-01 -3.8887822222e+00
117 142 17
2 14 3954 71.2040 -27.4010 16 3977 68.0630 -35.7510
-1.7697520396e-01 -8.5185141517e-02 -3.9722064510e+00
158 174 32
2 14 3450 -31.4820 -11.1350 16 3986 -30.0100 -38.2300
2.7922305765e-01 -1.7865179036e-01 -3.8322785470e+00
85 88 1
2 14 3953 45.7230 -27.5430 16 3532 48.1730 -39.8550
-3.7859495815e-01 -1.0092837006e-01 -4.1428423382e+00
159 176 35
2 14 3452 -61.6970 -13.4010 16 3998 -65.0800 -46.3050
2.9880315310e-01 -2.5940897047e-01 -3.8252050396e+00
112 122 9
2 14 3970 49.2650 -41.6950 16 4002 53.7310 -51.9930
3.1387241120e-01 -3.0359224989e-01 -3.8265586921e+00
92 94 0
2 14 3981 51.8810 -49.2070 16 4006 57.1950 -58.6860
-3.9613258351e-01 -3.4742647571e-01 -4.0445132054e+00
178 133 32
2 14 3502 -66.0410 -53.7910 16 4028 -59.1400 -85.6650
-3.4495489332e-01 -3.6809334655e-01 -4.0140613403e+00
181 132 35
2 14 3990 -58.2410 -57.7100 16 4031 -49.8360 -87.5530
-2.8856939437e-01 -3.8910544326e-01 -3.9698208384e+00
177 127 30
2 14 3994 -49.6610 -61.8060 16 4032 -39.1800 -89.6780
-1.2798103729e-01 -4.4891335791e-01 -3.8132636712e+00
177 131 37
2 14 4011 -24.2670 -74.7010 16 4044 -6.7010 -96.3120
6.0830003436e-01 -6.9546204430e-01 -4.1291150712e+00
161 139 63
2 14 4452 95.0010 -107.1860 16 4432 92.8480 -106.9960
6.0830003436e-01 -6.9546204430e-01 -4.1291150712e+00
161 139 63
2 14 4453 95.0010 -107.1860 16 4433 92.8480 -106.9960
-2.4520436979e-01 -5.7519749351e-01 -4.1082278908e+00
174 134 46
2 14 3554 -40.5940 -89.6290 16 4069 -31.6250 -115.1610
-1.8649316694e-01 -5.7577876054e-01 -4.0345471500e+00
151 110 22
2 14 4028 -31.9760 -90.8200 16 4070 -20.2090 -115.2880
5.2299647526e-01 -7.7289451308e-01 -4.0734797476e+00
170 154 74
2 14 4474 82.6550 -120.5510 16 4081 86.6220 -122.6860
-2.6680607245e-01 -6.5400570294e-01 -4.1996416328e+00
192 161 70
2 14 3575 -42.8620 -98.9740 16 4086 -35.2320 -127.0120
4.5392729758e-01 -8.1114860143e-01 -4.1388641643e+00
94 72 3
2 14 4694 70.4090 -124.8880 16 4452 74.3860 -128.9220
-1.2862302343e-01 -6.8194768818e-01 -4.0313454680e+00
200 179 88
2 14 4050 -22.4970 -108.2140 16 4095 -8.4350 -130.0240
-4.1826002123e-02 -6.8929400244e-01 -3.9512274002e+00
134 95 12
2 14 4055 -8.6730 -111.2500 16 4096 8.2150 -130.5250
-2.2299112486e-01 -7.3195877538e-01 -4.1571285301e+00
224 200 108
2 14 4058 -36.4140 -112.5730 16 4111 -25.5010 -138.1030
1.4496027871e-01 -7.9194717009e-01 -3.9858621610e+00
117 77 2
2 14 4076 22.3120 -127.3500 16 4115 37.5200 -139.2150
1.4496027871e-01 -7.9194717009e-01 -3.9858621610e+00
117 77 2
2 14 4077 22.3120 -127.3500 16 4116 37.5200 -139.2150
-2.0723275998e-01 -8.2997535760e-01 -4.2130611873e+00
193 159 72
2 14 4074 -33.3390 -125.3940 16 4126 -22.1550 -151.8130
1.7847690853e-01 -9.1443507125e-01 -4.0684605426e+00
165 118 43
2 14 4494 27.3730 -143.7910 16 4131 41.9200 -155.3040
-9.8906519551e-02 -8.6920003055e-01 -4.1186536953e+00
197 159 76
2 14 4088 -17.0180 -135.1140 16 4133 -2.0620 -156.2330
2.2234904136e-01 -9.4399343743e-01 -4.0470922390e+00
133 96 20
2 14 4496 34.6720 -150.0250 16 4134 49.8980 -158.2550
-1.3602265789e-01 -9.0246080398e-01 -4.1560509031e+00
172 144 57
2 14 4090 -22.6220 -138.9520 16 4140 -7.9900 -161.6230
1.6932366469e+00 6.4973358804e+00 -1.9536051502e+01
129 116 11
2 14 3739 54.1310 205.4118 16 3798 -99.1460 161.0295
1.6932366469e+00 6.4973358804e+00 -1.9536051502e+01
129 116 11
2 14 3740 54.1310 205.4118 16 3799 -99.1460 161.0295
3.8771429268e-01 9.7314540728e-01 -4.3470916203e+00
213 221 118
2 14 4563 55.6370 149.8358 16 3823 11.4960 119.9140
3.1184928669e-01 9.5098210080e-01 -4.3857716803e+00
104 115 2
2 14 4247 43.8960 144.3139 16 4247 0.4880 115.1070
2.2853125699e-01 4.3955335463e-01 -3.5329111113e+00
202 212 87
2 14 4289 39.5460 86.3740 16 4295 37.6780 65.7550
-3.6952804429e-01 3.4595207626e-01 -4.4548800581e+00
123 138 12
2 14 3335 -55.7770 53.0520 16 4337 -80.4780 16.9790
-1.6021723471e-01 1.8526776092e-01 -4.3086987199e+00
160 175 48
2 14 4344 -26.1830 30.8370 16 4347 -43.7990 0.6240
-1.6021723471e-01 1.8526776092e-01 -4.3086987199e+00
160 175 48
2 14 4345 -26.1830 30.8370 16 4348 -43.7990 0.6240
6.0758699247e-01 3.3897441959e-02 -4.0784048910e+00
115 131 21
2 14 4365 95.5930 8.8650 16 3932 76.6520 -0.8740
3.2192362450e-01 -2.1449721125e-01 -3.8381314673e+00
89 87 0
2 14 3961 53.0420 -34.0310 16 3994 55.2070 -43.9410
4.9231368331e-01 -2.5538160791e-01 -3.8849091429e+00
99 112 0
2 14 4404 81.3210 -40.0890 16 4382 78.9450 -45.9260
3.9109985275e-01 -2.7486125919e-01 -3.8582350640e+00
77 92 0
2 14 4407 64.6160 -43.6370 16 4389 66.2190 -51.9970
-3.7520389278e-01 -1.4949788797e-01 -4.1074872478e+00
100 110 0
2 14 4391 -61.7230 -21.3950 16 4392 -62.5640 -53.6050
-1.5580793652e-01 -2.0853608274e-01 -3.8810515292e+00
152 162 35
2 14 3959 -28.6690 -32.7130 16 4395 -20.4280 -57.0300
-2.3775725995e-01 -2.1826306324e-01 -3.9840121118e+00
121 129 1
2 14 4402 -41.2500 -33.2990 16 4398 -36.2600 -60.8350
-1.3605137802e-01 -2.7586070729e-01 -3.8991792377e+00
125 126 14
2 14 4653 -25.1070 -43.8740 16 4404 -16.0550 -67.2860
6.7650943417e-01 -6.3704451234e-01 -4.1449927685e+00
150 114 38
2 14 4677 105.3270 -96.9320 16 4419 99.7250 -96.8620
5.1280649585e-01 -6.3335678456e-01 -4.0185681208e+00
105 72 0
2 14 4681 82.1160 -100.4060 16 4426 84.4200 -102.1550
-4.7333062013e-01 -5.7560252014e-01 -4.3723584982e+00
182 141 53
2 14 3544 -71.6130 -83.5120 16 4442 -71.7430 -118.2260
-4.7333062013e-01 -5.7560252014e-01 -4.3723584982e+00
182 141 53
2 14 3545 -71.6130 -83.5120 16 4443 -71.7430 -118.2260
-3.0036607766e-01 -6.1573866027e-01 -4.2113347921e+00
130 95 5
2 14 4444 -47.9620 -92.5900 16 4446 -41.4850 -122.2260
-4.1149529322e-01 -6.2047988562e-01 -4.3414583169e+00
209 183 88
2 14 4442 -62.9340 -90.0070 16 4449 -60.7630 -124.3120
-1.5233076695e-01 -8.3301309168e-01 -4.1678789539e+00
188 152 65
2 14 4477 -25.1530 -127.7510 16 4666 -12.6460 -151.1900
5.6631837542e-01 -9.8349437782e-01 -3.9245090311e+00
192 192 104
2 14 4504 93.4190 -161.9420 16 4471 107.0570 -155.3960
3.0461094977e-02 -9.1593235000e-01 -4.0314196787e+00
197 149 65
2 14 4495 3.5530 -145.7020 16 4476 21.9080 -161.5600
-4.5596752453e-02 8.4568865244e-01 -4.2387277704e+00
228 236 98
2 14 4572 -9.6130 133.4110 16 4556 -41.9510 99.7440
-1.0641683071e-01 5.2678997203e-01 -4.0830143277e+00
213 224 83
2 14 4757 -19.6470 87.3820 16 4582 -38.7390 56.6870
-1.9859968237e-01 5.2305792140e-01 -4.1526994345e+00
198 208 73
2 14 4598 -33.7530 85.5130 16 4585 -54.1140 52.0480
-2.3315464259e-01 3.8487367239e-01 -4.2079312143e+00
191 206 74
2 14 3864 -38.4620 62.7170 16 4598 -57.0020 29.6180
1.8789904890e-01 -2.0437825269e-01 -3.7900276107e+00
115 137 14
2 14 4401 30.3540 -32.6990 16 4383 37.0140 -46.2810
8.6501358575e-02 -2.6120498731e-01 -3.7736250657e+00
113 134 3
2 14 4784 12.7730 -42.7790 16 4635 23.6350 -58.6910
1.7139550056e-01 -3.1776188255e-01 -3.7822097979e+00
90 103 0
2 14 4658 27.6290 -52.4780 16 4637 38.1110 -65.3510
3.4461817157e-01 -7.5345648505e-01 -4.0206953228e+00
157 149 68
2 14 4692 54.6930 -119.9030 16 4652 63.7450 -125.7590
2.4672225357e-01 -7.4267040517e-01 -3.9826925962e+00
100 67 0
2 14 4795 39.0730 -119.4210 16 4654 51.2690 -128.0830
-3.7771242923e-01 -7.0302518168e-01 -4.3237023125e+00
223 204 109
2 14 4683 -58.0620 -103.0890 16 4657 -53.4260 -135.5580
6.7664908926e-01 -9.3645429010e-01 -4.2107219387e+00
166 161 83
2 14 4697 103.8370 -142.4260 16 4457 103.3240 -138.0430
-1.6431353793e-01 -7.4557555947e-01 -4.1128415064e+00
122 94 10
2 14 4689 -27.5570 -115.7920 16 4770 -14.8890 -139.5010
1.0052275893e-01 -9.6905023331e-01 -4.0479492409e+00
153 115 32
2 14 4702 14.9520 -153.8760 16 4674 32.8670 -166.5600
-1.1983935901e-01 -9.5875170305e-01 -4.0707744246e+00
210 196 107
2 14 4701 -20.5860 -150.8990 16 4679 -0.9220 -172.5630
-3.0118780974e-01 2.3686054770e-01 -4.3717004733e+00
218 230 91
2 14 4766 -46.7430 37.8520 16 4740 -66.6700 4.1850
-3.0118780974e-01 2.3686054770e-01 -4.3717004733e+00
218 230 91
2 14 4767 -46.7430 37.8520 16 4741 -66.6700 4.1850
-8.7466129732e-02 1.8396236114e-01 -4.2089291464e+00
85 98 0
2 14 4342 -15.6840 32.1370 16 4611 -30.4960 2.6370
-4.9013154986e-01 -6.3749875696e-01 -4.4052467585e+00
131 103 9
2 14 4675 -73.4290 -91.7920 16 4766 -73.2160 -127.3960
2.1308695549e-02 -8.2919499296e-01 -4.0021848427e+00
194 144 65
2 14 4800 1.9790 -132.7300 16 4773 19.4360 -149.0870
-1.8380289145e-01 2.7852282130e-01 -4.3787282266e+00
71 84 0
2 14 4826 -29.2300 43.6940 16 4808 -51.1860 13.0460
-2.7001912605e-01 1.1613575091e-01 -4.2759515931e+00
78 74 0
2 14 4873 -43.1020 19.9170 16 4810 -57.3020 -11.1690
-5.5601557726e-02 -1.6230066033e-01 -3.7422218454e+00
205 197 33
2 14 4779 -12.3560 -25.4940 16 4813 -0.4620 -46.9330
1.2400966594e+00 -9.7020712779e-01 -4.1413552445e+00
207 216 123
2 14 4847 194.6570 -149.5230 16 4831 180.9800 -127.3420
-2.7174026170e-01 -6.8909686371e-02 -4.0759147137e+00
166 198 39
2 14 4831 -45.6670 -10.2800 16 4845 -48.4030 -36.5060
-7.1248077671e-03 -4.1039208831e-01 -3.7472794918e+00
199 166 69
2 14 4886 -3.5460 -69.1590 16 4852 14.3450 -86.8690
3.7725103428e-01 -2.5680339290e-01 -3.9316353516e+00
93 107 5
2 14 4882 61.0690 -40.7000 16 4848 59.4870 -48.4900
-2.2811005468e-01 1.4450246484e-01 -4.1841247458e+00
81 77 5
2 14 4915 -37.6310 22.8190 16 4876 -50.1240 -3.0050
9.0519983046e-02 -3.7873677390e-01 -3.7403395849e+00
148 132 31
2 14 829 13.6880 -64.0920 16 914 29.2090 -78.0560
5.3728280152e+00 7.9190737727e+00 -2.2530094996e+01
167 159 52
2 14 3112 146.3120 217.0426 16 3271 -17.5640 178.3671
4.1220934948e+00 8.3258143367e+00 -2.3645219026e+01
170 158 48
2 14 3117 107.3120 216.7473 16 2526 -54.7810 175.7094
6.2859050192e-01 -7.4858109536e-01 -4.1604978804e+00
162 139 59
2 14 4467 97.4490 -114.1380 16 4065 95.2790 -114.1480
-2.7938262352e-01 -7.0774923731e-01 -4.2217418863e+00
201 183 88
2 14 3588 -44.4430 -107.7070 16 4104 -36.5780 -134.1240
3.3174296559e-01 -4.7121674970e-01 -3.8001595915e+00
147 95 19
2 14 4434 55.5030 -78.7760 16 4415 66.0710 -85.0890
4.4920194172e-01 -6.6323509334e-01 -4.0079293077e+00
160 144 66
2 14 4684 71.9880 -106.5470 16 4431 76.6130 -107.8480
7.5583597932e-01 -8.2364199494e-01 -4.2793169356e+00
160 122 49
2 14 4475 114.0550 -121.9770 16 4076 106.9840 -119.1820
-1.4309475147e-01 -1.3590892481e-01 -3.8402471134e+00
82 85 0
2 14 4778 -26.9330 -20.6920 16 4749 -19.0570 -44.7870
1.5251113014e-01 4.3792310077e-01 -3.5069093713e+00
190 201 73
2 14 1663 25.3980 86.4500 16 552 26.4270 64.8470
-4.3677865061e-01 -8.1658172364e-01 -4.3783851213e+00
213 196 104
2 14 3602 -65.8710 -118.8000 16 3657 -60.4580 -152.7080
7.0133311883e-02 -8.0014499555e-01 -3.9550077122e+00
161 112 33
2 14 2152 10.0550 -129.9400 16 2244 27.9790 -143.7160
3.5895950602e-01 -2.4499084537e-01 -3.8520334224e+00
103 115 11
2 14 3487 59.1900 -38.5120 16 3540 60.9850 -48.3250
3.1184928669e-01 9.5098210080e-01 -4.3857716803e+00
104 115 2
2 14 4246 43.8960 144.3139 16 4246 0.4880 115.1070
-2.2892630682e-01 2.7724322811e-01 -4.4162300613e+00
111 122 8
2 14 532 -35.5880 43.5760 16 676 -58.2420 10.8390
2.3700576755e-02 -1.2295658869e-01 -3.6959088745e+00
142 133 0
2 14 2772 1.6190 -19.4680 16 803 13.0380 -37.1800
7.7923699561e-02 3.8604576296e-01 -3.4956867500e+00
165 173 44
2 14 2606 11.3220 76.0540 16 2728 15.8840 55.1810
7.7077374082e-01 5.1958039707e-01 -4.3814789776e+00
218 223 127
2 14 3292 112.5690 81.0920 16 3375 70.5550 64.1700
-5.1143066426e-01 -7.9289132455e-01 -4.4800762617e+00
209 190 92
2 14 2903 -75.0050 -111.8970 16 3647 -73.6250 -149.7020
-3.2351428301e-01 -7.2293656289e-01 -4.2113048749e+00
160 134 41
2 14 3591 -51.4220 -109.7610 16 4110 -42.3030 -138.6900
1.2018736752e+01 1.4001519387e+01 -4.5042078240e+01
175 158 50
2 14 3750 162.9200 190.3537 16 3299 -9.7220 155.0819
2.5456077628e-01 -8.9731313842e-01 -4.0545458512e+00
158 119 42
2 14 4095 39.7760 -142.1070 16 4124 52.9360 -149.8900
1.6347775986e+00 -5.3920858842e-01 -4.9298697551e+00
202 207 115
2 14 4665 213.1710 -67.0840 16 4394 163.2750 -55.5940
1.4799127747e+00 -5.7993593232e-01 -4.7282510000e+00
205 215 119
2 14 4430 201.5970 -74.1920 16 4401 160.2780 -66.1180
-2.9334301089e-01 -3.3081741546e-02 -4.1264323479e+00
135 158 10
2 14 2748 -48.5270 -2.8100 16 2932 -53.5250 -33.3980
6.8245894141e+00 9.0275492981e+00 -2.4963681271e+01
190 183 78
2 14 3101 167.3000 222.7927 16 3261 -1.6840 185.1786
7.6568059805e+00 9.4637075946e+00 -2.6173348754e+01
183 177 67
2 14 3733 178.8330 222.6318 16 3262 7.7330 185.8031
1.0789174335e-01 1.1697773033e-01 -3.9216282539e+00
161 154 27
2 14 1834 15.6570 22.2580 16 2857 9.8580 2.0830
1.6229128424e+00 6.5299848749e+00 -1.8569621361e+01
184 171 57
2 14 3109 54.4950 217.3919 16 2532 -99.1080 172.2533
9.9564292526e+00 9.5197772215e+00 -2.7899353892e+01
175 162 58
2 14 3130 217.7260 209.8736 16 3274 42.6220 177.7560
3.3110901127e-01 5.1434069121e+00 -1.6335507230e+01
197 180 61
2 14 4220 13.5750 195.0446 16 4232 -132.0610 148.2961
4.2613550841e-01 -1.2112345345e+00 -4.0831451958e+00
209 212 121
2 14 4934 67.1900 -190.2000 16 4881 84.2930 -191.4590
-7.8269834246e+00 1.6357045778e+01 -4.4166688458e+01
174 162 50
2 14 29 -104.6760 224.3981 16 230 -285.1188 164.8819
-4.2962029019e-01 3.4547947704e+00 -1.0917888190e+01
184 167 49
2 14 66 -23.8200 198.4590 16 277 -152.4610 149.2662
-3.4335897497e-01 -1.3289849793e-01 -4.0874092887e+00
145 161 26
2 14 1933 -56.9860 -18.9840 16 2065 -57.6740 -50.0030
-4.4366759501e-01 -4.8527997680e-01 -4.2987870693e+00
184 135 43
2 14 2040 -68.5930 -71.7870 16 3015 -68.3370 -104.6840
6.9668653048e-01 3.1588080395e-01 -4.3206607983e+00
211 217 108
2 14 2654 103.2200 50.9080 16 2772 68.8930 37.2440
-1.5477745824e-01 -6.2300022278e-01 -4.0284753742e+00
201 168 78
2 14 4041 -26.8380 -98.4900 16 4445 -13.8470 -121.9260
-4.2636671390e-04 9.3716868611e-01 -4.2737457247e+00
160 165 37
2 14 4817 -2.6660 146.1120 16 4717 -38.6810 112.4220
1.1208983151e+00 -1.0150661747e+00 -3.9484776394e+00
204 209 117
2 14 4806 185.0630 -164.6370 16 4771 182.0450 -141.9510
4.5152168848e-01 -9.3775035486e-01 -4.1337595987e+00
157 141 63
2 14 2963 70.2160 -145.2540 16 3078 77.5700 -147.5880
-2.5929389804e+00 3.0796034276e+00 -9.4531604469e+00
163 148 29
2 14 44 -169.7960 203.9288 16 297 -300.9680 142.1115
4.5926954583e-01 9.5238237398e-01 -4.3639086788e+00
125 130 30
2 14 233 66.1470 145.4986 16 1692 20.7360 118.2450
-4.8145141949e+00 -4.7653764284e+00 1.5311224631e+01
181 163 51
2 14 2415 187.5340 183.9270 16 1615 -29.1200 147.9326
8.8134379498e+00 8.5756169824e+00 -2.4434853234e+01
169 160 55
2 14 3736 220.2730 216.6221 16 3265 46.3320 183.2984
1.4964525903e-01 1.0647489033e+00 -4.1701967496e+00
215 221 121
2 14 3758 20.6150 170.0645 16 316 -17.6330 137.3690
1.6283142499e+00 -3.1059832561e+00 -8.4985994674e+00
213 215 131
2 14 4204 121.4540 -224.6180 16 2428 68.5090 -232.0020
9.3617025304e+00 9.0591793247e+00 -2.5068141196e+01
185 171 74
2 14 4217 227.8780 222.7662 16 3782 51.4100 189.4367
3.7926211670e-01 -3.2882595256e-01 -3.8527720458e+00
144 129 36
2 14 4414 62.7280 -52.9330 16 4399 66.2820 -60.8730
