# Bundle file v0.3
19 202
0 0 0
0 0 0
0 0 0
0 0 0
0 0 0
0 0 0
0 0 0
0 0 0
0 0 0
0 0 0
0 0 0
0 0 0
0 0 0
0 0 0
0 0 0
0 0 0
0 0 0
0 0 0
0 0 0
0 0 0
0 0 0
0 0 0
0 0 0
0 0 0
0 0 0
0 0 0
0 0 0
0 0 0
0 0 0
0 0 0
0 0 0
0 0 0
0 0 0
0 0 0
0 0 0
0 0 0
0 0 0
0 0 0
0 0 0
0 0 0
0 0 0
0 0 0
0 0 0
0 0 0
0 0 0
0 0 0
0 0 0
0 0 0
0 0 0
0 0 0
0 0 0
0 0 0
0 0 0
0 0 0
0 0 0
0 0 0
0 0 0
0 0 0
0 0 0
0 0 0
0 0 0
0 0 0
0 0 0
0 0 0
0 0 0
0 0 0
0 0 0
0 0 0
0 0 0
0 0 0
6.1276595745e+02 0.0000000000e+00 0.0000000000e+00
1.0000000000e+00 0.0000000000e+00 0.0000000000e+00
0.0000000000e+00 1.0000000000e+00 0.0000000000e+00
0.0000000000e+00 0.0000000000e+00 1.0000000000e+00
-0.0000000000e+00 -0.0000000000e+00 -0.0000000000e+00
0 0 0
0 0 0
0 0 0
0 0 0
0 0 0
6.1276595745e+02 0.0000000000e+00 0.0000000000e+00
9.5612172672e-01 -1.6866852501e-01 2.3954576258e-01
1.5286361772e-01 9.8473611955e-01 8.3231539844e-02
-2.4992790576e-01 -4.2961651715e-02 9.6731087992e-01
9.3152918414e-01 1.8109918622e-01 -3.1536718890e-01
0 0 0
0 0 0
0 0 0
0 0 0
0 0 0
0 0 0
0 0 0
0 0 0
0 0 0
0 0 0
1.9391508411e-01 4.9393844915e-01 -3.4750789557e+00
177 187 62
2 14 1664 34.2050 86.6390 16 1801 32.8260 67.2050
1.6428061167e-01 3.7112345206e-01 -3.5631179549e+00
89 79 10
2 14 1734 28.2530 63.7920 16 1858 27.6680 44.1750
6.9268002217e-01 1.2866827736e-01 -4.1914917938e+00
111 116 22
2 14 1843 101.2570 19.0470 16 682 76.5780 8.4810
-1.5960541161e-01 7.5492415051e-02 -4.2154457771e+00
134 128 16
2 14 608 -23.1990 10.9270 16 748 -34.2740 -16.8060
4.7681223169e-01 9.9652258678e-01 -4.3186235767e+00
121 118 14
2 14 2490 67.6440 141.9323 16 2610 24.4080 114.7200
2.4735650331e-01 4.2658175835e-01 -3.5160933136e+00
140 144 34
2 14 2614 43.1150 74.0810 16 2726 40.9180 56.1760
7.4769908196e-01 2.1586231269e-01 -4.2308150795e+00
174 186 86
2 14 2690 108.2780 31.7120 16 1910 79.4870 20.2600
-1.8369076765e-01 1.0838702468e-01 -4.2345211849e+00
176 167 64
2 14 1851 -26.5800 15.6420 16 1988 -38.8120 -12.9540
-3.1641584497e-01 5.5250053218e-02 -4.2412395004e+00
127 142 5
2 14 1868 -45.7010 7.5640 16 2005 -56.0210 -22.9920
-4.2192997217e-01 2.1992378862e-02 -4.2092770805e+00
190 189 78
2 14 1877 -61.4200 3.1290 16 2022 -69.2550 -30.2740
-4.2192997217e-01 2.1992378862e-02 -4.2092770805e+00
190 189 78
2 14 1878 -61.4200 3.1290 16 2023 -69.2550 -30.2740
-3.9641425490e-01 -6.1781123749e-02 -4.1512059714e+00
148 170 24
2 14 678 -58.5090 -9.2970 16 813 -62.5540 -41.2400
-4.3713379594e-01 -6.7522290473e-02 -4.1471108225e+00
131 152 12
2 14 683 -64.5800 -10.2490 16 818 -68.1640 -42.9650
-3.6279228501e-01 -1.0143068370e-01 -4.0606446184e+00
142 167 17
2 14 703 -54.7390 -15.5170 16 2055 -54.8400 -45.9090
1.1481434608e-01 -2.0166859723e-01 -3.7573228134e+00
93 112 0
2 14 2788 18.7240 -32.8740 16 2064 27.0570 -48.2770
7.5902017333e-02 -5.1930779092e-01 -3.7274245717e+00
167 116 35
2 14 2065 12.4760 -85.3300 16 2157 31.1060 -98.4130
6.7429794403e-01 -8.1962080544e-01 -4.1715804846e+00
137 110 31
2 14 2918 99.0550 -120.5380 16 3041 97.6980 -118.7650
-3.8588925996e-01 -6.0533430778e-01 -4.2512392674e+00
160 123 32
2 14 2069 -55.6260 -87.1470 16 2196 -50.3160 -117.9280
6.4403835650e-01 -8.4248064821e-01 -4.1855086066e+00
140 116 38
2 14 2926 94.2880 -123.3330 16 2205 93.7550 -122.6530
-4.7124756961e-01 -7.1733120591e-01 -4.3470157439e+00
196 165 75
2 14 2097 -66.4370 -100.9240 16 1073 -61.5350 -134.6250
-4.5516216003e-01 -7.6181018562e-01 -4.3536497100e+00
193 173 78
2 14 953 -64.0630 -107.2230 16 2240 -58.4850 -140.0370
7.1970207099e-01 8.7765602006e-01 -4.4222695991e+00
209 217 113
2 14 1569 99.7260 121.5450 16 2636 52.5050 100.3560
7.2120861996e-01 8.4626058100e-01 -4.4593478945e+00
112 120 9
2 14 2542 99.0970 116.5280 16 2652 51.9040 95.0290
1.6771174308e-01 4.4921021454e-01 -3.4404131976e+00
131 140 21
2 14 3293 29.8710 80.0020 16 2717 31.7540 60.0070
-2.1893895019e-01 3.7174252781e-01 -4.3505629928e+00
142 154 30
2 14 2649 -30.8370 52.3590 16 2806 -52.2820 20.7120
-4.3243169721e-01 3.6538853085e-01 -4.5656469435e+00
200 216 92
2 14 1778 -58.0370 49.0170 16 2830 -84.1700 12.5440
-3.6400022406e-01 1.9266547657e-01 -4.3583605194e+00
114 120 3
2 14 2699 -51.1780 27.1260 16 2874 -67.9040 -6.5910
-3.4330258210e-01 1.6390671325e-01 -4.3188253749e+00
118 117 15
2 14 2707 -48.7060 23.1730 16 2881 -63.7200 -9.5560
5.4014408951e-01 -8.6064233856e-02 -3.9519160379e+00
109 131 5
2 14 1916 83.7440 -13.1190 16 771 74.0850 -21.7680
6.2120445650e-01 -1.1496587490e-01 -3.9670318965e+00
106 133 4
2 14 3459 95.9630 -17.9980 16 2915 84.6150 -23.5750
-3.8882828727e-01 -3.6317982118e-02 -4.1500854525e+00
163 178 39
2 14 2753 -57.4050 -5.5340 16 2940 -62.0570 -37.4140
5.6250941160e-01 -2.2039449849e-01 -3.8675117563e+00
106 124 4
2 14 3476 89.1170 -34.7500 16 2942 84.9240 -39.9570
2.5261563445e-01 -2.0032849001e-01 -3.7940753240e+00
107 117 7
2 14 3472 40.7860 -32.0190 16 2950 45.2770 -44.8410
-2.9792003955e-01 -1.7004367781e-01 -4.0196175921e+00
152 170 32
2 14 3466 -45.4280 -25.6040 16 3551 -42.6740 -54.7960
4.0130753817e-02 -5.0000687222e-01 -3.6982312105e+00
172 122 37
2 14 3542 6.6540 -82.9530 16 3009 26.5500 -96.6640
4.4175151970e-01 -6.2041534303e-01 -3.9545475204e+00
123 87 10
2 14 3572 68.4520 -96.1700 16 3592 74.1490 -100.2630
-3.8747037150e-01 -6.3716829825e-01 -4.2531266080e+00
192 159 66
2 14 2077 -55.8500 -91.2280 16 3047 -49.7140 -122.9010
3.8727208180e-01 -8.6064882403e-01 -4.0874168851e+00
129 96 21
2 14 4080 58.0750 -129.3700 16 3062 66.1260 -133.7550
1.1923817406e-01 -9.7598972369e-01 -4.0612999447e+00
164 117 35
2 14 4100 17.9910 -147.2650 16 3673 34.3570 -159.2430
-5.5142147598e-02 1.0695010285e+00 -4.1877008357e+00
215 224 105
2 14 3767 -8.0800 157.1325 16 3323 -42.3710 121.5510
3.3169740080e-01 1.7379972657e-01 -3.7757108112e+00
114 87 12
2 14 3905 53.8250 28.4150 16 3464 47.5930 13.1720
-4.1071556616e-01 1.3085031974e-01 -4.3988753952e+00
145 157 32
2 14 2716 -57.2150 18.2910 16 3504 -73.5410 -16.3580
-3.6191430087e-01 7.4460792085e-02 -4.2757560217e+00
146 157 26
2 14 3410 -51.8630 10.5650 16 2907 -63.3890 -21.9070
5.5978774529e-01 -1.2290052468e-01 -3.9108012483e+00
124 149 21
2 14 3946 87.6940 -18.8110 16 3522 79.8180 -26.5070
4.4514557487e-01 -1.2825664054e-01 -3.8696328444e+00
103 126 2
2 14 3462 70.4870 -20.2320 16 2927 66.5030 -29.3980
3.7056469269e-01 -2.4346845440e-01 -3.8352926690e+00
103 115 11
2 14 3486 59.1900 -38.5120 16 3539 60.9850 -48.3250
8.3024819950e-02 -1.9065745200e-01 -3.7637755335e+00
100 115 1
2 14 3471 13.5010 -30.6240 16 3541 21.9390 -47.8630
2.3258442492e-01 -2.3764125614e-01 -3.8000359693e+00
92 118 0
2 14 3966 37.5240 -38.8080 16 3542 42.9260 -50.1120
9.6637482662e-02 -3.0366757970e-01 -3.7444013128e+00
115 135 8
2 14 3980 15.8160 -49.7300 16 4008 27.6450 -64.3390
-4.9897114064e-01 -3.3397019261e-01 -4.1137625443e+00
180 131 29
2 14 3498 -74.3280 -49.6540 16 4024 -69.9690 -83.6160
3.1108597894e-01 -6.7572465866e-01 -3.9456125900e+00
119 91 12
2 14 3584 48.3190 -105.0790 16 3606 58.2660 -112.0090
-4.6281731380e-01 -5.8328830716e-01 -4.3427659461e+00
144 106 17
2 14 3541 -65.3160 -82.0200 16 4068 -63.3570 -115.8820
4.0219809292e-01 -7.3030355449e-01 -4.0431372759e+00
107 90 8
2 14 4053 60.9370 -110.2820 16 4073 67.2630 -116.4000
-1.2820060559e-01 -6.7347863371e-01 -3.9951122641e+00
135 110 17
2 14 3583 -19.6700 -103.1510 16 3619 -5.0890 -124.2510
-4.0198037357e-01 -6.7889354778e-01 -4.3237810842e+00
145 119 25
2 14 2874 -56.9660 -96.2710 16 3621 -52.4860 -127.4230
-2.9121627666e-02 -6.9893483762e-01 -3.9218708156e+00
174 133 51
2 14 2898 -4.5690 -108.7990 16 3620 12.4640 -126.5240
5.2661440410e-01 -8.9707770381e-01 -4.1494803305e+00
154 125 49
2 14 4083 77.7760 -132.6610 16 4101 82.0250 -133.8210
-2.6757465814e-01 -7.3227474922e-01 -4.2096464600e+00
141 121 26
2 14 2891 -38.9490 -106.5870 16 3626 -29.8860 -133.0530
4.5579794491e-01 -9.1373424417e-01 -4.1648768792e+00
156 121 47
2 14 4487 67.0490 -134.2110 16 4112 72.6970 -138.3000
3.5127574368e-01 -9.4131538321e-01 -4.1351082448e+00
159 121 45
2 14 4092 52.0530 -139.4660 16 3641 61.1920 -145.5830
-3.4089587875e-01 -8.6540244786e-01 -4.2932195871e+00
177 157 67
2 14 3605 -48.6910 -122.7830 16 3659 -38.8430 -153.0700
-2.7417287965e-01 -9.0674157087e-01 -4.2987147096e+00
179 155 67
2 14 3612 -39.0910 -129.0750 16 3666 -29.0620 -156.1690
7.1664910383e-02 -9.1934525631e-01 -4.0042921881e+00
168 112 35
2 14 4093 10.9430 -140.2140 16 4130 28.9400 -154.3590
-2.1275884959e-01 -9.2887046481e-01 -4.2312935497e+00
174 149 62
2 14 3617 -30.8250 -134.2380 16 3671 -18.2150 -159.0700
-9.5881257608e-02 -9.7360465007e-01 -4.1429901139e+00
174 144 58
2 14 3627 -14.2000 -143.6290 16 3679 1.7790 -164.0420
2.6626221119e-01 5.5253766247e-01 -3.5326797060e+00
169 178 49
2 14 3832 46.1800 96.0410 16 3367 39.5730 75.4220
-1.4636197526e-01 6.4318355709e-01 -4.1199480723e+00
229 241 101
2 14 3274 -21.7650 95.5130 16 3874 -43.4020 64.2880
-1.8211703534e-01 4.3611897086e-01 -4.1396979145e+00
186 197 67
2 14 3861 -26.9570 64.5440 16 3901 -43.9370 34.0070
-1.0558963373e-01 3.9918117353e-01 -4.1417633900e+00
197 210 79
2 14 3874 -15.6160 58.8540 16 3907 -32.5610 30.5210
-1.4685563715e-01 3.9026510776e-01 -4.1783054299e+00
151 162 32
2 14 3875 -21.5340 57.1290 16 3911 -38.9570 27.6850
-4.4074474440e-01 4.2376869812e-01 -4.5324993120e+00
207 224 111
2 14 2640 -59.5700 56.7290 16 3449 -86.1530 21.0150
5.6452342911e-01 -3.4248078245e-02 -4.0299706397e+00
88 107 0
2 14 3934 85.8340 -5.1230 16 3946 72.0460 -14.4120
-3.7830557205e-01 3.3229143678e-02 -4.2017865153e+00
103 110 0
2 14 3927 -55.1740 4.9620 16 3961 -63.2020 -27.8090
5.7598638890e-01 -1.8235029167e-01 -3.8995068427e+00
97 121 0
2 14 4397 90.5050 -28.5210 16 3975 84.0190 -34.2330
4.5027324906e-01 -1.7327588342e-01 -3.8749519660e+00
117 142 17
2 14 3954 71.2040 -27.4010 16 3977 68.0630 -35.7510
-2.0377579275e-01 -7.4298784727e-02 -3.9678335874e+00
158 174 32
2 14 3450 -31.4820 -11.1350 16 3986 -30.0100 -38.2300
2.8456153230e-01 -1.7282617356e-01 -3.8128726337e+00
85 88 1
2 14 3953 45.7230 -27.5430 16 3532 48.1730 -39.8550
-4.1859572563e-01 -9.1460008051e-02 -4.1576261262e+00
159 176 35
2 14 3452 -61.6970 -13.4010 16 3998 -65.0800 -46.3050
3.0601713370e-01 -2.5934275396e-01 -3.8061114802e+00
112 122 9
2 14 3970 49.2650 -41.6950 16 4002 53.7310 -51.9930
3.2245519689e-01 -3.0663958781e-01 -3.8081142176e+00
92 94 0
2 14 3981 51.8810 -49.2070 16 4006 57.1950 -58.6860
-4.3684194063e-01 -3.5653114181e-01 -4.0535294705e+00
178 133 32
2 14 3502 -66.0410 -53.7910 16 4028 -59.1400 -85.6650
-3.8204934817e-01 -3.7856605544e-01 -4.0196226956e+00
181 132 35
2 14 3990 -58.2410 -57.7100 16 4031 -49.8360 -87.5530
-3.2177064327e-01 -4.0099865657e-01 -3.9705805132e+00
177 127 30
2 14 3994 -49.6610 -61.8060 16 4032 -39.1800 -89.6780
-1.5031514431e-01 -4.6497878481e-01 -3.7977768829e+00
177 131 37
2 14 4011 -24.2670 -74.7010 16 4044 -6.7010 -96.3120
6.4254417568e-01 -7.2412073487e-01 -4.1447423523e+00
161 139 63
2 14 4452 95.0010 -107.1860 16 4432 92.8480 -106.9960
6.4254417568e-01 -7.2412073487e-01 -4.1447423523e+00
161 139 63
2 14 4453 95.0010 -107.1860 16 4433 92.8480 -106.9960
-2.7332831284e-01 -5.9984161947e-01 -4.1236595485e+00
174 134 46
2 14 3554 -40.5940 -89.6290 16 4069 -31.6250 -115.1610
-2.1087574772e-01 -6.0044998754e-01 -4.0422217325e+00
151 110 22
2 14 4028 -31.9760 -90.8200 16 4070 -20.2090 -115.2880
5.5113932294e-01 -8.0781356014e-01 -4.0843479901e+00
170 154 74
2 14 4474 82.6550 -120.5510 16 4081 86.6220 -122.6860
-2.9544445111e-01 -6.8409807064e-01 -4.2248539036e+00
192 161 70
2 14 3575 -42.8620 -98.9740 16 4086 -35.2320 -127.0120
4.7761920876e-01 -8.4881194436e-01 -4.1559337367e+00
94 72 3
2 14 4694 70.4090 -124.8880 16 4452 74.3860 -128.9220
-1.4826453534e-01 -7.1404509010e-01 -4.0392819370e+00
200 179 88
2 14 4050 -22.4970 -108.2140 16 4095 -8.4350 -130.0240
-5.5706872814e-02 -7.2177474286e-01 -3.9507651679e+00
134 95 12
2 14 4055 -8.6730 -111.2500 16 4096 8.2150 -130.5250
-2.4831860617e-01 -7.6768810549e-01 -4.1786569573e+00
224 200 108
2 14 4058 -36.4140 -112.5730 16 4111 -25.5010 -138.1030
1.4531534004e-01 -8.3061387759e-01 -3.9886313043e+00
117 77 2
2 14 4076 22.3120 -127.3500 16 4115 37.5200 -139.2150
1.4531534004e-01 -8.3061387759e-01 -3.9886313043e+00
117 77 2
2 14 4077 22.3120 -127.3500 16 4116 37.5200 -139.2150
-2.3050165477e-01 -8.7245298021e-01 -4.2407286150e+00
193 159 72
2 14 4074 -33.3390 -125.3940 16 4126 -22.1550 -151.8130
1.8246948565e-01 -9.6135842627e-01 -4.0803151918e+00
165 118 43
2 14 4494 27.3730 -143.7910 16 4131 41.9200 -155.3040
-1.1477696132e-01 -9.1430388002e-01 -4.1366532014e+00
197 159 76
2 14 4088 -17.0180 -135.1140 16 4133 -2.0620 -156.2330
2.2954733111e-01 -9.9292162192e-01 -4.0572213467e+00
133 96 20
2 14 4496 34.6720 -150.0250 16 4134 49.8980 -158.2550
-1.5412823334e-01 -9.5002596453e-01 -4.1783333067e+00
172 144 57
2 14 4090 -22.6220 -138.9520 16 4140 -7.9900 -161.6230
1.7713868422e+00 6.7064631425e+00 -2.0050104770e+01
129 116 11
2 14 3739 54.1310 205.4118 16 3798 -99.1460 161.0295
1.7713868422e+00 6.7064631425e+00 -2.0050104770e+01
129 116 11
2 14 3740 54.1310 205.4118 16 3799 -99.1460 161.0295
3.9603737846e-01 1.0600549799e+00 -4.3605384481e+00
213 221 118
2 14 4563 55.6370 149.8358 16 3823 11.4960 119.9140
3.1541848270e-01 1.0362235650e+00 -4.4028923477e+00
104 115 2
2 14 4247 43.8960 144.3139 16 4247 0.4880 115.1070
2.2459755546e-01 4.8782579906e-01 -3.4791204942e+00
202 212 87
2 14 4289 39.5460 86.3740 16 4295 37.6780 65.7550
-4.0886599411e-01 3.8844204553e-01 -4.4919463760e+00
123 138 12
2 14 3335 -55.7770 53.0520 16 4337 -80.4780 16.9790
-1.8505678477e-01 2.1681976333e-01 -4.3317816859e+00
160 175 48
2 14 4344 -26.1830 30.8370 16 4347 -43.7990 0.6240
-1.8505678477e-01 2.1681976333e-01 -4.3317816859e+00
160 175 48
2 14 4345 -26.1830 30.8370 16 4348 -43.7990 0.6240
6.3661118780e-01 5.7519371742e-02 -4.0804445286e+00
115 131 21
2 14 4365 95.5930 8.8650 16 3932 76.6520 -0.8740
3.3060068679e-01 -2.1102171802e-01 -3.8197537027e+00
89 87 0
2 14 3961 53.0420 -34.0310 16 3994 55.2070 -43.9410
5.1386601181e-01 -2.5382797363e-01 -3.8719027999e+00
99 112 0
2 14 4404 81.3210 -40.0890 16 4382 78.9450 -45.9260
4.0525925383e-01 -2.7531293590e-01 -3.8425169921e+00
77 92 0
2 14 4407 64.6160 -43.6370 16 4389 66.2190 -51.9970
-4.1496237983e-01 -1.4369814611e-01 -4.1195619971e+00
100 110 0
2 14 4391 -61.7230 -21.3950 16 4392 -62.5640 -53.6050
-1.8102354377e-01 -2.0687639464e-01 -3.8694127718e+00
152 162 35
2 14 3959 -28.6690 -32.7130 16 4395 -20.4280 -57.0300
-2.6811119579e-01 -2.1729567795e-01 -3.9832506375e+00
121 129 1
2 14 4402 -41.2500 -33.2990 16 4398 -36.2600 -60.8350
-1.5936276090e-01 -2.7892103805e-01 -3.8898322870e+00
125 126 14
2 14 4653 -25.1070 -43.8740 16 4404 -16.0550 -67.2860
7.1549946320e-01 -6.6109407123e-01 -4.1618622042e+00
150 114 38
2 14 4677 105.3270 -96.9320 16 4419 99.7250 -96.8620
5.3903550303e-01 -6.5847860274e-01 -4.0226166827e+00
105 72 0
2 14 4681 82.1160 -100.4060 16 4426 84.4200 -102.1550
-5.1616710133e-01 -6.0039188859e-01 -4.4161034973e+00
182 141 53
2 14 3544 -71.6130 -83.5120 16 4442 -71.7430 -118.2260
-5.1616710133e-01 -6.0039188859e-01 -4.4161034973e+00
182 141 53
2 14 3545 -71.6130 -83.5120 16 4443 -71.7430 -118.2260
-3.3156049394e-01 -6.4318126324e-01 -4.2376777089e+00
130 95 5
2 14 4444 -47.9620 -92.5900 16 4446 -41.4850 -122.2260
-4.4981859174e-01 -6.4831968699e-01 -4.3817589637e+00
209 183 88
2 14 4442 -62.9340 -90.0070 16 4449 -60.7630 -124.3120
-1.7192776398e-01 -8.7558486170e-01 -4.1906806094e+00
188 152 65
2 14 4477 -25.1530 -127.7510 16 4666 -12.6460 -151.1900
5.9823109737e-01 -1.0343578468e+00 -3.9250204828e+00
192 192 104
2 14 4504 93.4190 -161.9420 16 4471 107.0570 -155.3960
2.3595360531e-02 -9.6404294223e-01 -4.0406190307e+00
197 149 65
2 14 4495 3.5530 -145.7020 16 4476 21.9080 -161.5600
-6.6558560139e-02 9.2224894546e-01 -4.2453017380e+00
228 236 98
2 14 4572 -9.6130 133.4110 16 4556 -41.9510 99.7440
-1.3081689205e-01 5.8144282805e-01 -4.0803544139e+00
213 224 83
2 14 4757 -19.6470 87.3820 16 4582 -38.7390 56.6870
-2.2892741073e-01 5.7734651758e-01 -4.1573485199e+00
198 208 73
2 14 4598 -33.7530 85.5130 16 4585 -54.1140 52.0480
-2.6481630788e-01 4.2972045839e-01 -4.2199558447e+00
191 206 74
2 14 3864 -38.4620 62.7170 16 4598 -57.0020 29.6180
1.8661035116e-01 -2.0104326722e-01 -3.7671494181e+00
115 137 14
2 14 4401 30.3540 -32.6990 16 4383 37.0140 -46.2810
7.8204085472e-02 -2.6256937087e-01 -3.7502980801e+00
113 134 3
2 14 4784 12.7730 -42.7790 16 4635 23.6350 -58.6910
1.6956385562e-01 -3.2275242470e-01 -3.7599769745e+00
90 103 0
2 14 4658 27.6290 -52.4780 16 4637 38.1110 -65.3510
3.5934922596e-01 -7.8807850810e-01 -4.0258851335e+00
157 149 68
2 14 4692 54.6930 -119.9030 16 4652 63.7450 -125.7590
2.5409017017e-01 -7.7720878399e-01 -3.9842451206e+00
100 67 0
2 14 4795 39.0730 -119.4210 16 4654 51.2690 -128.0830
-4.1325858252e-01 -7.3679292849e-01 -4.3627523722e+00
223 204 109
2 14 4683 -58.0620 -103.0890 16 4657 -53.4260 -135.5580
7.1793649220e-01 -9.8190389592e-01 -4.2376261053e+00
166 161 83
2 14 4697 103.8370 -142.4260 16 4457 103.3240 -138.0430
-1.8563029384e-01 -7.8213897917e-01 -4.1296108908e+00
122 94 10
2 14 4689 -27.5570 -115.7920 16 4770 -14.8890 -139.5010
9.9103887407e-02 -1.0204820263e+00 -4.0589024603e+00
153 115 32
2 14 4702 14.9520 -153.8760 16 4674 32.8670 -166.5600
-1.3701419765e-01 -1.0107271327e+00 -4.0854784247e+00
210 196 107
2 14 4701 -20.5860 -150.8990 16 4679 -0.9220 -172.5630
-3.3576851914e-01 2.7169678440e-01 -4.4017586464e+00
218 230 91
2 14 4766 -46.7430 37.8520 16 4740 -66.6700 4.1850
-3.3576851914e-01 2.7169678440e-01 -4.4017586464e+00
218 230 91
2 14 4767 -46.7430 37.8520 16 4741 -66.6700 4.1850
-1.0787153694e-01 2.1535867997e-01 -4.2219252743e+00
85 98 0
2 14 4342 -15.6840 32.1370 16 4611 -30.4960 2.6370
-5.3362905799e-01 -6.6677158859e-01 -4.4530334557e+00
131 103 9
2 14 4675 -73.4290 -91.7920 16 4766 -73.2160 -127.3960
1.3098008732e-02 -8.7122369775e-01 -4.0076755580e+00
194 144 65
2 14 4800 1.9790 -132.7300 16 4773 19.4360 -149.0870
-2.1031129786e-01 3.1675844245e-01 -4.4073167115e+00
71 84 0
2 14 4826 -29.2300 43.6940 16 4808 -51.1860 13.0460
-3.0243986202e-01 1.4222186906e-01 -4.2985248814e+00
78 74 0
2 14 4873 -43.1020 19.9170 16 4810 -57.3020 -11.1690
-7.4822725426e-02 -1.5735343557e-01 -3.7158060364e+00
205 197 33
2 14 4779 -12.3560 -25.4940 16 4813 -0.4620 -46.9330
1.3259795844e+00 -1.0175469035e+00 -4.1742559559e+00
207 216 123
2 14 4847 194.6570 -149.5230 16 4831 180.9800 -127.3420
-3.0467231929e-01 -5.6897235782e-02 -4.0825937008e+00
166 198 39
2 14 4831 -45.6670 -10.2800 16 4845 -48.4030 -36.5060
-2.1424108502e-02 -4.2324279699e-01 -3.7238711055e+00
199 166 69
2 14 4886 -3.5460 -69.1590 16 4852 14.3450 -86.8690
3.9073704962e-01 -2.5570433481e-01 -3.9225685202e+00
93 107 5
2 14 4882 61.0690 -40.7000 16 4848 59.4870 -48.4900
-2.5829746855e-01 1.7243384375e-01 -4.1976035763e+00
81 77 5
2 14 4915 -37.6310 22.8190 16 4876 -50.1240 -3.0050
8.2999201356e-02 -3.8877723580e-01 -3.7152595949e+00
148 132 31
2 14 829 13.6880 -64.0920 16 914 29.2090 -78.0560
5.5087033000e+00 8.1430903999e+00 -2.3069529919e+01
167 159 52
2 14 3112 146.3120 217.0426 16 3271 -17.5640 178.3671
4.2194790203e+00 8.5064521206e+00 -2.4092778773e+01
170 158 48
2 14 3117 107.3120 216.7473 16 2526 -54.7810 175.7094
6.6482674251e-01 -7.8084165947e-01 -4.1797872673e+00
162 139 59
2 14 4467 97.4490 -114.1380 16 4065 95.2790 -114.1480
-3.0847929972e-01 -7.4175544882e-01 -4.2498608015e+00
201 183 88
2 14 3588 -44.4430 -107.7070 16 4104 -36.5780 -134.1240
3.4251722769e-01 -4.8646354317e-01 -3.7813026152e+00
147 95 19
2 14 4434 55.5030 -78.7760 16 4415 66.0710 -85.0890
4.7092452070e-01 -6.9088235821e-01 -4.0111527231e+00
160 144 66
2 14 4684 71.9880 -106.5470 16 4431 76.6130 -107.8480
8.0262785769e-01 -8.6023247087e-01 -4.3116430402e+00
160 122 49
2 14 4475 114.0550 -121.9770 16 4076 106.9840 -119.1820
-1.6806677603e-01 -1.2908028290e-01 -3.8237341993e+00
82 85 0
2 14 4778 -26.9330 -20.6920 16 4749 -19.0570 -44.7870
1.4305863022e-01 4.8564360462e-01 -3.4507724963e+00
190 201 73
2 14 1663 25.3980 86.4500 16 552 26.4270 64.8470
-4.7560114452e-01 -8.5875475912e-01 -4.4246923042e+00
213 196 104
2 14 3602 -65.8710 -118.8000 16 3657 -60.4580 -152.7080
6.4965946876e-02 -8.4000568418e-01 -3.9553832048e+00
161 112 33
2 14 2152 10.0550 -129.9400 16 2244 27.9790 -143.7160
3.7056469269e-01 -2.4346845440e-01 -3.8352926690e+00
103 115 11
2 14 3487 59.1900 -38.5120 16 3540 60.9850 -48.3250
3.1541848270e-01 1.0362235650e+00 -4.4028923477e+00
104 115 2
2 14 4246 43.8960 144.3139 16 4246 0.4880 115.1070
-2.5834123909e-01 3.1534079494e-01 -4.4487324768e+00
111 122 8
2 14 532 -35.5880 43.5760 16 676 -58.2420 10.8390
9.6272846106e-03 -1.1496117532e-01 -3.6640813926e+00
142 133 0
2 14 2772 1.6190 -19.4680 16 803 13.0380 -37.1800
6.3470050089e-02 4.2979305760e-01 -3.4393023528e+00
165 173 44
2 14 2606 11.3220 76.0540 16 2728 15.8840 55.1810
8.0959360284e-01 5.7889920550e-01 -4.4063906150e+00
218 223 127
2 14 3292 112.5690 81.0920 16 3375 70.5550 64.1700
-5.5509808469e-01 -8.3327955763e-01 -4.5368072855e+00
209 190 92
2 14 2903 -75.0050 -111.8970 16 3647 -73.6250 -149.7020
-3.5579262845e-01 -7.5839317210e-01 -4.2392424221e+00
160 134 41
2 14 3591 -51.4220 -109.7610 16 4110 -42.3030 -138.6900
1.1838106947e+01 1.3818862710e+01 -4.4524179710e+01
175 158 50
2 14 3750 162.9200 190.3537 16 3299 -9.7220 155.0819
2.6385058562e-01 -9.4265418427e-01 -4.0647288001e+00
158 119 42
2 14 4095 39.7760 -142.1070 16 4124 52.9360 -149.8900
1.7511701956e+00 -5.4885480358e-01 -5.0340675797e+00
202 207 115
2 14 4665 213.1710 -67.0840 16 4394 163.2750 -55.5940
1.5833476918e+00 -5.9410312860e-01 -4.8111254874e+00
205 215 119
2 14 4430 201.5970 -74.1920 16 4401 160.2780 -66.1180
-3.2768098653e-01 -1.8364096633e-02 -4.1374628894e+00
135 158 10
2 14 2748 -48.5270 -2.8100 16 2932 -53.5250 -33.3980
6.9487048631e+00 9.2261625896e+00 -2.5449802805e+01
190 183 78
2 14 3101 167.3000 222.7927 16 3261 -1.6840 185.1786
7.7756545209e+00 9.6519781528e+00 -2.6642024705e+01
183 177 67
2 14 3733 178.8330 222.6318 16 3262 7.7330 185.8031
9.9795401152e-02 1.4344544998e-01 -3.9075904839e+00
161 154 27
2 14 1834 15.6570 22.2580 16 2857 9.8580 2.0830
1.6950059024e+00 6.7409237887e+00 -1.9056887493e+01
184 171 57
2 14 3109 54.4950 217.3919 16 2532 -99.1080 172.2533
1.0115336736e+01 9.7388779385e+00 -2.8468108708e+01
175 162 58
2 14 3130 217.7260 209.8736 16 3274 42.6220 177.7560
3.7357953414e-01 5.3567955426e+00 -1.6857580886e+01
197 180 61
2 14 4220 13.5750 195.0446 16 4232 -132.0610 148.2961
4.4988896995e-01 -1.2780901753e+00 -4.1001673579e+00
209 212 121
2 14 4934 67.1900 -190.2000 16 4881 84.2930 -191.4590
-6.8177926868e+00 1.4602004028e+01 -3.9911712040e+01
174 162 50
2 14 29 -104.6760 224.3981 16 230 -285.1188 164.8819
-4.3948983457e-01 3.6498585200e+00 -1.1310307779e+01
184 167 49
2 14 66 -23.8200 198.4590 16 277 -152.4610 149.2662
-3.8104301578e-01 -1.2581640704e-01 -4.0968885664e+00
145 161 26
2 14 1933 -56.9860 -18.9840 16 2065 -57.6740 -50.0030
-4.8533785235e-01 -5.0361613227e-01 -4.3341327114e+00
184 135 43
2 14 2040 -68.5930 -71.7870 16 3015 -68.3370 -104.6840
7.3139026982e-01 3.6060746287e-01 -4.3418816164e+00
211 217 108
2 14 2654 103.2200 50.9080 16 2772 68.8930 37.2440
-1.7665329432e-01 -6.5096069635e-01 -4.0357381038e+00
201 168 78
2 14 4041 -26.8380 -98.4900 16 4445 -13.8470 -121.9260
-1.8608382369e-02 1.0198907245e+00 -4.2819160571e+00
160 165 37
2 14 4817 -2.6660 146.1120 16 4717 -38.6810 112.4220
1.1967631774e+00 -1.0671163218e+00 -3.9621686785e+00
204 209 117
2 14 4806 185.0630 -164.6370 16 4771 182.0450 -141.9510
4.7579428160e-01 -9.8461426344e-01 -4.1520196967e+00
157 141 63
2 14 2963 70.2160 -145.2540 16 3078 77.5700 -147.5880
-2.6811771469e+00 3.2115329090e+00 -9.6763200876e+00
163 148 29
2 14 44 -169.7960 203.9288 16 297 -300.9680 142.1115
4.7279329956e-01 1.0384487021e+00 -4.3795569714e+00
125 130 30
2 14 233 66.1470 145.4986 16 1692 20.7360 118.2450
-5.5281784597e+00 -5.4377458213e+00 1.8064049936e+01
181 163 51
2 14 2415 187.5340 183.9270 16 1615 -29.1200 147.9326
9.0119580290e+00 8.8329601285e+00 -2.5068955256e+01
169 160 55
2 14 3736 220.2730 216.6221 16 3265 46.3320 183.2984
1.4019847017e-01 1.1559111802e+00 -4.1670164100e+00
215 221 121
2 14 3758 20.6150 170.0645 16 316 -17.6330 137.3690
1.7678005423e+00 -3.2646886771e+00 -8.9206020407e+00
213 215 131
2 14 4204 121.4540 -224.6180 16 2428 68.5090 -232.0020
9.5469502121e+00 9.3057808154e+00 -2.5671055924e+01
185 171 74
2 14 4217 227.8780 222.7662 16 3782 51.4100 189.4367
3.9287771592e-01 -3.3326082926e-01 -3.8371555502e+00
144 129 36
2 14 4414 62.7280 -52.9330 16 4399 66.2820 -60.8730
