# Bundle file v0.3
20 687
0 0 0
0 0 0
0 0 0
0 0 0
0 0 0
6.4688901143e+02 -3.7642873558e-02 -2.8696794838e-02
9.9851055904e-01 3.2489202426e-03 -5.4461986688e-02
-6.5553179897e-03 9.9813805496e-01 -6.0641990862e-02
5.4163560470e-02 6.0908683838e-02 9.9667268496e-01
-1.9654999822e-01 -5.9532344762e-01 4.4844533279e+00
0 0 0
0 0 0
0 0 0
0 0 0
0 0 0
0 0 0
0 0 0
0 0 0
0 0 0
0 0 0
6.4105155896e+02 -3.2291815106e-02 1.2636395585e-02
9.9740494274e-01 -7.1829169166e-02 4.8939412196e-03
7.1265489980e-02 9.9466208883e-01 7.4622777956e-02
-1.0227909938e-02 -7.4080358455e-02 9.9719982468e-01
7.0240648578e-02 7.5878419710e-01 4.6714132719e+00
0 0 0
0 0 0
0 0 0
0 0 0
0 0 0
6.4441332022e+02 -3.6464026474e-02 5.8458331441e-02
9.6178310933e-01 -1.5946714822e-01 2.2258364552e-01
1.9239647161e-01 9.7199046637e-01 -1.3497455684e-01
-1.9482517375e-01 1.7264055699e-01 9.6552492964e-01
2.7659580440e+00 -1.1790857290e+00 4.3402036119e+00
0 0 0
0 0 0
0 0 0
0 0 0
0 0 0
6.3631091456e+02 3.1607725336e-02 -1.3781629607e-01
9.0767215390e-01 -2.6638081496e-01 3.2430313358e-01
2.3694376980e-01 9.6306868862e-01 1.2789195032e-01
-3.4639415553e-01 -3.9242354988e-02 9.3726790545e-01
3.4721876272e+00 1.2837408412e+00 3.7510872062e+00
0 0 0
0 0 0
0 0 0
0 0 0
0 0 0
0 0 0
0 0 0
0 0 0
0 0 0
0 0 0
0 0 0
0 0 0
0 0 0
0 0 0
0 0 0
0 0 0
0 0 0
0 0 0
0 0 0
0 0 0
6.3839805397e+02 -2.4449245371e-02 2.7076118515e-02
9.7845173566e-01 -1.6088660736e-01 1.2941290724e-01
1.5097377663e-01 9.8503591760e-01 8.3133385671e-02
-1.4085141021e-01 -6.1804050149e-02 9.8809976198e-01
1.1886633654e+00 8.4341727903e-01 4.3708533222e+00
0 0 0
0 0 0
0 0 0
0 0 0
0 0 0
6.1795627457e+02 6.0337599614e-02 -5.7703536545e-02
6.6823759313e-01 -3.5602455957e-01 6.5322663151e-01
3.5510769148e-01 9.2421421144e-01 1.4045148207e-01
-6.5372551318e-01 1.3811084079e-01 7.4402173965e-01
6.5800074500e+00 1.5483368355e+00 2.1018802560e+00
0 0 0
0 0 0
0 0 0
0 0 0
0 0 0
6.3239840817e+02 6.3723414241e-03 -1.2332077641e-02
8.3503001568e-01 -3.0317753859e-01 4.5913859891e-01
2.7377226852e-01 9.5279795075e-01 1.3124332381e-01
-4.7725634402e-01 1.6107301055e-02 8.7861649025e-01
4.6422776638e+00 1.3772520949e+00 3.2622106944e+00
6.3863633275e+02 -9.7607798913e-03 -4.5160218779e-02
9.2812775767e-01 -2.2291466452e-01 2.9814076841e-01
1.9861024866e-01 9.7389917648e-01 1.0988340721e-01
-3.1485367168e-01 -4.2772028189e-02 9.4817599581e-01
2.7461822702e+00 1.1021284102e+00 4.0213122566e+00
0 0 0
0 0 0
0 0 0
0 0 0
0 0 0
-3.0849592353e-01 1.0613544663e+00 -8.2345999584e+00
191 128 0
4 1 220 -9.0600 169.4142 4 131 -62.6070 208.1202 13 156 -58.9410 194.6927 18 1791 -39.5550 199.7604
-4.2478155616e-01 1.0184194874e+00 -8.2387881528e+00
168 104 10
3 1 244 -29.5560 161.5043 4 172 -82.3520 199.1125 13 192 -77.2770 185.3525
-4.2527708053e-01 9.4826971891e-01 -8.2219315249e+00
134 88 0
7 1 289 -30.1630 148.9600 4 223 -82.4230 186.9253 18 1844 -53.8390 179.4778 6 2122 72.5060 148.4805 8 239 27.5930 173.2213 17 1788 37.8070 183.9413 15 1582 101.2260 194.0674
-4.4247545213e-01 9.2248345198e-01 -8.2418409991e+00
123 77 0
5 1 303 -32.2840 144.9494 4 246 -84.7190 181.9092 13 233 -78.1440 168.5192 18 1862 -56.0470 174.4263 8 258 25.0180 167.5104
-5.4383993082e-01 5.3265539621e-01 -8.3902986978e+00
82 52 0
2 1 562 -46.9950 74.8550 4 495 -94.5220 107.0560
-2.3168517155e+00 7.0485551454e-01 -1.2584861505e+01
193 171 30
2 1 578 -144.4260 70.2760 4 790 -190.2360 28.7520
2.6985570909e+00 7.7178827316e-02 -1.2656006819e+01
206 181 60
2 1 789 256.4560 18.6790 4 895 215.8490 6.6700
-2.4188193475e+00 -2.3505492480e-01 -1.0662417095e+01
207 187 57
4 1 891 -208.2770 -17.2940 4 1098 -255.8249 -47.5790 6 2567 -220.3960 -50.8020 8 1217 -250.4061 -103.5480
-2.4188193475e+00 -2.3505492480e-01 -1.0662417095e+01
207 187 57
4 1 892 -208.2770 -17.2940 4 1099 -255.8249 -47.5790 6 2568 -220.3960 -50.8020 8 1218 -250.4061 -103.5480
1.7421022908e+00 -3.6420814921e-01 -1.1531011099e+01
226 213 110
2 1 933 201.4380 -25.1590 4 1043 166.8720 -31.8800
1.9448187642e+00 -3.9598615189e-01 -1.1503069799e+01
201 189 70
3 1 950 221.2340 -28.8540 4 1046 186.9650 -33.5770 13 2169 146.1690 -17.9520
-2.1995246172e+00 -3.5144564836e-01 -1.0513214554e+01
233 214 83
3 1 960 -191.8710 -31.1330 4 1138 -237.3866 -58.4390 13 1093 -253.8721 -79.5720
-2.0623846733e+00 -4.2945706530e-01 -1.0442390835e+01
218 210 83
2 1 996 -179.0260 -40.0840 4 1175 -225.7865 -66.7850
-2.3230872185e+00 -4.7813334759e-01 -1.0235764565e+01
238 210 84
2 1 1029 -214.7490 -47.8530 4 1196 -263.5258 -75.2370
1.5434449824e+00 -5.6018107527e-01 -1.1044267279e+01
219 225 139
2 1 1035 193.4530 -49.2450 4 1116 161.6910 -51.9080
8.1383331406e-01 -5.8167427919e-01 -9.6841997269e+00
28 36 20
3 1 1139 142.7150 -74.1240 4 2404 113.1990 -61.9430 13 1013 100.1000 -50.6750
8.1383331406e-01 -5.8167427919e-01 -9.6841997269e+00
28 36 20
3 1 1140 142.7150 -74.1240 4 2405 113.1990 -61.9430 13 1014 100.1000 -50.6750
-3.6865437852e-02 9.8791029112e-01 -8.2488141455e+00
64 73 17
2 1 1904 37.9390 156.3511 4 1845 -13.2270 197.9445
-6.6418380765e-01 8.3877684527e-01 -8.4170495461e+00
166 101 0
2 1 1990 -65.5370 125.6160 4 1922 -117.9940 155.2416
-5.1647014939e-01 8.0517349260e-01 -8.3249392136e+00
72 44 0
2 1 1997 -43.5530 122.0610 4 320 -94.4040 156.4608
-5.8079857718e-01 6.3461689703e-01 -8.3546294761e+00
110 66 0
5 1 2077 -54.2190 92.1160 4 1971 -102.6910 125.5200 13 1883 -93.1040 114.0810 18 1966 -72.5280 116.9640 8 447 10.6700 112.4840
-2.4578762685e+00 7.5326625592e-01 -1.2686284636e+01
209 199 79
2 1 2119 -152.7120 73.7070 4 782 -199.6450 30.7750
-2.3123778742e+00 7.3464861374e-01 -1.2518166000e+01
238 219 87
3 1 2120 -145.2850 73.4640 4 2175 -192.4160 31.0020 13 2097 -231.3960 14.9510
-5.3812236206e-01 4.7353296481e-01 -8.4247529114e+00
56 37 0
4 1 2136 -45.3160 65.1920 4 2991 -92.4540 95.7050 13 2809 -82.1210 86.3660 18 530 -61.7910 88.3470
-2.3099043839e+00 5.9088083463e-01 -1.2372175942e+01
233 216 66
2 1 2146 -147.9640 61.8220 4 822 -194.9130 21.4540
-5.4411581004e-01 2.7056085392e-01 -8.4597363236e+00
38 43 9
3 1 2223 -45.7570 31.3510 4 3052 -90.2050 60.2020 13 2860 -78.1820 53.0900
2.8121514550e+00 1.7680488929e-01 -1.2940500327e+01
194 175 54
3 1 2233 257.9630 27.2460 4 2217 216.2120 12.8090 13 2900 161.8420 26.6110
-1.9782912342e+00 1.7320567370e-01 -1.1617144308e+01
205 186 47
4 1 2234 -137.0810 27.0400 4 2277 -183.7330 -7.6750 18 3241 -258.8520 -40.2810 8 3485 -210.7450 -49.2310
1.7388154843e+00 -3.3157037793e-01 -1.1539315678e+01
80 61 0
2 1 2366 200.6770 -22.0210 4 2339 166.4170 -28.8760
1.9835292021e+00 -3.7988584744e-01 -1.1500412654e+01
229 210 89
2 1 2382 224.7850 -27.0640 4 1042 190.3050 -31.6320
1.5048419093e+00 -6.0213349417e-01 -1.0970070758e+01
208 214 133
2 1 2437 191.4050 -54.4400 4 1131 159.9470 -56.5430
9.3488447270e-01 -5.0017412829e-01 -9.7201818681e+00
7 25 1
2 1 2459 158.4740 -63.7510 4 2375 125.9790 -50.9370
1.0082826373e+00 -9.5730534855e-01 -1.0221166081e+01
141 152 76
3 1 2552 154.2060 -105.8330 4 2498 127.9910 -103.6750 13 1129 110.5910 -87.4740
9.3289863126e-01 -1.2115855960e+00 -9.7805831104e+00
181 191 94
2 1 2655 154.6620 -148.4080 4 2597 132.1880 -141.8150
-1.1145679932e+00 -1.1110101220e+00 -8.6305578901e+00
214 221 141
2 1 2724 -127.9930 -177.9820 4 2668 -166.6540 -177.7220
2.3146578869e+00 1.9722834104e+00 -1.2843844026e+01
118 129 71
2 1 2936 223.9870 169.8799 4 2904 167.3920 148.1622
-2.6558233220e-01 9.7987116436e-01 -8.2118890316e+00
80 51 0
6 1 2953 -2.0850 155.6786 4 1849 -54.2260 195.9481 13 1759 -49.5780 183.6156 18 1820 -29.0480 188.6826 6 2101 101.0560 158.8477 8 205 50.2090 182.5872
9.8075780169e-03 9.5163865883e-01 -8.2379750198e+00
27 43 0
2 1 2963 46.2920 150.2981 4 2858 -4.7300 193.0318
-4.0712628525e-01 9.1493919022e-01 -8.2397972924e+00
80 52 0
3 1 2971 -26.0930 143.3247 4 2869 -78.5910 181.4138 13 1786 -71.5540 168.8262
-4.7200064654e-01 8.7323830245e-01 -8.2707768697e+00
73 46 0
3 1 2986 -36.9720 135.0650 4 2876 -88.6180 171.7523 13 1806 -81.5100 158.8876
-5.5954574767e-01 6.7539717341e-01 -8.3332352878e+00
92 47 0
3 1 3054 -50.5910 99.6760 4 2919 -100.3900 133.4320 13 2731 -90.9780 122.0030
-5.4910062576e-01 5.9133937031e-01 -8.3653942259e+00
90 50 0
2 1 3068 -48.4640 84.9830 4 2940 -96.5830 117.9560
-5.3644850312e-01 5.8336410787e-01 -8.4200342239e+00
112 80 23
2 1 3071 -44.6830 83.0220 4 3575 -93.5190 114.3560
-5.2245034789e-01 5.5683135474e-01 -8.4264928278e+00
58 30 0
3 1 3078 -42.6700 78.9260 4 3579 -90.7320 109.8580 13 3365 -81.3750 99.4020
-5.9226462228e-01 4.4096886347e-01 -8.3876752616e+00
88 63 12
6 1 3118 -54.8210 59.4390 4 3598 -101.8950 91.5050 13 2813 -90.2860 81.3720 18 3048 -68.0290 83.6050 6 2356 46.1080 47.7760 8 1954 15.8130 80.3400
-7.8029504151e-01 4.3562247862e-01 -8.4281229015e+00
36 40 4
3 1 3119 -84.3200 58.0220 4 3011 -132.7760 86.8150 13 2826 -121.6260 74.7210
2.8070992608e+00 1.6320484703e-01 -1.2770791564e+01
120 102 3
2 1 3163 262.2060 25.7550 4 2218 220.5760 13.2460
2.8739483809e+00 4.4813674485e-02 -1.2715293838e+01
192 169 50
2 1 3184 269.4050 16.0720 4 2242 227.6950 4.7220
-1.9072659025e+00 -9.6832457431e-02 -1.1116192639e+01
226 211 69
2 1 3208 -143.6060 -0.4930 4 3174 -188.5520 -30.3650
-2.2151888334e+00 -3.2222265888e-01 -1.0551494060e+01
160 141 10
4 1 3248 -191.7380 -27.3450 4 2383 -238.2941 -55.6260 13 3045 -254.7533 -76.3620 6 3420 -195.1220 -58.0660
-2.2185573578e+00 -3.2382840746e-01 -1.0561221142e+01
160 141 10
7 1 3249 -191.7380 -27.3450 4 2384 -238.2941 -55.6260 13 3046 -254.7533 -76.3620 18 3307 -287.8018 -98.3150 6 3421 -195.1220 -58.0660 8 3087 -223.4995 -107.4650 17 3099 -249.9960 -118.0100
1.5141026996e+00 -5.3750747000e-01 -1.1026305950e+01
89 95 19
2 1 3274 190.5730 -47.1620 4 2370 159.4190 -49.8410
8.1551013385e-01 -4.6320695730e-01 -9.8357406222e+00
225 237 173
2 1 3293 140.2590 -56.7980 4 3727 108.8180 -47.3360
1.4459622945e+00 -6.3460186960e-01 -1.0867502906e+01
225 231 152
2 1 3296 187.4700 -59.1500 4 3221 157.1780 -60.5280
1.0489909614e+00 -9.4412028170e-01 -1.0192799359e+01
173 183 99
2 1 3362 159.5810 -105.2580 4 3279 133.3260 -101.9640
-1.1427519985e+00 -1.0755294221e+00 -8.7334180925e+00
63 72 6
3 1 3475 -127.9030 -167.9740 4 2651 -167.4180 -168.8130 13 2501 -140.3790 -175.9050
-3.1384210043e-01 9.9630172064e-01 -8.1995604454e+00
136 89 0
4 1 3657 -10.8360 158.6283 4 2848 -63.3200 199.2156 13 2667 -57.1220 186.7756 18 2895 -37.0700 191.4029
-2.3874468263e-01 9.5841186990e-01 -8.2196334692e+00
67 60 13
2 1 3659 2.9860 151.8012 4 3512 -49.4470 192.3640
-4.7068969588e-01 8.1937036795e-01 -8.2863900513e+00
59 50 3
4 1 3680 -36.3850 126.2230 4 2894 -88.7990 160.4410 13 3327 -78.5090 149.9370 8 2740 22.8000 147.7006
-5.6216479792e-01 7.4929964199e-01 -8.2873120239e+00
117 73 9
2 1 3693 -52.4060 113.1810 4 3546 -102.5130 148.4596
-2.3272279110e+00 6.4835898936e-01 -1.2396550598e+01
206 185 42
6 1 3742 -149.6270 66.0080 4 3090 -195.6510 25.1220 13 2925 -234.1872 8.2570 18 3739 -294.7354 -8.5070 6 4295 -212.3280 62.0740 8 3829 -254.6136 -19.5950
-7.0146094806e-01 4.2997125698e-01 -8.3967443842e+00
31 20 0
6 1 3748 -72.7440 57.4120 4 4022 -120.2370 87.7110 13 3814 -107.8810 76.6860 18 4082 -86.5010 78.3760 6 4314 27.6660 42.8150 17 3842 12.0250 82.8150
-2.7080570891e+00 2.4868791097e-01 -1.1558637814e+01
228 206 69
2 1 3763 -204.0250 33.4000 4 3134 -252.1497 -4.6050
-2.5835360981e+00 2.1419234705e-01 -1.1529965621e+01
222 196 57
4 1 3768 -194.2990 30.5480 4 3137 -240.9404 -6.6120 13 3473 -273.0515 -27.8720 6 4628 -238.4348 8.4020
-1.5675524916e-01 1.6432526699e-01 -8.2524531214e+00
29 40 1
2 1 3784 16.2930 12.1550 4 3638 -24.3820 53.0420
8.8034575039e-01 -1.1342135103e+00 -9.7724244251e+00
162 173 81
3 1 3938 147.8160 -139.2090 4 3819 125.6050 -132.5460 13 3564 115.6130 -113.8210
-1.0454225552e+00 -9.3385329563e-01 -8.6550179175e+00
40 58 10
2 1 3958 -116.4640 -150.8160 4 3825 -156.5100 -146.6680
1.0400241630e+00 -1.2138621894e+00 -9.7317215524e+00
201 208 105
2 1 3960 168.2560 -150.5040 4 4174 147.9840 -141.9820
-3.8755897438e-01 1.0041643196e+00 -8.2287846318e+00
218 164 26
4 1 4098 -22.7700 159.2354 4 2850 -76.1200 197.7162 13 2673 -70.8120 184.2228 18 3556 -50.0910 189.6407
1.3433266213e-02 8.9083224231e-01 -8.2551489036e+00
23 40 4
2 1 4102 47.2050 139.0420 4 3964 -3.7160 181.5622
-6.0024913578e-01 7.5930294193e-01 -8.2726689856e+00
119 66 0
3 1 4125 -59.1640 114.9420 4 3987 -109.5470 150.5930 13 3771 -100.3910 137.7050
-6.2192832299e-01 6.8714325913e-01 -8.3063283239e+00
124 71 1
3 1 4141 -61.8160 102.0360 4 3996 -112.0420 135.4980 13 3775 -101.8510 124.4000
-5.0651380265e-01 6.1681157398e-01 -8.3952177400e+00
52 26 0
3 1 4155 -40.4290 88.8110 4 4008 -89.0360 121.4320 13 3779 -80.8620 110.9510
-5.8715383628e-01 6.0432447796e-01 -8.3429446665e+00
132 88 9
2 1 4157 -55.2500 87.4440 4 4305 -103.9590 120.6910
-4.7005299427e-01 5.7941785562e-01 -8.3798383350e+00
73 65 3
6 1 4163 -34.9600 82.3660 4 4009 -82.2660 116.4650 13 3783 -74.0370 106.8840 18 4348 -52.8340 109.4540 6 4599 64.4370 76.4690 8 3759 27.2000 105.9700
-6.2402567297e-01 4.1114985116e-01 -8.3759382258e+00
14 13 0
3 1 4175 -60.4670 54.3860 4 4024 -107.3310 86.1300 13 3815 -95.2160 76.1450
3.3768738786e+00 5.1202565346e-01 -1.3763745512e+01
121 110 23
3 1 4181 279.0900 51.7790 4 3656 233.4090 33.2410 13 3415 172.0120 47.2010
-6.2177379508e-01 3.6122677945e-01 -8.4057867318e+00
10 24 2
2 1 4185 -60.0030 46.1980 4 4029 -105.2350 76.6520
-4.9391558440e-01 -5.5902099115e-02 -8.2104919661e+00
15 28 0
2 1 4234 -42.9110 -26.0120 4 4353 -83.0150 10.1470
2.1797678066e+00 -4.5923392851e-01 -1.1438055196e+01
215 202 76
2 1 4237 245.0570 -35.2660 4 4086 211.0420 -37.6460
7.0250831869e-01 -3.2285807078e-01 -1.0012916021e+01
63 68 1
2 1 4239 122.7210 -37.0530 4 3714 91.1140 -31.3750
-7.2639935781e-01 -4.6994746796e-01 -8.3559442994e+00
16 36 2
2 1 4266 -77.5740 -91.3210 4 4103 -116.7840 -67.9040
-8.9073378781e-01 -7.0327795366e-01 -8.4349502773e+00
25 48 6
2 1 4298 -101.5410 -125.4150 4 4148 -140.2280 -110.1190
8.2686289091e-01 -1.1602506711e+00 -9.6205842743e+00
166 175 82
3 1 4312 145.2500 -147.8790 4 4170 122.1980 -139.3470 13 3568 115.3060 -119.5250
9.5551761145e-01 -1.2025589534e+00 -9.6019834610e+00
202 208 110
3 1 4319 161.1200 -154.3430 4 4173 141.1720 -142.9990 13 3571 131.5590 -122.8680
5.9089334156e-01 -1.2590118217e+00 -9.3731971731e+00
162 172 83
2 1 4330 118.1790 -169.1750 4 4198 98.1830 -160.3560
7.6908104778e-01 -1.3677428139e+00 -9.2704979513e+00
181 189 93
2 1 4347 143.4230 -188.1540 4 3858 127.2290 -176.6210
2.0844804943e-02 1.0232729482e+00 -8.2665477247e+00
35 12 10
2 1 4414 47.7080 162.0928 4 4469 -3.1700 203.4423
-2.7951668044e+00 -1.3804921820e-01 -1.0782755327e+01
247 223 91
3 1 4472 -240.3219 -5.4680 4 4368 -290.2869 -39.5690 6 4914 -266.3570 -47.0880
2.1128358874e+00 -2.9472529114e-01 -1.1769331703e+01
226 206 78
2 1 4482 229.6680 -17.0490 4 4364 193.8550 -23.7130
-3.8749735372e-01 -1.2817596878e-01 -8.2841770945e+00
20 37 1
3 1 4489 -22.4710 -37.3810 4 4510 -62.1570 -2.2210 13 4131 -41.4110 -5.3160
-2.4321891085e+00 -6.3322636418e-01 -9.9928474058e+00
237 217 86
3 1 4503 -236.5782 -69.1130 4 4133 -288.0295 -96.1720 13 4178 -295.8671 -121.4550
-7.0763108632e-01 -3.3799131190e-01 -8.2951329936e+00
15 32 0
2 1 4505 -76.8290 -71.5020 4 4372 -116.2990 -44.2440
-6.5647307357e-01 -3.5848509802e-01 -8.3662879382e+00
15 31 2
2 1 4507 -65.7230 -72.9520 4 4373 -105.5340 -47.3270
7.4126529642e-01 -6.0543746300e-01 -9.6283652848e+00
3 4 7
2 1 4514 134.6100 -78.3990 4 4384 105.5370 -66.6210
1.2780906855e-01 8.9045090828e-01 -8.4596958846e+00
67 67 4
2 1 4602 64.4690 133.8940 4 4639 16.5140 170.6728
-4.4601602089e-01 7.0925611538e-01 -8.3384915364e+00
64 60 5
7 1 4609 -32.1330 106.2470 4 4484 -80.7420 140.9188 13 4255 -72.6670 128.9610 18 4515 -52.3910 132.8060 6 4889 67.9380 100.6950 8 4246 28.3810 127.9380 17 4098 36.6810 138.4650
-4.6706749078e-01 4.8961866227e-01 -8.3798692295e+00
71 68 7
5 1 4621 -34.6850 67.3170 4 4490 -81.5560 100.9790 13 4265 -70.8640 91.4540 18 4524 -49.2960 95.2130 6 4794 67.3620 61.8200
-4.6769035903e-01 4.8597254846e-01 -8.3712485254e+00
71 68 7
3 1 4622 -34.6850 67.3170 4 4491 -81.5560 100.9790 13 4266 -70.8640 91.4540
-4.6823929556e-01 4.8688703807e-01 -8.3722549431e+00
71 68 7
2 1 4623 -34.6850 67.3170 4 4492 -81.5560 100.9790
-6.3492813722e-01 4.6343527501e-01 -8.3789822909e+00
143 100 7
8 1 4626 -62.0910 63.3470 4 4493 -110.0480 94.9590 13 4267 -97.9540 84.4400 18 4528 -75.8400 86.4700 6 4798 39.5110 50.2480 8 4257 9.1350 83.1880 17 4294 20.6750 91.3000 15 3901 87.4310 96.8520
3.7489896600e-01 4.2976304833e-01 -8.8072307703e+00
63 64 0
2 1 4629 100.0890 55.5800 4 4595 57.3230 85.8440
-2.0671439839e+00 -3.8704111306e-01 -1.0487545194e+01
230 213 83
4 1 4640 -177.9320 -34.6100 4 4524 -225.0162 -62.1700 13 4300 -238.6986 -80.9380 18 4710 -267.6708 -101.5370
-2.2962075101e+00 -3.8199450508e-01 -1.0378233514e+01
188 163 34
5 1 4641 -206.8050 -36.2020 4 4382 -253.7294 -63.7790 13 4303 -268.6884 -86.2450 6 4918 -205.5800 -72.0010 17 4437 -255.7324 -127.9240
-2.2958713414e+00 -3.8256824412e-01 -1.0378662706e+01
188 163 34
6 1 4642 -206.8050 -36.2020 4 4383 -253.7294 -63.7790 13 4304 -268.6884 -86.2450 18 4665 -299.0288 -108.6380 6 4919 -205.5800 -72.0010 17 4438 -255.7324 -127.9240
2.4125982548e+00 -5.0306740023e-01 -1.1417075220e+01
184 153 30
3 1 4644 267.6790 -40.1760 4 4521 234.5030 -40.2940 13 4288 189.3320 -20.4100
3.3186847562e-01 -9.1902455333e-01 -9.3412032139e+00
76 82 12
3 1 4669 85.0520 -125.6940 4 4539 58.7110 -115.6520 13 4311 59.7710 -104.0760
-1.9491492626e+00 -1.0333533504e+00 -9.1189274813e+00
235 236 142
2 1 4672 -222.1919 -142.7990 4 4550 -271.1741 -160.1310
6.7166500569e-01 -1.1780616869e+00 -9.6311680368e+00
127 135 60
7 1 4675 124.9000 -148.9360 4 4543 102.4030 -141.9650 13 4180 97.1110 -125.4080 18 4433 91.4500 -117.3790 6 4832 176.7130 -108.3420 8 4143 149.1610 -108.4250 17 4196 130.3050 -95.0670
-5.2242801605e-01 6.9384158372e-01 -8.3512223478e+00
57 25 0
7 1 4714 -44.4280 104.6870 4 4585 -93.5490 138.2390 13 4359 -85.1010 125.9900 18 4634 -65.0650 128.5550 6 4963 54.1930 95.4660 8 4353 17.6230 121.1840 17 4375 26.9320 129.7310
2.9372130323e+00 -1.0185386563e-01 -1.2427558729e+01
210 186 59
3 1 4725 282.3070 3.5770 4 4511 242.4620 -5.1180 13 4123 190.0130 11.4580
-1.8297892464e+00 -5.9688943193e-01 -1.0007247771e+01
239 243 146
2 1 4734 -169.1110 -65.5580 4 4532 -214.9240 -86.7440
-7.8329669729e-01 -7.4010084887e-01 -8.4010934657e+00
29 51 13
3 1 4743 -84.8840 -133.1070 4 4617 -122.6890 -116.1160 13 4390 -92.3750 -118.3260
-2.0085696403e-01 -1.5352455287e+00 -8.8641866353e+00
165 171 98
2 1 4757 12.1200 -229.5300 4 4673 -10.3870 -227.5740
-4.1758439175e-01 6.3204174354e-01 -8.3716156634e+00
58 57 0
7 1 4775 -26.1910 92.1890 4 4641 -74.6510 126.8530 13 4421 -66.3270 116.4750 18 4700 -46.4520 119.5060 6 4964 72.6900 87.7290 8 4354 33.5160 115.4970 17 4376 42.0230 124.0210
-5.7723295706e-01 3.8898324050e-01 -8.3830042173e+00
6 12 0
2 1 4777 -52.4950 50.8630 4 4646 -99.1420 82.6330
-4.9654875913e-01 -4.3815770854e-01 -8.3529630872e+00
16 33 0
2 1 4781 -39.4530 -86.7830 4 4661 -77.0390 -59.4120
1.3542256286e+00 -1.1307111176e+00 -9.8952197035e+00
226 229 126
4 1 4787 203.2940 -137.0590 4 4618 181.0130 -125.4040 13 4386 162.4720 -101.7360 18 4573 144.4480 -90.4600
5.8433958678e-01 -1.3496973871e+00 -9.2723318125e+00
166 176 87
2 1 4794 119.4510 -185.4000 4 4668 99.9200 -175.9870
-4.6236064470e-01 -1.0312955615e+00 -8.7529718202e+00
84 86 21
3 1 4823 -26.9000 -162.9230 4 4716 -58.3050 -152.0810 13 4467 -35.5120 -150.1800
-2.7318166746e-01 -1.4007733569e+00 -8.8276448171e+00
34 49 8
6 1 4826 2.6740 -211.5900 4 4718 -23.6880 -208.4940 13 4471 -0.2460 -198.7580 18 4758 25.7140 -195.5950 8 4466 107.2880 -183.6570 17 4493 113.9010 -170.9300
4.3601448019e-01 5.4344265198e-01 -8.9048181415e+00
56 54 2
2 1 4836 107.7310 72.1960 4 4709 64.0060 100.2620
-9.3387675050e-01 -1.2284981809e+00 -8.6112976054e+00
26 38 0
2 1 4855 -100.0070 -197.0600 4 4739 -137.4520 -196.2270
-7.6239911953e-01 -9.9744429457e-01 -8.7502336184e+00
45 61 19
2 1 4870 -72.5490 -156.9010 4 4749 -105.9690 -151.3560
-2.8216844081e-01 9.9042970675e-01 -8.2074390216e+00
116 83 5
2 1 256 -5.0430 157.9044 13 193 -52.2510 185.3132
-3.6090665902e-01 9.5967635899e-01 -8.2168864147e+00
121 80 6
5 1 271 -17.7340 152.5898 13 1771 -67.0870 176.6150 18 1834 -44.9170 182.4467 6 304 85.4680 152.9395 8 224 37.7600 177.2564
-5.1291290008e-01 9.3330888584e-01 -8.2745816087e+00
122 66 4
2 1 301 -44.0520 145.4350 13 236 -89.8280 167.6775
-5.5836620009e-01 7.9561368239e-01 -8.3022287848e+00
105 61 9
2 1 388 -51.1630 120.7930 13 312 -93.9670 142.9636
-5.3233970208e-01 7.8699145320e-01 -8.3066006343e+00
90 58 6
3 1 394 -46.6360 119.0130 13 314 -89.1780 141.4730 18 334 -68.8240 146.3865
-2.1504092351e+00 1.0961534901e+00 -1.3339925912e+01
229 227 123
3 1 474 -117.7790 96.0320 13 702 -209.4760 35.9810 6 3189 -197.7360 103.6900
2.1383621004e-01 6.0597637337e-01 -8.7289706165e+00
70 71 4
2 1 526 76.4560 83.5160 13 427 25.4360 110.1010
-2.7014352563e+00 5.2640245916e-01 -1.2207184186e+01
215 203 86
2 1 626 -184.2410 56.9630 13 2149 -270.1149 -5.3240
-2.0660409630e+00 -4.7831615933e-01 -1.0219173362e+01
231 220 104
2 1 1033 -188.1360 -48.4230 13 1154 -244.5298 -92.9360
7.2185866678e-01 -1.2201083678e+00 -9.5604408779e+00
161 171 85
2 1 1427 132.2730 -157.2760 13 1297 106.3880 -130.2700
-4.6077540497e-01 9.3205117025e-01 -8.2529006260e+00
153 106 22
2 1 1931 -35.5330 145.9290 13 1782 -81.0060 169.7027
-2.6799293141e+00 -6.3376823551e-03 -1.1030239792e+01
253 233 100
2 1 2283 -219.9340 8.3360 13 2243 -295.4949 -50.1810
-2.6799293141e+00 -6.3376823551e-03 -1.1030239792e+01
253 233 100
2 1 2284 -219.9340 8.3360 13 2244 -295.4949 -50.1810
6.9644442687e-01 -1.1009051319e-01 -9.4987002337e+00
66 74 23
2 1 2354 132.4170 -17.3780 13 2120 82.3910 6.2520
6.3718029749e-01 -1.4696046817e-01 -9.4018666368e+00
69 70 2
2 1 2370 126.7820 -23.7470 13 2134 78.5550 1.9790
-2.4185969362e+00 -7.3343921962e-01 -9.6403395033e+00
235 212 89
3 1 2504 -252.6718 -87.2200 13 2430 -308.1023 -139.9660 8 2530 -237.8814 -177.0890
-8.3376025467e-01 -1.4163376936e+00 -8.7458016458e+00
66 73 28
2 1 2828 -82.3550 -217.0480 13 2595 -82.9560 -220.0500
-7.4117492207e-01 -1.4298918858e+00 -8.7789657119e+00
73 82 29
2 1 2830 -68.1830 -217.2980 13 3219 -68.1830 -218.1110
-5.8094446133e-01 8.4746398761e-01 -8.3416192426e+00
121 73 0
2 1 2994 -54.6210 129.2600 13 2701 -98.2990 148.4463
-3.4588466200e-01 4.9066829792e-01 -8.3503525580e+00
50 53 6
2 1 3104 -15.2360 68.8050 13 1922 -50.2200 95.2760
-3.8600700142e-01 -8.2589237764e-02 -8.3302200162e+00
13 29 3
2 1 3251 -21.4930 -28.7450 13 2945 -42.7800 1.9970
-3.8280088058e-01 8.5205450691e-01 -8.3171439041e+00
50 47 2
2 1 3679 -21.2530 130.5820 13 3318 -65.9570 154.5543
3.0552844051e-01 6.7668560596e-01 -8.8325854613e+00
55 53 3
2 1 3718 88.9330 93.7300 13 2744 34.7630 117.4210
-6.0600447174e-01 -3.0735699296e-01 -8.3964288684e+00
13 29 2
2 1 3858 -56.8610 -63.7700 13 3489 -73.5700 -41.6530
9.4931908244e-01 -1.1518265262e+00 -9.7144970422e+00
190 196 96
2 1 3950 158.0910 -143.9380 13 3566 125.3810 -114.7460
-1.0620218667e+00 -1.1240158939e+00 -8.7936593266e+00
50 68 26
2 1 3977 -114.6710 -171.7430 13 3167 -125.0620 -179.7170
-5.4554739659e-01 6.4126023418e-01 -8.3832793284e+00
107 71 3
2 1 4149 -47.2540 93.1270 13 3778 -87.7810 114.5160
-6.6819193299e-01 5.0516798962e-01 -8.3736921957e+00
116 72 2
5 1 4171 -66.4150 69.7230 13 3802 -105.6890 90.5950 18 4354 -83.3110 92.8810 17 3834 14.4840 96.8080 15 3595 83.0660 102.9280
-6.1922240896e-01 3.5989626697e-01 -8.3684971045e+00
10 24 2
2 1 4186 -60.0030 46.1980 13 3820 -92.6900 67.8940
-6.4360567133e-01 6.6360712664e-02 -8.4788668932e+00
4 15 1
2 1 4216 -60.3540 -2.3340 13 3849 -90.0990 17.8690
-4.5911458346e-01 -2.1460725745e-01 -8.2740664881e+00
17 33 2
2 1 4242 -34.5730 -52.1570 13 3868 -51.1940 -21.1960
5.1916794142e-01 -4.5423655085e-01 -9.4033886952e+00
77 76 10
2 1 4251 110.0650 -63.7230 13 3488 70.9970 -39.4730
-9.8070889031e-01 -1.0054319200e+00 -8.6044277812e+00
44 62 22
2 1 4326 -109.2610 -163.6950 13 4197 -116.6820 -164.0070
-4.0489505300e-01 1.7527831209e-01 -8.5120332126e+00
18 28 0
2 1 4464 -22.2110 16.0310 13 4113 -53.7130 39.3990
-5.3813990787e-01 1.0561698857e-01 -8.6020389039e+00
47 55 6
2 1 4634 -42.2930 6.0870 13 4280 -72.9170 23.3080
-2.3734922735e+00 -3.0125718449e-01 -1.0557295086e+01
244 223 95
6 1 4637 -208.0070 -25.2300 13 4299 -272.3666 -76.5660 18 4574 -307.0995 -99.3850 6 4916 -215.1620 -60.4600 8 4383 -243.3296 -110.0190 17 4436 -272.0479 -122.3570
-2.9993686037e-01 -9.7156655080e-02 -8.2830172747e+00
18 31 0
2 1 4639 -7.2500 -32.4910 13 4285 -27.8450 2.6930
-1.0984032361e+00 -5.1157099951e-01 -8.8712307603e+00
231 236 136
2 1 4655 -118.2730 -81.0130 13 4306 -143.6990 -85.7000
-6.1479376261e-01 -4.7160711959e-01 -8.3250660635e+00
21 41 3
2 1 4659 -59.5090 -93.1700 13 4297 -71.0160 -69.0760
-5.0154858350e-01 3.5563692562e-01 -8.4418432797e+00
51 58 2
6 1 4720 -38.6750 45.4820 13 4364 -73.0260 68.9930 18 4643 -52.8380 70.9210 6 4900 61.4740 36.0150 8 4360 29.1820 67.9690 17 4380 38.7200 74.6820
-5.0114145602e-01 1.9541398538e-01 -8.4951653333e+00
52 60 3
2 1 4814 -37.8750 19.1860 13 4457 -69.5320 40.8310
3.1718388496e-01 -3.9868184826e-01 -9.3482218556e+00
84 86 13
2 1 4842 83.3080 -56.6930 13 4482 46.8190 -36.8040
7.9565620086e-01 -5.2721462543e-01 -9.3058090596e+00
1 6 0
2 1 4851 148.7920 -75.8240 13 4483 110.4010 -42.9300
-2.3133802415e-01 1.0035164882e+00 -8.2188162058e+00
106 82 12
2 4 170 -48.4760 200.2017 13 179 -44.2890 187.8070
-4.1497978958e-01 9.3163743351e-01 -8.2296890626e+00
119 82 7
2 4 227 -80.0430 184.8494 13 223 -73.2530 171.9732
-5.1555803187e-01 6.6908388508e-01 -8.3946407067e+00
71 42 2
2 4 410 -91.1020 130.0960 13 387 -83.5090 119.0200
-2.6004168121e+00 4.1049490207e-01 -1.1743435188e+01
232 216 99
2 4 883 -236.5995 9.4760 13 883 -271.5069 -11.0980
2.2030836662e+00 -4.6509192202e-01 -1.1615414867e+01
215 203 82
2 4 1066 207.8090 -38.5600 13 935 165.2730 -21.0940
-2.2893681190e+00 -3.7215805261e-01 -1.0302504364e+01
194 170 46
2 4 1160 -256.9695 -62.6170 13 2320 -270.6324 -84.2320
-2.3425140673e+00 -5.1029541170e-01 -1.0142132426e+01
235 214 87
3 4 1213 -269.9818 -79.6960 13 1201 -280.5051 -103.0600 18 3352 -306.9214 -127.7490
-6.8837753161e-01 -1.4227467333e+00 -8.7257881878e+00
84 92 32
2 4 1721 -90.7300 -221.0720 13 1578 -60.3260 -217.2070
-1.0778621317e+00 -1.3957276506e+00 -8.6692684309e+00
167 169 82
2 4 1729 -156.4230 -223.7920 13 1618 -122.7910 -227.2610
-3.1309782362e-02 1.0350418072e+00 -8.2434278687e+00
97 80 2
3 4 1830 -13.3430 206.2594 13 155 -12.5130 194.9830 8 166 78.7370 194.0531
-1.9770428444e-01 1.0083361578e+00 -8.1905058078e+00
154 125 38
2 4 1836 -42.8830 203.3531 13 1743 -38.4840 191.0627
-4.0166023340e-01 1.0234672523e+00 -8.2387302427e+00
147 89 0
2 4 1843 -78.4870 200.1059 13 1752 -73.4030 186.6881
-5.8803528548e-01 4.8092926707e-01 -8.3951556853e+00
100 65 0
3 4 2032 -101.4330 98.3450 13 1942 -90.9140 87.0330 18 526 -69.1810 89.4560
-2.1805052926e+00 8.1218445739e-01 -1.2615416991e+01
236 217 94
2 4 2159 -179.0190 37.2330 13 2908 -220.0538 22.1360
-2.1466042451e+00 9.5031263106e-03 -1.1261301880e+01
215 196 65
2 4 2311 -207.8500 -21.8920 13 983 -233.7775 -40.2940
-2.7415002602e-01 -1.4572019225e+00 -8.8204359055e+00
65 70 15
2 4 2776 -22.5550 -217.7060 13 2569 2.0370 -206.5380
-3.8890163331e-01 1.0061596225e+00 -8.2346855738e+00
220 170 41
2 4 2849 -76.1200 197.7162 13 2672 -70.8120 184.2228
-5.8756387711e-01 6.7803770554e-01 -8.3349764289e+00
122 73 4
3 4 2916 -105.1630 133.6410 13 2730 -95.5730 121.9370 18 1954 -74.5920 124.6810
-6.1168626636e-01 5.5608749027e-01 -8.3517123386e+00
131 83 13
4 4 2948 -107.6400 111.5500 13 2776 -96.5590 100.6030 18 3014 -74.4450 103.7580 8 1918 9.7770 99.3670
-6.5774657621e-01 5.3885113697e-01 -8.3568287461e+00
130 78 9
2 4 2961 -115.2310 107.7470 13 1919 -103.8180 97.0250
-7.3949506623e-01 5.3614847096e-01 -8.3860468788e+00
122 73 0
2 4 2964 -128.3300 105.2340 13 2787 -117.1610 93.5210
-5.6234504065e-01 4.9794448062e-01 -8.3726283469e+00
91 58 0
2 4 2970 -97.9290 101.4290 13 1930 -86.9270 91.7840
-6.6110001642e-01 3.8462354685e-01 -8.3237278279e+00
17 30 4
2 4 3017 -115.2660 83.1510 13 2828 -100.6580 72.3410
-5.0343418895e-01 -1.6488859545e-01 -8.2929780540e+00
8 26 2
2 4 3143 -82.4150 -10.7780 13 2971 -59.8010 -14.3450
-1.9493864318e+00 -1.4130256609e-01 -1.1337855580e+01
232 218 85
2 4 3184 -185.8070 -34.7790 13 3496 -210.2920 -52.5110
6.4763654992e-01 -1.0689205205e+00 -9.6491148990e+00
96 107 45
2 4 3329 97.7960 -128.1210 13 3092 91.6610 -112.5070
-7.6692790918e-01 -1.3930988630e+00 -8.8896714200e+00
52 60 13
2 4 3452 -99.8080 -210.2250 13 3208 -73.6380 -208.9450
-4.1533438190e-01 -1.4436777539e+00 -8.9503064186e+00
86 94 35
2 4 3457 -43.8320 -211.7180 13 3199 -21.1120 -204.2910
1.4803082579e-01 8.5857096150e-01 -8.2343306687e+00
80 76 11
2 4 3526 20.5810 179.1607 13 3306 21.5280 170.2534
-7.2794100933e-01 6.1252879768e-01 -8.3819023899e+00
138 84 0
2 4 3568 -127.1990 118.5770 13 3784 -117.1490 106.0910
-4.2463241499e-01 4.9821125210e-01 -8.3941916888e+00
70 71 14
2 4 3585 -73.8000 102.5420 13 3372 -64.4220 93.7320
-7.3542614149e-01 4.7448710884e-01 -8.4059158319e+00
125 85 8
5 4 3595 -126.4940 93.8540 13 3382 -114.8790 82.6750 18 4078 -93.4910 84.5720 17 3840 4.1990 88.3620 15 3602 73.5170 93.8200
2.4917893650e+00 -3.9621940404e-02 -1.2555433953e+01
216 198 70
2 4 3691 202.7190 -3.3030 13 2923 152.7210 10.4660
-2.5137775605e+00 -1.5700635047e-01 -1.0822498605e+01
238 220 94
2 4 3722 -259.8603 -39.9910 13 3505 -282.3609 -63.2840
-6.8785283842e-01 -4.2555497486e-01 -8.3886639209e+00
10 28 3
2 4 3735 -109.7060 -59.6990 13 3506 -84.3390 -63.1440
-6.5405861222e-01 -4.9641438793e-01 -8.3442611346e+00
27 45 17
2 4 3743 -104.2630 -72.3180 13 3523 -76.8160 -73.9290
-1.7395463484e-01 -1.3864743471e+00 -8.8436516131e+00
159 169 98
2 4 3893 -7.4470 -204.0020 13 3653 14.5890 -192.4340
-2.0985324685e-02 9.0823079048e-01 -8.1988375343e+00
26 44 4
2 4 3958 -10.0020 188.0892 13 3298 -6.5910 177.0492
-1.4166697243e-01 7.9142110264e-01 -8.0875253146e+00
29 47 7
2 4 3973 -30.9790 173.5444 13 3760 -21.6730 161.5275
2.4743961591e+00 -6.0466033624e-01 -1.1371745831e+01
247 235 128
2 4 4094 242.4310 -49.6260 13 3476 198.3920 -28.5330
-2.1282316368e+00 -7.1254115090e-01 -9.8551052020e+00
248 247 155
2 4 4140 -257.0878 -104.9150 13 3919 -260.0719 -126.5550
-3.9226896123e-01 -9.2134707165e-01 -8.6983648816e+00
89 91 18
2 4 4162 -48.4180 -136.1240 13 3923 -26.8040 -131.0820
-1.9087705533e-01 -1.3418918947e+00 -8.8588546109e+00
38 50 0
5 4 4235 -10.4930 -197.0950 13 3977 10.3180 -185.4780 18 4466 34.1350 -182.0680 8 4178 112.9210 -170.6700 17 4232 116.5640 -158.3070
2.3403156849e+00 -3.5427864308e-01 -1.1812871688e+01
222 206 80
2 4 4365 213.2470 -27.9680 13 3863 168.0780 -10.9800
5.2770128338e-01 3.4946410307e-01 -9.0879765890e+00
59 59 0
2 4 4598 76.3250 67.3600 13 4272 64.0990 69.5260
2.7558181301e+00 -2.6719373453e-01 -1.2153087733e+01
190 155 25
2 4 4609 237.8820 -19.2760 13 4286 187.3170 -0.4130
-1.3818925854e+00 -3.0680583611e-01 -8.9088413712e+00
230 216 83
2 4 4750 -203.4520 -47.3970 13 4518 -191.3320 -61.6060
-4.3413161131e-01 9.6615236663e-01 -8.2450520095e+00
170 116 21
2 1 270 -31.1000 152.2993 18 1837 -56.8520 180.9921
-2.1107596399e+00 1.0463598884e+00 -1.3285121672e+01
214 202 73
2 1 485 -115.5660 92.8910 18 2203 -272.6364 19.4520
-7.0936056468e-01 2.1633054378e-01 -8.4191357614e+00
7 24 0
2 1 775 -72.8730 21.3900 18 703 -80.7190 42.8650
-2.2734784966e+00 -4.3278395052e-01 -1.0263660727e+01
239 211 85
3 1 1015 -209.5330 -44.0030 18 1315 -296.9528 -115.0430 6 1268 -201.6790 -78.7560
-4.1580108426e-01 9.2752239900e-01 -8.2128288384e+00
121 82 10
2 1 1932 -28.2950 146.0662 18 225 -51.3800 177.3846
-2.3096425549e-02 9.0130289841e-01 -8.1778668337e+00
16 37 0
2 1 3663 41.1990 142.2896 18 1833 14.0620 183.1835
-2.2108847522e+00 -2.6643339713e-02 -1.1171925293e+01
200 180 45
5 1 3789 -170.9040 7.2500 18 3790 -285.1339 -63.7380 6 4643 -196.4660 -13.3060 8 3879 -230.3117 -74.1810 17 4188 -267.4500 -83.4430
-1.9624638945e+00 -2.5306390628e-01 -1.0740061368e+01
234 218 77
3 1 3819 -160.7480 -18.7660 18 3810 -254.7290 -82.8070 6 4364 -166.4220 -39.0310
3.5218856520e-01 3.1567171422e-01 -8.9025494666e+00
65 66 0
2 1 4190 95.3010 38.0440 18 3073 48.8450 70.6050
-2.1078435601e+00 2.6156031317e-01 -1.1703647199e+01
231 214 72
2 1 4192 -147.7500 35.1220 18 4408 -272.9345 -34.9460
3.2744135955e-01 9.3178554124e-02 -9.0424689569e+00
78 80 7
2 1 4467 89.1630 6.9670 18 3707 46.1260 35.6050
-3.8337718776e-01 9.7752712015e-01 -8.2135720066e+00
151 106 0
4 4 1853 -75.7620 193.9802 18 2911 -46.5300 186.6037 8 2692 32.6420 178.9427 17 2718 42.5210 189.7291
-5.2073991117e-01 2.5058554750e-01 -8.4765498692e+00
38 48 0
3 4 2116 -85.9490 56.9140 18 2130 -52.7650 51.6200 17 540 38.4130 58.1010
-5.8631098141e-01 7.2841709356e-01 -8.3251160758e+00
109 64 0
2 4 2911 -105.6370 142.6156 18 1932 -75.9200 133.8970
-6.9032276555e-01 4.9449071737e-01 -8.3778708077e+00
115 66 0
2 4 3587 -119.7490 99.4600 18 3658 -86.0810 89.9730
-1.1882427354e+00 -1.1903880642e+00 -8.5666566239e+00
220 226 128
2 4 4740 -181.2030 -195.9190 18 4775 -112.1740 -212.4440
-5.8842502975e-01 7.0497980446e-01 -8.3280302254e+00
114 67 0
2 13 359 -96.5420 126.4110 18 398 -75.4800 129.7330
-1.5087517760e+00 6.1620213589e-01 -1.2700892944e+01
203 184 55
2 13 792 -161.7230 13.6370 18 2257 -217.0050 0.2510
-1.6797689284e+00 -6.1573187404e-02 -1.1241166069e+01
215 203 87
2 13 980 -186.3470 -39.4740 18 1107 -224.4417 -55.2380
-2.0669868109e+00 -4.5389964425e-01 -1.0359723666e+01
227 213 101
2 13 1134 -241.1062 -88.8280 18 1299 -267.6925 -110.4690
1.0782097118e-01 9.3616047473e-01 -8.3080047301e+00
70 66 14
2 13 1769 11.1550 177.6649 18 210 26.0570 182.2990
-1.3893355601e+00 2.9800426608e-01 -7.2899912391e+00
78 82 4
2 13 1954 -278.4787 78.5070 18 3666 -202.2740 80.0580
-1.4529663069e+00 1.2337051958e-01 -1.1633932702e+01
177 166 48
4 13 2174 -161.9360 -21.0010 18 3235 -203.5100 -33.3390 6 3879 -121.5610 22.5900 8 2996 -158.3630 -40.6940
-2.0682327874e+00 -5.1317850472e-01 -1.0234165532e+01
253 253 154
2 13 2339 -243.8635 -96.9520 18 2560 -267.9349 -118.3990
2.1142114296e-01 -1.1409914782e+00 -9.3624403916e+00
77 83 33
2 13 2418 48.4030 -134.9760 18 2580 53.1430 -130.7500
-2.3882775230e-01 9.6185080596e-01 -8.2247531378e+00
73 65 9
4 13 2680 -44.6410 180.3562 18 2915 -24.2520 185.4737 6 3130 105.0280 155.6429 8 2691 53.9180 179.2779
3.8745241173e+00 -1.5188868452e-01 -1.2481631047e+01
95 104 53
2 13 2915 253.7850 17.5270 18 2190 187.5250 25.4430
-1.6555952609e+00 4.6179472918e-01 -1.2281032762e+01
195 176 48
4 13 2942 -176.1180 2.6750 18 3743 -229.5656 -12.2800 8 3456 -188.5870 -19.6530 17 3896 -236.7679 -23.7330
-1.6579198540e+00 4.5907152115e-01 -1.2290626651e+01
195 176 48
3 13 2943 -176.1180 2.6750 18 3744 -229.5656 -12.2800 17 3897 -236.7679 -23.7330
-1.6997777906e+00 1.1181831129e+00 -1.3716703230e+01
244 228 93
3 13 3424 -171.7470 39.5280 18 4117 -237.8908 26.1970 8 3809 -209.5800 14.1960
-3.1854191392e-01 -1.5319376953e+00 -8.8410415055e+00
140 150 79
3 13 3680 -2.6650 -217.6100 18 3956 22.6550 -216.5180 8 3650 106.5090 -204.7860
-1.7412917782e+00 7.8572136642e-01 -1.2890629891e+01
233 215 87
4 13 3847 -180.3970 21.6120 18 4128 -238.9141 9.2930 8 3817 -205.5710 -1.3540 17 4147 -260.1785 -4.2220
-6.3539174651e-01 -5.3610714516e-01 -8.3467309725e+00
13 36 0
2 13 3894 -72.5880 -80.1610 18 4185 -36.9150 -81.0770
-4.2035940044e-01 -1.1451283101e+00 -8.8103760094e+00
59 62 5
2 13 3955 -27.0730 -163.7640 18 4244 -2.3670 -163.6960
-7.5410174238e-01 -4.0015753188e-01 -8.3581576524e+00
13 31 0
4 13 4153 -96.3440 -61.1650 18 4413 -62.0530 -62.4620 8 4121 30.5710 -58.2580 17 4177 50.2240 -51.9610
-5.8552690456e-01 4.0548930396e-01 -8.4277175662e+00
14 13 9
6 13 4363 -87.6800 74.4770 18 4642 -67.1520 76.7060 6 4898 47.3830 40.9820 8 4259 15.4550 73.7400 17 4115 25.3700 82.4930 15 3904 89.4770 88.2590
-2.0748422487e+00 -1.2209375641e-01 -1.0932013224e+01
238 220 94
3 13 4380 -231.9950 -52.7430 18 4707 -270.2417 -71.4160 8 4428 -212.4840 -78.1370
-1.8514039137e+00 -6.2815919913e-01 -1.0080528099e+01
243 247 162
2 13 4388 -219.7905 -106.3660 18 4713 -237.2871 -128.2500
1.0664871876e+00 -1.4947087595e+00 -8.9884082811e+00
205 217 117
2 13 4401 182.4320 -169.6750 18 4678 185.4160 -150.3630
-2.7805209839e-01 -1.5125305472e+00 -8.6009777272e+00
174 186 104
2 13 4475 7.4660 -223.5500 18 4760 41.8010 -219.6580
-4.1224596864e-01 1.2633755440e+00 -8.6381686954e+00
234 178 9
2 1 159 -21.3110 188.2665 6 2032 42.6490 197.5879
-2.2755482499e-01 1.0029404147e+00 -8.2134886656e+00
110 79 10
2 1 248 4.6490 159.6189 6 272 106.5430 164.2578
4.9995379444e+00 6.6998200707e-01 -1.6323959322e+01
83 85 75
2 1 625 316.9170 57.2690 6 373 200.4320 138.0360
-6.8995309724e-01 2.2845871816e-01 -8.4000228685e+00
10 22 4
2 1 762 -70.6140 24.1670 8 681 9.9280 43.5610
-2.4293314707e+00 -2.0837923902e-01 -1.0716362374e+01
245 225 94
2 1 885 -206.9240 -13.3650 6 1129 -221.7425 -46.9860
-2.4617776527e+00 -5.9450731174e-01 -9.9169599201e+00
206 177 47
2 1 1096 -244.3264 -66.0950 6 2726 -226.3967 -117.6530
-3.1052739232e-01 -1.3811858896e+00 -8.7811156853e+00
37 50 10
2 1 1665 -4.7470 -212.0010 6 2940 108.9870 -207.8690
-1.9830908599e-01 1.0153932981e+00 -8.2063224761e+00
157 118 27
2 1 1887 9.7860 162.1640 6 3123 111.9160 167.5461
-2.6817085096e+00 -4.4058159071e-02 -1.1043795758e+01
229 209 78
2 1 2294 -219.4630 5.0080 8 3063 -284.0890 -90.8440
-2.7075754855e+00 8.3495268261e-02 -1.1236925517e+01
233 210 73
2 1 3777 -214.5240 18.4010 6 4641 -253.0982 -11.7490
-2.2096355163e+00 -2.5074413631e-02 -1.1169720321e+01
200 180 45
3 1 3788 -170.9040 7.2500 6 4642 -196.4660 -13.3060 8 3878 -230.3117 -74.1810
8.9622371158e-01 -1.2805655780e+00 -9.4469571013e+00
198 209 107
2 1 4549 156.4450 -170.2840 6 4415 214.5450 -120.1170
-2.7087620040e+00 -3.4961842007e-01 -1.0392154756e+01
248 224 92
3 1 4638 -248.9502 -30.8000 6 4981 -255.7555 -78.4850 8 4433 -286.8950 -129.5920
7.7268370823e-01 -3.3566047006e-01 -9.4590807135e+00
228 234 136
2 1 4649 143.3400 -50.0410 8 4369 140.3990 -5.3260
-3.9282558804e-01 -1.3862213922e+00 -8.7629498010e+00
85 92 43
2 1 4693 -16.8140 -212.9400 6 4734 98.5910 -213.4840
3.6400242799e+00 2.0659400333e-02 -1.2841749506e+01
195 182 71
2 4 2241 283.5410 6.2100 13 748 222.4070 24.9940
2.9415515293e+00 2.8010014260e-01 -1.3196539488e+01
168 147 40
2 4 3101 218.3780 19.6150 13 2891 162.0810 32.6680
2.8809784384e+00 3.2525694803e-01 -1.3202857085e+01
217 197 68
2 4 3661 213.4180 22.5170 13 2886 157.3610 35.1910
-3.4527269188e-01 9.6725655317e-01 -8.2019265176e+00
120 84 11
2 13 208 -63.1020 179.7715 6 298 87.9840 154.8899
-3.2616484269e-01 9.5751625888e-01 -8.2195067505e+00
90 64 0
3 13 210 -59.0120 178.6586 6 305 89.9760 152.4043 8 1778 41.7920 176.8412
8.4730253418e+00 2.0374010480e+00 -1.8424322971e+01
142 172 163
2 13 436 283.7150 108.7460 6 1988 282.1220 213.8857
-8.3600474085e-01 4.7117172837e-01 -8.5099570311e+00
38 51 4
2 13 546 -130.2050 76.8330 8 1976 -27.6490 72.2940
-1.8172262033e+00 -1.8947627742e-01 -1.0892878233e+01
217 205 88
3 13 1032 -205.0400 -55.5260 6 2525 -151.1410 -26.1940 8 1129 -181.4900 -78.4520
-2.5652652563e+00 -3.7823288740e-01 -1.0350593818e+01
187 172 43
2 13 1139 -301.7529 -90.0150 6 2635 -239.3456 -79.3310
8.5548599625e+00 2.1443490522e+00 -1.8595176335e+01
227 255 251
2 13 1891 282.0750 111.8820 6 3042 279.9340 217.5453
8.2317423048e+00 2.0858306212e+00 -1.8462577396e+01
128 161 140
3 13 1900 273.2170 108.6710 18 1988 174.6380 108.6590 6 1984 271.2940 214.3184
-2.2433038932e+00 8.4649251296e-02 -1.1231835340e+01
237 219 95
2 13 2200 -245.3243 -34.5270 8 2280 -236.7240 -63.7730
-2.7238663820e+00 -1.3995067635e-01 -1.0794145565e+01
244 232 96
3 13 2277 -306.7345 -64.7540 6 3940 -257.0572 -44.3310 8 3546 -289.6077 -102.8640
-2.5710098567e-01 -1.3832782672e+00 -8.8070870756e+00
40 54 18
2 13 2542 3.0240 -195.9790 8 2537 109.6830 -179.9200
-7.9348988763e-01 5.4206014228e-01 -8.4560644552e+00
135 90 0
2 13 2794 -125.6250 90.4280 6 3845 6.2250 60.6900
-1.7351585244e+00 -3.5573071509e-02 -1.1256170344e+01
236 217 96
2 13 3000 -191.6280 -37.7940 6 4341 -145.9440 -3.2700
-2.1178724348e+00 2.6939184141e-01 -1.1820716213e+01
234 214 91
2 13 3465 -222.5306 -17.4890 6 4619 -189.0410 26.2530
-1.7102500353e+00 8.6566833692e-02 -1.1525199444e+01
229 214 88
2 13 3472 -186.6270 -26.6690 6 4626 -145.9820 12.7930
9.3871765889e-01 -1.0973884785e+00 -9.8253566805e+00
185 197 110
2 13 3559 119.5200 -107.6150 6 3972 192.7590 -86.0890
-1.7441458755e+00 6.2738039693e-01 -1.2595987793e+01
216 197 69
2 13 3851 -182.7330 11.6090 6 4791 -157.7320 69.9420
-1.7976068437e+00 -1.3072911599e-01 -1.1090068993e+01
224 209 88
2 13 4378 -199.8150 -47.8290 8 4427 -182.3350 -73.0860
-6.1792547961e-01 1.9476269779e+00 -1.3120497663e+01
97 103 58
4 18 455 -166.5200 109.9270 6 2041 -86.4600 192.8697 8 1911 -141.4390 101.3240 17 1915 -198.3620 107.1910
-6.1635843647e-01 1.8527343046e+00 -1.3208168241e+01
13 21 0
3 18 490 -165.3610 101.1150 6 2058 -85.4220 184.0410 8 1932 -140.3440 92.9510
-1.2666358244e+00 1.2068148163e+00 -1.3803310237e+01
191 165 44
4 18 735 -205.3940 36.9910 6 443 -129.9020 121.4680 8 730 -179.1780 27.9410 17 2095 -239.5411 28.2950
-1.0355103119e+00 1.1383501183e+00 -1.3854845959e+01
215 186 68
2 18 748 -187.4610 34.8770 6 452 -111.4470 118.9320
-2.2090301802e+00 9.6227998304e-01 -1.3056979198e+01
197 182 80
4 18 838 -282.1266 13.3440 6 3206 -202.4110 91.9450 8 2147 -248.2631 1.6520 17 2172 -309.0340 -2.3950
-1.5231134730e+00 6.4051219169e-01 -1.2687765456e+01
228 195 79
2 18 895 -218.7480 2.4520 8 867 -183.2120 -6.9070
-1.1474219207e+00 4.4108170138e-01 -1.2382530937e+01
179 159 45
3 18 920 -182.4780 -5.1560 6 2324 -102.3210 61.6490 8 882 -145.1040 -12.3280
-1.1474219207e+00 4.4108170138e-01 -1.2382530937e+01
179 159 45
3 18 921 -182.4780 -5.1560 6 2325 -102.3210 61.6490 8 883 -145.1040 -12.3280
3.3760212935e+00 -6.4226603038e-01 -1.1424484725e+01
192 159 60
3 18 933 212.4600 -8.6410 8 2150 236.5490 -0.0650 17 711 181.4900 14.5670
3.1113623798e+00 -6.8807641086e-01 -1.1280427688e+01
191 161 63
2 18 968 202.5800 -15.9280 6 2413 295.9680 24.1240
-1.5153154439e+00 7.8364199075e-02 -1.1582940127e+01
191 168 55
2 18 1049 -209.6750 -38.9200 6 908 -126.0130 16.7090
2.7954611762e+00 -9.8838393326e-01 -1.0485303667e+01
240 219 121
3 18 1059 229.6400 -42.2990 8 955 261.2150 -31.5880 17 826 213.4600 -16.0430
3.7886675983e-01 -5.2871570320e-01 -9.2767809237e+00
88 84 13
2 18 1079 58.5820 -46.9340 6 3407 155.0130 -49.3780
-4.0292032552e-01 -1.4948812253e+00 -8.7663626779e+00
115 121 59
2 18 1655 14.2240 -216.6630 8 2578 98.9440 -205.6250
-3.1202890219e-01 -1.5241738436e+00 -8.7256328810e+00
157 159 89
2 18 1663 30.3490 -218.4130 8 1560 114.5760 -205.9750
-1.9983687971e-01 1.0130653468e+00 -8.1994132777e+00
160 126 36
3 18 1803 -18.7900 196.0313 8 1758 59.1790 189.8058 17 1762 66.6220 200.3831
-5.9194929325e-01 1.8306145284e+00 -1.3340134755e+01
134 142 104
2 18 2009 -163.8560 97.3900 8 1939 -138.9290 88.8110
-8.9750993397e-01 6.8528346030e-01 -8.8418671766e+00
151 113 42
2 18 2014 -135.9860 96.0140 8 2807 -58.7800 90.1200
-1.2032496624e+00 1.5638589025e+00 -1.4525822111e+01
250 228 109
4 18 2126 -205.2910 53.8250 6 2131 -131.7000 144.6641 8 2054 -184.3900 43.0100 17 2864 -249.2227 45.0290
-1.2182662835e+00 1.5482631364e+00 -1.4467474610e+01
255 233 113
4 18 2128 -207.7600 51.4210 6 2130 -131.7000 144.6641 8 2053 -184.3900 43.0100 17 2863 -249.2227 45.0290
3.8578786463e+00 -4.2956049422e-01 -1.1903735284e+01
225 189 92
3 18 2225 215.9020 10.9510 8 2914 236.9270 18.7150 17 2085 176.3240 32.4710
-9.2380643383e-01 5.3220002247e-01 -1.2587851191e+01
204 179 60
2 18 2242 -165.7940 4.3840 6 3232 -85.8170 73.4540
3.6673757861e+00 -6.4697658076e-01 -1.1611662212e+01
213 179 73
2 18 2269 222.4700 -6.1170 8 821 244.0380 3.5840
-2.4854865258e+00 6.9222706553e-01 -1.2485040970e+01
216 204 90
2 18 2272 -309.2647 -7.7380 8 2969 -270.0637 -21.3520
3.0696803677e+00 -7.5895689719e-01 -1.1160392225e+01
193 165 68
2 18 2310 207.5570 -21.4890 6 2435 300.0160 16.0660
2.9967139854e+00 -9.1012864066e-01 -1.0760010522e+01
189 162 62
3 18 2343 226.5250 -33.4770 8 2208 256.4830 -22.9620 17 792 205.1700 -6.1830
-2.1863253661e+00 1.0420897778e-02 -1.1151125381e+01
253 228 107
2 18 2405 -283.1100 -59.6340 8 2291 -228.5993 -69.4810
1.6650428852e-01 -6.9373556329e-01 -9.1757915902e+00
82 79 10
2 18 2438 43.6200 -74.4380 6 2638 136.6870 -80.2990
-2.2025361882e+00 -3.5684121424e-01 -1.0523624615e+01
236 211 85
3 18 2508 -285.8843 -101.5840 6 2591 -192.5860 -62.0460 17 3106 -245.9395 -121.6670
-2.0291171648e-01 1.0368780383e+00 -8.2102000685e+00
142 96 0
3 18 2885 -20.7110 199.2494 8 2680 57.0480 192.7140 17 2702 64.0230 203.2294
6.0953068862e-01 8.8975187492e-01 -8.5407913872e+00
43 50 15
2 18 2935 84.0400 171.3114 8 2704 144.2910 168.1168
1.2975922397e-01 4.8930622414e-01 -7.7333432111e+00
25 34 4
2 18 2965 86.8890 143.3524 6 647 227.1110 76.0840
-6.4002586171e-01 1.9132190157e+00 -1.3170557981e+01
28 36 0
2 18 3012 -167.9280 106.3640 6 3086 -88.3190 189.2914
-6.5377315736e-01 5.3652468290e-01 -8.3546169506e+00
128 79 0
2 18 3025 -80.8850 99.1630 8 2802 4.3470 94.7140
-7.9198237219e-01 5.5083842132e-01 -8.4450304472e+00
148 85 0
4 18 3036 -106.9070 93.3090 8 2811 -21.5890 88.6090 17 3403 -10.4980 97.5180 15 3219 58.3020 102.0540
-2.3024956383e-01 9.6358811916e-02 -8.3143738092e+00
37 47 7
2 18 3124 5.4070 40.4780 8 690 86.9190 40.8510
4.2625160062e+00 -3.0126657213e-01 -1.2368646112e+01
144 116 36
2 18 3162 217.4470 20.8040 8 2903 233.5720 28.9830
-2.1782805933e+00 6.8802512100e-01 -1.2464728020e+01
242 216 93
2 18 3196 -280.2581 -3.0700 8 2961 -241.6147 -14.1120
8.8026018515e-01 -3.3568767733e-01 -9.2293185043e+00
28 32 5
2 18 3211 113.3620 -8.9050 8 2940 167.8330 -0.6570
-1.9343539593e+00 2.7681162703e-01 -1.1794305735e+01
255 229 110
3 18 3232 -254.7714 -30.4380 8 3471 -209.6150 -39.5560 17 3517 -253.3505 -44.6360
3.5010124895e+00 -1.1170569646e+00 -1.0600776546e+01
198 162 50
2 18 3242 277.0130 -40.8820 8 2216 303.6920 -27.5520
2.8489519365e+00 -1.1210932421e+00 -1.0405002625e+01
213 195 83
2 18 3260 241.5780 -54.3630 8 992 273.5380 -41.0340
-9.4347556341e-01 -5.9827630927e-01 -8.4861329809e+00
49 61 24
2 18 3317 -90.3610 -103.3910 6 4038 10.7320 -135.9770
8.3580543440e-01 -1.1657227347e+00 -9.6805942248e+00
180 178 89
2 18 3326 106.6520 -110.5190 6 3985 191.2070 -101.0760
-9.2078850546e-01 -9.5924747115e-01 -8.4864716259e+00
34 48 13
2 18 3400 -73.3250 -163.9170 8 3602 23.1110 -156.0100
4.6056169138e-01 -1.5365822995e+00 -8.8765868848e+00
193 194 101
2 18 3427 123.8310 -182.1410 6 4119 206.7980 -193.7970
-6.7323042449e-01 9.0510965698e-01 -8.4484446600e+00
206 127 0
5 18 3594 -99.7350 154.3707 6 4562 16.4190 129.2760 8 3734 -18.7330 147.2503 17 3787 -12.1890 156.5727 15 3557 49.3760 164.3731
-7.1250383098e-01 8.5824338144e-01 -8.4401496334e+00
218 141 3
5 18 3604 -105.1030 145.9523 6 4259 12.7320 119.7740 8 3739 -23.0690 139.1740 17 3796 -14.6790 148.9234 15 3562 49.0470 155.9731
-7.5324050602e-01 7.1304709068e-01 -8.4369643126e+00
176 104 4
2 18 3626 -106.7870 121.5590 6 3817 9.7120 92.6590
-1.4404771952e+00 1.2226006264e+00 -1.3853619882e+01
241 216 95
2 18 3706 -219.0170 35.5720 8 3424 -192.5990 25.1350
4.3804298049e+00 -3.2274748711e-01 -1.2262383417e+01
126 101 21
3 18 3719 229.2020 22.1340 8 3416 245.4150 30.2990 17 3441 182.1670 43.5670
-1.9029597256e+00 9.1037238844e-01 -1.3371873081e+01
253 227 106
2 18 3727 -252.4865 12.0660 8 3816 -221.3870 -0.9880
-1.8763784553e+00 7.6724106126e-01 -1.2766932295e+01
236 210 89
4 18 3729 -252.3949 5.3870 6 4283 -171.8120 80.1240 8 3818 -215.2680 -3.8510 17 3889 -271.2611 -7.5260
-1.3577828843e+00 3.0341599233e-01 -1.2072261052e+01
236 215 93
5 18 3747 -197.7610 -17.7390 6 4311 -117.3590 44.6880 8 3833 -157.9820 -25.9950 17 4160 -201.4810 -27.8890 15 3943 -242.6114 -36.4970
3.6622840705e+00 -9.6809970051e-01 -1.0813593018e+01
191 153 46
3 18 3753 272.0250 -26.0930 8 3449 296.3270 -13.5520 17 3474 239.6350 2.8240
7.4422817998e-01 -5.9623303746e-01 -9.5985824448e+00
2 8 0
2 18 3772 85.5070 -46.5260 6 3933 178.8610 -39.7310
-2.1396973527e+00 7.3922635498e-02 -1.1382346566e+01
255 231 110
2 18 3778 -276.4650 -52.3400 6 4333 -189.7320 1.8260
5.4492256351e-01 -1.4112784393e+00 -9.1674979156e+00
184 183 93
2 18 3882 111.0650 -156.2720 6 4074 194.7360 -159.5220
-2.5870048389e-01 -1.5001324834e+00 -8.8216051571e+00
94 95 35
3 18 3946 31.7170 -209.1030 8 3637 113.7670 -196.9580 17 4021 119.5510 -185.1980
-1.0227553531e+00 -1.2077205931e+00 -8.5315012984e+00
38 52 14
2 18 3947 -82.3230 -210.1200 8 3971 16.2990 -200.5820
-7.3675340730e-01 8.2328854551e-01 -8.4618137230e+00
188 114 0
5 18 4040 -107.8050 139.2700 6 4576 7.7790 112.2140 8 3743 -25.7550 132.2710 17 4096 -17.8500 141.2977 15 3884 45.6880 147.8270
-6.5206533944e-01 7.2187228034e-01 -8.3097117502e+00
164 104 2
2 18 4045 -86.1730 132.2090 8 4037 -1.1320 126.2580
-4.2643267089e-01 5.2675441351e-01 -8.3702362777e+00
52 45 0
2 18 4068 -44.0670 102.4920 8 3762 36.9710 99.4630
-7.3785186129e-01 5.4785361409e-01 -8.4045670357e+00
117 61 0
5 18 4069 -96.7370 96.5570 6 4294 17.8790 63.4360 8 3769 -11.2660 92.7330 17 3827 0.1370 100.0120 15 3594 69.4870 104.2250
-1.0981173365e+00 1.2002334983e+00 -1.3782324550e+01
231 200 84
4 18 4107 -193.0910 38.6020 6 4565 -116.6980 123.2680 8 3795 -166.9650 30.0550 17 4135 -225.9338 31.8460
-1.1485076627e+00 1.0777486991e+00 -1.3600991942e+01
209 177 59
4 18 4111 -194.7700 31.3950 6 4573 -118.3240 113.8640 8 3803 -167.0500 22.8910 17 3875 -225.0141 24.2170
-1.7015862131e+00 1.1058643696e+00 -1.3667155511e+01
251 226 108
2 18 4116 -237.8908 26.1970 8 3808 -209.5800 14.1960
-1.2081573432e+00 8.8594180198e-01 -1.3219892166e+01
225 195 75
3 18 4120 -196.4040 20.8750 8 4091 -165.4150 12.9820 17 4142 -220.6887 12.4510
-2.0009462736e+00 6.4345858147e-01 -1.2543753859e+01
235 213 93
4 18 4138 -261.6622 -3.9900 6 4290 -181.6490 66.3620 8 3824 -224.8624 -15.0940 17 3892 -277.8980 -18.9050
-1.7090544401e+00 5.1872165444e-01 -1.2435639871e+01
253 222 105
4 18 4139 -234.2717 -8.2350 6 4296 -152.7970 60.0240 8 3826 -196.1370 -18.3820 17 4152 -245.0963 -21.7200
3.5849527176e+00 -6.6606905955e-01 -1.1589396526e+01
219 187 84
2 18 4142 218.6400 -9.2600 8 3435 240.6920 1.4740
-1.4107974829e+00 3.8681140262e-01 -1.2187872209e+01
226 204 82
4 18 4143 -203.9460 -12.2700 6 4610 -124.2190 51.0200 8 4106 -165.2490 -20.5500 17 4155 -210.7700 -22.4490
-5.5382451567e-01 -2.1868854142e-01 -8.2769288134e+00
23 32 4
2 18 4149 -32.7300 -23.2570 8 3827 57.4130 -19.0800
-2.4005589280e+00 1.3884337084e-01 -1.1425273256e+01
246 229 97
2 18 4161 -305.9737 -51.8660 6 4634 -218.4290 3.7270
-7.2564809702e-01 -4.8000772166e-01 -8.3966600499e+00
27 37 12
4 18 4178 -55.4870 -74.2990 8 3873 36.3520 -70.4060 17 3930 53.5860 -63.2670 15 3691 130.0740 -55.8840
-6.4248092069e-01 -5.9292655346e-01 -8.3568182167e+00
33 45 6
2 18 4196 -35.9730 -90.4090 6 4023 65.9700 -130.5010
7.7666359304e-01 -1.3648177696e+00 -9.2886210207e+00
196 193 100
3 18 4228 127.9970 -139.4450 6 4427 212.3140 -140.6610 8 4154 189.5880 -128.6780
-5.7127301400e-01 6.1658912172e-01 -8.3680337817e+00
126 83 3
3 18 4345 -70.8310 113.9890 8 3753 12.6010 109.5080 17 3379 22.4910 117.3850
-5.0803715407e-01 6.1457376125e-01 -8.3999616141e+00
49 23 0
3 18 4347 -61.4070 113.5110 6 4596 56.0390 81.9950 8 3754 19.5930 109.1550
-6.7182940595e-01 5.0530180259e-01 -8.3677269050e+00
118 70 4
5 18 4355 -83.3110 92.8810 6 4605 32.5490 57.0190 8 4055 2.3500 89.1690 17 3835 14.4840 96.8080 15 3596 83.0660 102.9280
-6.7343137687e-01 5.0525829254e-01 -8.3612586171e+00
118 70 4
3 18 4356 -83.3110 92.8810 6 4606 32.5490 57.0190 8 4056 2.3500 89.1690
-5.4771345697e-01 4.7678100530e-01 -8.3866001180e+00
74 44 0
5 18 4357 -62.2630 91.5530 6 4607 53.8720 57.0760 8 4059 20.4640 86.9940 17 3837 30.6560 95.8960 15 3599 95.2230 101.1390
-7.7795671169e-01 5.0822051648e-01 -8.4492978458e+00
144 89 0
5 18 4361 -102.6700 87.0920 6 4608 9.9480 54.7310 8 4064 -18.0380 82.6310 17 4110 -6.8070 90.5490 15 3902 61.7290 95.2840
-8.1091669349e-01 4.7573650588e-01 -8.4861024399e+00
34 23 0
4 18 4365 -108.0350 79.6280 6 4612 4.1650 48.1390 8 4067 -23.2250 75.0600 17 4114 -13.0140 82.6440
-7.0593586313e-01 2.8307175356e-01 -8.4146566750e+00
31 48 16
4 18 4385 -82.0310 52.9290 6 4623 29.6380 17.4680 8 3787 5.1580 51.1010 17 3854 17.3170 58.4370
-7.0593586313e-01 2.8307175356e-01 -8.4146566750e+00
31 48 16
4 18 4386 -82.0310 52.9290 6 4624 29.6380 17.4680 8 3788 5.1580 51.1010 17 3855 17.3170 58.4370
-3.1017762799e-01 -1.0132727318e-01 -8.3229658275e+00
30 36 0
2 18 4396 0.4230 4.8160 6 4363 110.7280 -37.8240
-3.8509622875e-01 -1.2680261780e-01 -8.2974326826e+00
30 40 5
2 18 4399 -9.7390 -2.0370 8 3812 76.2070 1.9140
-4.5306107786e-01 -2.2001151485e-01 -8.3086749578e+00
29 39 4
4 18 4405 -17.6840 -21.0690 6 4377 91.3570 -63.3780 8 3453 69.7290 -16.3270 17 3484 85.5110 -6.4500
-7.5359949254e-01 -3.0242311995e-01 -8.3247207658e+00
33 46 14
2 18 4410 -64.8190 -45.8550 8 3845 28.4150 -41.6320
-7.2222512212e-01 -3.2841259988e-01 -8.3055270503e+00
18 28 1
2 18 4412 -57.8040 -49.0170 8 3848 35.5000 -44.2360
-8.4310771446e-01 -5.2570199385e-01 -8.4167342010e+00
21 32 0
2 18 4425 -74.6730 -87.3750 6 4691 28.8460 -124.0980
-7.5249235500e-01 -6.5976781064e-01 -8.4158396700e+00
29 47 9
2 18 4429 -54.3730 -105.3360 8 4140 39.0750 -101.2140
-2.2121166414e+00 -4.0071484872e-01 -1.0403357324e+01
239 214 89
5 18 4430 -287.4182 -107.6390 6 4668 -193.5200 -71.1530 8 4145 -220.3584 -115.6250 17 4341 -243.8414 -128.5520 15 4205 -227.8701 -157.4610
-1.3389569403e+00 -1.0810519982e+00 -9.3097443325e+00
233 228 136
3 18 4465 -152.0150 -182.1770 8 4179 -66.4800 -179.9030 17 4350 -62.8000 -183.2880
-6.5267540558e-01 9.5339355933e-01 -8.4546394925e+00
228 149 4
4 18 4506 -98.5560 162.2930 6 4774 18.5960 139.0010 8 3729 -18.0660 154.3302 17 4092 -12.3090 164.1447
-6.8421067677e-01 8.3572676267e-01 -8.4110153176e+00
217 140 0
2 18 4510 -98.5100 145.1317 8 4243 -16.0840 137.5240
-6.1241279614e-01 -4.7866838376e-01 -8.3600293390e+00
34 48 12
4 18 4570 -36.2190 -69.4630 6 4833 68.3690 -110.1380 8 4285 55.0790 -65.3190 17 4178 73.0550 -57.2900
-5.7125018950e-01 -5.6638953697e-01 -8.3718760660e+00
30 38 1
2 18 4572 -26.4400 -83.0930 8 4287 63.9960 -76.8070
-8.1046875293e-01 -6.3735156041e-01 -8.3948108036e+00
1 15 0
2 18 4577 -63.2050 -104.8280 6 4840 37.1230 -142.3930
7.2416843634e-01 -1.4577730114e+00 -9.0444803391e+00
210 207 114
2 18 4587 141.4250 -158.0790 8 4303 205.2380 -142.8210
-6.2176558417e-01 2.6437150237e-01 -8.3976695497e+00
1 5 1
2 18 4645 -66.1110 53.5350 6 4908 45.1590 16.2010
-7.3288208594e-01 2.7439905383e-01 -8.4579355513e+00
30 50 15
4 18 4646 -87.5210 50.0800 6 4906 24.4720 15.5240 8 4361 -1.8200 47.2740 17 4385 10.4950 54.1600
-7.3353976920e-01 2.7467009047e-01 -8.4546031096e+00
30 50 15
3 18 4647 -87.5210 50.0800 6 4907 24.4720 15.5240 8 4362 -1.8200 47.2740
3.1127525123e+00 -6.9974618223e-01 -1.1148236188e+01
186 156 56
2 18 4654 209.7840 -15.5830 8 4370 235.9930 -6.6980
-5.0438501130e-01 -4.5895982026e-01 -8.3779283023e+00
24 34 0
2 18 4659 -20.0510 -61.8970 8 4376 68.4000 -57.3720
7.6357502344e-01 -7.9160981032e-01 -9.6159566384e+00
17 20 3
4 18 4661 91.4830 -68.9500 6 4917 182.1630 -61.0290 8 4283 146.3470 -61.7550 17 4322 126.3540 -49.1690
8.5522168288e-01 -1.1749167127e+00 -9.6079213354e+00
195 191 100
2 18 4667 112.5420 -111.6350 6 4923 198.2960 -104.0000
-1.3711832452e+00 5.6859885443e-01 -1.2815539531e+01
237 215 93
2 18 4705 -204.2980 -1.6900 8 4424 -169.7510 -11.1690
-5.7056617672e-01 4.8624518289e-01 -8.4006474054e+00
103 64 0
2 6 750 48.9330 57.1130 8 540 15.8290 87.6380
-2.2934605309e+00 -1.6391647515e-01 -1.0871863397e+01
247 213 89
2 6 1086 -204.8960 -35.0760 8 1167 -236.7946 -91.2240
-2.4179134036e+00 -2.6055908396e-01 -1.0636287212e+01
254 226 104
3 6 1159 -219.7093 -53.9030 8 1230 -249.7896 -106.5440 17 2391 -279.7302 -119.4170
-2.2547679216e+00 -4.0674616305e-01 -1.0319822435e+01
244 209 83
2 6 1249 -199.6880 -75.2540 8 1275 -225.5728 -119.6080
-9.5996360617e-01 -1.0242942307e+00 -9.4180922261e+00
100 98 38
2 6 1550 -11.6480 -147.7730 8 1385 -25.0850 -153.6080
-3.2668539720e-02 1.0195217656e+00 -8.2419298697e+00
96 78 21
2 6 2084 137.6280 171.6877 8 179 79.6030 191.6790
-6.6720760737e-01 1.8788436764e+00 -1.5376823545e+01
232 214 112
3 6 2089 -102.1960 165.9605 8 617 -159.1350 58.9810 17 2846 -226.3984 61.4670
-5.0122616622e-01 1.0034862331e+00 -8.4422151426e+00
207 124 0
2 6 2117 44.9730 152.3212 8 1810 1.3160 166.5422
-6.3315874830e-01 1.5293128051e+00 -1.4614491629e+01
214 177 62
3 6 2124 -92.0170 148.1469 8 661 -146.5510 47.9320 17 2037 -208.9660 50.6390
-4.0178891772e-01 9.3773787711e-01 -8.2430742657e+00
123 77 5
2 6 2126 75.4140 146.0555 8 246 30.1260 170.7767
-1.1849396738e+00 1.1816170457e+00 -1.3774757378e+01
237 200 70
2 6 2180 -122.7270 120.6990 8 732 -172.9090 27.5020
-5.2938289681e-01 9.7822481227e-01 -1.3641787212e+01
114 90 24
4 6 2197 -70.4040 113.6410 8 2090 -121.2260 25.6420 17 2097 -176.5280 28.1410 15 2708 -249.7836 28.3870
-1.2536034743e+00 6.4842497407e-01 -1.2745183477e+01
215 178 43
3 6 2285 -116.5700 78.7220 8 838 -161.6620 -1.5680 17 780 -211.6560 -1.8400
-1.4845180670e+00 6.7533401017e-01 -1.2693001272e+01
230 189 55
2 6 2287 -136.5790 77.5030 8 2160 -180.7410 -3.4060
-1.4377402135e+00 6.5788606842e-01 -1.2849741056e+01
214 175 40
3 6 2288 -132.5720 77.0650 8 2167 -177.4600 -4.6200 17 2924 -229.2162 -7.4190
-6.0216313101e-01 4.0437398688e-01 -1.2339799654e+01
205 163 27
2 6 2307 -54.8810 66.7260 8 2161 -98.4260 -4.0960
-1.7913070591e+00 5.9993167031e-01 -1.2433046309e+01
225 190 56
2 6 2314 -162.5500 65.8550 8 2189 -204.3640 -13.4460
-3.9967962342e-01 1.1147979508e-01 -8.1312719826e+00
35 39 6
2 6 2500 104.0870 -9.3360 8 2050 75.8780 43.6440
-2.3869906439e+00 -2.0370653181e-01 -1.0693730127e+01
199 168 41
2 6 2555 -216.9260 -45.4650 8 2350 -247.1688 -99.0670
-2.3869906439e+00 -2.0370653181e-01 -1.0693730127e+01
199 168 41
2 6 2556 -216.9260 -45.4650 8 2351 -247.1688 -99.0670
-1.2344406242e+00 2.0229518734e+00 -1.5472265866e+01
235 226 130
2 6 3121 -140.2710 169.2259 8 2016 -196.4940 58.9030
-6.9451560293e-01 7.5255618444e-01 -8.3967072763e+00
177 100 4
2 6 3193 19.8110 101.5840 8 1858 -13.0570 125.4650
-2.1307684017e+00 1.0532659824e+00 -1.3348471377e+01
215 187 68
2 6 3195 -195.5350 99.8200 8 2935 -242.9065 6.8430
-5.2617630061e-01 5.3668281922e-01 -8.4104513581e+00
63 33 0
2 6 3244 54.1810 67.6730 8 1927 20.0370 96.2430
-4.6958476656e-01 3.2741482066e-01 -1.2296973481e+01
198 160 28
2 6 3252 -41.2310 61.7390 8 2954 -86.1480 -7.0390
9.8539446296e-01 -2.6919469722e-01 -9.3458377207e+00
4 9 0
3 6 3326 218.4550 1.4730 8 2933 168.2480 7.9610 17 2886 146.5440 18.5570
-2.3315848091e-01 -1.4616574948e+00 -8.7667489608e+00
153 153 90
2 6 3662 122.1790 -216.5750 8 3633 118.6670 -191.5270
-1.2396792341e+00 1.2152024969e+00 -1.3726623249e+01
199 164 36
3 6 3796 -127.3240 122.9910 8 3420 -177.5130 28.8120 17 3873 -236.5134 30.9770
-8.6641005553e-01 8.6882758392e-01 -1.3330537018e+01
213 175 50
2 6 3812 -92.0600 101.7510 8 2920 -140.2890 15.7650
-9.9531362674e-01 5.8551304004e-01 -1.2687637412e+01
185 148 18
2 6 3827 -93.7450 77.0130 8 2942 -138.6280 -0.8930
-2.1986967499e+00 7.8706252293e-01 -1.2717132401e+01
230 193 60
3 6 3829 -201.0650 76.7040 8 3446 -244.5199 -8.8520 17 3496 -302.2836 -13.5740
3.4195461523e+00 -3.9929115099e-01 -1.1959477862e+01
191 155 43
2 6 3847 278.6340 57.0420 8 2121 207.6940 13.2600
3.4826248760e+00 -4.7282138521e-01 -1.1816831549e+01
194 153 39
2 6 3852 291.7100 51.2500 8 2130 219.0310 10.6660
3.6107478364e-01 2.2349311336e+00 -1.3035476617e+01
7 1 5
4 6 4198 -11.8690 228.6242 8 3347 -75.1510 135.7250 17 3363 -130.3880 143.5484 15 3156 -206.2430 158.9710
-6.1042393582e-01 9.6189126006e-01 -8.4284889386e+00
189 103 0
4 6 4250 27.5340 141.9445 8 3326 -11.4020 158.2327 17 3341 -5.0640 168.2971 15 3548 55.3360 177.2340
-2.5713000056e+00 1.3388890874e-01 -1.1347181938e+01
241 206 76
2 6 4339 -237.3999 -1.3150 8 3868 -273.7475 -68.7340
-2.5134939022e+00 7.6616868928e-02 -1.1281026079e+01
236 201 73
2 6 4343 -230.2735 -7.1410 8 3504 -266.6965 -72.6600
-2.6832182042e+00 1.1123320686e-03 -1.1068444533e+01
255 227 97
2 6 4353 -250.8815 -22.1310 8 3526 -285.5990 -85.6350
4.1775841284e-01 -1.3293883316e+00 -9.3472195970e+00
174 167 87
2 6 4430 165.8680 -144.8200 8 4158 147.9180 -136.6650
-4.9363757539e-01 9.4914736339e-01 -8.2529738437e+00
99 30 0
3 6 4548 58.0000 145.4334 8 4015 15.6690 169.4888 17 4086 25.7190 180.3327
-1.6860056123e+00 1.2642083598e+00 -1.3980574871e+01
245 213 78
2 6 4566 -161.7590 120.2670 8 3802 -211.7920 22.7020
-7.3358362994e-01 4.7884940308e-01 -8.3935345652e+00
130 81 4
2 6 4611 21.2320 50.5920 8 4066 -7.2700 81.6700
-1.6401610366e+00 1.8277912303e-01 -1.1689026862e+01
228 199 61
2 6 4620 -140.5810 25.3900 8 3844 -178.1980 -40.6180
-2.3971742644e+00 2.2446536757e-01 -1.1429184934e+01
236 203 72
2 6 4625 -220.4195 12.6870 8 3858 -255.8266 -55.1480
-1.1078887875e+00 7.4646811857e-01 -1.2919474596e+01
209 172 40
2 6 4787 -106.9780 88.9950 8 3811 -152.9520 6.9740
-1.4399121037e+00 -1.0921500046e+00 -9.2850094572e+00
238 232 138
2 6 4846 -72.5190 -179.2530 8 4313 -80.2160 -187.4480
-1.4332934675e+00 -9.3853911907e-01 -9.5899183069e+00
229 223 127
4 6 4931 -80.5850 -143.7350 8 4307 -93.1380 -161.4020 17 4406 -94.1970 -163.7640 15 4137 -45.5510 -172.5090
-7.1800433693e-01 -2.8722959621e-01 -8.5677848312e+00
1 8 0
2 6 4979 36.5320 -73.9530 8 4374 18.0590 -40.8550
-2.4577857656e+00 -3.9975702967e-01 -1.0370944032e+01
251 220 98
3 6 4982 -224.3769 -78.3040 8 4431 -251.8029 -125.6740 17 4465 -277.2053 -140.4630
-5.9781909040e-02 -1.7257442578e+00 -9.0908369460e+00
190 181 102
2 6 5020 130.6660 -222.9640 8 4498 126.2960 -211.7090
-1.5861815899e+00 6.9311081527e-01 -1.2675930269e+01
214 170 37
2 6 5027 -145.4270 77.4410 8 4458 -189.8040 -3.7760
-2.5162914048e+00 -6.8442234520e-02 -1.1064880721e+01
254 226 101
2 6 5034 -229.9576 -26.0640 8 4481 -264.6503 -87.7900
-1.2316357564e+00 9.2917630366e+00 -3.7963400065e+01
57 69 27
2 1 71 13.2650 215.1711 18 445 -234.7857 114.3810
-3.5599345940e+00 1.0954990302e+01 -4.0190526232e+01
76 86 56
2 1 1762 -27.9050 234.4390 18 405 -284.8511 126.4920
-5.6948979525e-01 1.0693785724e+01 -4.1046319010e+01
0 6 0
2 1 1772 27.0420 225.9912 8 1880 -240.7651 112.9880
-3.2457475055e+00 1.0361492451e+01 -4.0374221026e+01
3 15 0
4 1 1776 -22.0760 223.0218 13 1864 -158.4640 128.1840 18 1969 -275.6294 115.4930 8 1909 -292.2376 101.5600
-3.1117471866e+00 1.0089591334e+01 -4.0563813819e+01
96 106 53
3 1 1786 -19.2990 216.8623 18 1984 -271.7046 109.9250 8 1926 -287.9620 96.0730
-7.0681795591e+00 4.9873203333e+00 -3.0490333915e+01
87 95 26
2 1 1905 -138.5200 155.8515 13 2018 -265.5539 54.4800
5.1967734444e+00 2.6572422841e+00 -1.8718499691e+01
223 214 109
2 1 1925 280.5090 147.2461 13 408 145.3240 114.0250
-6.7758946077e+00 4.4413483299e+00 -2.9819147988e+01
88 104 37
2 1 1934 -135.5750 144.8799 13 2044 -260.8384 44.6260
-6.4299950418e+00 3.7900786171e+00 -2.9081322281e+01
110 128 66
2 1 1975 -131.8400 129.7040 6 3770 -307.9034 153.4077
1.5473768914e+00 1.2003787187e+01 -4.5241310219e+01
106 122 75
3 1 2881 62.2690 228.1342 18 1938 -191.4170 129.9620 8 420 -208.9210 119.3990
-3.0579095744e+00 1.0396101727e+01 -4.0459752887e+01
131 141 104
4 1 2887 -18.4980 223.1331 13 1859 -154.9470 128.8510 18 2998 -271.9538 116.1710 8 2795 -288.4704 102.4570
-4.1508337213e+00 1.0082492365e+01 -4.0593663806e+01
84 100 51
3 1 2902 -37.8860 216.5069 13 2734 -173.6890 120.5700 8 2804 -308.5357 91.9570
-5.1377016269e+00 5.9790632992e+00 -3.2193201470e+01
44 53 0
2 1 2933 -83.2500 172.3816 13 2820 -210.7910 77.1340
-3.5752713143e+00 9.9290875050e+00 -4.0350660719e+01
91 106 50
4 1 4063 -28.0350 214.6613 13 3776 -163.2220 120.0920 18 4061 -280.7924 106.9760 8 3767 -297.0468 92.8250
5.5127860176e+00 1.9009748272e+01 -4.7795391372e+01
189 214 132
3 4 9 57.0100 236.4742 18 56 -154.3200 224.7965 8 97 -176.1350 215.4229
9.3099036010e+00 1.8880679495e+01 -4.8222362432e+01
217 233 143
3 4 11 110.1820 235.3703 13 12 14.2780 234.4685 8 86 -122.7660 217.8684
5.4393707310e+00 2.6420674221e+00 -1.8853556467e+01
215 203 93
2 4 502 231.2750 104.8710 13 412 152.9490 113.4270
4.2715112149e+00 1.5343367632e+00 -1.6127071473e+01
18 23 4
2 4 598 228.5060 76.3330 13 501 157.7050 86.3710
2.2947502759e+01 5.7792768968e+00 -4.9117753941e+01
99 112 81
2 4 656 315.5690 65.7010 18 582 103.7720 72.5770
2.3855881501e+01 5.9774231638e+00 -5.1220639626e+01
17 32 7
2 4 661 313.2990 64.1260 18 585 101.3300 71.1910
3.6999409799e+00 9.2131711469e-01 -1.4731213648e+01
28 35 11
2 4 701 228.3990 52.8010 13 616 163.0820 64.3870
5.1015517909e+00 7.5569604893e-01 -1.4960909332e+01
110 119 88
2 4 727 309.2360 46.4810 13 621 234.7560 63.5430
4.6037483454e+00 6.3416643699e-01 -1.4383390356e+01
9 20 0
2 4 746 296.4720 41.9940 13 628 225.5140 58.5200
4.5326255754e+00 5.2498690948e-01 -1.4158779792e+01
4 7 2
2 4 766 299.5400 36.4730 13 647 229.3100 53.7870
3.9508268615e+00 2.1231185942e-01 -1.3496503555e+01
175 160 47
2 4 839 283.1550 17.0600 13 704 218.5890 35.7890
3.8119711205e+00 1.2831237639e-01 -1.3174300905e+01
147 131 33
2 4 861 284.2970 12.9770 13 724 221.1810 31.3080
3.5138905286e+00 7.0626422163e-01 -1.4210653074e+01
57 57 5
2 4 2147 230.0380 43.2980 13 2015 166.9310 55.5200
3.3182470171e+00 6.8358807250e-01 -1.4104544947e+01
193 187 97
2 4 2150 219.7700 41.8360 13 650 158.1610 53.5970
7.2364308500e+00 1.8453590384e+01 -4.7048748483e+01
184 202 126
5 4 2814 84.1720 234.7352 13 2628 -11.2270 233.0819 18 3531 -127.5680 224.3543 8 2663 -148.5200 215.4855 17 2685 -252.7725 226.8786
3.9785957864e+00 3.5168558159e-01 -1.3687309162e+01
112 99 3
2 4 3088 278.1010 26.0320 13 2872 212.8170 42.7920
4.2974391101e+00 2.7005732612e-01 -1.3657211608e+01
124 109 17
2 4 3098 301.7550 22.1370 13 2873 233.9990 40.7790
7.3121666869e+00 1.8107216565e+01 -4.7079127876e+01
82 98 23
5 4 3934 85.4350 229.9310 13 3713 -9.7300 228.2356 18 3984 -124.6100 219.1282 8 3695 -146.0150 210.6688 17 3753 -250.4538 221.8047
3.7625437418e+00 8.3684734300e-01 -1.4543262503e+01
7 10 1
2 4 4047 237.2430 49.7630 13 3404 171.8450 61.8140
5.5103980716e+00 2.4280119027e+00 -1.8430349812e+01
171 160 55
2 4 4316 242.4900 100.0300 13 3781 164.1400 109.5690
8.6058885477e-01 2.0179048956e+01 -4.8621388410e+01
173 207 126
3 13 2 -106.1200 237.4357 18 1739 -226.9350 229.1746 8 2662 -250.1209 217.5344
2.3778722817e+01 1.5246647760e+01 -4.3194757899e+01
162 152 98
3 13 8 244.8900 236.5586 18 55 120.3420 225.3862 8 62 97.8970 224.5137
9.5846323665e+00 1.9144278331e+01 -4.9312335523e+01
151 169 82
2 13 18 15.0100 231.3279 8 98 -122.1680 214.9654
2.0059548477e+00 1.5807899718e+01 -4.2897292883e+01
163 173 79
2 13 71 -80.1410 213.3192 8 167 -216.2630 193.6844
-4.6457841369e-01 1.5601484907e+01 -4.4450809539e+01
162 159 116
3 13 150 -118.4950 196.1246 18 197 -237.1652 186.3616 8 235 -257.3318 173.9815
-2.1025340575e+00 1.6287784244e+01 -4.5855740260e+01
2 9 0
3 13 154 -143.9870 195.0563 18 1829 -265.5038 185.2383 8 1794 -286.3303 171.8835
-3.1225020400e+00 1.3673219809e+01 -4.0368677944e+01
117 126 103
3 13 188 -164.7180 185.6278 18 236 -285.3367 175.5724 8 289 -304.6938 161.8040
-3.1225020400e+00 1.3673219809e+01 -4.0368677944e+01
117 126 103
3 13 189 -164.7180 185.6278 18 237 -285.3367 175.5724 8 290 -304.6938 161.8040
-1.8126567521e+00 1.5760681741e+01 -4.6398758908e+01
150 159 127
2 13 195 -137.6950 184.8393 8 296 -278.7053 161.4083
-3.8415228996e+00 1.2384980273e+01 -4.0284888354e+01
70 91 33
2 13 251 -174.5210 162.9075 8 1843 -313.4797 136.6410
-3.7516873488e+00 1.1352781885e+01 -3.9605644350e+01
78 96 52
2 13 294 -171.9210 148.6433 8 408 -308.7292 122.5470
-3.4665788750e+00 1.1191669414e+01 -4.0672489752e+01
4 13 0
2 13 317 -163.8370 140.6678 8 441 -299.7551 114.3430
3.0411875318e+00 1.9484871905e+01 -4.7886261232e+01
189 219 139
3 13 1656 -73.8940 235.9187 18 2861 -191.9850 227.3973 8 1712 -214.7540 216.5632
1.2740030240e+00 1.4538337893e+01 -3.9662772307e+01
56 67 0
3 13 1680 -89.2590 213.9698 18 1783 -204.8450 205.0232 8 163 -223.7136 194.2797
1.2740030240e+00 1.4538337893e+01 -3.9662772307e+01
56 67 0
3 13 1681 -89.2590 213.9698 18 1784 -204.8450 205.0232 8 164 -223.7136 194.2797
2.1164860346e+00 1.5768361376e+01 -4.3198501309e+01
123 129 25
3 13 1687 -78.1630 210.7087 18 1790 -194.4960 201.8223 8 1750 -214.1200 191.2890
-3.2562901090e+00 1.5117254451e+01 -4.0777648155e+01
84 85 9
2 13 1694 -169.6490 206.8732 8 1764 -312.4358 184.2800
-1.9924417765e+00 1.6162849880e+01 -4.4979912607e+01
64 70 21
3 13 1722 -143.2420 198.6600 18 1818 -264.5698 188.9523 8 1784 -285.2702 175.7059
-2.6944755464e+00 1.5479592241e+01 -4.4225746211e+01
18 32 0
3 13 1742 -154.1700 191.7793 18 1835 -275.6818 181.5808 8 1806 -296.2729 167.7296
-1.9368749401e+00 1.5867204767e+01 -4.6272213701e+01
8 21 0
3 13 1750 -140.0310 186.9549 18 1855 -260.6631 176.5962 8 1815 -281.4042 163.2297
-3.1608778280e+00 1.3478880292e+01 -4.0407588739e+01
7 19 1
3 13 1761 -164.7950 182.0412 18 1870 -285.3813 171.7560 8 1827 -304.4752 157.8744
-1.9914196374e+00 1.5455710580e+01 -4.6202780223e+01
1 8 0
3 13 1762 -140.0550 181.1875 18 2936 -260.3702 170.6684 8 2723 -280.8601 157.2392
-1.9914196374e+00 1.5455710580e+01 -4.6202780223e+01
1 8 0
3 13 1763 -140.0550 181.1875 18 2937 -260.3702 170.6684 8 2724 -280.8601 157.2392
-2.3105637013e+00 1.4850858143e+01 -4.6607903456e+01
156 166 109
3 13 1784 -143.1170 169.4947 18 1891 -263.0802 158.1954 8 2741 -283.4458 145.4298
-3.7498410871e+00 1.2320540540e+01 -4.0613660662e+01
13 31 0
2 13 1798 -171.8970 160.0161 8 1846 -310.5424 133.7760
-2.6977995665e+00 1.4554416848e+01 -4.3609172600e+01
159 182 130
2 13 2676 -153.0840 180.8667 8 2725 -293.6995 156.9562
-2.6977995665e+00 1.4554416848e+01 -4.3609172600e+01
159 182 130
2 13 2677 -153.0840 180.8667 8 2726 -293.6995 156.9562
-3.2014667882e+00 1.3121340147e+01 -4.0233923487e+01
157 170 126
2 13 2682 -164.9230 176.9838 8 2734 -304.0084 152.5566
1.2180361957e+01 5.3586294280e+00 -2.5207108358e+01
4 14 0
2 13 2692 252.9090 164.6993 18 293 142.1810 159.4167
-3.5855313955e+00 1.1114703654e+01 -4.0890040767e+01
74 86 54
2 13 2718 -165.2840 137.8520 8 2780 -301.3141 111.4420
1.6592039906e+01 6.9205620183e+00 -2.8800283664e+01
236 254 244
3 13 3296 297.8570 183.6006 18 2927 176.8190 176.4089 8 2695 160.3240 178.7096
-3.8902598914e+00 9.5254600611e+00 -3.9903291712e+01
87 107 54
3 13 3358 -169.1880 114.7720 18 3647 -286.4682 100.9640 8 3374 -302.5543 85.8680
7.8674036845e+00 1.4783749071e+00 -1.7101271319e+01
68 98 73
2 13 3370 298.0810 94.8540 18 3028 199.7790 97.1360
-1.8862666494e+00 1.6095988947e+01 -4.5622850880e+01
5 14 0
3 13 3739 -140.7210 193.9017 18 4014 -261.2314 183.9636 8 3717 -282.4649 171.1252
-2.4167704004e+00 1.5667595570e+01 -4.4621645335e+01
159 171 115
3 13 3742 -149.4800 192.8710 18 4016 -270.7371 182.6005 8 3720 -291.3858 168.8677
-2.7495826550e+00 1.8186188645e+01 -4.5834625311e+01
16 28 3
3 13 4027 -158.0460 221.5950 18 4299 -282.5774 213.3629 8 4215 -304.3380 199.7589
-1.3113852742e+00 1.6922590750e+01 -4.3718529768e+01
12 16 0
3 13 4028 -135.9410 219.5392 18 3988 -256.8169 210.6653 8 3700 -278.2164 197.7258
-2.4687283491e+00 1.5201937938e+01 -4.0364070676e+01
255 255 189
3 13 4029 -156.8090 213.0557 18 4305 -278.1239 204.2443 8 4005 -298.2732 190.6417
-3.5388130549e+00 1.1047685545e+01 -3.9328161600e+01
1 14 5
3 13 4058 -167.9000 144.9426 18 4514 -286.6374 133.4640 8 4249 -303.6718 119.2530
-3.8181320230e+00 1.0541561148e+01 -4.0387496864e+01
1 7 1
3 13 4064 -169.2720 130.3850 18 4344 -287.7526 116.9290 8 4052 -304.5950 102.7640
-2.7527117007e+00 1.5501494160e+01 -4.2654560478e+01
17 20 0
3 13 4239 -158.1880 201.4817 18 4497 -279.4639 192.5723 8 4222 -300.6016 178.3148
-2.9610174712e+00 1.4355612072e+01 -4.2488648904e+01
2 12 4
3 13 4349 -159.0670 184.8720 18 4503 -280.3384 173.5607 8 4232 -299.7393 159.0794
-6.1109076106e-01 1.9546891796e+00 -1.3147626850e+01
97 103 58
2 18 456 -166.5200 109.9270 17 1916 -198.3620 107.1910
-1.7411519844e+00 -1.9475706652e-01 -1.0928688407e+01
255 250 150
2 18 1157 -229.6547 -70.4510 17 2321 -203.2720 -82.0100
1.8673889887e+01 1.4652719853e+00 -3.0198348198e+01
72 103 68
2 18 2113 224.1600 60.1480 17 469 116.5400 77.9500
5.3434433810e+00 -3.5700580872e-01 -1.2518066986e+01
123 97 10
3 18 2186 271.0710 29.3580 8 2066 282.7320 39.0940 17 2030 212.9690 52.9470
4.4019130917e+00 -3.6007902262e-01 -1.2220402550e+01
141 110 27
2 18 2202 233.0870 20.0250 17 600 185.9650 42.1220
5.1596130912e+00 -5.6063575848e-01 -1.2104135388e+01
132 103 9
2 18 2210 284.6060 17.4590 17 596 229.0420 43.0580
-1.6135387276e+00 7.6597149349e-01 -1.2848115677e+01
207 176 59
2 18 2226 -228.2819 9.3320 17 2169 -247.7981 -1.5650
4.3202087741e+00 -9.4915285739e-01 -1.1115835679e+01
196 163 56
2 18 2297 296.3960 -15.2700 17 712 253.2180 14.7400
2.6197491015e+01 8.1048300869e+00 -3.1962851723e+01
152 204 166
3 18 2892 286.0890 194.5830 8 2675 262.5600 199.4173 17 2699 159.8090 205.8495
5.0331912645e+00 -2.7675528291e-01 -1.2543854020e+01
130 106 19
2 18 3138 252.1600 30.5940 8 2064 264.7300 39.6290
5.0331912645e+00 -2.7675528291e-01 -1.2543854020e+01
130 106 19
2 18 3139 252.1600 30.5940 8 2065 264.7300 39.6290
5.2901095047e+00 -4.0420033287e-01 -1.2553558671e+01
190 165 66
2 18 3153 267.4350 25.3360 8 2890 279.2280 35.1700
5.2901095047e+00 -4.0420033287e-01 -1.2553558671e+01
190 165 66
2 18 3154 267.4350 25.3360 8 2891 279.2280 35.1700
4.9054164783e+00 -4.7346663932e-01 -1.2093315199e+01
116 85 3
2 18 3164 269.6220 20.3850 8 2898 283.8210 30.4230
4.8184972944e+00 -3.2205913854e-01 -1.2383646887e+01
204 181 86
3 18 3714 248.5440 26.5050 8 2889 262.1600 35.5810 17 2861 196.3000 48.8260
3.8302960435e+00 -1.0139708674e+00 -1.0693972096e+01
195 158 51
2 18 3751 291.6790 -25.6120 17 3472 256.8920 3.8360
2.5302679095e+01 7.2644293091e+00 -2.9799789998e+01
159 216 175
3 18 4001 306.5000 193.1849 8 3699 283.2350 199.6429 17 3766 179.4350 205.7591
4.6640521586e+00 -4.0950915177e-01 -1.2204096146e+01
120 92 10
3 18 4121 249.5630 20.3760 8 3797 264.7560 29.6530 17 3866 199.5210 43.3890
-6.7990864096e-01 -4.1593005439e-01 -8.3742756046e+00
18 28 1
2 18 4166 -50.0550 -62.9780 17 3920 59.4830 -49.9550
-1.9105998210e+00 -1.0306325311e-01 -1.1111525673e+01
235 210 91
2 18 4168 -249.7306 -64.5660 17 4186 -229.0721 -79.4670
-1.6891138874e+00 1.7628347709e+00 -1.6172820955e+01
156 152 63
2 6 340 -166.0330 145.0575 17 653 -295.2005 28.9140
-2.3780182725e+00 -2.7437148821e-01 -1.0655698041e+01
254 220 100
2 6 1161 -214.1250 -54.4990 17 1230 -274.6792 -118.4960
-1.6941722434e-01 -1.1947270793e+00 -8.8966677944e+00
142 138 67
2 6 1665 118.2290 -170.3550 17 1294 109.4380 -137.2140
-1.7184037283e+00 1.4148641497e+00 -1.3400833081e+01
239 217 97
2 6 2155 -167.5600 133.8600 17 2058 -278.7112 41.1470
-4.7034373698e-01 8.7597281291e-01 -8.2493151445e+00
84 49 0
2 6 3160 64.3020 132.2010 17 2734 33.0810 168.9655
-2.3894202626e+00 7.4315191718e-02 -1.1302800759e+01
228 198 68
2 6 3341 -217.0200 -4.3510 17 3029 -293.7604 -78.9300
-1.8433054367e+00 3.6706025028e-01 -1.2034075135e+01
253 223 89
2 6 3860 -163.7840 42.1840 17 3510 -249.2832 -35.3650
-2.4164259317e+00 -7.2004922873e-01 -9.6250316750e+00
242 211 87
2 6 4052 -220.5508 -145.7650 17 3685 -246.4556 -192.4360
-6.2409996950e-01 1.0583977604e+00 -1.3666804430e+01
208 176 63
2 6 4260 -78.7100 118.5240 17 3872 -185.6270 31.5330
-1.9052828384e+00 8.4744357330e-01 -1.2926278758e+01
255 226 90
2 6 4275 -175.3410 86.3200 17 3885 -277.0228 -3.0410
-1.3072596401e+00 6.0645324634e-01 -1.2653209201e+01
248 212 76
2 6 4287 -120.4450 74.4230 17 3482 -213.7800 -5.7730
-2.2298377701e+00 6.6303314632e-01 -1.2450460674e+01
244 207 74
2 6 4292 -203.3780 64.7950 17 4154 -300.5087 -22.7830
-2.0543832979e+00 1.5959331324e-01 -1.1553141948e+01
255 224 91
2 6 4328 -182.3060 14.5610 17 3539 -259.5253 -59.2570
4.0867769867e-01 2.1418419309e+00 -1.2926599687e+01
87 82 45
3 6 4516 -4.4260 221.8968 17 4095 -122.8100 141.3347 15 3565 -196.2590 154.7904
-9.5705597445e-02 1.3045268944e+00 -1.3218735691e+01
154 147 76
3 6 4550 -37.1110 145.0061 17 3847 -145.3010 66.6800 15 3918 -214.9550 71.4810
-1.6825255335e+00 1.2573381700e+00 -1.3899291495e+01
245 213 78
2 6 4567 -161.7590 120.2670 17 4139 -274.3790 22.4610
5.7082863815e-01 -1.4285549518e+00 -9.1039601663e+00
201 194 106
2 6 4710 201.9260 -163.5290 17 3979 173.1180 -128.9170
1.3136295652e+00 -1.1294740014e+00 -9.8099011031e+00
230 222 131
2 6 4825 233.0570 -80.6440 17 4181 166.0830 -65.9400
-2.1230173767e+00 -4.9829728995e-01 -1.0264303827e+01
244 218 92
2 6 4920 -181.4290 -84.2110 17 4402 -225.4940 -136.5860
-1.3725866380e+00 5.2928728843e-01 -1.2588181816e+01
243 209 73
2 6 5002 -124.7520 66.9180 17 4456 -216.3090 -13.3550
-1.9217967673e+00 3.7816468171e-01 -6.0285872051e+00
206 165 49
2 6 5021 -299.1349 -225.4440 17 1 89.2190 238.5312
8.8663261259e-01 -1.4522785949e-01 -9.4898062471e+00
241 232 144
2 6 5043 195.2940 17.3050 17 4485 123.6310 26.7170
-1.3920265482e-01 9.9711048481e-01 -8.1789431040e+00
128 106 29
2 8 184 69.8300 189.8077 17 130 77.1560 200.5896
-3.1205925621e-01 9.8231689942e-01 -8.2322708297e+00
126 80 7
2 8 213 42.1370 180.5353 17 155 50.5600 190.6864
-3.8325451722e-01 9.5051380153e-01 -8.2261401869e+00
133 79 10
2 8 231 33.5440 174.3215 17 1785 43.1880 184.3953
3.8185001106e-01 2.4053317950e+00 -1.3101389055e+01
119 120 64
2 8 336 -77.9370 146.5528 17 255 -134.4650 154.9919
8.9060867632e-02 3.6870519932e+00 -1.9034007159e+01
133 123 44
2 8 464 -160.9570 108.4140 17 1901 -241.9703 113.5560
-4.1797818852e-01 1.7022797337e+00 -1.2930828116e+01
32 31 10
2 8 527 -119.4410 90.0310 17 419 -173.5980 95.3770
-1.1091690514e+00 1.6469060604e+00 -1.4702988641e+01
254 222 93
2 8 659 -179.9560 47.8750 17 2039 -245.7520 49.4220
3.6615267833e+00 -4.9050975753e-01 -1.1678772024e+01
197 159 58
2 8 785 236.9560 14.5780 17 2099 179.6880 26.8150
-5.8669913815e-01 -6.2557098219e-02 -8.5700561579e+00
25 31 4
2 8 839 27.6500 -1.5220 17 750 37.4970 4.8370
3.5775697649e+00 -9.0851278472e-01 -1.0801197763e+01
189 159 47
2 8 876 290.6740 -10.0180 17 748 234.4860 5.3420
-1.5770807865e+00 3.5072456770e-02 -1.1361892493e+01
191 167 45
2 8 1033 -165.9000 -51.8580 17 990 -201.6670 -53.5860
-2.2453441308e+00 -4.6324167188e-01 -1.0258065136e+01
252 218 92
2 8 1300 -222.4353 -126.0430 17 2435 -243.3695 -138.9150
-2.3084445482e+00 -5.4780662370e-01 -1.0093941525e+01
249 215 92
2 8 1346 -228.1154 -140.4780 17 1364 -245.9278 -154.9170
-2.6474706912e-01 9.8126861521e-01 -8.2101914101e+00
95 59 0
2 8 1767 50.4450 182.7215 17 1773 58.8130 193.1484
4.1545501672e-01 2.3262016569e+00 -1.3115803846e+01
129 126 78
3 8 1837 -74.3570 141.5226 17 277 -130.5160 149.1283 15 1606 -208.0720 164.0301
1.1859012714e-01 3.7335219324e+00 -1.8962677184e+01
241 230 142
2 8 1884 -159.8910 111.2280 17 2775 -240.8205 117.2080
7.9659234507e+00 -1.2646589547e-01 -1.7658560919e+01
124 99 16
2 8 2079 205.3050 32.1610 17 2052 127.0370 44.3940
4.4285378509e+00 -3.7805670624e-01 -1.2377731964e+01
187 156 58
2 8 2089 243.4230 25.9630 17 2062 180.1800 39.6320
4.1298917041e+00 -4.1757288663e-01 -1.2103710995e+01
186 152 44
2 8 2096 241.0650 22.0070 17 2077 180.0040 35.3760
2.7542357492e-02 5.5769813990e-01 -1.2916493512e+01
163 129 17
2 8 2117 -63.7700 13.3310 17 2120 -112.1300 17.2610
2.9816773514e+00 -8.2637486150e-01 -1.0844617594e+01
237 217 123
2 8 2194 247.7400 -16.6280 17 777 197.4310 -1.3270
-2.3135630323e+00 -5.2541147480e-01 -1.0130626678e+01
232 198 75
2 8 2422 -229.4759 -137.4600 17 3143 -248.2233 -151.8400
-2.3920863251e+00 -7.2360161563e-01 -9.7054098423e+00
241 216 91
2 8 2510 -234.5758 -173.1720 17 3210 -243.6590 -189.9640
-5.7303701569e-01 1.0283214935e+00 -8.3925089110e+00
238 153 7
3 8 2700 -7.3410 170.9261 17 3774 0.1940 181.7281 15 3870 59.6710 192.0894
-7.4162888170e-01 7.2920056450e-01 -8.4018253415e+00
187 104 3
2 8 2766 -19.6090 120.0030 17 2765 -9.3880 129.4130
-8.5664624382e-01 6.3720751945e-01 -8.6568847119e+00
170 98 0
2 8 2805 -43.9800 90.9700 17 3396 -38.8360 99.3290
9.3084157408e-02 1.3766975527e+00 -1.3125308857e+01
65 62 3
3 8 2836 -78.7790 70.0210 17 2830 -131.3540 75.5360 15 2653 -199.9440 83.7380
9.3084157408e-02 1.3766975527e+00 -1.3125308857e+01
65 62 3
3 8 2837 -78.7790 70.0210 17 2831 -131.3540 75.5360 15 2654 -199.9440 83.7380
1.7305804882e-01 1.2525425176e+00 -1.3195760603e+01
66 67 5
3 8 2845 -71.5220 61.6600 17 1998 -124.8680 66.4060 15 2668 -192.3080 74.4590
1.7305804882e-01 1.2525425176e+00 -1.3195760603e+01
66 67 5
3 8 2846 -71.5220 61.6600 17 1999 -124.8680 66.4060 15 2669 -192.3080 74.4590
-1.5058188886e+00 2.8038715125e-01 -8.0074345494e+00
29 21 2
2 8 2892 -111.1800 33.3250 17 2064 -78.1070 38.1720
-4.5308052076e-01 7.7124139305e-01 -1.3276357821e+01
144 114 0
2 8 2919 -107.8040 16.5080 17 2884 -159.8650 18.9500
7.3301844300e-01 -6.0055141731e-01 -9.5677417125e+00
4 2 0
2 8 2994 139.7520 -40.0850 17 872 119.9320 -28.9550
-1.6147591430e+00 -1.8670648897e-02 -1.1344213709e+01
194 171 48
2 8 3020 -168.0840 -56.6610 17 2279 -203.5430 -61.4740
-8.3175361644e-01 5.7813305345e-01 -8.5233533161e+00
164 90 0
3 8 3370 -32.2490 88.2970 17 3833 -23.3000 96.5300 15 3598 42.9120 101.2140
-8.7175393500e-01 4.5331840818e-01 -8.4672906550e+00
42 47 7
2 8 3383 -30.3230 70.0660 17 3416 -18.6630 77.6110
-1.4642139036e+00 1.4045013645e+00 -1.4139079839e+01
246 215 91
2 8 3414 -198.3920 33.9190 17 3870 -262.3181 34.3940
-3.1761713566e-01 4.0090410962e-01 -1.2536975501e+01
212 173 37
2 8 3438 -79.6150 -0.6180 17 3473 -124.9850 2.1520
3.3748179202e+00 -8.1798622219e-01 -1.0900958918e+01
207 180 67
2 8 3445 269.6910 -7.4960 17 2905 215.4510 6.4630
-1.8456249441e+00 2.9985003422e-01 -1.1931896185e+01
214 183 56
2 8 3467 -201.5930 -35.7990 17 3914 -246.5375 -41.5440
-6.3603547249e-01 -8.4639981326e-01 -8.4534340077e+00
49 55 17
2 8 3571 61.6390 -123.5690 17 3592 79.4030 -116.8690
-1.0803219932e+00 -1.3819042832e+00 -8.8131931062e+00
163 155 82
2 8 3666 0.2280 -223.5660 17 4051 17.8820 -220.7050
-7.7950867064e-01 6.9254230425e-01 -8.4123332535e+00
174 94 0
2 8 3752 -24.2170 112.4070 17 3809 -13.6920 122.0670
1.7473585996e-02 1.3385923346e+00 -1.3208100147e+01
54 61 15
3 8 3780 -84.5800 65.0510 17 4125 -137.5290 70.1980 15 3914 -207.0490 77.1600
4.2103291551e+00 -8.5294022478e-01 -1.1434295230e+01
211 181 69
2 8 3813 289.3060 -0.8830 17 3459 227.5210 16.2980
-1.7214694183e+00 5.0830469113e-01 -1.2333801188e+01
252 222 92
2 8 3825 -196.1370 -18.3820 17 4151 -245.0963 -21.7200
-2.0909697520e+00 2.4859772122e-01 -1.1565415060e+01
247 214 88
2 8 3847 -224.2558 -44.8730 17 4173 -267.1326 -51.3560
-1.8871446286e+00 -1.5848392767e-01 -1.0933581873e+01
244 215 88
2 8 3883 -190.5150 -78.1820 17 4189 -221.4095 -84.1280
-1.9610737679e+00 -2.5041649882e-01 -1.0812358505e+01
243 214 84
2 8 3886 -195.6390 -89.9130 17 4198 -224.6761 -97.6670
-8.2711812273e-01 5.3407730000e-01 -8.5228188689e+00
168 103 12
3 8 4063 -29.6660 82.0900 17 4111 -20.3630 89.6140 15 3903 46.0530 94.0460
-3.9007445019e-02 1.4505365647e+00 -1.3194610787e+01
147 143 70
3 8 4071 -90.5540 72.4390 17 4297 -143.8500 77.5670 15 4071 -214.6190 84.9100
-3.9007445019e-02 1.4505365647e+00 -1.3194610787e+01
147 143 70
3 8 4072 -90.5540 72.4390 17 4298 -143.8500 77.5670 15 4072 -214.6190 84.9100
-5.9317390572e-01 2.6587605432e-01 -8.4894490436e+00
4 6 0
2 8 4081 17.4310 50.2120 17 4129 27.2660 56.8160
-1.8764206014e+00 -2.3716251914e-01 -1.0789402777e+01
232 202 84
2 8 4136 -186.3830 -86.5770 17 4333 -214.6380 -91.9350
5.9782077935e-01 -1.4276007318e+00 -9.0144984752e+00
200 194 106
2 8 4164 193.4470 -144.9260 17 4217 182.8870 -127.6940
-1.1549940407e+00 -1.0481647901e+00 -9.4213249622e+00
218 209 112
2 8 4174 -48.3880 -165.2450 17 4236 -46.6080 -165.9970
-1.0986547866e+00 -1.3521892641e+00 -8.9108092700e+00
166 159 79
2 8 4199 -8.3410 -216.8520 17 4356 6.7720 -215.1910
-9.0055674321e-01 5.8301288077e-01 -8.9126622011e+00
162 157 76
2 8 4263 -57.7100 71.8650 17 4117 -58.0000 79.8350
-5.1922568068e-01 2.2361084903e-01 -8.4963781381e+00
64 62 10
2 8 4271 29.2830 45.5860 17 4132 38.3970 53.3080
-7.9508023717e-01 2.1365320470e-01 -8.5050786600e+00
18 31 1
2 8 4272 -10.3840 35.1590 17 4305 1.4220 40.0070
-1.7821886057e+00 -1.4077817818e-01 -1.1043917965e+01
225 199 75
2 8 4286 -180.1590 -72.9610 17 4398 -212.0200 -78.7870
-9.5730897716e-01 -5.9235733769e-01 -9.0138186775e+00
61 70 27
2 8 4292 -23.7890 -97.8720 17 4433 -17.4400 -94.8240
-7.5255192845e-01 -6.5666530622e-01 -8.3946487255e+00
35 46 17
2 8 4293 40.1070 -100.7010 17 4334 60.2680 -92.5930
-6.2983961325e-01 1.0328837610e+00 -8.4549272841e+00
195 103 2
2 8 4341 -18.5920 167.0018 17 4366 -12.9530 177.5239
-8.9870070935e-01 -8.9671366385e-01 -8.4542801209e+00
36 47 17
2 8 4391 25.5010 -146.3160 17 4442 47.5730 -139.6520
-3.5274703006e-02 1.2024028378e+00 -1.3315936562e+01
153 146 66
3 8 4417 -87.1160 52.8930 17 4424 -140.4550 57.5930 15 4223 -209.8940 63.6530
-4.8090073472e-01 7.4820622731e-01 -1.3349875353e+01
168 131 13
3 8 4421 -109.7140 14.1240 17 4426 -163.3330 15.9280 15 4258 -228.8847 15.7050
-6.2077519896e-01 3.7961244255e-01 -8.5272606409e+00
9 18 0
2 8 4476 6.6410 64.3730 17 4477 15.0720 72.8980
4.3115418733e-01 -1.5110710792e+00 -8.8367757666e+00
200 194 106
2 8 4484 193.0870 -165.5170 17 4491 187.6420 -147.5600
-7.9908604306e-01 6.8538268105e-01 -8.6713579712e+00
186 107 2
2 8 4488 -38.2480 99.6240 17 4498 -34.1660 107.4460
3.3013556136e+01 2.2940651397e+00 -4.7148122439e+01
68 92 56
2 8 593 215.3440 67.2910 15 377 -34.0310 97.4610
-7.7919331908e-01 4.4038445044e-01 -8.4633559316e+00
27 31 7
2 8 1981 -15.7130 71.5820 15 1765 63.8710 83.5240
-2.4140314311e-01 9.3803522773e-01 -1.3153362308e+01
25 18 1
2 8 2894 -94.1990 33.7420 15 1852 -210.8090 40.2490
-3.3605561158e-01 1.2200995292e+00 -1.3166412259e+01
30 29 0
2 8 3400 -106.7930 51.3130 15 2678 -228.3254 60.8590
-7.6587332656e-01 6.2735651121e-01 -8.4158116198e+00
176 100 6
2 8 4053 -19.5660 102.2240 15 4060 60.2770 117.6440
8.4354260257e+00 9.0958315121e+00 -2.9631005132e+01
53 60 8
2 17 128 -111.0270 200.9957 15 46 -268.4846 227.3587
6.7091204458e+00 7.5122874913e+00 -2.7015338085e+01
54 59 41
2 17 168 -119.1720 183.5669 15 105 -271.4788 207.4024
-8.9430076296e-02 1.6855909454e+00 -1.2986781973e+01
13 17 0
2 17 408 -149.2890 98.1940 15 328 -219.6155 107.1790
-8.9430076296e-02 1.6855909454e+00 -1.2986781973e+01
13 17 0
2 17 409 -149.2890 98.1940 15 329 -219.6155 107.1790
8.4025340541e-01 1.1342361218e+00 -1.3026050266e+01
91 89 12
2 17 488 -72.4540 71.9550 15 1769 -137.6220 83.0750
8.4025340541e-01 1.1342361218e+00 -1.3026050266e+01
91 89 12
2 17 489 -72.4540 71.9550 15 1770 -137.6220 83.0750
4.6803277718e+00 -1.0134821981e+00 -1.0958890608e+01
202 173 56
2 17 702 280.9540 18.0670 15 488 195.5170 50.0440
-1.3570060410e-01 4.1874367287e-01 -1.2661289313e+01
183 146 6
2 17 742 -114.5390 6.5550 15 641 -167.0320 9.1600
-1.1927851079e+00 4.3632418878e-01 -1.2359831324e+01
236 215 90
2 17 811 -194.6130 -13.3220 15 771 -243.6628 -21.3580
-1.3811460766e+00 2.1674420050e-01 -1.1884997548e+01
215 186 66
2 17 903 -197.3260 -33.8360 15 2072 -234.1382 -44.5710
-2.2977745238e+00 -4.2862103368e-01 -1.0335512136e+01
198 166 47
2 17 1291 -253.3310 -136.6290 15 1266 -234.0540 -167.4760
-8.8270014977e-01 2.8538384019e-01 -8.5396982963e+00
25 42 9
2 17 2046 -16.9240 47.7100 15 1825 52.7600 50.7320
-2.2737703176e+00 -4.7461524595e-01 -1.0269220868e+01
228 201 70
2 17 2446 -247.2062 -142.2230 15 2998 -224.0411 -171.9200
-8.4422151352e-01 4.7857320848e-01 -8.5647986874e+00
36 44 5
2 17 2826 -22.9950 78.6720 15 2656 42.4640 82.4750
6.4492474076e-01 1.1801052860e+00 -1.3064653758e+01
92 90 16
2 17 2837 -87.4490 71.3710 15 2659 -153.1000 81.6690
4.4263596846e+00 -9.9424502330e-01 -1.0837798039e+01
185 155 40
2 17 2890 276.3790 16.2220 15 1837 194.3680 47.2900
3.5800431069e+00 -1.3548852347e+00 -9.9911516978e+00
191 170 53
2 17 2940 301.7260 -21.7200 15 1926 231.9420 13.3770
4.1738038293e-01 1.2534181380e+00 -1.3138180234e+01
113 113 41
2 17 3419 -106.2870 71.8140 15 3232 -173.3720 80.7590
8.1108162162e-01 1.1380934135e+00 -1.3046450363e+01
90 88 11
2 17 3420 -74.9970 71.4040 15 3227 -140.3690 82.3790
8.1108162162e-01 1.1380934135e+00 -1.3046450363e+01
90 88 11
2 17 3421 -74.9970 71.4040 15 3228 -140.3690 82.3790
-9.4679850900e-02 1.1625535484e+00 -1.3380087627e+01
140 140 72
2 17 3431 -145.0360 52.6830 15 3253 -215.0260 57.9460
-9.4679850900e-02 1.1625535484e+00 -1.3380087627e+01
140 140 72
2 17 3432 -145.0360 52.6830 15 3254 -215.0260 57.9460
3.1791687256e-01 7.2706131785e-01 -1.3371803701e+01
107 87 21
2 17 3450 -106.4890 29.3990 15 3620 -171.7610 35.5910
3.3911502088e-01 5.7499571864e-01 -1.3087756916e+01
124 97 0
2 17 3455 -94.8600 22.4890 15 3625 -155.2750 29.0070
-2.2288521675e+00 -4.6567361754e-01 -1.0315382320e+01
246 222 88
2 17 3617 -242.2167 -138.6280 15 3436 -221.1108 -166.4430
5.5033174524e-01 2.3731692205e+00 -1.3201338319e+01
4 6 0
2 17 3791 -124.0840 151.9438 15 3555 -202.7140 167.5555
5.4144957622e-01 2.1781623907e+00 -1.2964117144e+01
3 3 9
2 17 3799 -115.0400 143.6554 15 3879 -188.7550 158.7053
-7.4239339083e-01 5.4396424404e-01 -8.4006177239e+00
101 43 1
2 17 3826 0.1370 100.0120 15 3593 69.4870 104.2250
7.5141395439e-01 1.0849712379e+00 -1.3127329947e+01
140 138 61
2 17 3848 -79.7970 65.5590 15 3916 -145.6100 75.5630
5.7718096350e+00 -7.4596471352e-01 -1.1683977916e+01
96 84 2
2 17 3865 279.9840 45.4390 15 3236 182.3040 76.0720
6.5330334579e-01 5.9617891827e-01 -1.3210716740e+01
94 74 4
2 17 3874 -77.4060 28.6450 15 3619 -140.1790 36.4530
-2.3023349272e+00 -1.1054546824e-01 -1.0940531819e+01
197 173 46
2 17 3950 -273.6679 -96.5910 15 3992 -283.8026 -123.9650
-8.5718010235e-01 5.1182169149e-01 -8.5802122406e+00
39 30 0
2 17 4113 -27.5490 82.7340 15 3906 37.3090 86.6530
2.0011632921e-01 1.3938238131e+00 -1.3133850141e+01
150 153 81
2 17 4120 -124.5100 78.4260 15 4069 -193.0220 86.9460
3.5368079882e-01 1.3482537922e+00 -1.3085661558e+01
153 155 77
2 17 4121 -111.6410 78.5340 15 4070 -178.9610 87.6120
2.6457391886e-01 1.2925541937e+00 -1.3162579971e+01
43 53 7
2 17 4123 -118.2880 71.6530 15 3911 -186.1060 80.0030
2.6457391886e-01 1.2925541937e+00 -1.3162579971e+01
43 53 7
2 17 4124 -118.2880 71.6530 15 3912 -186.1060 80.0030
-1.2347406471e+00 3.3533680802e-01 -1.2161570893e+01
163 136 18
2 17 4153 -192.0920 -21.3800 15 4098 -235.9621 -30.0280
-9.2693133197e-01 -6.4790038311e-01 -8.4764146422e+00
19 32 1
2 17 4201 29.0660 -102.4970 15 3981 109.9880 -95.4980
-9.1203006422e-01 -7.1803151154e-01 -8.4807915198e+00
24 38 5
2 17 4206 34.4010 -112.2670 15 3727 114.6780 -105.5530
-2.4000303026e+00 -4.2102127400e-01 -1.0357429609e+01
237 209 86
2 17 4224 -267.8153 -139.4510 15 4207 -250.3161 -175.7870
-6.5930291129e-02 6.0323346617e-01 -1.3011604573e+01
155 126 7
2 17 4425 -122.1370 17.7120 15 4257 -181.4960 21.1430
8.9256220902e-02 1.2798674481e+00 -1.3275864623e+01
149 159 96
2 17 4480 -132.5580 66.8450 15 4308 -202.1380 72.1640
