# Bundle file v0.3
20 151
0 0 0
0 0 0
0 0 0
0 0 0
0 0 0
6.1417516314e+02 -3.3594269379e-02 5.4516403923e-02
9.9999899485e-01 -1.3235709329e-03 -5.0839407745e-04
1.3233444495e-03 9.9999902511e-01 -4.4556625697e-04
5.0898332037e-04 4.4489302863e-04 9.9999977150e-01
-8.8510909290e-03 -3.4238729049e-03 -5.5954071046e-02
0 0 0
0 0 0
0 0 0
0 0 0
0 0 0
0 0 0
0 0 0
0 0 0
0 0 0
0 0 0
6.1401406778e+02 -6.3005246743e-03 -4.9327214599e-02
9.9539484547e-01 -7.6449988150e-02 5.7831660219e-02
7.0357919194e-02 9.9240521363e-01 1.0090418805e-01
-6.5106565095e-02 -9.6370593398e-02 9.9321389635e-01
-4.3374371737e-02 9.6971178845e-01 1.9548368118e-01
0 0 0
0 0 0
0 0 0
0 0 0
0 0 0
0 0 0
0 0 0
0 0 0
0 0 0
0 0 0
0 0 0
0 0 0
0 0 0
0 0 0
0 0 0
0 0 0
0 0 0
0 0 0
0 0 0
0 0 0
0 0 0
0 0 0
0 0 0
0 0 0
0 0 0
0 0 0
0 0 0
0 0 0
0 0 0
0 0 0
0 0 0
0 0 0
0 0 0
0 0 0
0 0 0
0 0 0
0 0 0
0 0 0
0 0 0
0 0 0
0 0 0
0 0 0
0 0 0
0 0 0
0 0 0
0 0 0
0 0 0
0 0 0
0 0 0
0 0 0
0 0 0
0 0 0
0 0 0
0 0 0
0 0 0
0 0 0
0 0 0
0 0 0
0 0 0
0 0 0
0 0 0
0 0 0
0 0 0
0 0 0
0 0 0
0 0 0
0 0 0
0 0 0
0 0 0
0 0 0
0 0 0
0 0 0
0 0 0
0 0 0
0 0 0
1.3649955332e+01 -2.1426924494e+01 5.7862758147e+01
125 130 65
2 1 30 -144.5910 226.8199 4 1940 -192.6260 140.4893
2.0715700679e+01 -1.5793092841e+01 5.6709575434e+01
46 60 7
2 1 215 -223.5462 170.4118 4 2074 -270.2770 81.2040
-8.5324429014e-02 1.6921013405e+00 -6.0621028168e+00
191 128 0
2 1 220 -9.0600 169.4142 4 131 -62.6070 208.1202
-2.8675414289e-01 1.6169565538e+00 -6.0764007536e+00
168 104 10
2 1 244 -29.5560 161.5043 4 172 -82.3520 199.1125
-2.9333036416e-01 1.4876460028e+00 -6.0622709733e+00
134 88 0
2 1 289 -30.1630 148.9600 4 223 -82.4230 186.9253
-3.1935122109e-01 1.4597791910e+00 -6.1140559326e+00
123 77 0
2 1 303 -32.2840 144.9494 4 246 -84.7190 181.9092
-4.8072335622e-01 7.8101389191e-01 -6.3376848432e+00
82 52 0
2 1 562 -46.9950 74.8550 4 495 -94.5220 107.0560
-4.6394624885e+00 2.2598155737e+00 -1.9653723050e+01
193 171 30
2 1 578 -144.4260 70.2760 4 790 -190.2360 28.7520
7.7470142615e+00 5.4923174833e-01 -1.8411586079e+01
206 181 60
2 1 789 256.4560 18.6790 4 895 215.8490 6.6700
-4.2037690789e+00 -3.4579161385e-01 -1.2330814321e+01
207 187 57
2 1 891 -208.2770 -17.2940 4 1098 -255.8249 -47.5790
-4.2037690789e+00 -3.4579161385e-01 -1.2330814321e+01
207 187 57
2 1 892 -208.2770 -17.2940 4 1099 -255.8249 -47.5790
4.7527100640e+00 -6.0252403914e-01 -1.4388615993e+01
226 213 110
2 1 933 201.4380 -25.1590 4 1043 166.8720 -31.8800
5.1516203966e+00 -6.8129544285e-01 -1.4189214037e+01
201 189 70
2 1 950 221.2340 -28.8540 4 1046 186.9650 -33.5770
-3.6877877709e+00 -5.9677018447e-01 -1.1764691895e+01
233 214 83
2 1 960 -191.8710 -31.1330 4 1138 -237.3866 -58.4390
-3.4312634964e+00 -7.6465580140e-01 -1.1654120701e+01
218 210 83
2 1 996 -179.0260 -40.0840 4 1175 -225.7865 -66.7850
-3.9190324081e+00 -8.7001418161e-01 -1.1112187672e+01
238 210 84
2 1 1029 -214.7490 -47.8530 4 1196 -263.5258 -75.2370
4.0781153806e+00 -1.0452673521e+00 -1.2846610291e+01
219 225 139
2 1 1035 193.4530 -49.2450 4 1116 161.6910 -51.9080
2.1221248432e+00 -1.1048513252e+00 -9.0537795041e+00
28 36 20
2 1 1139 142.7150 -74.1240 4 2404 113.1990 -61.9430
2.1221248432e+00 -1.1048513252e+00 -9.0537795041e+00
28 36 20
2 1 1140 142.7150 -74.1240 4 2405 113.1990 -61.9430
1.6495729528e+01 -2.2126587015e+01 5.8138645275e+01
153 162 94
2 1 1763 -173.6510 232.9844 4 1935 -222.2276 144.8302
7.2285545368e+00 -1.4343065622e+01 3.8654387095e+01
6 11 0
2 1 1768 -114.3160 227.4945 4 1949 -162.8100 137.4160
7.2285545368e+00 -1.4343065622e+01 3.8654387095e+01
6 11 0
2 1 1769 -114.3160 227.4945 4 1950 -162.8100 137.4160
6.8575169023e+00 -1.3808450401e+01 3.7612658203e+01
107 113 80
2 1 1774 -111.6280 225.0981 4 1955 -159.6380 134.8800
8.9158654899e+01 5.4954836831e+01 -1.9747227730e+02
213 197 76
2 1 1873 275.1380 170.7623 4 428 217.1130 123.8440
3.8506732109e-01 1.5564304826e+00 -6.0453697862e+00
64 73 17
2 1 1904 37.9390 156.3511 4 1845 -13.2270 197.9445
1.2907230485e+01 -1.4436304434e+01 5.8766199591e+01
56 67 2
2 1 1915 -134.5340 150.6304 4 2091 -179.4550 67.7120
4.0250228070e+01 2.2370822194e+01 -9.1631199588e+01
227 215 108
2 1 1919 268.6780 149.6547 4 494 211.3270 107.4890
3.5146907878e+01 1.9357157890e+01 -8.0872288186e+01
170 159 53
2 1 1927 265.6770 146.7446 4 500 209.1490 105.4360
1.2844776318e+01 -1.4195000136e+01 5.9649498359e+01
104 118 48
2 1 1930 -132.2140 145.9151 4 3050 -176.2950 63.4730
1.5461908957e+01 -1.3906181726e+01 6.0815258018e+01
84 102 44
2 1 1949 -155.4080 140.1815 4 2118 -200.7050 56.4480
-6.9256733941e-01 1.3351743484e+00 -6.4548101875e+00
166 101 0
2 1 1990 -65.5370 125.6160 4 1922 -117.9940 155.2416
-4.3945173971e-01 1.2533715815e+00 -6.2360262740e+00
72 44 0
2 1 1997 -43.5530 122.0610 4 320 -94.4040 156.4608
-5.4565302534e-01 9.4865702097e-01 -6.2537656225e+00
110 66 0
2 1 2077 -54.2190 92.1160 4 1971 -102.6910 125.5200
-5.0467877653e+00 2.4318267205e+00 -2.0167770570e+01
209 199 79
2 1 2119 -152.7120 73.7070 4 782 -199.6450 30.7750
-4.8047356102e+00 2.4203942805e+00 -2.0148111429e+01
238 219 87
2 1 2120 -145.2850 73.4640 4 2175 -192.4160 31.0020
-4.7299117453e-01 6.9103962591e-01 -6.4397004347e+00
56 37 0
2 1 2136 -45.3160 65.1920 4 2991 -92.4540 95.7050
-4.5345311735e+00 1.8880842953e+00 -1.8670563906e+01
233 216 66
2 1 2146 -147.9640 61.8220 4 822 -194.9130 21.4540
-4.7959688537e-01 3.3578238988e-01 -6.4970740699e+00
38 43 9
2 1 2223 -45.7570 31.3510 4 3052 -90.2050 60.2020
8.4184245883e+00 8.7292099939e-01 -1.9896162462e+01
194 175 54
2 1 2233 257.9630 27.2460 4 2217 216.2120 12.8090
-3.5922265040e+00 7.0203180898e-01 -1.5888365550e+01
205 186 47
2 1 2234 -137.0810 27.0400 4 2277 -183.7330 -7.6750
4.7492378191e+00 -5.3032639337e-01 -1.4410670319e+01
80 61 0
2 1 2366 200.6770 -22.0210 4 2339 166.4170 -28.8760
5.2490507667e+00 -6.4157798098e-01 -1.4227168393e+01
229 210 89
2 1 2382 224.7850 -27.0640 4 1042 190.3050 -31.6320
3.9641164474e+00 -1.1347275861e+00 -1.2628843028e+01
208 214 133
2 1 2437 191.4050 -54.4400 4 1131 159.9470 -56.5430
2.3761734256e+00 -9.6366956396e-01 -9.1919482627e+00
7 25 1
2 1 2459 158.4740 -63.7510 4 2375 125.9790 -50.9370
2.6901704172e+00 -1.8507621240e+00 -1.0628880771e+01
141 152 76
2 1 2552 154.2060 -105.8330 4 2498 127.9910 -103.6750
2.4082550571e+00 -2.3189326060e+00 -9.4960958258e+00
181 191 94
2 1 2655 154.6620 -148.4080 4 2597 132.1880 -141.8150
-1.4738786947e+00 -2.0506177283e+00 -7.0021859783e+00
214 221 141
2 1 2724 -127.9930 -177.9820 4 2668 -166.6540 -177.7220
-6.2754089257e+01 -4.9521743786e+01 1.4503764838e+02
174 155 49
2 1 2913 265.2330 209.2548 4 337 200.7050 151.9401
-6.2754089257e+01 -4.9521743786e+01 1.4503764838e+02
174 155 49
2 1 2914 265.2330 209.2548 4 338 200.7050 151.9401
7.2223067844e+00 5.4768154473e+00 -1.9704637350e+01
118 129 71
2 1 2936 223.9870 169.8799 4 2904 167.3920 148.1622
-1.3859033519e-02 1.5406350990e+00 -6.0078678317e+00
80 51 0
2 1 2953 -2.0850 155.6786 4 1849 -54.2260 195.9481
4.6338218026e-01 1.4875963284e+00 -6.0108403645e+00
27 43 0
2 1 2963 46.2920 150.2981 4 2858 -4.7300 193.0318
3.4166923091e+01 1.8881186273e+01 -7.9858939808e+01
231 221 108
2 1 2970 261.3300 144.9994 4 2016 205.7390 103.6100
-2.5666528673e-01 1.4324775537e+00 -6.0677987064e+00
80 52 0
2 1 2971 -26.0930 143.3247 4 2869 -78.5910 181.4138
-3.6534923369e-01 1.3615037245e+00 -6.1202731107e+00
73 46 0
2 1 2986 -36.9720 135.0650 4 2876 -88.6180 171.7523
-5.1281972713e-01 1.0250177033e+00 -6.2453158213e+00
92 47 0
2 1 3054 -50.5910 99.6760 4 2919 -100.3900 133.4320
-4.9168332878e-01 8.8060142491e-01 -6.2937848318e+00
90 50 0
2 1 3068 -48.4640 84.9830 4 2940 -96.5830 117.9560
-4.6654813911e-01 8.7511064349e-01 -6.4043996561e+00
112 80 23
2 1 3071 -44.6830 83.0220 4 3575 -93.5190 114.3560
-4.4553016530e-01 8.3599031463e-01 -6.4361624338e+00
58 30 0
2 1 3078 -42.6700 78.9260 4 3579 -90.7320 109.8580
-5.5930463773e-01 6.1668733779e-01 -6.2983327740e+00
88 63 12
2 1 3118 -54.8210 59.4390 4 3598 -101.8950 91.5050
-8.7700024514e-01 6.1100688966e-01 -6.3867793250e+00
36 40 4
2 1 3119 -84.3200 58.0220 4 3011 -132.7760 86.8150
8.1148944609e+00 7.8130456664e-01 -1.8862562643e+01
120 102 3
2 1 3163 262.2060 25.7550 4 2218 220.5760 13.2460
8.2158638656e+00 4.7778212666e-01 -1.8615284377e+01
192 169 50
2 1 3184 269.4050 16.0720 4 2242 227.6950 4.7220
-3.2367645057e+00 -1.0375702161e-02 -1.3730021119e+01
226 211 69
2 1 3208 -143.6060 -0.4930 4 3174 -188.5520 -30.3650
-3.7706025166e+00 -5.3535280781e-01 -1.2005393202e+01
160 141 10
2 1 3248 -191.7380 -27.3450 4 2383 -238.2941 -55.6260
-3.7706025166e+00 -5.3535280781e-01 -1.2005393202e+01
160 141 10
2 1 3249 -191.7380 -27.3450 4 2384 -238.2941 -55.6260
4.0076409796e+00 -9.9790553645e-01 -1.2788896252e+01
89 95 19
2 1 3274 190.5730 -47.1620 4 2370 159.4190 -49.8410
2.1859258470e+00 -8.8863954982e-01 -9.4999248371e+00
225 237 173
2 1 3293 140.2590 -56.7980 4 3727 108.8180 -47.3360
3.7961588684e+00 -1.2034976097e+00 -1.2325766657e+01
225 231 152
2 1 3296 187.4700 -59.1500 4 3221 157.1780 -60.5280
2.7503791307e+00 -1.8189447016e+00 -1.0501506411e+01
173 183 99
2 1 3362 159.5810 -105.2580 4 3279 133.3260 -101.9640
-1.5141506348e+00 -1.9852729936e+00 -7.1851676144e+00
63 72 6
2 1 3475 -127.9030 -167.9740 4 2651 -167.4180 -168.8130
2.0845191670e+02 1.3295609966e+02 -4.5326720713e+02
224 205 85
2 1 3642 280.9960 179.8568 4 1963 220.0920 131.0010
-9.8972048867e-02 1.5587534476e+00 -5.9642011565e+00
136 89 0
2 1 3657 -10.8360 158.6283 4 2848 -63.3200 199.2156
3.2857115224e-02 1.5020458985e+00 -6.0073925736e+00
67 60 13
2 1 3659 2.9860 151.8012 4 3512 -49.4470 192.3640
2.2241040419e+01 -1.5650313930e+01 7.3534536232e+01
113 123 53
2 1 3678 -184.8740 130.3920 4 3067 -230.4418 46.6260
-3.7583347916e-01 1.3018719346e+00 -6.2645392268e+00
59 50 3
2 1 3680 -36.3850 126.2230 4 2894 -88.7990 160.4410
-5.2023653906e-01 1.1476778745e+00 -6.1565035563e+00
117 73 9
2 1 3693 -52.4060 113.1810 4 3546 -102.5130 148.4596
-4.6527550311e+00 2.0543832110e+00 -1.9016570662e+01
206 185 42
2 1 3742 -149.6270 66.0080 4 3090 -195.6510 25.1220
-7.4780882059e-01 5.9981532235e-01 -6.3380213769e+00
31 20 0
2 1 3748 -72.7440 57.4120 4 4022 -120.2370 87.7110
-5.1729041636e+00 8.5134248858e-01 -1.5489312107e+01
228 206 69
2 1 3763 -204.0250 33.4000 4 3134 -252.1497 -4.6050
-4.8991720558e+00 7.7689077933e-01 -1.5440520753e+01
222 196 57
2 1 3768 -194.2990 30.5480 4 3137 -240.9404 -6.6120
1.6809646526e-01 1.1982780227e-01 -5.9744592795e+00
29 40 1
2 1 3784 16.2930 12.1550 4 3638 -24.3820 53.0420
2.3053356526e+00 -2.1700989452e+00 -9.4702056688e+00
162 173 81
2 1 3938 147.8160 -139.2090 4 3819 125.6050 -132.5460
-1.3464951779e+00 -1.7375222078e+00 -7.0059795154e+00
40 58 10
2 1 3958 -116.4640 -150.8160 4 3825 -156.5100 -146.6680
2.5944768829e+00 -2.3190225300e+00 -9.3536018756e+00
201 208 105
2 1 3960 168.2560 -150.5040 4 4174 147.9840 -141.9820
1.7667394612e+01 -1.5998719041e+01 5.6858203416e+01
89 95 20
2 1 4089 -189.6800 172.3577 4 4025 -237.0883 85.0300
-2.2205617025e-01 1.5861028963e+00 -6.0456665100e+00
218 164 26
2 1 4098 -22.7700 159.2354 4 2850 -76.1200 197.7162
1.3500143843e+01 -1.4044865814e+01 5.8906385589e+01
106 125 59
2 1 4100 -140.4920 146.1808 4 4037 -185.0270 63.0430
4.7015577484e-01 1.3815249853e+00 -6.0349850583e+00
23 40 4
2 1 4102 47.2050 139.0420 4 3964 -3.7160 181.5622
-5.8378346911e-01 1.1578600843e+00 -6.1144243577e+00
119 66 0
2 1 4125 -59.1640 114.9420 4 3987 -109.5470 150.5930
-6.2504060998e-01 1.0464908889e+00 -6.2267486330e+00
124 71 1
2 1 4141 -61.8160 102.0360 4 3996 -112.0420 135.4980
-4.1527384942e-01 9.2744941950e-01 -6.3448897298e+00
52 26 0
2 1 4155 -40.4290 88.8110 4 4008 -89.0360 121.4320
-5.5878682123e-01 9.0064479748e-01 -6.2543493447e+00
132 88 9
2 1 4157 -55.2500 87.4440 4 4305 -103.9590 120.6910
-3.5029258038e-01 8.5022392085e-01 -6.2715566735e+00
73 65 3
2 1 4163 -34.9600 82.3660 4 4009 -82.2660 116.4650
-6.1598234536e-01 5.6377790885e-01 -6.2903468697e+00
14 13 0
2 1 4175 -60.4670 54.3860 4 4024 -107.3310 86.1300
1.0910001402e+01 2.0037691131e+00 -2.3839278869e+01
121 110 23
2 1 4181 279.0900 51.7790 4 3656 233.4090 33.2410
-6.1318875264e-01 4.8472908702e-01 -6.3648542584e+00
10 24 2
2 1 4185 -60.0030 46.1980 4 4029 -105.2350 76.6520
-4.0479963594e-01 -2.5216387616e-01 -5.9283934020e+00
15 28 0
2 1 4234 -42.9110 -26.0120 4 4353 -83.0150 10.1470
5.6249974165e+00 -8.1941701034e-01 -1.3981136755e+01
215 202 76
2 1 4237 245.0570 -35.2660 4 4086 211.0420 -37.6460
2.0212624068e+00 -6.1042153579e-01 -9.9676472145e+00
63 68 1
2 1 4239 122.7210 -37.0530 4 3714 91.1140 -31.3750
-7.9285766188e-01 -9.4023889246e-01 -6.2710159688e+00
16 36 2
2 1 4266 -77.5740 -91.3210 4 4103 -116.7840 -67.9040
-1.0740736918e+00 -1.3353153306e+00 -6.4793324266e+00
25 48 6
2 1 4298 -101.5410 -125.4150 4 4148 -140.2280 -110.1190
2.1634052008e+00 -2.2121027003e+00 -9.0924894842e+00
166 175 82
2 1 4312 145.2500 -147.8790 4 4170 122.1980 -139.3470
2.3470205400e+00 -2.2455092723e+00 -8.8310375573e+00
202 208 110
2 1 4319 161.1200 -154.3430 4 4173 141.1720 -142.9990
1.6650283249e+00 -2.3774654708e+00 -8.5369733120e+00
162 172 83
2 1 4330 118.1790 -169.1750 4 4198 98.1830 -160.3560
1.9721598596e+00 -2.5753765827e+00 -8.3047621781e+00
181 189 93
2 1 4347 143.4230 -188.1540 4 3858 127.2290 -176.6210
1.2793476916e+01 -1.6719636338e+01 5.6343558394e+01
75 71 1
2 1 4409 -139.1370 181.8866 4 4319 -185.3220 97.3520
4.8789073572e-01 1.6228344146e+00 -6.0803326950e+00
35 12 10
2 1 4414 47.7080 162.0928 4 4469 -3.1700 203.4423
-5.0592747276e+00 -1.1011193121e-01 -1.2852428609e+01
247 223 91
2 1 4472 -240.3219 -5.4680 4 4368 -290.2869 -39.5690
5.7021746042e+00 -4.3388676939e-01 -1.5132095622e+01
226 206 78
2 1 4482 229.6680 -17.0490 4 4364 193.8550 -23.7130
-2.1806374435e-01 -3.6946204495e-01 -6.0300490109e+00
20 37 1
2 1 4489 -22.4710 -37.3810 4 4510 -62.1570 -2.2210
-4.0480155551e+00 -1.1774561056e+00 -1.0387604111e+01
237 217 86
2 1 4503 -236.5782 -69.1130 4 4133 -288.0295 -96.1720
-7.6234302945e-01 -7.1961848520e-01 -6.1353048920e+00
15 32 0
2 1 4505 -76.8290 -71.5020 4 4372 -116.2990 -44.2440
-6.7297034859e-01 -7.5138100141e-01 -6.2768621421e+00
15 31 2
2 1 4507 -65.7230 -72.9520 4 4373 -105.5340 -47.3270
1.9910778442e+00 -1.1614135220e+00 -9.0005331594e+00
3 4 7
2 1 4514 134.6100 -78.3990 4 4384 105.5370 -66.6210
1.5346135653e+01 -1.5062700683e+01 4.2862581076e+01
93 113 60
2 1 4584 -219.3690 215.0127 4 4488 -266.4507 121.3760
6.9518312089e-01 1.4184815808e+00 -6.4427572157e+00
67 67 4
2 1 4602 64.4690 133.8940 4 4639 16.5140 170.6728
-3.1956493765e-01 1.0944635697e+00 -6.2584088050e+00
64 60 5
2 1 4609 -32.1330 106.2470 4 4484 -80.7420 140.9188
-3.5121735838e-01 6.9634039404e-01 -6.2841994218e+00
71 68 7
2 1 4621 -34.6850 67.3170 4 4490 -81.5560 100.9790
-3.5121735838e-01 6.9634039404e-01 -6.2841994218e+00
71 68 7
2 1 4622 -34.6850 67.3170 4 4491 -81.5560 100.9790
-3.5121735838e-01 6.9634039404e-01 -6.2841994218e+00
71 68 7
2 1 4623 -34.6850 67.3170 4 4492 -81.5560 100.9790
-6.3644141537e-01 6.5774679271e-01 -6.3026202141e+00
143 100 7
2 1 4626 -62.0910 63.3470 4 4493 -110.0480 94.9590
1.1672766754e+00 6.4719182988e-01 -7.0979918343e+00
63 64 0
2 1 4629 100.0890 55.5800 4 4595 57.3230 85.8440
-3.4943868512e+00 -6.7601263987e-01 -1.1931877532e+01
230 213 83
2 1 4640 -177.9320 -34.6100 4 4524 -225.0162 -62.1700
-3.8874483852e+00 -6.7838389022e-01 -1.1489458415e+01
188 163 34
2 1 4641 -206.8050 -36.2020 4 4382 -253.7294 -63.7790
-3.8874483852e+00 -6.7838389022e-01 -1.1489458415e+01
188 163 34
2 1 4642 -206.8050 -36.2020 4 4383 -253.7294 -63.7790
6.0585693389e+00 -9.2004630769e-01 -1.3760055939e+01
184 153 30
2 1 4644 267.6790 -40.1760 4 4521 234.5030 -40.2940
1.1744765259e+00 -1.7363375805e+00 -8.4038530306e+00
76 82 12
2 1 4669 85.0520 -125.6940 4 4539 58.7110 -115.6520
-3.0148230467e+00 -1.9337803382e+00 -8.2369202004e+00
235 236 142
2 1 4672 -222.1919 -142.7990 4 4550 -271.1741 -160.1310
1.8580676670e+00 -2.2173211994e+00 -9.0493626751e+00
127 135 60
2 1 4675 124.9000 -148.9360 4 4543 102.4030 -141.9650
1.6675900310e+01 -1.3388157003e+01 4.7547906729e+01
82 97 42
2 1 4707 -214.5660 172.3709 4 4597 -261.1484 81.5520
1.6801142747e+01 -1.3890893693e+01 5.8671257921e+01
62 74 8
2 1 4708 -174.7680 145.1070 4 4599 -221.0427 59.6120
2.1777340442e+01 -1.4276257810e+01 6.2281170836e+01
107 122 67
2 1 4710 -214.2230 140.2975 4 4496 -259.5224 53.1750
-4.4872749778e-01 1.0829747717e+00 -6.2837146104e+00
57 25 0
2 1 4714 -44.4280 104.6870 4 4585 -93.5490 138.2390
8.1981066837e+00 8.8832124280e-02 -1.7691579997e+01
210 186 59
2 1 4725 282.3070 3.5770 4 4511 242.4620 -5.1180
-2.8917416957e+00 -1.1161708221e+00 -1.0388167872e+01
239 243 146
2 1 4734 -169.1110 -65.5580 4 4532 -214.9240 -86.7440
-8.9170358928e-01 -1.4017961292e+00 -6.4062147295e+00
29 51 13
2 1 4743 -84.8840 -133.1070 4 4617 -122.6890 -116.1160
1.4719742254e-01 -2.8521209475e+00 -7.5467454546e+00
165 171 98
2 1 4757 12.1200 -229.5300 4 4673 -10.3870 -227.5740
1.5389953269e+01 -1.7381617872e+01 5.8460676605e+01
78 78 3
2 1 4761 -160.6830 182.1977 4 4644 -208.1920 96.6400
1.5389953269e+01 -1.7381617872e+01 5.8460676605e+01
78 78 3
2 1 4762 -160.6830 182.1977 4 4645 -208.1920 96.6400
1.8851804316e+01 -1.4204314955e+01 5.6934267630e+01
45 60 5
2 1 4767 -202.2830 152.7990 4 4648 -248.8965 65.1550
-2.6426984741e-01 9.5138702110e-01 -6.2710254394e+00
58 57 0
2 1 4775 -26.1910 92.1890 4 4641 -74.6510 126.8530
-5.3775529628e-01 5.2898798972e-01 -6.3125488778e+00
6 12 0
2 1 4777 -52.4950 50.8630 4 4646 -99.1420 82.6330
-4.0230060367e-01 -8.8845879918e-01 -6.2345850146e+00
16 33 0
2 1 4781 -39.4530 -86.7830 4 4661 -77.0390 -59.4120
3.1592855257e+00 -2.1354185179e+00 -9.4553327588e+00
226 229 126
2 1 4787 203.2940 -137.0590 4 4618 181.0130 -125.4040
1.6341321187e+00 -2.5413743069e+00 -8.3266806929e+00
166 176 87
2 1 4794 119.4510 -185.4000 4 4668 99.9200 -175.9870
-3.1558464457e-01 -1.8851199097e+00 -7.0369216885e+00
84 86 21
2 1 4823 -26.9000 -162.9230 4 4716 -58.3050 -152.0810
1.9672225949e-02 -2.6214978563e+00 -7.5288418322e+00
34 49 8
2 1 4826 2.6740 -211.5900 4 4718 -23.6880 -208.4940
1.2974240946e+00 8.6655727699e-01 -7.3173051083e+00
56 54 2
2 1 4836 107.7310 72.1960 4 4709 64.0060 100.2620
-1.1610602963e+00 -2.2599500982e+00 -6.9650888807e+00
26 38 0
2 1 4855 -100.0070 -197.0600 4 4739 -137.4520 -196.2270
-8.5086588751e-01 -1.8555458384e+00 -7.1950556601e+00
45 61 19
2 1 4870 -72.5490 -156.9010 4 4749 -105.9690 -151.3560
