# Bundle file v0.3
20 151
0 0 0
0 0 0
0 0 0
0 0 0
0 0 0
6.1276595745e+02 0.0000000000e+00 0.0000000000e+00
1.0000000000e+00 0.0000000000e+00 0.0000000000e+00
0.0000000000e+00 1.0000000000e+00 0.0000000000e+00
0.0000000000e+00 0.0000000000e+00 1.0000000000e+00
-0.0000000000e+00 -0.0000000000e+00 -0.0000000000e+00
0 0 0
0 0 0
0 0 0
0 0 0
0 0 0
0 0 0
0 0 0
0 0 0
0 0 0
0 0 0
6.1276595745e+02 0.0000000000e+00 0.0000000000e+00
9.9531662059e-01 -7.6772579599e-02 5.8743474565e-02
7.0594717839e-02 9.9239350110e-01 1.0085397757e-01
-6.6039462411e-02 -9.6234661115e-02 9.9316548440e-01
-2.6875682364e-02 9.6678860842e-01 2.5416035162e-01
0 0 0
0 0 0
0 0 0
0 0 0
0 0 0
0 0 0
0 0 0
0 0 0
0 0 0
0 0 0
0 0 0
0 0 0
0 0 0
0 0 0
0 0 0
0 0 0
0 0 0
0 0 0
0 0 0
0 0 0
0 0 0
0 0 0
0 0 0
0 0 0
0 0 0
0 0 0
0 0 0
0 0 0
0 0 0
0 0 0
0 0 0
0 0 0
0 0 0
0 0 0
0 0 0
0 0 0
0 0 0
0 0 0
0 0 0
0 0 0
0 0 0
0 0 0
0 0 0
0 0 0
0 0 0
0 0 0
0 0 0
0 0 0
0 0 0
0 0 0
0 0 0
0 0 0
0 0 0
0 0 0
0 0 0
0 0 0
0 0 0
0 0 0
0 0 0
0 0 0
0 0 0
0 0 0
0 0 0
0 0 0
0 0 0
0 0 0
0 0 0
0 0 0
0 0 0
0 0 0
0 0 0
0 0 0
0 0 0
0 0 0
0 0 0
1.3611817030e+01 -2.1430252906e+01 5.7888050446e+01
125 130 65
2 1 30 -144.5910 226.8199 4 1940 -192.6260 140.4893
2.0655668445e+01 -1.5783136092e+01 5.6737632217e+01
46 60 7
2 1 215 -223.5462 170.4118 4 2074 -270.2770 81.2040
-9.1866820966e-02 1.6774317262e+00 -6.0670724152e+00
191 128 0
2 1 220 -9.0600 169.4142 4 131 -62.6070 208.1202
-2.9148288270e-01 1.6024541579e+00 -6.0799484326e+00
168 104 10
2 1 244 -29.5560 161.5043 4 172 -82.3520 199.1125
-2.9802224321e-01 1.4743755586e+00 -6.0650483244e+00
134 88 0
2 1 289 -30.1630 148.9600 4 223 -82.4230 186.9253
-3.2378949091e-01 1.4467564120e+00 -6.1160458651e+00
123 77 0
2 1 303 -32.2840 144.9494 4 246 -84.7190 181.9092
-4.8349125433e-01 7.7358637353e-01 -6.3325757873e+00
82 52 0
2 1 562 -46.9950 74.8550 4 495 -94.5220 107.0560
-4.6077734022e+00 2.2454731492e+00 -1.9576049875e+01
193 171 30
2 1 578 -144.4260 70.2760 4 790 -190.2360 28.7520
7.7668381295e+00 5.6168097587e-01 -1.8519846670e+01
206 181 60
2 1 789 256.4560 18.6790 4 895 215.8490 6.6700
-4.1463322285e+00 -3.4409939851e-01 -1.2229726508e+01
207 187 57
2 1 891 -208.2770 -17.2940 4 1098 -255.8249 -47.5790
-4.1463322285e+00 -3.4409939851e-01 -1.2229726508e+01
207 187 57
2 1 892 -208.2770 -17.2940 4 1099 -255.8249 -47.5790
4.7663303695e+00 -5.9544605291e-01 -1.4482013840e+01
226 213 110
2 1 933 201.4380 -25.1590 4 1043 166.8720 -31.8800
5.1660415375e+00 -6.7404327164e-01 -1.4286010258e+01
201 189 70
2 1 950 221.2340 -28.8540 4 1046 186.9650 -33.5770
-3.6405299360e+00 -5.9176181611e-01 -1.1673734266e+01
233 214 83
2 1 960 -191.8710 -31.1330 4 1138 -237.3866 -58.4390
-3.3898059075e+00 -7.5761779545e-01 -1.1569091102e+01
218 210 83
2 1 996 -179.0260 -40.0840 4 1175 -225.7865 -66.7850
-3.8612928582e+00 -8.6041396315e-01 -1.1017673337e+01
238 210 84
2 1 1029 -214.7490 -47.8530 4 1196 -263.5258 -75.2370
4.0861436280e+00 -1.0396315881e+00 -1.2927173466e+01
219 225 139
2 1 1035 193.4530 -49.2450 4 1116 161.6910 -51.9080
2.1123469780e+00 -1.0978758717e+00 -9.0777256426e+00
28 36 20
2 1 1139 142.7150 -74.1240 4 2404 113.1990 -61.9430
2.1123469780e+00 -1.0978758717e+00 -9.0777256426e+00
28 36 20
2 1 1140 142.7150 -74.1240 4 2405 113.1990 -61.9430
1.6448017820e+01 -2.2120023631e+01 5.8170590383e+01
153 162 94
2 1 1763 -173.6510 232.9844 4 1935 -222.2276 144.8302
7.2070231500e+00 -1.4357253891e+01 3.8671115894e+01
6 11 0
2 1 1768 -114.3160 227.4945 4 1949 -162.8100 137.4160
7.2070231500e+00 -1.4357253891e+01 3.8671115894e+01
6 11 0
2 1 1769 -114.3160 227.4945 4 1950 -162.8100 137.4160
6.8363342846e+00 -1.3822354754e+01 3.7625680666e+01
107 113 80
2 1 1774 -111.6280 225.0981 4 1955 -159.6380 134.8800
8.9121828311e+01 5.4956606854e+01 -1.9748939246e+02
213 197 76
2 1 1873 275.1380 170.7623 4 428 217.1130 123.8440
3.7463193035e-01 1.5439026685e+00 -6.0508110798e+00
64 73 17
2 1 1904 37.9390 156.3511 4 1845 -13.2270 197.9445
1.2874689010e+01 -1.4445080517e+01 5.8757467633e+01
56 67 2
2 1 1915 -134.5340 150.6304 4 2091 -179.4550 67.7120
4.0227952594e+01 2.2374652457e+01 -9.1645356076e+01
227 215 108
2 1 1919 268.6780 149.6547 4 494 211.3270 107.4890
3.5126505099e+01 1.9360890246e+01 -8.0886565098e+01
170 159 53
2 1 1927 265.6770 146.7446 4 500 209.1490 105.4360
1.2812291265e+01 -1.4204267113e+01 5.9638878061e+01
104 118 48
2 1 1930 -132.2140 145.9151 4 3050 -176.2950 63.4730
1.5426164026e+01 -1.3911787297e+01 6.0812491242e+01
84 102 44
2 1 1949 -155.4080 140.1815 4 2118 -200.7050 56.4480
-6.9323945058e-01 1.3223269130e+00 -6.4506324615e+00
166 101 0
2 1 1990 -65.5370 125.6160 4 1922 -117.9940 155.2416
-4.4273135844e-01 1.2419761754e+00 -6.2349209511e+00
72 44 0
2 1 1997 -43.5530 122.0610 4 320 -94.4040 156.4608
-5.4785139338e-01 9.3955665550e-01 -6.2498348951e+00
110 66 0
2 1 2077 -54.2190 92.1160 4 1971 -102.6910 125.5200
-5.0105865749e+00 2.4155412758e+00 -2.0084437092e+01
209 199 79
2 1 2119 -152.7120 73.7070 4 782 -199.6450 30.7750
-4.7724952994e+00 2.4055198860e+00 -2.0071294040e+01
238 219 87
2 1 2120 -145.2850 73.4640 4 2175 -192.4160 31.0020
-4.7576592680e-01 6.8444111752e-01 -6.4333370642e+00
56 37 0
2 1 2136 -45.3160 65.1920 4 2991 -92.4540 95.7050
-4.5011904099e+00 1.8746727499e+00 -1.8588954638e+01
233 216 66
2 1 2146 -147.9640 61.8220 4 822 -194.9130 21.4540
-4.8202525062e-01 3.3190685213e-01 -6.4871724192e+00
38 43 9
2 1 2223 -45.7570 31.3510 4 3052 -90.2050 60.2020
8.4389132879e+00 8.8640566720e-01 -2.0005007058e+01
194 175 54
2 1 2233 257.9630 27.2460 4 2217 216.2120 12.8090
-3.5649502641e+00 6.9627625426e-01 -1.5813619318e+01
205 186 47
2 1 2234 -137.0810 27.0400 4 2277 -183.7330 -7.6750
4.7616444033e+00 -5.2303581530e-01 -1.4500392711e+01
80 61 0
2 1 2366 200.6770 -22.0210 4 2339 166.4170 -28.8760
5.2633770652e+00 -6.3411021866e-01 -1.4323809274e+01
229 210 89
2 1 2382 224.7850 -27.0640 4 1042 190.3050 -31.6320
3.9716413633e+00 -1.1293540821e+00 -1.2708487181e+01
208 214 133
2 1 2437 191.4050 -54.4400 4 1131 159.9470 -56.5430
2.3671459033e+00 -9.5714164181e-01 -9.2214999306e+00
7 25 1
2 1 2459 158.4740 -63.7510 4 2375 125.9790 -50.9370
2.6890433098e+00 -1.8455154360e+00 -1.0685409557e+01
141 152 76
2 1 2552 154.2060 -105.8330 4 2498 127.9910 -103.6750
2.4058949043e+00 -2.3134160785e+00 -9.5550910430e+00
181 191 94
2 1 2655 154.6620 -148.4080 4 2597 132.1880 -141.8150
-1.4599911358e+00 -2.0268696882e+00 -6.9777190568e+00
214 221 141
2 1 2724 -127.9930 -177.9820 4 2668 -166.6540 -177.7220
-6.2771297783e+01 -4.9525906117e+01 1.4502656946e+02
174 155 49
2 1 2913 265.2330 209.2548 4 337 200.7050 151.9401
-6.2771297783e+01 -4.9525906117e+01 1.4502656946e+02
174 155 49
2 1 2914 265.2330 209.2548 4 338 200.7050 151.9401
7.1790467143e+00 5.4514266949e+00 -1.9659741049e+01
118 129 71
2 1 2936 223.9870 169.8799 4 2904 167.3920 148.1622
-2.1035379157e-02 1.5275586138e+00 -6.0125661557e+00
80 51 0
2 1 2953 -2.0850 155.6786 4 1849 -54.2260 195.9481
4.5235577482e-01 1.4758828536e+00 -6.0167371092e+00
27 43 0
2 1 2963 46.2920 150.2981 4 2858 -4.7300 193.0318
3.4148977454e+01 1.8885504423e+01 -7.9871607583e+01
231 221 108
2 1 2970 261.3300 144.9994 4 2016 205.7390 103.6100
-2.6170085425e-01 1.4198973010e+00 -6.0704538366e+00
80 52 0
2 1 2971 -26.0930 143.3247 4 2869 -78.5910 181.4138
-3.6936491736e-01 1.3492578691e+00 -6.1213431796e+00
73 46 0
2 1 2986 -36.9720 135.0650 4 2876 -88.6180 171.7523
-5.1538163323e-01 1.0154211927e+00 -6.2423810282e+00
92 47 0
2 1 3054 -50.5910 99.6760 4 2919 -100.3900 133.4320
-4.9439215573e-01 8.7229315754e-01 -6.2895694258e+00
90 50 0
2 1 3068 -48.4640 84.9830 4 2940 -96.5830 117.9560
-4.6948371855e-01 8.6707858168e-01 -6.3997216097e+00
112 80 23
2 1 3071 -44.6830 83.0220 4 3575 -93.5190 114.3560
-4.4863304994e-01 8.2834189098e-01 -6.4310814778e+00
58 30 0
2 1 3078 -42.6700 78.9260 4 3579 -90.7320 109.8580
-5.6121921221e-01 6.1030898128e-01 -6.2916590650e+00
88 63 12
2 1 3118 -54.8210 59.4390 4 3598 -101.8950 91.5050
-8.7539231253e-01 6.0384506885e-01 -6.3766413042e+00
36 40 4
2 1 3119 -84.3200 58.0220 4 3011 -132.7760 86.8150
8.1326793519e+00 7.9415302272e-01 -1.8966929440e+01
120 102 3
2 1 3163 262.2060 25.7550 4 2218 220.5760 13.2460
8.2388493427e+00 4.9076671986e-01 -1.8732577085e+01
192 169 50
2 1 3184 269.4050 16.0720 4 2242 227.6950 4.7220
-3.2077626816e+00 -1.1496858307e-02 -1.3651577877e+01
226 211 69
2 1 3208 -143.6060 -0.4930 4 3174 -188.5520 -30.3650
-3.7226169553e+00 -5.3116301663e-01 -1.1912899522e+01
160 141 10
2 1 3248 -191.7380 -27.3450 4 2383 -238.2941 -55.6260
-3.7226169553e+00 -5.3116301663e-01 -1.1912899522e+01
160 141 10
2 1 3249 -191.7380 -27.3450 4 2384 -238.2941 -55.6260
4.0141497108e+00 -9.9207242718e-01 -1.2864728295e+01
89 95 19
2 1 3274 190.5730 -47.1620 4 2370 159.4190 -49.8410
2.1765987553e+00 -8.8231928083e-01 -9.5227943219e+00
225 237 173
2 1 3293 140.2590 -56.7980 4 3727 108.8180 -47.3360
3.8017790502e+00 -1.1981600679e+00 -1.2400245877e+01
225 231 152
2 1 3296 187.4700 -59.1500 4 3221 157.1780 -60.5280
2.7491362421e+00 -1.8136018814e+00 -1.0558430666e+01
173 183 99
2 1 3362 159.5810 -105.2580 4 3279 133.3260 -101.9640
-1.4999568511e+00 -1.9626730585e+00 -7.1585929387e+00
63 72 6
2 1 3475 -127.9030 -167.9740 4 2651 -167.4180 -168.8130
2.0839032664e+02 1.3295669489e+02 -4.5329562039e+02
224 205 85
2 1 3642 280.9960 179.8568 4 1963 220.0920 131.0010
-1.0544022234e-01 1.5452754528e+00 -5.9692597777e+00
136 89 0
2 1 3657 -10.8360 158.6283 4 2848 -63.3200 199.2156
2.5292292206e-02 1.4895112691e+00 -6.0121985962e+00
67 60 13
2 1 3659 2.9860 151.8012 4 3512 -49.4470 192.3640
2.2189543621e+01 -1.5650329655e+01 7.3547375309e+01
113 123 53
2 1 3678 -184.8740 130.3920 4 3067 -230.4418 46.6260
-3.7972264602e-01 1.2903646534e+00 -6.2641087176e+00
59 50 3
2 1 3680 -36.3850 126.2230 4 2894 -88.7990 160.4410
-5.2274903038e-01 1.1368686804e+00 -6.1549514863e+00
117 73 9
2 1 3693 -52.4060 113.1810 4 3546 -102.5130 148.4596
-4.6184295484e+00 2.0398171125e+00 -1.8933313004e+01
206 185 42
2 1 3742 -149.6270 66.0080 4 3090 -195.6510 25.1220
-7.4767925704e-01 5.9306638713e-01 -6.3292111722e+00
31 20 0
2 1 3748 -72.7440 57.4120 4 4022 -120.2370 87.7110
-5.1097391860e+00 8.3875236595e-01 -1.5372738850e+01
228 206 69
2 1 3763 -204.0250 33.4000 4 3134 -252.1497 -4.6050
-4.8422614245e+00 7.6580822921e-01 -1.5328714562e+01
222 196 57
2 1 3768 -194.2990 30.5480 4 3137 -240.9404 -6.6120
1.5982941057e-01 1.1842718368e-01 -5.9721127069e+00
29 40 1
2 1 3784 16.2930 12.1550 4 3638 -24.3820 53.0420
2.3013338382e+00 -2.1636501779e+00 -9.5213634221e+00
162 173 81
2 1 3938 147.8160 -139.2090 4 3819 125.6050 -132.5460
-1.3356382617e+00 -1.7189673983e+00 -6.9824634244e+00
40 58 10
2 1 3958 -116.4640 -150.8160 4 3825 -156.5100 -146.6680
2.5920588451e+00 -2.3132973966e+00 -9.4143717827e+00
201 208 105
2 1 3960 168.2560 -150.5040 4 4174 147.9840 -141.9820
1.7623173028e+01 -1.5996852419e+01 5.6876883965e+01
89 95 20
2 1 4089 -189.6800 172.3577 4 4025 -237.0883 85.0300
-2.2740057921e-01 1.5721244695e+00 -6.0496992309e+00
218 164 26
2 1 4098 -22.7700 159.2354 4 2850 -76.1200 197.7162
1.3467160026e+01 -1.4052722542e+01 5.8898412774e+01
106 125 59
2 1 4100 -140.4920 146.1808 4 4037 -185.0270 63.0430
4.5920130676e-01 1.3709889049e+00 -6.0406611272e+00
23 40 4
2 1 4102 47.2050 139.0420 4 3964 -3.7160 181.5622
-5.8566512849e-01 1.1467011060e+00 -6.1129542670e+00
119 66 0
2 1 4125 -59.1640 114.9420 4 3987 -109.5470 150.5930
-6.2646983088e-01 1.0362971601e+00 -6.2232842604e+00
124 71 1
2 1 4141 -61.8160 102.0360 4 3996 -112.0420 135.4980
-4.1871788655e-01 9.1907366661e-01 -6.3412941168e+00
52 26 0
2 1 4155 -40.4290 88.8110 4 4008 -89.0360 121.4320
-5.6085058483e-01 8.9192999172e-01 -6.2500961525e+00
132 88 9
2 1 4157 -55.2500 87.4440 4 4305 -103.9590 120.6910
-3.5432853749e-01 8.4256308703e-01 -6.2684156976e+00
73 65 3
2 1 4163 -34.9600 82.3660 4 4009 -82.2660 116.4650
-6.1726989428e-01 5.5765340418e-01 -6.2827715989e+00
14 13 0
2 1 4175 -60.4670 54.3860 4 4024 -107.3310 86.1300
1.0922680495e+01 2.0184563560e+00 -2.3934877783e+01
121 110 23
2 1 4181 279.0900 51.7790 4 3656 233.4090 33.2410
-6.1439746134e-01 4.7925451943e-01 -6.3558040543e+00
10 24 2
2 1 4185 -60.0030 46.1980 4 4029 -105.2350 76.6520
-4.0757364006e-01 -2.5121330848e-01 -5.9177193514e+00
15 28 0
2 1 4234 -42.9110 -26.0120 4 4353 -83.0150 10.1470
5.6406318258e+00 -8.1203813657e-01 -1.4083213894e+01
215 202 76
2 1 4237 245.0570 -35.2660 4 4086 211.0420 -37.6460
2.0117482091e+00 -6.0493125376e-01 -9.9827037318e+00
63 68 1
2 1 4239 122.7210 -37.0530 4 3714 91.1140 -31.3750
-7.9026788765e-01 -9.3184597993e-01 -6.2529007238e+00
16 36 2
2 1 4266 -77.5740 -91.3210 4 4103 -116.7840 -67.9040
-1.0673785071e+00 -1.3219412812e+00 -6.4594390408e+00
25 48 6
2 1 4298 -101.5410 -125.4150 4 4148 -140.2280 -110.1190
2.1587863011e+00 -2.2053449278e+00 -9.1426410115e+00
166 175 82
2 1 4312 145.2500 -147.8790 4 4170 122.1980 -139.3470
2.3421686638e+00 -2.2385246927e+00 -8.8838908857e+00
202 208 110
2 1 4319 161.1200 -154.3430 4 4173 141.1720 -142.9990
1.6582909958e+00 -2.3685733809e+00 -8.5775825712e+00
162 172 83
2 1 4330 118.1790 -169.1750 4 4198 98.1830 -160.3560
1.9662443347e+00 -2.5671060975e+00 -8.3559835950e+00
181 189 93
2 1 4347 143.4230 -188.1540 4 3858 127.2290 -176.6210
1.2760512955e+01 -1.6727512837e+01 5.6348090826e+01
75 71 1
2 1 4409 -139.1370 181.8866 4 4319 -185.3220 97.3520
4.7658594815e-01 1.6096928088e+00 -6.0857158987e+00
35 12 10
2 1 4414 47.7080 162.0928 4 4469 -3.1700 203.4423
-4.9807570309e+00 -1.1191716940e-01 -1.2736973768e+01
247 223 91
2 1 4472 -240.3219 -5.4680 4 4368 -290.2869 -39.5690
5.7196828840e+00 -4.2545468907e-01 -1.5235739028e+01
226 206 78
2 1 4482 229.6680 -17.0490 4 4364 193.8550 -23.7130
-2.2265797677e-01 -3.6721062597e-01 -6.0198802232e+00
20 37 1
2 1 4489 -22.4710 -37.3810 4 4510 -62.1570 -2.2210
-3.9790708962e+00 -1.1613333298e+00 -1.0289527182e+01
237 217 86
2 1 4503 -236.5782 -69.1130 4 4133 -288.0295 -96.1720
-7.6032094655e-01 -7.1376387206e-01 -6.1180956782e+00
15 32 0
2 1 4505 -76.8290 -71.5020 4 4372 -116.2990 -44.2440
-6.7207658525e-01 -7.4522312803e-01 -6.2594752717e+00
15 31 2
2 1 4507 -65.7230 -72.9520 4 4373 -105.5340 -47.3270
1.9811867861e+00 -1.1542393372e+00 -9.0222163369e+00
3 4 7
2 1 4514 134.6100 -78.3990 4 4384 105.5370 -66.6210
1.5297653830e+01 -1.5052034879e+01 4.2882379684e+01
93 113 60
2 1 4584 -219.3690 215.0127 4 4488 -266.4507 121.3760
6.8275973613e-01 1.4080010863e+00 -6.4450212327e+00
67 67 4
2 1 4602 64.4690 133.8940 4 4639 16.5140 170.6728
-3.2393168539e-01 1.0848507440e+00 -6.2568984032e+00
64 60 5
2 1 4609 -32.1330 106.2470 4 4484 -80.7420 140.9188
-3.5518978989e-01 6.8991151880e-01 -6.2800643502e+00
71 68 7
2 1 4621 -34.6850 67.3170 4 4490 -81.5560 100.9790
-3.5518978989e-01 6.8991151880e-01 -6.2800643502e+00
71 68 7
2 1 4622 -34.6850 67.3170 4 4491 -81.5560 100.9790
-3.5518978989e-01 6.8991151880e-01 -6.2800643502e+00
71 68 7
2 1 4623 -34.6850 67.3170 4 4492 -81.5560 100.9790
-6.3758872482e-01 6.5083979557e-01 -6.2956459301e+00
143 100 7
2 1 4626 -62.0910 63.3470 4 4493 -110.0480 94.9590
1.1537251832e+00 6.4459874568e-01 -7.1009707885e+00
63 64 0
2 1 4629 100.0890 55.5800 4 4595 57.3230 85.8440
-3.4527896944e+00 -6.7015329475e-01 -1.1845483928e+01
230 213 83
2 1 4640 -177.9320 -34.6100 4 4524 -225.0162 -62.1700
-3.8333209873e+00 -6.7196202328e-01 -1.1395126742e+01
188 163 34
2 1 4641 -206.8050 -36.2020 4 4382 -253.7294 -63.7790
-3.8333209873e+00 -6.7196202328e-01 -1.1395126742e+01
188 163 34
2 1 4642 -206.8050 -36.2020 4 4383 -253.7294 -63.7790
6.0730014894e+00 -9.1226374939e-01 -1.3862269372e+01
184 153 30
2 1 4644 267.6790 -40.1760 4 4521 234.5030 -40.2940
1.1650886259e+00 -1.7261754690e+00 -8.4164936729e+00
76 82 12
2 1 4669 85.0520 -125.6940 4 4539 58.7110 -115.6520
-2.9598757109e+00 -1.9018884061e+00 -8.1608443753e+00
235 236 142
2 1 4672 -222.1919 -142.7990 4 4550 -271.1741 -160.1310
1.8520472333e+00 -2.2094451110e+00 -9.0907201961e+00
127 135 60
2 1 4675 124.9000 -148.9360 4 4543 102.4030 -141.9650
1.6630799769e+01 -1.3383165482e+01 4.7567674691e+01
82 97 42
2 1 4707 -214.5660 172.3709 4 4597 -261.1484 81.5520
1.6762043899e+01 -1.3893005334e+01 5.8676474028e+01
62 74 8
2 1 4708 -174.7680 145.1070 4 4599 -221.0427 59.6120
2.1720144220e+01 -1.4270551194e+01 6.2302993081e+01
107 122 67
2 1 4710 -214.2230 140.2975 4 4496 -259.5224 53.1750
-4.5188999938e-01 1.0730823702e+00 -6.2810809811e+00
57 25 0
2 1 4714 -44.4280 104.6870 4 4585 -93.5490 138.2390
8.2213068234e+00 1.0098362849e-01 -1.7812000291e+01
210 186 59
2 1 4725 282.3070 3.5770 4 4511 242.4620 -5.1180
-2.8576150370e+00 -1.1046034061e+00 -1.0316929160e+01
239 243 146
2 1 4734 -169.1110 -65.5580 4 4532 -214.9240 -86.7440
-8.8761531749e-01 -1.3880264615e+00 -6.3895462960e+00
29 51 13
2 1 4743 -84.8840 -133.1070 4 4617 -122.6890 -116.1160
1.4218121171e-01 -2.8332773164e+00 -7.5646435390e+00
165 171 98
2 1 4757 12.1200 -229.5300 4 4673 -10.3870 -227.5740
1.5351983667e+01 -1.7385150359e+01 5.8473643009e+01
78 78 3
2 1 4761 -160.6830 182.1977 4 4644 -208.1920 96.6400
1.5351983667e+01 -1.7385150359e+01 5.8473643009e+01
78 78 3
2 1 4762 -160.6830 182.1977 4 4645 -208.1920 96.6400
1.8804279053e+01 -1.4201096691e+01 5.6951610052e+01
45 60 5
2 1 4767 -202.2830 152.7990 4 4648 -248.8965 65.1550
-2.6911059800e-01 9.4321552388e-01 -6.2693322332e+00
58 57 0
2 1 4775 -26.1910 92.1890 4 4641 -74.6510 126.8530
-5.3982843244e-01 5.2337553757e-01 -6.3052823205e+00
6 12 0
2 1 4777 -52.4950 50.8630 4 4646 -99.1420 82.6330
-4.0448409934e-01 -8.8090607407e-01 -6.2200548797e+00
16 33 0
2 1 4781 -39.4530 -86.7830 4 4661 -77.0390 -59.4120
3.1584379436e+00 -2.1298961056e+00 -9.5231025531e+00
226 229 126
2 1 4787 203.2940 -137.0590 4 4618 181.0130 -125.4040
1.6278281956e+00 -2.5325587988e+00 -8.3718971973e+00
166 176 87
2 1 4794 119.4510 -185.4000 4 4668 99.9200 -175.9870
-3.1805479654e-01 -1.8689403192e+00 -7.0296056841e+00
84 86 21
2 1 4823 -26.9000 -162.9230 4 4716 -58.3050 -152.0810
1.5191040868e-02 -2.6034765484e+00 -7.5412811826e+00
34 49 8
2 1 4826 2.6740 -211.5900 4 4718 -23.6880 -208.4940
1.2830825736e+00 8.6272041991e-01 -7.3195590213e+00
56 54 2
2 1 4836 107.7310 72.1960 4 4709 64.0060 100.2620
-1.1527157240e+00 -2.2357736743e+00 -6.9499290766e+00
26 38 0
2 1 4855 -100.0070 -197.0600 4 4739 -137.4520 -196.2270
-8.4719099487e-01 -1.8376631839e+00 -7.1770580676e+00
45 61 19
2 1 4870 -72.5490 -156.9010 4 4749 -105.9690 -151.3560
