# Bundle file v0.3
20 639
0 0 0
0 0 0
0 0 0
0 0 0
0 0 0
6.4273046805e+02 -3.7184690379e-02 -2.7181913852e-02
9.9840046608e-01 2.0920669692e-03 -5.6498960911e-02
-5.5784421779e-03 9.9808409893e-01 -6.1619903064e-02
5.6261801527e-02 6.1836516125e-02 9.9649930003e-01
-2.3799528826e-01 -5.9921331470e-01 4.5924031473e+00
0 0 0
0 0 0
0 0 0
0 0 0
0 0 0
0 0 0
0 0 0
0 0 0
0 0 0
0 0 0
6.3728231491e+02 -3.3310661131e-02 1.1830255432e-02
9.9733317890e-01 -7.2914270291e-02 3.1685106714e-03
7.2479469642e-02 9.9460870762e-01 7.4163638014e-02
-8.5590158519e-03 -7.3736204886e-02 9.9724105177e-01
3.6084249050e-02 7.5929722735e-01 4.7756888221e+00
0 0 0
0 0 0
0 0 0
0 0 0
0 0 0
6.4129859096e+02 -4.4601458947e-02 5.3036156384e-02
9.6189936137e-01 -1.6054280224e-01 2.2130437693e-01
1.9368912808e-01 9.7142790460e-01 -1.3715811251e-01
-1.9296149943e-01 1.7479655264e-01 9.6551127643e-01
2.7305527420e+00 -1.2001784800e+00 4.4486672808e+00
0 0 0
0 0 0
0 0 0
0 0 0
0 0 0
6.3350181712e+02 1.7351756989e-02 -1.1922637370e-01
9.0761726058e-01 -2.6699655329e-01 3.2395022584e-01
2.3784140723e-01 9.6292950192e-01 1.2727230391e-01
-3.4592249609e-01 -3.8465762239e-02 9.3747427263e-01
3.4504696334e+00 1.2798135313e+00 3.8661381556e+00
0 0 0
0 0 0
0 0 0
0 0 0
0 0 0
0 0 0
0 0 0
0 0 0
0 0 0
0 0 0
0 0 0
0 0 0
0 0 0
0 0 0
0 0 0
0 0 0
0 0 0
0 0 0
0 0 0
0 0 0
6.3473136108e+02 -2.7446256408e-02 2.4258802610e-02
9.7843971875e-01 -1.6188577808e-01 1.2825253072e-01
1.5214152505e-01 9.8490908116e-01 8.2504898030e-02
-1.3967345180e-01 -6.1213533609e-02 9.8830371352e-01
1.1621596678e+00 8.4091075150e-01 4.4829418752e+00
0 0 0
0 0 0
0 0 0
0 0 0
0 0 0
0 0 0
0 0 0
0 0 0
0 0 0
0 0 0
0 0 0
0 0 0
0 0 0
0 0 0
0 0 0
6.3064835210e+02 -1.0772286253e-02 -9.2402385416e-03
8.3453208362e-01 -3.0384752133e-01 4.5960078894e-01
2.7496346538e-01 9.5256018704e-01 1.3047675182e-01
-4.7744245111e-01 1.7486390059e-02 8.7848900508e-01
4.6318644252e+00 1.3706400750e+00 3.3690644895e+00
6.3517404994e+02 -1.6547223468e-02 -4.0536963759e-02
9.2804250317e-01 -2.2371090283e-01 2.9780957720e-01
1.9968494498e-01 9.7375524212e-01 1.0920920834e-01
-3.1442492755e-01 -4.1882698040e-02 9.4835795169e-01
2.7305434348e+00 1.0983962829e+00 4.1347150431e+00
0 0 0
0 0 0
0 0 0
0 0 0
0 0 0
-2.8384834453e-01 1.0420179469e+00 -8.2686109086e+00
191 128 0
4 1 220 -9.0600 169.4142 4 131 -62.6070 208.1202 13 156 -58.9410 194.6927 18 1791 -39.5550 199.7604
-3.9851659177e-01 9.9961195732e-01 -8.2722752748e+00
168 104 10
3 1 244 -29.5560 161.5043 4 172 -82.3520 199.1125 13 192 -77.2770 185.3525
-3.9916863990e-01 9.2982000278e-01 -8.2567690298e+00
134 88 0
6 1 289 -30.1630 148.9600 4 223 -82.4230 186.9253 18 1844 -53.8390 179.4778 6 2122 72.5060 148.4805 8 239 27.5930 173.2213 17 1788 37.8070 183.9413
-4.1612757462e-01 9.0533872210e-01 -8.2761236236e+00
123 77 0
5 1 303 -32.2840 144.9494 4 246 -84.7190 181.9092 13 233 -78.1440 168.5192 18 1862 -56.0470 174.4263 8 258 25.0180 167.5104
-5.1681608199e-01 5.2089129926e-01 -8.4219995384e+00
82 52 0
2 1 562 -46.9950 74.8550 4 495 -94.5220 107.0560
-2.2760201253e+00 6.9086054045e-01 -1.2542022175e+01
193 171 30
2 1 578 -144.4260 70.2760 4 790 -190.2360 28.7520
2.6765730281e+00 6.5293742561e-02 -1.2618467887e+01
206 181 60
2 1 789 256.4560 18.6790 4 895 215.8490 6.6700
-2.3726856592e+00 -2.3602153574e-01 -1.0649462089e+01
207 187 57
4 1 891 -208.2770 -17.2940 4 1098 -255.8249 -47.5790 6 2567 -220.3960 -50.8020 8 1217 -250.4061 -103.5480
-2.3726856592e+00 -2.3602153574e-01 -1.0649462089e+01
207 187 57
4 1 892 -208.2770 -17.2940 4 1099 -255.8249 -47.5790 6 2568 -220.3960 -50.8020 8 1218 -250.4061 -103.5480
1.7332653070e+00 -3.6869371233e-01 -1.1511242723e+01
226 213 110
2 1 933 201.4380 -25.1590 4 1043 166.8720 -31.8800
1.9333165305e+00 -4.0027595752e-01 -1.1483682246e+01
201 189 70
3 1 950 221.2340 -28.8540 4 1046 186.9650 -33.5770 13 2169 146.1690 -17.9520
-2.1558592247e+00 -3.5109179277e-01 -1.0502656123e+01
233 214 83
3 1 960 -191.8710 -31.1330 4 1138 -237.3866 -58.4390 13 1093 -253.8721 -79.5720
-2.0206573776e+00 -4.2820506089e-01 -1.0433931530e+01
218 210 83
2 1 996 -179.0260 -40.0840 4 1175 -225.7865 -66.7850
-2.2777174583e+00 -4.7583931509e-01 -1.0230545094e+01
238 210 84
2 1 1029 -214.7490 -47.8530 4 1196 -263.5258 -75.2370
1.5375563946e+00 -5.6156591257e-01 -1.1032309022e+01
219 225 139
2 1 1035 193.4530 -49.2450 4 1116 161.6910 -51.9080
8.1927227401e-01 -5.8084133920e-01 -9.6945195593e+00
28 36 20
3 1 1139 142.7150 -74.1240 4 2404 113.1990 -61.9430 13 1013 100.1000 -50.6750
8.1927227401e-01 -5.8084133920e-01 -9.6945195593e+00
28 36 20
3 1 1140 142.7150 -74.1240 4 2405 113.1990 -61.9430 13 1014 100.1000 -50.6750
-1.6046018851e-02 9.6881045589e-01 -8.2819790428e+00
64 73 17
2 1 1904 37.9390 156.3511 4 1845 -13.2270 197.9445
-6.3508252783e-01 8.2273442560e-01 -8.4470844861e+00
166 101 0
2 1 1990 -65.5370 125.6160 4 1922 -117.9940 155.2416
-4.8928527490e-01 7.8947915862e-01 -8.3570038142e+00
72 44 0
2 1 1997 -43.5530 122.0610 4 320 -94.4040 156.4608
-5.5304820317e-01 6.2142470121e-01 -8.3868430236e+00
110 66 0
5 1 2077 -54.2190 92.1160 4 1971 -102.6910 125.5200 13 1883 -93.1040 114.0810 18 1966 -72.5280 116.9640 8 447 10.6700 112.4840
-2.4155552928e+00 7.3879712088e-01 -1.2641628136e+01
209 199 79
2 1 2119 -152.7120 73.7070 4 782 -199.6450 30.7750
-2.2717628430e+00 7.2034637747e-01 -1.2477699889e+01
238 219 87
3 1 2120 -145.2850 73.4640 4 2175 -192.4160 31.0020 13 2097 -231.3960 14.9510
-5.1121679114e-01 4.6242853299e-01 -8.4552873898e+00
56 37 0
4 1 2136 -45.3160 65.1920 4 2991 -92.4540 95.7050 13 2809 -82.1210 86.3660 18 530 -61.7910 88.3470
-2.2687817458e+00 5.7836904472e-01 -1.2332696866e+01
233 216 66
2 1 2146 -147.9640 61.8220 4 822 -194.9130 21.4540
-5.1746663444e-01 2.6230321097e-01 -8.4901079694e+00
38 43 9
3 1 2223 -45.7570 31.3510 4 3052 -90.2050 60.2020 13 2860 -78.1820 53.0900
2.7880553620e+00 1.6331382285e-01 -1.2896927755e+01
194 175 54
3 1 2233 257.9630 27.2460 4 2217 216.2120 12.8090 13 2900 161.8420 26.6110
-1.9393102762e+00 1.6560644515e-01 -1.1588176173e+01
205 186 47
4 1 2234 -137.0810 27.0400 4 2277 -183.7330 -7.6750 18 3241 -258.8520 -40.2810 8 3485 -210.7450 -49.2310
1.7300646549e+00 -3.3647662420e-01 -1.1519504496e+01
80 61 0
2 1 2366 200.6770 -22.0210 4 2339 166.4170 -28.8760
1.9716812867e+00 -3.8441865400e-01 -1.1481678495e+01
229 210 89
2 1 2382 224.7850 -27.0640 4 1042 190.3050 -31.6320
1.4994866685e+00 -6.0287199178e-01 -1.0959229815e+01
208 214 133
2 1 2437 191.4050 -54.4400 4 1131 159.9470 -56.5430
9.3878203353e-01 -5.0059242553e-01 -9.7302859389e+00
7 25 1
2 1 2459 158.4740 -63.7510 4 2375 125.9790 -50.9370
1.0099949786e+00 -9.5227101007e-01 -1.0222208388e+01
141 152 76
3 1 2552 154.2060 -105.8330 4 2498 127.9910 -103.6750 13 1129 110.5910 -87.4740
9.3579345108e-01 -1.2024868827e+00 -9.7880920435e+00
181 191 94
2 1 2655 154.6620 -148.4080 4 2597 132.1880 -141.8150
-1.0817923099e+00 -1.0998598267e+00 -8.6546766286e+00
214 221 141
2 1 2724 -127.9930 -177.9820 4 2668 -166.6540 -177.7220
2.2959998292e+00 1.9342569765e+00 -1.2792217247e+01
118 129 71
2 1 2936 223.9870 169.8799 4 2904 167.3920 148.1622
-2.4159704664e-01 9.6173399327e-01 -8.2466481866e+00
80 51 0
6 1 2953 -2.0850 155.6786 4 1849 -54.2260 195.9481 13 1759 -49.5780 183.6156 18 1820 -29.0480 188.6826 6 2101 101.0560 158.8477 8 205 50.2090 182.5872
2.9940272229e-02 9.3304721794e-01 -8.2715629010e+00
27 43 0
2 1 2963 46.2920 150.2981 4 2858 -4.7300 193.0318
-3.8122631332e-01 8.9762889814e-01 -8.2735925009e+00
80 52 0
3 1 2971 -26.0930 143.3247 4 2869 -78.5910 181.4138 13 1786 -71.5540 168.8262
-4.4531129254e-01 8.5661006648e-01 -8.3040716783e+00
73 46 0
3 1 2986 -36.9720 135.0650 4 2876 -88.6180 171.7523 13 1806 -81.5100 158.8876
-5.3200166345e-01 6.6165417211e-01 -8.3656639412e+00
92 47 0
3 1 3054 -50.5910 99.6760 4 2919 -100.3900 133.4320 13 2731 -90.9780 122.0030
-5.2187343349e-01 5.7876683064e-01 -8.3973915419e+00
90 50 0
2 1 3068 -48.4640 84.9830 4 2940 -96.5830 117.9560
-5.0950855131e-01 5.7086360991e-01 -8.4510789422e+00
112 80 23
2 1 3071 -44.6830 83.0220 4 3575 -93.5190 114.3560
-4.9572681708e-01 5.4465422900e-01 -8.4574422756e+00
58 30 0
3 1 3078 -42.6700 78.9260 4 3579 -90.7320 109.8580 13 3365 -81.3750 99.4020
-5.6457143115e-01 4.3049615192e-01 -8.4193994985e+00
88 63 12
6 1 3118 -54.8210 59.4390 4 3598 -101.8950 91.5050 13 2813 -90.2860 81.3720 18 3048 -68.0290 83.6050 6 2356 46.1080 47.7760 8 1954 15.8130 80.3400
-7.5018031371e-01 4.2536675582e-01 -8.4585369097e+00
36 40 4
3 1 3119 -84.3200 58.0220 4 3011 -132.7760 86.8150 13 2826 -121.6260 74.7210
2.7835965371e+00 1.5004052821e-01 -1.2731214180e+01
120 102 3
2 1 3163 262.2060 25.7550 4 2218 220.5760 13.2460
2.8495564902e+00 3.3098883623e-02 -1.2676710211e+01
192 169 50
2 1 3184 269.4050 16.0720 4 2242 227.6950 4.7220
-1.8687570734e+00 -1.0050309475e-01 -1.1097068787e+01
226 211 69
2 1 3208 -143.6060 -0.4930 4 3174 -188.5520 -30.3650
-2.1715417098e+00 -3.2215689886e-01 -1.0541034375e+01
160 141 10
4 1 3248 -191.7380 -27.3450 4 2383 -238.2941 -55.6260 13 3045 -254.7533 -76.3620 6 3420 -195.1220 -58.0660
-2.1749638265e+00 -3.2374718240e-01 -1.0551057559e+01
160 141 10
7 1 3249 -191.7380 -27.3450 4 2384 -238.2941 -55.6260 13 3046 -254.7533 -76.3620 18 3307 -287.8018 -98.3150 6 3421 -195.1220 -58.0660 8 3087 -223.4995 -107.4650 17 3099 -249.9960 -118.0100
1.5086595328e+00 -5.3914370153e-01 -1.1014712591e+01
89 95 19
2 1 3274 190.5730 -47.1620 4 2370 159.4190 -49.8410
8.2085708716e-01 -4.6408045552e-01 -9.8436417596e+00
225 237 173
2 1 3293 140.2590 -56.7980 4 3727 108.8180 -47.3360
1.4414738550e+00 -6.3477746424e-01 -1.0858340968e+01
225 231 152
2 1 3296 187.4700 -59.1500 4 3221 157.1780 -60.5280
1.0501293042e+00 -9.3916941723e-01 -1.0193857145e+01
173 183 99
2 1 3362 159.5810 -105.2580 4 3279 133.3260 -101.9640
-1.1096491140e+00 -1.0647629341e+00 -8.7551411030e+00
63 72 6
3 1 3475 -127.9030 -167.9740 4 2651 -167.4180 -168.8130 13 2501 -140.3790 -175.9050
-2.8911383123e-01 9.7788123473e-01 -8.2342635966e+00
136 89 0
4 1 3657 -10.8360 158.6283 4 2848 -63.3200 199.2156 13 2667 -57.1220 186.7756 18 2895 -37.0700 191.4029
-2.1502549191e-01 9.4004766944e-01 -8.2532533374e+00
67 60 13
2 1 3659 2.9860 151.8012 4 3512 -49.4470 192.3640
-4.4415414362e-01 8.0363198610e-01 -8.3200503242e+00
59 50 3
4 1 3680 -36.3850 126.2230 4 2894 -88.7990 160.4410 13 3327 -78.5090 149.9370 8 2740 22.8000 147.7006
-5.3436406366e-01 7.3449607270e-01 -8.3201912269e+00
117 73 9
2 1 3693 -52.4060 113.1810 4 3546 -102.5130 148.4596
-2.2856566384e+00 6.3450325988e-01 -1.2355378762e+01
206 185 42
6 1 3742 -149.6270 66.0080 4 3090 -195.6510 25.1220 13 2925 -234.1872 8.2570 18 3739 -294.7354 -8.5070 6 4295 -212.3280 62.0740 8 3829 -254.6136 -19.5950
-6.7226970246e-01 4.1972388605e-01 -8.4279399472e+00
31 20 0
6 1 3748 -72.7440 57.4120 4 4022 -120.2370 87.7110 13 3814 -107.8810 76.6860 18 4082 -86.5010 78.3760 6 4314 27.6660 42.8150 17 3842 12.0250 82.8150
-2.6605244384e+00 2.4127354107e-01 -1.1531392544e+01
228 206 69
2 1 3763 -204.0250 33.4000 4 3134 -252.1497 -4.6050
-2.5370837097e+00 2.0696893123e-01 -1.1502316114e+01
222 196 57
4 1 3768 -194.2990 30.5480 4 3137 -240.9404 -6.6120 13 3473 -273.0515 -27.8720 6 4628 -238.4348 8.4020
-1.3517809946e-01 1.5727373781e-01 -8.2878760834e+00
29 40 1
2 1 3784 16.2930 12.1550 4 3638 -24.3820 53.0420
8.8415036581e-01 -1.1262464530e+00 -9.7806701758e+00
162 173 81
3 1 3938 147.8160 -139.2090 4 3819 125.6050 -132.5460 13 3564 115.6130 -113.8210
-1.0135430424e+00 -9.2530486088e-01 -8.6793519386e+00
40 58 10
2 1 3958 -116.4640 -150.8160 4 3825 -156.5100 -146.6680
1.0416418378e+00 -1.2048926396e+00 -9.7407000960e+00
201 208 105
2 1 3960 168.2560 -150.5040 4 4174 147.9840 -141.9820
-3.6185658705e-01 9.8572880701e-01 -8.2629560696e+00
218 164 26
4 1 4098 -22.7700 159.2354 4 2850 -76.1200 197.7162 13 2673 -70.8120 184.2228 18 3556 -50.0910 189.6407
3.3427567598e-02 8.7318087737e-01 -8.2887346256e+00
23 40 4
2 1 4102 47.2050 139.0420 4 3964 -3.7160 181.5622
-5.7193142279e-01 7.4444968221e-01 -8.3059887804e+00
119 66 0
3 1 4125 -59.1640 114.9420 4 3987 -109.5470 150.5930 13 3771 -100.3910 137.7050
-5.9346399774e-01 6.7331680637e-01 -8.3391250002e+00
124 71 1
3 1 4141 -61.8160 102.0360 4 3996 -112.0420 135.4980 13 3775 -101.8510 124.4000
-4.7988133000e-01 6.0379965703e-01 -8.4266904140e+00
52 26 0
3 1 4155 -40.4290 88.8110 4 4008 -89.0360 121.4320 13 3779 -80.8620 110.9510
-5.5934485217e-01 5.9162100342e-01 -8.3752450736e+00
132 88 9
2 1 4157 -55.2500 87.4440 4 4305 -103.9590 120.6910
-4.4390709121e-01 5.6691054146e-01 -8.4118559239e+00
73 65 3
6 1 4163 -34.9600 82.3660 4 4009 -82.2660 116.4650 13 3783 -74.0370 106.8840 18 4348 -52.8340 109.4540 6 4599 64.4370 76.4690 8 3759 27.2000 105.9700
-5.9597177922e-01 4.0109897487e-01 -8.4076486528e+00
14 13 0
3 1 4175 -60.4670 54.3860 4 4024 -107.3310 86.1300 13 3815 -95.2160 76.1450
3.3441150709e+00 4.9304150582e-01 -1.3704703427e+01
121 110 23
3 1 4181 279.0900 51.7790 4 3656 233.4090 33.2410 13 3415 172.0120 47.2010
-5.9396273973e-01 3.5191325498e-01 -8.4373890465e+00
10 24 2
2 1 4185 -60.0030 46.1980 4 4029 -105.2350 76.6520
-4.6795937730e-01 -5.9594365960e-02 -8.2461233160e+00
15 28 0
2 1 4234 -42.9110 -26.0120 4 4353 -83.0150 10.1470
2.1654544591e+00 -4.6293366783e-01 -1.1420755899e+01
215 202 76
2 1 4237 245.0570 -35.2660 4 4086 211.0420 -37.6460
7.0924111045e-01 -3.2559549921e-01 -1.0017691743e+01
63 68 1
2 1 4239 122.7210 -37.0530 4 3714 91.1140 -31.3750
-6.9797609021e-01 -4.6791739798e-01 -8.3878373298e+00
16 36 2
2 1 4266 -77.5740 -91.3210 4 4103 -116.7840 -67.9040
-8.6041068218e-01 -6.9793568590e-01 -8.4644655498e+00
25 48 6
2 1 4298 -101.5410 -125.4150 4 4148 -140.2280 -110.1190
8.3154559364e-01 -1.1517006506e+00 -9.6312585679e+00
166 175 82
3 1 4312 145.2500 -147.8790 4 4170 122.1980 -139.3470 13 3568 115.3060 -119.5250
9.5847587593e-01 -1.1935736220e+00 -9.6130884361e+00
202 208 110
3 1 4319 161.1200 -154.3430 4 4173 141.1720 -142.9990 13 3571 131.5590 -122.8680
5.9888490774e-01 -1.2484071462e+00 -9.3870389282e+00
162 172 83
2 1 4330 118.1790 -169.1750 4 4198 98.1830 -160.3560
7.7475554820e-01 -1.3558502465e+00 -9.2867760166e+00
181 189 93
2 1 4347 143.4230 -188.1540 4 3858 127.2290 -176.6210
4.0838368654e-02 1.0035292370e+00 -8.2992543859e+00
35 12 10
2 1 4414 47.7080 162.0928 4 4469 -3.1700 203.4423
-2.7454683468e+00 -1.3991418406e-01 -1.0768973146e+01
247 223 91
3 1 4472 -240.3219 -5.4680 4 4368 -290.2869 -39.5690 6 4914 -266.3570 -47.0880
2.0990938888e+00 -3.0067698920e-01 -1.1746239938e+01
226 206 78
2 1 4482 229.6680 -17.0490 4 4364 193.8550 -23.7130
-3.6307354801e-01 -1.3104023728e-01 -8.3178054653e+00
20 37 1
3 1 4489 -22.4710 -37.3810 4 4510 -62.1570 -2.2210 13 4131 -41.4110 -5.3160
-2.3850523209e+00 -6.2862076256e-01 -9.9915234451e+00
237 217 86
3 1 4503 -236.5782 -69.1130 4 4133 -288.0295 -96.1720 13 4178 -295.8671 -121.4550
-6.7923737649e-01 -3.3772511267e-01 -8.3284641761e+00
15 32 0
2 1 4505 -76.8290 -71.5020 4 4372 -116.2990 -44.2440
-6.2891374638e-01 -3.5804805523e-01 -8.3983335114e+00
15 31 2
2 1 4507 -65.7230 -72.9520 4 4373 -105.5340 -47.3270
7.4773515677e-01 -6.0418028429e-01 -9.6396383480e+00
3 4 7
2 1 4514 134.6100 -78.3990 4 4384 105.5370 -66.6210
1.4584386249e-01 8.7263145754e-01 -8.4897827303e+00
67 67 4
2 1 4602 64.4690 133.8940 4 4639 16.5140 170.6728
-4.2001060215e-01 6.9489376079e-01 -8.3709765339e+00
64 60 5
7 1 4609 -32.1330 106.2470 4 4484 -80.7420 140.9188 13 4255 -72.6670 128.9610 18 4515 -52.3910 132.8060 6 4889 67.9380 100.6950 8 4246 28.3810 127.9380 17 4098 36.6810 138.4650
-4.4103660967e-01 4.7837908867e-01 -8.4118446946e+00
71 68 7
5 1 4621 -34.6850 67.3170 4 4490 -81.5560 100.9790 13 4265 -70.8640 91.4540 18 4524 -49.2960 95.2130 6 4794 67.3620 61.8200
-4.4168526526e-01 4.7473710477e-01 -8.4033265460e+00
71 68 7
3 1 4622 -34.6850 67.3170 4 4491 -81.5560 100.9790 13 4266 -70.8640 91.4540
-4.4227009364e-01 4.7568462302e-01 -8.4045092670e+00
71 68 7
2 1 4623 -34.6850 67.3170 4 4492 -81.5560 100.9790
-6.0676346279e-01 4.5265361683e-01 -8.4077468985e+00
143 100 7
7 1 4626 -62.0910 63.3470 4 4493 -110.0480 94.9590 13 4267 -97.9540 84.4400 18 4528 -75.8400 86.4700 6 4798 39.5110 50.2480 8 4257 9.1350 83.1880 17 4294 20.6750 91.3000
3.8858986843e-01 4.1815750218e-01 -8.8328502188e+00
63 64 0
2 1 4629 100.0890 55.5800 4 4595 57.3230 85.8440
-2.0249817403e+00 -3.8629823657e-01 -1.0477174670e+01
230 213 83
4 1 4640 -177.9320 -34.6100 4 4524 -225.0162 -62.1700 13 4300 -238.6986 -80.9380 18 4710 -267.6708 -101.5370
-2.2517391871e+00 -3.8093701590e-01 -1.0372101977e+01
188 163 34
5 1 4641 -206.8050 -36.2020 4 4382 -253.7294 -63.7790 13 4303 -268.6884 -86.2450 6 4918 -205.5800 -72.0010 17 4437 -255.7324 -127.9240
-2.2513181481e+00 -3.8151799601e-01 -1.0372472760e+01
188 163 34
6 1 4642 -206.8050 -36.2020 4 4383 -253.7294 -63.7790 13 4304 -268.6884 -86.2450 18 4665 -299.0288 -108.6380 6 4919 -205.5800 -72.0010 17 4438 -255.7324 -127.9240
2.3943983200e+00 -5.0635290401e-01 -1.1397553186e+01
184 153 30
3 1 4644 267.6790 -40.1760 4 4521 234.5030 -40.2940 13 4288 189.3320 -20.4100
3.4382470495e-01 -9.1283345389e-01 -9.3562592275e+00
76 82 12
3 1 4669 85.0520 -125.6940 4 4539 58.7110 -115.6520 13 4311 59.7710 -104.0760
-1.9064133467e+00 -1.0231025973e+00 -9.1331884063e+00
235 236 142
2 1 4672 -222.1919 -142.7990 4 4550 -271.1741 -160.1310
6.7775378567e-01 -1.1687634800e+00 -9.6387530906e+00
127 135 60
7 1 4675 124.9000 -148.9360 4 4543 102.4030 -141.9650 13 4180 97.1110 -125.4080 18 4433 91.4500 -117.3790 6 4832 176.7130 -108.3420 8 4143 149.1610 -108.4250 17 4196 130.3050 -95.0670
-4.9540318719e-01 6.7974813298e-01 -8.3834097206e+00
57 25 0
7 1 4714 -44.4280 104.6870 4 4585 -93.5490 138.2390 13 4359 -85.1010 125.9900 18 4634 -65.0650 128.5550 6 4963 54.1930 95.4660 8 4353 17.6230 121.1840 17 4375 26.9320 129.7310
2.9111364039e+00 -1.1163902389e-01 -1.2390728620e+01
210 186 59
3 1 4725 282.3070 3.5770 4 4511 242.4620 -5.1180 13 4123 190.0130 11.4580
-1.7901399579e+00 -5.9332243706e-01 -1.0006383934e+01
239 243 146
2 1 4734 -169.1110 -65.5580 4 4532 -214.9240 -86.7440
-7.5420400811e-01 -7.3412417081e-01 -8.4304887117e+00
29 51 13
3 1 4743 -84.8840 -133.1070 4 4617 -122.6890 -116.1160 13 4390 -92.3750 -118.3260
-1.8147805531e-01 -1.5189682333e+00 -8.8840251100e+00
165 171 98
2 1 4757 12.1200 -229.5300 4 4673 -10.3870 -227.5740
-3.9210581844e-01 6.1869700472e-01 -8.4035874091e+00
58 57 0
7 1 4775 -26.1910 92.1890 4 4641 -74.6510 126.8530 13 4421 -66.3270 116.4750 18 4700 -46.4520 119.5060 6 4964 72.6900 87.7290 8 4354 33.5160 115.4970 17 4376 42.0230 124.0210
-5.4994005725e-01 3.7925109862e-01 -8.4150516901e+00
6 12 0
2 1 4777 -52.4950 50.8630 4 4646 -99.1420 82.6330
-4.7119188677e-01 -4.3679644923e-01 -8.3854208780e+00
16 33 0
2 1 4781 -39.4530 -86.7830 4 4661 -77.0390 -59.4120
1.3506994369e+00 -1.1229397468e+00 -9.8984797631e+00
226 229 126
4 1 4787 203.2940 -137.0590 4 4618 181.0130 -125.4040 13 4386 162.4720 -101.7360 18 4573 144.4480 -90.4600
5.9245242416e-01 -1.3377033562e+00 -9.2877301095e+00
166 176 87
2 1 4794 119.4510 -185.4000 4 4668 99.9200 -175.9870
-4.3872535977e-01 -1.0219612443e+00 -8.7762225335e+00
84 86 21
3 1 4823 -26.9000 -162.9230 4 4716 -58.3050 -152.0810 13 4467 -35.5120 -150.1800
-2.5275359361e-01 -1.3867491979e+00 -8.8493233227e+00
34 49 8
6 1 4826 2.6740 -211.5900 4 4718 -23.6880 -208.4940 13 4471 -0.2460 -198.7580 18 4758 25.7140 -195.5950 8 4466 107.2880 -183.6570 17 4493 113.9010 -170.9300
4.4880385979e-01 5.3013492233e-01 -8.9284776281e+00
56 54 2
2 1 4836 107.7310 72.1960 4 4709 64.0060 100.2620
-9.0357204051e-01 -1.2157703121e+00 -8.6356105065e+00
26 38 0
2 1 4855 -100.0070 -197.0600 4 4739 -137.4520 -196.2270
-7.3457043114e-01 -9.8832898897e-01 -8.7729980721e+00
45 61 19
2 1 4870 -72.5490 -156.9010 4 4749 -105.9690 -151.3560
-2.5788140511e-01 9.7182504300e-01 -8.2416414413e+00
116 83 5
2 1 256 -5.0430 157.9044 13 193 -52.2510 185.3132
-3.3563572144e-01 9.4190071257e-01 -8.2515229574e+00
121 80 6
5 1 271 -17.7340 152.5898 13 1771 -67.0870 176.6150 18 1834 -44.9170 182.4467 6 304 85.4680 152.9395 8 224 37.7600 177.2564
-4.8559194717e-01 9.1592369648e-01 -8.3079665393e+00
122 66 4
2 1 301 -44.0520 145.4350 13 236 -89.8280 167.6775
-5.3062903763e-01 7.8024385285e-01 -8.3353844936e+00
105 61 9
2 1 388 -51.1630 120.7930 13 312 -93.9670 142.9636
-5.0496382162e-01 7.7168379353e-01 -8.3395102638e+00
90 58 6
3 1 394 -46.6360 119.0130 13 314 -89.1780 141.4730 18 334 -68.8240 146.3865
-2.1125403071e+00 1.0756880866e+00 -1.3282595546e+01
229 227 123
3 1 474 -117.7790 96.0320 13 702 -209.4760 35.9810 6 3189 -197.7360 103.6900
2.2990852839e-01 5.9209887633e-01 -8.7548133799e+00
70 71 4
2 1 526 76.4560 83.5160 13 427 25.4360 110.1010
-2.6560467582e+00 5.1524188738e-01 -1.2172040118e+01
215 203 86
2 1 626 -184.2410 56.9630 13 2149 -270.1149 -5.3240
-2.0232491462e+00 -4.7609645437e-01 -1.0212792517e+01
231 220 104
2 1 1033 -188.1360 -48.4230 13 1154 -244.5298 -92.9360
7.2814775310e-01 -1.2107883172e+00 -9.5726083604e+00
161 171 85
2 1 1427 132.2730 -157.2760 13 1297 106.3880 -130.2700
-4.3413392983e-01 9.1460561169e-01 -8.2866476435e+00
153 106 22
2 1 1931 -35.5330 145.9290 13 1782 -81.0060 169.7027
-2.6319217768e+00 -1.0327060877e-02 -1.1012140003e+01
253 233 100
2 1 2283 -219.9340 8.3360 13 2243 -295.4949 -50.1810
-2.6319217768e+00 -1.0327060877e-02 -1.1012140003e+01
253 233 100
2 1 2284 -219.9340 8.3360 13 2244 -295.4949 -50.1810
7.0417946810e-01 -1.1518632170e-01 -9.5121652118e+00
66 74 23
2 1 2354 132.4170 -17.3780 13 2120 82.3910 6.2520
6.4580914585e-01 -1.5143000355e-01 -9.4169086920e+00
69 70 2
2 1 2370 126.7820 -23.7470 13 2134 78.5550 1.9790
-2.3704239730e+00 -7.2703294425e-01 -9.6436821712e+00
235 212 89
3 1 2504 -252.6718 -87.2200 13 2430 -308.1023 -139.9660 8 2530 -237.8814 -177.0890
-8.0541254201e-01 -1.4010098308e+00 -8.7670294843e+00
66 73 28
2 1 2828 -82.3550 -217.0480 13 2595 -82.9560 -220.0500
-7.1421051950e-01 -1.4145559665e+00 -8.7998866111e+00
73 82 29
2 1 2830 -68.1830 -217.2980 13 3219 -68.1830 -218.1110
-5.5291960988e-01 8.3139015911e-01 -8.3740116913e+00
121 73 0
2 1 2994 -54.6210 129.2600 13 2701 -98.2990 148.4463
-3.2148629056e-01 4.7926112946e-01 -8.3830517995e+00
50 53 6
2 1 3104 -15.2360 68.8050 13 1922 -50.2200 95.2760
-3.6163366690e-01 -8.6065656051e-02 -8.3628027996e+00
13 29 3
2 1 3251 -21.4930 -28.7450 13 2945 -42.7800 1.9970
-3.5744952360e-01 8.3563383037e-01 -8.3499475377e+00
50 47 2
2 1 3679 -21.2530 130.5820 13 3318 -65.9570 154.5543
3.2019371969e-01 6.6164462073e-01 -8.8564008951e+00
55 53 3
2 1 3718 88.9330 93.7300 13 2744 34.7630 117.4210
-5.7894041471e-01 -3.0752733506e-01 -8.4268095685e+00
13 29 2
2 1 3858 -56.8610 -63.7700 13 3489 -73.5700 -41.6530
9.5250491893e-01 -1.1438279592e+00 -9.7244381799e+00
190 196 96
2 1 3950 158.0910 -143.9380 13 3566 125.3810 -114.7460
-1.0301591236e+00 -1.1124374741e+00 -8.8134466555e+00
50 68 26
2 1 3977 -114.6710 -171.7430 13 3167 -125.0620 -179.7170
-5.1831351819e-01 6.2799168207e-01 -8.4151571992e+00
107 71 3
2 1 4149 -47.2540 93.1270 13 3778 -87.7810 114.5160
-6.3901426161e-01 4.9459246703e-01 -8.4095840631e+00
116 72 2
4 1 4171 -66.4150 69.7230 13 3802 -105.6890 90.5950 18 4354 -83.3110 92.8810 17 3834 14.4840 96.8080
-5.9124835633e-01 3.5056817336e-01 -8.4004913546e+00
10 24 2
2 1 4186 -60.0030 46.1980 13 3820 -92.6900 67.8940
-6.1580835134e-01 6.0995885100e-02 -8.5083861509e+00
4 15 1
2 1 4216 -60.3540 -2.3340 13 3849 -90.0990 17.8690
-4.3376399267e-01 -2.1613363889e-01 -8.3072693972e+00
17 33 2
2 1 4242 -34.5730 -52.1570 13 3868 -51.1940 -21.1960
5.2909644049e-01 -4.5451870395e-01 -9.4183292218e+00
77 76 10
2 1 4251 110.0650 -63.7230 13 3488 70.9970 -39.4730
-9.4947324025e-01 -9.9543426505e-01 -8.6281863714e+00
44 62 22
2 1 4326 -109.2610 -163.6950 13 4197 -116.6820 -164.0070
-3.8032671186e-01 1.6816096358e-01 -8.5416457773e+00
18 28 0
2 1 4464 -22.2110 16.0310 13 4113 -53.7130 39.3990
-5.1199411719e-01 9.9528074056e-02 -8.6297031192e+00
47 55 6
2 1 4634 -42.2930 6.0870 13 4280 -72.9170 23.3080
-2.3282989624e+00 -3.0138905738e-01 -1.0548290922e+01
244 223 95
6 1 4637 -208.0070 -25.2300 13 4299 -272.3666 -76.5660 18 4574 -307.0995 -99.3850 6 4916 -215.1620 -60.4600 8 4383 -243.3296 -110.0190 17 4436 -272.0479 -122.3570
-2.7668118732e-01 -1.0048584452e-01 -8.3166058973e+00
18 31 0
2 1 4639 -7.2500 -32.4910 13 4285 -27.8450 2.6930
-1.0655886554e+00 -5.0870847593e-01 -8.8908511500e+00
231 236 136
2 1 4655 -118.2730 -81.0130 13 4306 -143.6990 -85.7000
-5.8763305668e-01 -4.6939485248e-01 -8.3563416001e+00
21 41 3
2 1 4659 -59.5090 -93.1700 13 4297 -71.0160 -69.0760
-4.7525514296e-01 3.4617910350e-01 -8.4727074457e+00
51 58 2
6 1 4720 -38.6750 45.4820 13 4364 -73.0260 68.9930 18 4643 -52.8380 70.9210 6 4900 61.4740 36.0150 8 4360 29.1820 67.9690 17 4380 38.7200 74.6820
-4.7520204580e-01 1.8813115484e-01 -8.5249220621e+00
52 60 3
2 1 4814 -37.8750 19.1860 13 4457 -69.5320 40.8310
3.2994602497e-01 -3.9944227711e-01 -9.3639196160e+00
84 86 13
2 1 4842 83.3080 -56.6930 13 4482 46.8190 -36.8040
8.0194367010e-01 -5.2672154232e-01 -9.3225893709e+00
1 6 0
2 1 4851 148.7920 -75.8240 13 4483 110.4010 -42.9300
-2.0775937938e-01 9.8517375591e-01 -8.2539793047e+00
106 82 12
2 4 170 -48.4760 200.2017 13 179 -44.2890 187.8070
-3.8900134897e-01 9.1434079678e-01 -8.2641551851e+00
119 82 7
2 4 227 -80.0430 184.8494 13 223 -73.2530 171.9732
-4.8875311052e-01 6.5524459685e-01 -8.4256616445e+00
71 42 2
2 4 410 -91.1020 130.0960 13 387 -83.5090 119.0200
-2.5543919409e+00 4.0069959828e-01 -1.1713140206e+01
232 216 99
2 4 883 -236.5995 9.4760 13 883 -271.5069 -11.0980
2.1866962803e+00 -4.6888044954e-01 -1.1590398881e+01
215 203 82
2 4 1066 207.8090 -38.5600 13 935 165.2730 -21.0940
-2.2442205468e+00 -3.7131822330e-01 -1.0295927486e+01
194 170 46
2 4 1160 -256.9695 -62.6170 13 2320 -270.6324 -84.2320
-2.2963854656e+00 -5.0741370925e-01 -1.0137902249e+01
235 214 87
3 4 1213 -269.9818 -79.6960 13 1201 -280.5051 -103.0600 18 3352 -306.9214 -127.7490
-6.6211950212e-01 -1.4081312992e+00 -8.7503264655e+00
84 92 32
2 4 1721 -90.7300 -221.0720 13 1578 -60.3260 -217.2070
-1.0462201007e+00 -1.3810267393e+00 -8.6940339223e+00
167 169 82
2 4 1729 -156.4230 -223.7920 13 1618 -122.7910 -227.2610
-1.0475549830e-02 1.0160167607e+00 -8.2776076139e+00
97 80 2
3 4 1830 -13.3430 206.2594 13 155 -12.5130 194.9830 8 166 78.7370 194.0531
-1.7452228917e-01 9.8991740124e-01 -8.2262511564e+00
154 125 38
2 4 1836 -42.8830 203.3531 13 1743 -38.4840 191.0627
-3.7579757907e-01 1.0049809109e+00 -8.2731458919e+00
147 89 0
2 4 1843 -78.4870 200.1059 13 1752 -73.4030 186.6881
-5.6039656687e-01 4.6967199002e-01 -8.4258069201e+00
100 65 0
3 4 2032 -101.4330 98.3450 13 1942 -90.9140 87.0330 18 526 -69.1810 89.4560
-2.1411878181e+00 7.9642610409e-01 -1.2571668389e+01
236 217 94
2 4 2159 -179.0190 37.2330 13 2908 -220.0538 22.1360
-2.1049217062e+00 4.5164595184e-03 -1.1238258737e+01
215 196 65
2 4 2311 -207.8500 -21.8920 13 983 -233.7775 -40.2940
-2.5369834229e-01 -1.4426823645e+00 -8.8439866455e+00
65 70 15
2 4 2776 -22.5550 -217.7060 13 2569 2.0370 -206.5380
-3.6321961285e-01 9.8788509731e-01 -8.2691865456e+00
220 170 41
2 4 2849 -76.1200 197.7162 13 2672 -70.8120 184.2228
-5.5964306987e-01 6.6414546964e-01 -8.3668759292e+00
122 73 4
3 4 2916 -105.1630 133.6410 13 2730 -95.5730 121.9370 18 1954 -74.5920 124.6810
-5.8359901082e-01 5.4394005399e-01 -8.3838023779e+00
131 83 13
4 4 2948 -107.6400 111.5500 13 2776 -96.5590 100.6030 18 3014 -74.4450 103.7580 8 1918 9.7770 99.3670
-6.2901008118e-01 5.2687610328e-01 -8.3879901401e+00
130 78 9
2 4 2961 -115.2310 107.7470 13 1919 -103.8180 97.0250
-7.0967482138e-01 5.2424688835e-01 -8.4163809871e+00
122 73 0
2 4 2964 -128.3300 105.2340 13 2787 -117.1610 93.5210
-5.3500529600e-01 4.8645845489e-01 -8.4038125685e+00
91 58 0
2 4 2970 -97.9290 101.4290 13 1930 -86.9270 91.7840
-6.3238438125e-01 3.7477234397e-01 -8.3553788380e+00
17 30 4
2 4 3017 -115.2660 83.1510 13 2828 -100.6580 72.3410
-4.7740687778e-01 -1.6720282413e-01 -8.3255843400e+00
8 26 2
2 4 3143 -82.4150 -10.7780 13 2971 -59.8010 -14.3450
-1.9104993883e+00 -1.4458263675e-01 -1.1313752678e+01
232 218 85
2 4 3184 -185.8070 -34.7790 13 3496 -210.2920 -52.5110
6.5464517275e-01 -1.0613572095e+00 -9.6589494901e+00
96 107 45
2 4 3329 97.7960 -128.1210 13 3092 91.6610 -112.5070
-7.3989998512e-01 -1.3789543835e+00 -8.9111163924e+00
52 60 13
2 4 3452 -99.8080 -210.2250 13 3208 -73.6380 -208.9450
-3.9321511963e-01 -1.4293321890e+00 -8.9713916489e+00
86 94 35
2 4 3457 -43.8320 -211.7180 13 3199 -21.1120 -204.2910
1.6629529338e-01 8.4174140012e-01 -8.2697022830e+00
80 76 11
2 4 3526 20.5810 179.1607 13 3306 21.5280 170.2534
-6.9821088175e-01 5.9958344439e-01 -8.4123950884e+00
138 84 0
2 4 3568 -127.1990 118.5770 13 3784 -117.1490 106.0910
-3.9923926645e-01 4.8661832143e-01 -8.4254295843e+00
70 71 14
2 4 3585 -73.8000 102.5420 13 3372 -64.4220 93.7320
-7.0596509082e-01 4.6287533207e-01 -8.4353009779e+00
125 85 8
4 4 3595 -126.4940 93.8540 13 3382 -114.8790 82.6750 18 4078 -93.4910 84.5720 17 3840 4.1990 88.3620
2.4719812947e+00 -4.9834655780e-02 -1.2517876821e+01
216 198 70
2 4 3691 202.7190 -3.3030 13 2923 152.7210 10.4660
-2.4670750114e+00 -1.5910986291e-01 -1.0807291067e+01
238 220 94
2 4 3722 -259.8603 -39.9910 13 3505 -282.3609 -63.2840
-6.5969768136e-01 -4.2410343604e-01 -8.4188740396e+00
10 28 3
2 4 3735 -109.7060 -59.6990 13 3506 -84.3390 -63.1440
-6.2636793892e-01 -4.9397274951e-01 -8.3753983064e+00
27 45 17
2 4 3743 -104.2630 -72.3180 13 3523 -76.8160 -73.9290
-1.5482039165e-01 -1.3730000625e+00 -8.8668923438e+00
159 169 98
2 4 3893 -7.4470 -204.0020 13 3653 14.5890 -192.4340
-3.1220558326e-04 8.9093993027e-01 -8.2346673593e+00
26 44 4
2 4 3958 -10.0020 188.0892 13 3298 -6.5910 177.0492
-1.1928272471e-01 7.7580322977e-01 -8.1250786567e+00
29 47 7
2 4 3973 -30.9790 173.5444 13 3760 -21.6730 161.5275
2.4526106957e+00 -6.0659211077e-01 -1.1346039339e+01
247 235 128
2 4 4094 242.4310 -49.6260 13 3476 198.3920 -28.5330
-2.0845136333e+00 -7.0701913351e-01 -9.8566225598e+00
248 247 155
2 4 4140 -257.0878 -104.9150 13 3919 -260.0719 -126.5550
-3.6937997882e-01 -9.1367736860e-01 -8.7238733077e+00
89 91 18
2 4 4162 -48.4180 -136.1240 13 3923 -26.8040 -131.0820
-1.7161557246e-01 -1.3287172948e+00 -8.8799661736e+00
38 50 0
5 4 4235 -10.4930 -197.0950 13 3977 10.3180 -185.4780 18 4466 34.1350 -182.0680 8 4178 112.9210 -170.6700 17 4232 116.5640 -158.3070
2.3219568683e+00 -3.5983059101e-01 -1.1784480632e+01
222 206 80
2 4 4365 213.2470 -27.9680 13 3863 168.0780 -10.9800
5.3885845853e-01 3.3864230287e-01 -9.1086242121e+00
59 59 0
2 4 4598 76.3250 67.3600 13 4272 64.0990 69.5260
2.7306595775e+00 -2.7466313165e-01 -1.2116484488e+01
190 155 25
2 4 4609 237.8820 -19.2760 13 4286 187.3170 -0.4130
-1.3449175200e+00 -3.0670957598e-01 -8.9272645869e+00
230 216 83
2 4 4750 -203.4520 -47.3970 13 4518 -191.3320 -61.6060
-4.0780990087e-01 9.4829695777e-01 -8.2790331547e+00
170 116 21
2 1 270 -31.1000 152.2993 18 1837 -56.8520 180.9921
-2.0744507471e+00 1.0278260456e+00 -1.3236433548e+01
214 202 73
2 1 485 -115.5660 92.8910 18 2203 -272.6364 19.4520
-6.8029539166e-01 2.0899993581e-01 -8.4491286179e+00
7 24 0
2 1 775 -72.8730 21.3900 18 703 -80.7190 42.8650
-2.2285521221e+00 -4.3089182028e-01 -1.0258147323e+01
239 211 85
3 1 1015 -209.5330 -44.0030 18 1315 -296.9528 -115.0430 6 1268 -201.6790 -78.7560
-3.8971204931e-01 9.1018478329e-01 -8.2473880268e+00
121 82 10
2 1 1932 -28.2950 146.0662 18 225 -51.3800 177.3846
-2.6082913899e-03 8.8375752887e-01 -8.2124623150e+00
16 37 0
2 1 3663 41.1990 142.2896 18 1833 14.0620 183.1835
-2.1685000723e+00 -3.0999684985e-02 -1.1151727200e+01
200 180 45
5 1 3789 -170.9040 7.2500 18 3790 -285.1339 -63.7380 6 4643 -196.4660 -13.3060 8 3879 -230.3117 -74.1810 17 4188 -267.4500 -83.4430
-1.9221448660e+00 -2.5426171373e-01 -1.0726056943e+01
234 218 77
3 1 3819 -160.7480 -18.7660 18 3810 -254.7290 -82.8070 6 4364 -166.4220 -39.0310
3.6571174725e-01 3.0562270803e-01 -8.9247156677e+00
65 66 0
2 1 4190 95.3010 38.0440 18 3073 48.8450 70.6050
-2.0677744437e+00 2.5302492757e-01 -1.1674845334e+01
231 214 72
2 1 4192 -147.7500 35.1220 18 4408 -272.9345 -34.9460
3.4092377015e-01 8.6141046672e-02 -9.0623233951e+00
78 80 7
2 1 4467 89.1630 6.9670 18 3707 46.1260 35.6050
-3.5776979006e-01 9.5964090604e-01 -8.2478687907e+00
151 106 0
4 4 1853 -75.7620 193.9802 18 2911 -46.5300 186.6037 8 2692 32.6420 178.9427 17 2718 42.5210 189.7291
-4.9440392933e-01 2.4245181090e-01 -8.5062895366e+00
38 48 0
3 4 2116 -85.9490 56.9140 18 2130 -52.7650 51.6200 17 540 38.4130 58.1010
-5.5834547398e-01 7.1386987500e-01 -8.3572385204e+00
109 64 0
2 4 2911 -105.6370 142.6156 18 1932 -75.9200 133.8970
-6.6122270075e-01 4.8313849151e-01 -8.4085779232e+00
115 66 0
2 4 3587 -119.7490 99.4600 18 3658 -86.0810 89.9730
-1.1544427722e+00 -1.1778734280e+00 -8.5924865995e+00
220 226 128
2 4 4740 -181.2030 -195.9190 18 4775 -112.1740 -212.4440
-5.6045638373e-01 6.9071530596e-01 -8.3600948441e+00
114 67 0
2 13 359 -96.5420 126.4110 18 398 -75.4800 129.7330
-1.4778950918e+00 6.0160718215e-01 -1.2655354031e+01
203 184 55
2 13 792 -161.7230 13.6370 18 2257 -217.0050 0.2510
-1.6439307471e+00 -6.6182120047e-02 -1.1218546746e+01
215 203 87
2 13 980 -186.3470 -39.4740 18 1107 -224.4417 -55.2380
-2.0246032492e+00 -4.5214429436e-01 -1.0351714158e+01
227 213 101
2 13 1134 -241.1062 -88.8280 18 1299 -267.6925 -110.4690
1.2633133371e-01 9.1817530702e-01 -8.3406386891e+00
70 66 14
2 13 1769 11.1550 177.6649 18 210 26.0570 182.2990
-1.3481741088e+00 2.9048261882e-01 -7.3387121284e+00
78 82 4
2 13 1954 -278.4787 78.5070 18 3666 -202.2740 80.0580
-1.4207883294e+00 1.1562282678e-01 -1.1603089759e+01
177 166 48
4 13 2174 -161.9360 -21.0010 18 3235 -203.5100 -33.3390 6 3879 -121.5610 22.5900 8 2996 -158.3630 -40.6940
-2.0256046840e+00 -5.1051198883e-01 -1.0228292104e+01
253 253 154
2 13 2339 -243.8635 -96.9520 18 2560 -267.9349 -118.3990
2.2427331010e-01 -1.1312878039e+00 -9.3747408292e+00
77 83 33
2 13 2418 48.4030 -134.9760 18 2580 53.1430 -130.7500
-2.1541217595e-01 9.4394747509e-01 -8.2589807518e+00
73 65 9
4 13 2680 -44.6410 180.3562 18 2915 -24.2520 185.4737 6 3130 105.0280 155.6429 8 2691 53.9180 179.2779
3.8326095726e+00 -1.6246899146e-01 -1.2435025329e+01
95 104 53
2 13 2915 253.7850 17.5270 18 2190 187.5250 25.4430
-1.6218313448e+00 4.4921196442e-01 -1.2238882040e+01
195 176 48
4 13 2942 -176.1180 2.6750 18 3743 -229.5656 -12.2800 8 3456 -188.5870 -19.6530 17 3896 -236.7679 -23.7330
-1.6241194950e+00 4.4654493890e-01 -1.2248212186e+01
195 176 48
3 13 2943 -176.1180 2.6750 18 3744 -229.5656 -12.2800 17 3897 -236.7679 -23.7330
-1.6685172295e+00 1.0967787925e+00 -1.3654783624e+01
244 228 93
3 13 3424 -171.7470 39.5280 18 4117 -237.8908 26.1970 8 3809 -209.5800 14.1960
-2.9786139300e-01 -1.5159541213e+00 -8.8618448250e+00
140 150 79
3 13 3680 -2.6650 -217.6100 18 3956 22.6550 -216.5180 8 3650 106.5090 -204.7860
-1.7077492653e+00 7.6876957410e-01 -1.2840274890e+01
233 215 87
4 13 3847 -180.3970 21.6120 18 4128 -238.9141 9.2930 8 3817 -205.5710 -1.3540 17 4147 -260.1785 -4.2220
-6.0799561390e-01 -5.3286618630e-01 -8.3776456877e+00
13 36 0
2 13 3894 -72.5880 -80.1610 18 4185 -36.9150 -81.0770
-3.9761081784e-01 -1.1341363306e+00 -8.8326618755e+00
59 62 5
2 13 3955 -27.0730 -163.7640 18 4244 -2.3670 -163.6960
-7.2479792430e-01 -3.9863285090e-01 -8.3899837970e+00
13 31 0
4 13 4153 -96.3440 -61.1650 18 4413 -62.0530 -62.4620 8 4121 30.5710 -58.2580 17 4177 50.2240 -51.9610
-5.5812359484e-01 3.9532160232e-01 -8.4580120718e+00
14 13 9
5 13 4363 -87.6800 74.4770 18 4642 -67.1520 76.7060 6 4898 47.3830 40.9820 8 4259 15.4550 73.7400 17 4115 25.3700 82.4930
-2.0332167356e+00 -1.2529778469e-01 -1.0913472499e+01
238 220 94
3 13 4380 -231.9950 -52.7430 18 4707 -270.2417 -71.4160 8 4428 -212.4840 -78.1370
-1.8112823584e+00 -6.2396343415e-01 -1.0077432989e+01
243 247 162
2 13 4388 -219.7905 -106.3660 18 4713 -237.2871 -128.2500
1.0660503459e+00 -1.4802196923e+00 -9.0028504452e+00
205 217 117
2 13 4401 182.4320 -169.6750 18 4678 185.4160 -150.3630
-2.5737312303e-01 -1.4966265548e+00 -8.6266142736e+00
174 186 104
2 13 4475 7.4660 -223.5500 18 4760 41.8010 -219.6580
-3.8660781808e-01 1.2409516604e+00 -8.6656211152e+00
234 178 9
2 1 159 -21.3110 188.2665 6 2032 42.6490 197.5879
-2.0397674912e-01 9.8431348908e-01 -8.2489996496e+00
110 79 10
2 1 248 4.6490 159.6189 6 272 106.5430 164.2578
4.9498793958e+00 6.4425292901e-01 -1.6241285060e+01
83 85 75
2 1 625 316.9170 57.2690 6 373 200.4320 138.0360
-6.6127024600e-01 2.2092295314e-01 -8.4312883878e+00
10 22 4
2 1 762 -70.6140 24.1670 8 681 9.9280 43.5610
-2.3830813669e+00 -2.0942911292e-01 -1.0701918126e+01
245 225 94
2 1 885 -206.9240 -13.3650 6 1129 -221.7425 -46.9860
-2.4144540430e+00 -5.9012478795e-01 -9.9179850848e+00
206 177 47
2 1 1096 -244.3264 -66.0950 6 2726 -226.3967 -117.6530
-2.8956942066e-01 -1.3673961145e+00 -8.8026597828e+00
37 50 10
2 1 1665 -4.7470 -212.0010 6 2940 108.9870 -207.8690
-1.7510987078e-01 9.9656853783e-01 -8.2419845822e+00
157 118 27
2 1 1887 9.7860 162.1640 6 3123 111.9160 167.5461
-2.6333158310e+00 -4.7783448298e-02 -1.1024414804e+01
229 209 78
2 1 2294 -219.4630 5.0080 8 3063 -284.0890 -90.8440
-2.6592105075e+00 7.8449810324e-02 -1.1214323984e+01
233 210 73
2 1 3777 -214.5240 18.4010 6 4641 -253.0982 -11.7490
-2.1668828119e+00 -2.9439638834e-02 -1.1147872521e+01
200 180 45
3 1 3788 -170.9040 7.2500 6 4642 -196.4660 -13.3060 8 3878 -230.3117 -74.1810
8.9885081846e-01 -1.2693316544e+00 -9.4553113877e+00
198 209 107
2 1 4549 156.4450 -170.2840 6 4415 214.5450 -120.1170
-2.6590379629e+00 -3.4866058854e-01 -1.0384431242e+01
248 224 92
3 1 4638 -248.9502 -30.8000 6 4981 -255.7555 -78.4850 8 4433 -286.8950 -129.5920
7.7891003905e-01 -3.3748337587e-01 -9.4714593861e+00
228 234 136
2 1 4649 143.3400 -50.0410 8 4369 140.3990 -5.3260
-3.7071388770e-01 -1.3723007785e+00 -8.7848423783e+00
85 92 43
2 1 4693 -16.8140 -212.9400 6 4734 98.5910 -213.4840
3.5986596333e+00 7.4419107481e-03 -1.2785124888e+01
195 182 71
2 4 2241 283.5410 6.2100 13 748 222.4070 24.9940
2.9155591219e+00 2.6494245621e-01 -1.3148413228e+01
168 147 40
2 4 3101 218.3780 19.6150 13 2891 162.0810 32.6680
2.8560930306e+00 3.0967356822e-01 -1.3155460383e+01
217 197 68
2 4 3661 213.4180 22.5170 13 2886 157.3610 35.1910
-3.2023632158e-01 9.4931621044e-01 -8.2368537095e+00
120 84 11
2 13 208 -63.1020 179.7715 6 298 87.9840 154.8899
-3.0150569771e-01 9.3972762000e-01 -8.2539427154e+00
90 64 0
3 13 210 -59.0120 178.6586 6 305 89.9760 152.4043 8 1778 41.7920 176.8412
8.3816344091e+00 1.9931856737e+00 -1.8295168011e+01
142 172 163
2 13 436 283.7150 108.7460 6 1988 282.1220 213.8857
-8.0521866753e-01 4.6021325112e-01 -8.5389946878e+00
38 51 4
2 13 546 -130.2050 76.8330 8 1976 -27.6490 72.2940
-1.7788737603e+00 -1.9184713065e-01 -1.0876156839e+01
217 205 88
3 13 1032 -205.0400 -55.5260 6 2525 -151.1410 -26.1940 8 1129 -181.4900 -78.4520
-2.5175542919e+00 -3.7697930343e-01 -1.0345033454e+01
187 172 43
2 13 1139 -301.7529 -90.0150 6 2635 -239.3456 -79.3310
8.4630384415e+00 2.0989548090e+00 -1.8464255657e+01
227 255 251
2 13 1891 282.0750 111.8820 6 3042 279.9340 217.5453
8.1408530798e+00 2.0410930786e+00 -1.8331021216e+01
128 161 140
3 13 1900 273.2170 108.6710 18 1988 174.6380 108.6590 6 1984 271.2940 214.3184
-2.2001511751e+00 7.8585191623e-02 -1.1208534028e+01
237 219 95
2 13 2200 -245.3243 -34.5270 8 2280 -236.7240 -63.7730
-2.6747552287e+00 -1.4205072733e-01 -1.0780063311e+01
244 232 96
3 13 2277 -306.7345 -64.7540 6 3940 -257.0572 -44.3310 8 3546 -289.6077 -102.8640
-2.3699441648e-01 -1.3693109233e+00 -8.8287535954e+00
40 54 18
2 13 2542 3.0240 -195.9790 8 2537 109.6830 -179.9200
-7.6292316518e-01 5.3043698423e-01 -8.4860348007e+00
135 90 0
2 13 2794 -125.6250 90.4280 6 3845 6.2250 60.6900
-1.6986589245e+00 -4.0479994129e-02 -1.1233256883e+01
236 217 96
2 13 3000 -191.6280 -37.7940 6 4341 -145.9440 -3.2700
-2.0773720018e+00 2.6039101033e-01 -1.1786878602e+01
234 214 91
2 13 3465 -222.5306 -17.4890 6 4619 -189.0410 26.2530
-1.6745240410e+00 7.9725543387e-02 -1.1497020063e+01
229 214 88
2 13 3472 -186.6270 -26.6690 6 4626 -145.9820 12.7930
9.3999173648e-01 -1.0896820796e+00 -9.8281008486e+00
185 197 110
2 13 3559 119.5200 -107.6150 6 3972 192.7590 -86.0890
-1.7098156493e+00 6.1222019788e-01 -1.2547205444e+01
216 197 69
2 13 3851 -182.7330 11.6090 6 4791 -157.7320 69.9420
-1.7597848363e+00 -1.3417172414e-01 -1.1068814416e+01
224 209 88
2 13 4378 -199.8150 -47.8290 8 4427 -182.3350 -73.0860
-6.0032195467e-01 1.9110045848e+00 -1.3057624669e+01
97 103 58
4 18 455 -166.5200 109.9270 6 2041 -86.4600 192.8697 8 1911 -141.4390 101.3240 17 1915 -198.3620 107.1910
-5.9918235487e-01 1.8172732393e+00 -1.3142302176e+01
13 21 0
3 18 490 -165.3610 101.1150 6 2058 -85.4220 184.0410 8 1932 -140.3440 92.9510
-1.2417212742e+00 1.1812734203e+00 -1.3727236170e+01
191 165 44
4 18 735 -205.3940 36.9910 6 443 -129.9020 121.4680 8 730 -179.1780 27.9410 17 2095 -239.5411 28.2950
-1.0141231142e+00 1.1129795869e+00 -1.3773949206e+01
215 186 68
2 18 748 -187.4610 34.8770 6 452 -111.4470 118.9320
-2.1709731469e+00 9.4404135776e-01 -1.3008994660e+01
197 182 80
4 18 838 -282.1266 13.3440 6 3206 -202.4110 91.9450 8 2147 -248.2631 1.6520 17 2172 -309.0340 -2.3950
-1.4920303449e+00 6.2494757688e-01 -1.2638088321e+01
228 195 79
2 18 895 -218.7480 2.4520 8 867 -183.2120 -6.9070
-1.1212628061e+00 4.2766672259e-01 -1.2334110006e+01
179 159 45
3 18 920 -182.4780 -5.1560 6 2324 -102.3210 61.6490 8 882 -145.1040 -12.3280
-1.1212628061e+00 4.2766672259e-01 -1.2334110006e+01
179 159 45
3 18 921 -182.4780 -5.1560 6 2325 -102.3210 61.6490 8 883 -145.1040 -12.3280
3.3465493033e+00 -6.4523727677e-01 -1.1401981275e+01
192 159 60
3 18 933 212.4600 -8.6410 8 2150 236.5490 -0.0650 17 711 181.4900 14.5670
3.0790232466e+00 -6.8952501606e-01 -1.1252210149e+01
191 161 63
2 18 968 202.5800 -15.9280 6 2413 295.9680 24.1240
-1.4823743057e+00 7.1311565337e-02 -1.1552996479e+01
191 168 55
2 18 1049 -209.6750 -38.9200 6 908 -126.0130 16.7090
2.7693422997e+00 -9.8492937417e-01 -1.0471624178e+01
240 219 121
3 18 1059 229.6400 -42.2990 8 955 261.2150 -31.5880 17 826 213.4600 -16.0430
3.8980020070e-01 -5.2746306323e-01 -9.2911040473e+00
88 84 13
2 18 1079 58.5820 -46.9340 6 3407 155.0130 -49.3780
-3.8113724823e-01 -1.4790512894e+00 -8.7878888710e+00
115 121 59
2 18 1655 14.2240 -216.6630 8 2578 98.9440 -205.6250
-2.9168061111e-01 -1.5079024513e+00 -8.7472740577e+00
157 159 89
2 18 1663 30.3490 -218.4130 8 1560 114.5760 -205.9750
-1.7740699050e-01 9.9433466217e-01 -8.2324674888e+00
160 126 36
3 18 1803 -18.7900 196.0313 8 1758 59.1790 189.8058 17 1762 66.6220 200.3831
-5.7334074522e-01 1.7988114123e+00 -1.3285471744e+01
134 142 104
2 18 2009 -163.8560 97.3900 8 1939 -138.9290 88.8110
-8.6611879812e-01 6.7131081236e-01 -8.8654473458e+00
151 113 42
2 18 2014 -135.9860 96.0140 8 2807 -58.7800 90.1200
-1.1807797872e+00 1.5327291355e+00 -1.4436796377e+01
250 228 109
4 18 2126 -205.2910 53.8250 6 2131 -131.7000 144.6641 8 2054 -184.3900 43.0100 17 2864 -249.2227 45.0290
-1.1954239343e+00 1.5174896107e+00 -1.4379987160e+01
255 233 113
4 18 2128 -207.7600 51.4210 6 2130 -131.7000 144.6641 8 2053 -184.3900 43.0100 17 2863 -249.2227 45.0290
3.8238349172e+00 -4.3615329057e-01 -1.1875420602e+01
225 189 92
3 18 2225 215.9020 10.9510 8 2914 236.9270 18.7150 17 2085 176.3240 32.4710
-9.0133863180e-01 5.1689828618e-01 -1.2534876570e+01
204 179 60
2 18 2242 -165.7940 4.3840 6 3232 -85.8170 73.4540
3.6295673184e+00 -6.4975419625e-01 -1.1579744712e+01
213 179 73
2 18 2269 222.4700 -6.1170 8 821 244.0380 3.5840
-2.4424083058e+00 6.7756650859e-01 -1.2441074480e+01
216 204 90
2 18 2272 -309.2647 -7.7380 8 2969 -270.0637 -21.3520
3.0379733644e+00 -7.5925882994e-01 -1.1133932007e+01
193 165 68
2 18 2310 207.5570 -21.4890 6 2435 300.0160 16.0660
2.9690744552e+00 -9.0838155564e-01 -1.0743455068e+01
189 162 62
3 18 2343 226.5250 -33.4770 8 2208 256.4830 -22.9620 17 792 205.1700 -6.1830
-2.1436994090e+00 5.2679448907e-03 -1.1127490246e+01
253 228 107
2 18 2405 -283.1100 -59.6340 8 2291 -228.5993 -69.4810
1.8043102112e-01 -6.8981665483e-01 -9.1916296075e+00
82 79 10
2 18 2438 43.6200 -74.4380 6 2638 136.6870 -80.2990
-2.1591868780e+00 -3.5632338689e-01 -1.0516154166e+01
236 211 85
3 18 2508 -285.8843 -101.5840 6 2591 -192.5860 -62.0460 17 3106 -245.9395 -121.6670
-1.8043932919e-01 1.0178325645e+00 -8.2430408269e+00
142 96 0
3 18 2885 -20.7110 199.2494 8 2680 57.0480 192.7140 17 2702 64.0230 203.2294
6.1978636016e-01 8.7182743747e-01 -8.5670965337e+00
43 50 15
2 18 2935 84.0400 171.3114 8 2704 144.2910 168.1168
1.4938491784e-01 4.7831811714e-01 -7.7777246025e+00
25 34 4
2 18 2965 86.8890 143.3524 6 647 227.1110 76.0840
-6.2252701359e-01 1.8763218545e+00 -1.3101889480e+01
28 36 0
2 18 3012 -167.9280 106.3640 6 3086 -88.3190 189.2914
-6.2459717506e-01 5.2492956679e-01 -8.3882004201e+00
128 79 0
2 18 3025 -80.8850 99.1630 8 2802 4.3470 94.7140
-7.6270339281e-01 5.3763959051e-01 -8.4722054226e+00
148 85 0
3 18 3036 -106.9070 93.3090 8 2811 -21.5890 88.6090 17 3403 -10.4980 97.5180
-2.0706552810e-01 9.0503348769e-02 -8.3489914423e+00
37 47 7
2 18 3124 5.4070 40.4780 8 690 86.9190 40.8510
4.2211161380e+00 -3.0972435470e-01 -1.2329934435e+01
144 116 36
2 18 3162 217.4470 20.8040 8 2903 233.5720 28.9830
-2.1385952673e+00 6.7289405550e-01 -1.2419973365e+01
242 216 93
2 18 3196 -280.2581 -3.0700 8 2961 -241.6147 -14.1120
8.8523645216e-01 -3.3752854743e-01 -9.2449609741e+00
28 32 5
2 18 3211 113.3620 -8.9050 8 2940 167.8330 -0.6570
-1.8962707843e+00 2.6755107185e-01 -1.1762321044e+01
255 229 110
3 18 3232 -254.7714 -30.4380 8 3471 -209.6150 -39.5560 17 3517 -253.3505 -44.6360
3.4539629753e+00 -1.1109504113e+00 -1.0570273154e+01
198 162 50
2 18 3242 277.0130 -40.8820 8 2216 303.6920 -27.5520
2.8156805999e+00 -1.1144745493e+00 -1.0384220847e+01
213 195 83
2 18 3260 241.5780 -54.3630 8 992 273.5380 -41.0340
-9.1179469102e-01 -5.9394399031e-01 -8.5159265127e+00
49 61 24
2 18 3317 -90.3610 -103.3910 6 4038 10.7320 -135.9770
8.3771222074e-01 -1.1562325925e+00 -9.6837939939e+00
180 178 89
2 18 3326 106.6520 -110.5190 6 3985 191.2070 -101.0760
-8.8997774948e-01 -9.4990424425e-01 -8.5153124555e+00
34 48 13
2 18 3400 -73.3250 -163.9170 8 3602 23.1110 -156.0100
4.6750585171e-01 -1.5194905074e+00 -8.8897026330e+00
193 194 101
2 18 3427 123.8310 -182.1410 6 4119 206.7980 -193.7970
-6.4571339605e-01 8.8707124694e-01 -8.4733025620e+00
206 127 0
4 18 3594 -99.7350 154.3707 6 4562 16.4190 129.2760 8 3734 -18.7330 147.2503 17 3787 -12.1890 156.5727
-6.8378470848e-01 8.4111731882e-01 -8.4673338298e+00
218 141 3
4 18 3604 -105.1030 145.9523 6 4259 12.7320 119.7740 8 3739 -23.0690 139.1740 17 3796 -14.6790 148.9234
-7.2293016366e-01 6.9893984793e-01 -8.4675733025e+00
176 104 4
2 18 3626 -106.7870 121.5590 6 3817 9.7120 92.6590
-1.4127577658e+00 1.1987388098e+00 -1.3786144205e+01
241 216 95
2 18 3706 -219.0170 35.5720 8 3424 -192.5990 25.1350
4.3409305135e+00 -3.3153556407e-01 -1.2228889039e+01
126 101 21
3 18 3719 229.2020 22.1340 8 3416 245.4150 30.2990 17 3441 182.1670 43.5670
-1.8686215080e+00 8.9148506802e-01 -1.3312334237e+01
253 227 106
2 18 3727 -252.4865 12.0660 8 3816 -221.3870 -0.9880
-1.8411149179e+00 7.5040602116e-01 -1.2717013563e+01
236 210 89
4 18 3729 -252.3949 5.3870 6 4283 -171.8120 80.1240 8 3818 -215.2680 -3.8510 17 3889 -271.2611 -7.5260
-1.3256928004e+00 2.9383233808e-01 -1.2066599630e+01
236 215 93
4 18 3747 -197.7610 -17.7390 6 4311 -117.3590 44.6880 8 3833 -157.9820 -25.9950 17 4160 -201.4810 -27.8890
3.6216045889e+00 -9.6608783159e-01 -1.0789243915e+01
191 153 46
3 18 3753 272.0250 -26.0930 8 3449 296.3270 -13.5520 17 3474 239.6350 2.8240
7.4895575320e-01 -5.9472026090e-01 -9.6061056667e+00
2 8 0
2 18 3772 85.5070 -46.5260 6 3933 178.8610 -39.7310
-2.0983536017e+00 6.7882109132e-02 -1.1357839610e+01
255 231 110
2 18 3778 -276.4650 -52.3400 6 4333 -189.7320 1.8260
5.5104904905e-01 -1.3970120952e+00 -9.1777003837e+00
184 183 93
2 18 3882 111.0650 -156.2720 6 4074 194.7360 -159.5220
-2.3930485136e-01 -1.4845984609e+00 -8.8416852503e+00
94 95 35
3 18 3946 31.7170 -209.1030 8 3637 113.7670 -196.9580 17 4021 119.5510 -185.1980
-9.9114852255e-01 -1.1949371198e+00 -8.5584738376e+00
38 52 14
2 18 3947 -82.3230 -210.1200 8 3971 16.2990 -200.5820
-7.0916678124e-01 8.0604266234e-01 -8.4833091558e+00
188 114 0
4 18 4040 -107.8050 139.2700 6 4576 7.7790 112.2140 8 3743 -25.7550 132.2710 17 4096 -17.8500 141.2977
-6.2277587699e-01 7.0778898825e-01 -8.3438205210e+00
164 104 2
2 18 4045 -86.1730 132.2090 8 4037 -1.1320 126.2580
-4.0032667521e-01 5.1517229154e-01 -8.4038560919e+00
52 45 0
2 18 4068 -44.0670 102.4920 8 3762 36.9710 99.4630
-7.0698971495e-01 5.3801893995e-01 -8.4374276148e+00
117 61 0
4 18 4069 -96.7370 96.5570 6 4294 17.8790 63.4360 8 3769 -11.2660 92.7330 17 3827 0.1370 100.0120
-1.0756017372e+00 1.1742814781e+00 -1.3704893137e+01
231 200 84
4 18 4107 -193.0910 38.6020 6 4565 -116.6980 123.2680 8 3795 -166.9650 30.0550 17 4135 -225.9338 31.8460
-1.1248969021e+00 1.0538214052e+00 -1.3527153194e+01
209 177 59
4 18 4111 -194.7700 31.3950 6 4573 -118.3240 113.8640 8 3803 -167.0500 22.8910 17 3875 -225.0141 24.2170
-1.6702844477e+00 1.0840073493e+00 -1.3602897663e+01
251 226 108
2 18 4116 -237.8908 26.1970 8 3808 -209.5800 14.1960
-1.1825626370e+00 8.6546795384e-01 -1.3155457734e+01
225 195 75
3 18 4120 -196.4040 20.8750 8 4091 -165.4150 12.9820 17 4142 -220.6887 12.4510
-1.9637596434e+00 6.2876765616e-01 -1.2499197865e+01
235 213 93
4 18 4138 -261.6622 -3.9900 6 4290 -181.6490 66.3620 8 3824 -224.8624 -15.0940 17 3892 -277.8980 -18.9050
-1.6751686615e+00 5.0507303535e-01 -1.2388910264e+01
253 222 105
4 18 4139 -234.2717 -8.2350 6 4296 -152.7970 60.0240 8 3826 -196.1370 -18.3820 17 4152 -245.0963 -21.7200
3.5484754320e+00 -6.6849894269e-01 -1.1558361299e+01
219 187 84
2 18 4142 218.6400 -9.2600 8 3435 240.6920 1.4740
-1.3804521455e+00 3.7467655238e-01 -1.2142810275e+01
226 204 82
4 18 4143 -203.9460 -12.2700 6 4610 -124.2190 51.0200 8 4106 -165.2490 -20.5500 17 4155 -210.7700 -22.4490
-5.2639748734e-01 -2.1986030258e-01 -8.3120860562e+00
23 32 4
2 18 4149 -32.7300 -23.2570 8 3827 57.4130 -19.0800
-2.3562715953e+00 1.3224917828e-01 -1.1400675087e+01
246 229 97
2 18 4161 -305.9737 -51.8660 6 4634 -218.4290 3.7270
-6.8705386324e-01 -4.7810884966e-01 -8.4532988325e+00
27 37 12
3 18 4178 -55.4870 -74.2990 8 3873 36.3520 -70.4060 17 3930 53.5860 -63.2670
-6.1477409437e-01 -5.8883740457e-01 -8.3888365338e+00
33 45 6
2 18 4196 -35.9730 -90.4090 6 4023 65.9700 -130.5010
7.7968150148e-01 -1.3520524981e+00 -9.2975523549e+00
196 193 100
3 18 4228 127.9970 -139.4450 6 4427 212.3140 -140.6610 8 4154 189.5880 -128.6780
-5.4368891917e-01 6.0344488295e-01 -8.3998936896e+00
126 83 3
3 18 4345 -70.8310 113.9890 8 3753 12.6010 109.5080 17 3379 22.4910 117.3850
-4.8112364536e-01 6.0164467006e-01 -8.4321872640e+00
49 23 0
3 18 4347 -61.4070 113.5110 6 4596 56.0390 81.9950 8 3754 19.5930 109.1550
-6.4325038542e-01 4.9395439957e-01 -8.3980488564e+00
118 70 4
4 18 4355 -83.3110 92.8810 6 4605 32.5490 57.0190 8 4055 2.3500 89.1690 17 3835 14.4840 96.8080
-6.4399143141e-01 4.9409044462e-01 -8.3947118964e+00
118 70 4
3 18 4356 -83.3110 92.8810 6 4606 32.5490 57.0190 8 4056 2.3500 89.1690
-5.1544899570e-01 4.6965032118e-01 -8.4312073800e+00
74 44 0
4 18 4357 -62.2630 91.5530 6 4607 53.8720 57.0760 8 4059 20.4640 86.9940 17 3837 30.6560 95.8960
-7.4777298116e-01 4.9674243431e-01 -8.4788535694e+00
144 89 0
4 18 4361 -102.6700 87.0920 6 4608 9.9480 54.7310 8 4064 -18.0380 82.6310 17 4110 -6.8070 90.5490
-7.7986884632e-01 4.6488124916e-01 -8.5167753508e+00
34 23 0
4 18 4365 -108.0350 79.6280 6 4612 4.1650 48.1390 8 4067 -23.2250 75.0600 17 4114 -13.0140 82.6440
-6.7635048361e-01 2.7490212486e-01 -8.4468357483e+00
31 48 16
4 18 4385 -82.0310 52.9290 6 4623 29.6380 17.4680 8 3787 5.1580 51.1010 17 3854 17.3170 58.4370
-6.7635048361e-01 2.7490212486e-01 -8.4468357483e+00
31 48 16
4 18 4386 -82.0310 52.9290 6 4624 29.6380 17.4680 8 3788 5.1580 51.1010 17 3855 17.3170 58.4370
-2.8631681096e-01 -1.0441758692e-01 -8.3570031295e+00
30 36 0
2 18 4396 0.4230 4.8160 6 4363 110.7280 -37.8240
-3.5993880982e-01 -1.2943147985e-01 -8.3323382505e+00
30 40 5
2 18 4399 -9.7390 -2.0370 8 3812 76.2070 1.9140
-4.2742148874e-01 -2.2127545220e-01 -8.3422997945e+00
29 39 4
4 18 4405 -17.6840 -21.0690 6 4377 91.3570 -63.3780 8 3453 69.7290 -16.3270 17 3484 85.5110 -6.4500
-7.2366084753e-01 -3.0225455127e-01 -8.3585856561e+00
33 46 14
2 18 4410 -64.8190 -45.8550 8 3845 28.4150 -41.6320
-6.9270474521e-01 -3.2790130474e-01 -8.3397636341e+00
18 28 1
2 18 4412 -57.8040 -49.0170 8 3848 35.5000 -44.2360
-8.1252705399e-01 -5.2243099435e-01 -8.4481519613e+00
21 32 0
2 18 4425 -74.6730 -87.3750 6 4691 28.8460 -124.0980
-7.2325381201e-01 -6.5471393653e-01 -8.4473498739e+00
29 47 9
2 18 4429 -54.3730 -105.3360 8 4140 39.0750 -101.2140
-2.1676101250e+00 -3.9816061824e-01 -1.0393471831e+01
239 214 89
4 18 4430 -287.4182 -107.6390 6 4668 -193.5200 -71.1530 8 4145 -220.3584 -115.6250 17 4341 -243.8414 -128.5520
-1.3043333077e+00 -1.0703944287e+00 -9.3235152117e+00
233 228 136
3 18 4465 -152.0150 -182.1770 8 4179 -66.4800 -179.9030 17 4350 -62.8000 -183.2880
-6.2387620328e-01 9.3566884667e-01 -8.4845800698e+00
228 149 4
4 18 4506 -98.5560 162.2930 6 4774 18.5960 139.0010 8 3729 -18.0660 154.3302 17 4092 -12.3090 164.1447
-6.5466276493e-01 8.2005758619e-01 -8.4431055310e+00
217 140 0
2 18 4510 -98.5100 145.1317 8 4243 -16.0840 137.5240
-5.8497357621e-01 -4.7616717295e-01 -8.3922769417e+00
34 48 12
4 18 4570 -36.2190 -69.4630 6 4833 68.3690 -110.1380 8 4285 55.0790 -65.3190 17 4178 73.0550 -57.2900
-5.4427997660e-01 -5.6280367655e-01 -8.4045584491e+00
30 38 1
2 18 4572 -26.4400 -83.0930 8 4287 63.9960 -76.8070
-7.8055039016e-01 -6.3249431958e-01 -8.4259705470e+00
1 15 0
2 18 4577 -63.2050 -104.8280 6 4840 37.1230 -142.3930
7.2714914463e-01 -1.4430312078e+00 -9.0558514833e+00
210 207 114
2 18 4587 141.4250 -158.0790 8 4303 205.2380 -142.8210
-5.9333513930e-01 2.5653330301e-01 -8.4304372595e+00
1 5 1
2 18 4645 -66.1110 53.5350 6 4908 45.1590 16.2010
-7.0301426988e-01 2.6633795681e-01 -8.4892999211e+00
30 50 15
4 18 4646 -87.5210 50.0800 6 4906 24.4720 15.5240 8 4361 -1.8200 47.2740 17 4385 10.4950 54.1600
-7.0354769620e-01 2.6669716232e-01 -8.4866605653e+00
30 50 15
3 18 4647 -87.5210 50.0800 6 4907 24.4720 15.5240 8 4362 -1.8200 47.2740
3.0826143715e+00 -7.0078816024e-01 -1.1124730062e+01
186 156 56
2 18 4654 209.7840 -15.5830 8 4370 235.9930 -6.6980
-4.7815137130e-01 -4.5694380530e-01 -8.4108893943e+00
24 34 0
2 18 4659 -20.0510 -61.8970 8 4376 68.4000 -57.3720
7.6768724333e-01 -7.8730721277e-01 -9.6226831687e+00
17 20 3
4 18 4661 91.4830 -68.9500 6 4917 182.1630 -61.0290 8 4283 146.3470 -61.7550 17 4322 126.3540 -49.1690
8.5697505857e-01 -1.1652488021e+00 -9.6122845827e+00
195 191 100
2 18 4667 112.5420 -111.6350 6 4923 198.2960 -104.0000
-1.3423926195e+00 5.5377468938e-01 -1.2763650587e+01
237 215 93
2 18 4705 -204.2980 -1.6900 8 4424 -169.7510 -11.1690
-5.4262292551e-01 4.7513633425e-01 -8.4336933805e+00
103 64 0
2 6 750 48.9330 57.1130 8 540 15.8290 87.6380
-2.2492662666e+00 -1.6629646641e-01 -1.0857690911e+01
247 213 89
2 6 1086 -204.8960 -35.0760 8 1167 -236.7946 -91.2240
-2.3725202454e+00 -2.6151009995e-01 -1.0629873924e+01
254 226 104
3 6 1159 -219.7093 -53.9030 8 1230 -249.7896 -106.5440 17 2391 -279.7302 -119.4170
-2.2100123168e+00 -4.0545201893e-01 -1.0315122753e+01
244 209 83
2 6 1249 -199.6880 -75.2540 8 1275 -225.5728 -119.6080
-9.3152085876e-01 -1.0139855531e+00 -9.4267358749e+00
100 98 38
2 6 1550 -11.6480 -147.7730 8 1385 -25.0850 -153.6080
-1.3418425648e-02 1.0003929299e+00 -8.2734562563e+00
96 78 21
2 6 2084 137.6280 171.6877 8 179 79.6030 191.6790
-6.5550902287e-01 1.8399333334e+00 -1.5261919351e+01
232 214 112
3 6 2089 -102.1960 165.9605 8 617 -159.1350 58.9810 17 2846 -226.3984 61.4670
-4.7464948878e-01 9.8487711822e-01 -8.4722581968e+00
207 124 0
2 6 2117 44.9730 152.3212 8 1810 1.3160 166.5422
-6.2042363318e-01 1.4959878579e+00 -1.4513506089e+01
214 177 62
3 6 2124 -92.0170 148.1469 8 661 -146.5510 47.9320 17 2037 -208.9660 50.6390
-3.7638328531e-01 9.2017788579e-01 -8.2765901396e+00
123 77 5
2 6 2126 75.4140 146.0555 8 246 30.1260 170.7767
-1.1615835615e+00 1.1559588316e+00 -1.3695905193e+01
237 200 70
2 6 2180 -122.7270 120.6990 8 732 -172.9090 27.5020
-5.1832329480e-01 9.5424080650e-01 -1.3545681846e+01
114 90 24
3 6 2197 -70.4040 113.6410 8 2090 -121.2260 25.6420 17 2097 -176.5280 28.1410
-1.2269602170e+00 6.3161100647e-01 -1.2686783923e+01
215 178 43
3 6 2285 -116.5700 78.7220 8 838 -161.6620 -1.5680 17 780 -211.6560 -1.8400
-1.4543180675e+00 6.5871592982e-01 -1.2638689961e+01
230 189 55
2 6 2287 -136.5790 77.5030 8 2160 -180.7410 -3.4060
-1.4086423580e+00 6.4125092200e-01 -1.2791091839e+01
214 175 40
3 6 2288 -132.5720 77.0650 8 2167 -177.4600 -4.6200 17 2924 -229.2162 -7.4190
-5.8502564460e-01 3.9084026427e-01 -1.2287558619e+01
205 163 27
2 6 2307 -54.8810 66.7260 8 2161 -98.4260 -4.0960
-1.7562902543e+00 5.8518544397e-01 -1.2386371751e+01
225 190 56
2 6 2314 -162.5500 65.8550 8 2189 -204.3640 -13.4460
-3.7379010837e-01 1.0568742221e-01 -8.1693446126e+00
35 39 6
2 6 2500 104.0870 -9.3360 8 2050 75.8780 43.6440
-2.3413992954e+00 -2.0535566730e-01 -1.0683094597e+01
199 168 41
2 6 2555 -216.9260 -45.4650 8 2350 -247.1688 -99.0670
-2.3413992954e+00 -2.0535566730e-01 -1.0683094597e+01
199 168 41
2 6 2556 -216.9260 -45.4650 8 2351 -247.1688 -99.0670
-1.2141904051e+00 1.9838661342e+00 -1.5360207403e+01
235 226 130
2 6 3121 -140.2710 169.2259 8 2016 -196.4940 58.9030
-6.6462977851e-01 7.3784892623e-01 -8.4294510505e+00
177 100 4
2 6 3193 19.8110 101.5840 8 1858 -13.0570 125.4650
-2.0935402152e+00 1.0322796433e+00 -1.3286900828e+01
215 187 68
2 6 3195 -195.5350 99.8200 8 2935 -242.9065 6.8430
-4.9893712161e-01 5.2481287093e-01 -8.4430734197e+00
63 33 0
2 6 3244 54.1810 67.6730 8 1927 20.0370 96.2430
-4.5463029827e-01 3.1497063013e-01 -1.2245003116e+01
198 160 28
2 6 3252 -41.2310 61.7390 8 2954 -86.1480 -7.0390
9.8694987199e-01 -2.7210805616e-01 -9.3569938698e+00
4 9 0
3 6 3326 218.4550 1.4730 8 2933 168.2480 7.9610 17 2886 146.5440 18.5570
-2.1450952643e-01 -1.4460653974e+00 -8.7860012969e+00
153 153 90
2 6 3662 122.1790 -216.5750 8 3633 118.6670 -191.5270
-1.2152949049e+00 1.1892792134e+00 -1.3650219132e+01
199 164 36
3 6 3796 -127.3240 122.9910 8 3420 -177.5130 28.8120 17 3873 -236.5134 30.9770
-8.4715774027e-01 8.4758445700e-01 -1.3258278563e+01
213 175 50
2 6 3812 -92.0600 101.7510 8 2920 -140.2890 15.7650
-9.7255998605e-01 5.6940998031e-01 -1.2629953172e+01
185 148 18
2 6 3827 -93.7450 77.0130 8 2942 -138.6280 -0.8930
-2.1599019855e+00 7.7103740278e-01 -1.2674106028e+01
230 193 60
3 6 3829 -201.0650 76.7040 8 3446 -244.5199 -8.8520 17 3496 -302.2836 -13.5740
3.3759470761e+00 -4.0432108933e-01 -1.1912326070e+01
191 155 43
2 6 3847 278.6340 57.0420 8 2121 207.6940 13.2600
3.4395195632e+00 -4.7688435888e-01 -1.1773140189e+01
194 153 39
2 6 3852 291.7100 51.2500 8 2130 219.0310 10.6660
3.6912457186e-01 2.1943015918e+00 -1.2992868038e+01
7 1 5
3 6 4198 -11.8690 228.6242 8 3347 -75.1510 135.7250 17 3363 -130.3880 143.5484
-5.8134765649e-01 9.4402943667e-01 -8.4613069704e+00
189 103 0
3 6 4250 27.5340 141.9445 8 3326 -11.4020 158.2327 17 3341 -5.0640 168.2971
-2.5250029349e+00 1.2749101984e-01 -1.1325936278e+01
241 206 76
2 6 4339 -237.3999 -1.3150 8 3868 -273.7475 -68.7340
-2.4676750469e+00 7.0942186719e-02 -1.1260610954e+01
236 201 73
2 6 4343 -230.2735 -7.1410 8 3504 -266.6965 -72.6600
-2.6352595716e+00 -3.2322292405e-03 -1.1052201328e+01
255 227 97
2 6 4353 -250.8815 -22.1310 8 3526 -285.5990 -85.6350
4.2581135500e-01 -1.3166217383e+00 -9.3559207747e+00
174 167 87
2 6 4430 165.8680 -144.8200 8 4158 147.9180 -136.6650
-4.6698759473e-01 9.3147539137e-01 -8.2859594118e+00
99 30 0
3 6 4548 58.0000 145.4334 8 4015 15.6690 169.4888 17 4086 25.7190 180.3327
-1.6559087039e+00 1.2384923936e+00 -1.3901947266e+01
245 213 78
2 6 4566 -161.7590 120.2670 8 3802 -211.7920 22.7020
-7.0312967461e-01 4.6801702873e-01 -8.4271527156e+00
130 81 4
2 6 4611 21.2320 50.5920 8 4066 -7.2700 81.6700
-1.6056697953e+00 1.7437387166e-01 -1.1656014288e+01
228 199 61
2 6 4620 -140.5810 25.3900 8 3844 -178.1980 -40.6180
-2.3527975956e+00 2.1661095703e-01 -1.1405962585e+01
236 203 72
2 6 4625 -220.4195 12.6870 8 3858 -255.8266 -55.1480
-1.0838311557e+00 7.2790953492e-01 -1.2857755613e+01
209 172 40
2 6 4787 -106.9780 88.9950 8 3811 -152.9520 6.9740
-1.4044702931e+00 -1.0805719866e+00 -9.2958138081e+00
238 232 138
2 6 4846 -72.5190 -179.2530 8 4313 -80.2160 -187.4480
-1.4002011493e+00 -9.2608749103e-01 -9.5810138151e+00
229 223 127
3 6 4931 -80.5850 -143.7350 8 4307 -93.1380 -161.4020 17 4406 -94.1970 -163.7640
-6.8927924222e-01 -2.8742185863e-01 -8.5967653488e+00
1 8 0
2 6 4979 36.5320 -73.9530 8 4374 18.0590 -40.8550
-2.4116252808e+00 -3.9877978329e-01 -1.0369207665e+01
251 220 98
3 6 4982 -224.3769 -78.3040 8 4431 -251.8029 -125.6740 17 4465 -277.2053 -140.4630
-4.5056129244e-02 -1.7068455271e+00 -9.1024961617e+00
190 181 102
2 6 5020 130.6660 -222.9640 8 4498 126.2960 -211.7090
-1.5544867344e+00 6.7644333448e-01 -1.2622812898e+01
214 170 37
2 6 5027 -145.4270 77.4410 8 4458 -189.8040 -3.7760
-2.4700676693e+00 -7.2055622251e-02 -1.1048032419e+01
254 226 101
2 6 5034 -229.9576 -26.0640 8 4481 -264.6503 -87.7900
-1.2545869784e+00 9.2860813286e+00 -3.7942646581e+01
57 69 27
2 1 71 13.2650 215.1711 18 445 -234.7857 114.3810
-3.6002775469e+00 1.0984616507e+01 -4.0255067033e+01
76 86 56
2 1 1762 -27.9050 234.4390 18 405 -284.8511 126.4920
-5.9494353630e-01 1.0695011093e+01 -4.1038317060e+01
0 6 0
2 1 1772 27.0420 225.9912 8 1880 -240.7651 112.9880
-3.2818803427e+00 1.0374174502e+01 -4.0389502290e+01
3 15 0
4 1 1776 -22.0760 223.0218 13 1864 -158.4640 128.1840 18 1969 -275.6294 115.4930 8 1909 -292.2376 101.5600
-3.1478488474e+00 1.0102905709e+01 -4.0587784794e+01
96 106 53
3 1 1786 -19.2990 216.8623 18 1984 -271.7046 109.9250 8 1926 -287.9620 96.0730
-7.0653235550e+00 4.9629153502e+00 -3.0368343207e+01
87 95 26
2 1 1905 -138.5200 155.8515 13 2018 -265.5539 54.4800
5.1326308360e+00 2.6051359245e+00 -1.8567875659e+01
223 214 109
2 1 1925 280.5090 147.2461 13 408 145.3240 114.0250
-6.7690393956e+00 4.4156829760e+00 -2.9688121928e+01
88 104 37
2 1 1934 -135.5750 144.8799 13 2044 -260.8384 44.6260
-6.4609845742e+00 3.7821814429e+00 -2.9096862073e+01
110 128 66
2 1 1975 -131.8400 129.7040 6 3770 -307.9034 153.4077
1.5236161867e+00 1.2020108289e+01 -4.5281385752e+01
106 122 75
3 1 2881 62.2690 228.1342 18 1938 -191.4170 129.9620 8 420 -208.9210 119.3990
-3.0932538203e+00 1.0407753984e+01 -4.0472321090e+01
131 141 104
4 1 2887 -18.4980 223.1331 13 1859 -154.9470 128.8510 18 2998 -271.9538 116.1710 8 2795 -288.4704 102.4570
-4.1922319415e+00 1.0098976308e+01 -4.0620194064e+01
84 100 51
3 1 2902 -37.8860 216.5069 13 2734 -173.6890 120.5700 8 2804 -308.5357 91.9570
-5.1450607461e+00 5.9538942239e+00 -3.2084860438e+01
44 53 0
2 1 2933 -83.2500 172.3816 13 2820 -210.7910 77.1340
-3.6126679425e+00 9.9397966187e+00 -4.0362752737e+01
91 106 50
4 1 4063 -28.0350 214.6613 13 3776 -163.2220 120.0920 18 4061 -280.7924 106.9760 8 3767 -297.0468 92.8250
5.5263500002e+00 1.9127187938e+01 -4.7988448600e+01
189 214 132
3 4 9 57.0100 236.4742 18 56 -154.3200 224.7965 8 97 -176.1350 215.4229
9.3432955291e+00 1.8973859583e+01 -4.8378010749e+01
217 233 143
3 4 11 110.1820 235.3703 13 12 14.2780 234.4685 8 86 -122.7660 217.8684
5.3890125751e+00 2.5982481831e+00 -1.8740922251e+01
215 203 93
2 4 502 231.2750 104.8710 13 412 152.9490 113.4270
4.2307839274e+00 1.5023621925e+00 -1.6041638771e+01
18 23 4
2 4 598 228.5060 76.3330 13 501 157.7050 86.3710
2.2893295596e+01 5.7199466324e+00 -4.8969442411e+01
99 112 81
2 4 656 315.5690 65.7010 18 582 103.7720 72.5770
2.3816944732e+01 5.9203761778e+00 -5.1097648582e+01
17 32 7
2 4 661 313.2990 64.1260 18 585 101.3300 71.1910
3.6647393854e+00 8.9695000679e-01 -1.4661850465e+01
28 35 11
2 4 701 228.3990 52.8010 13 616 163.0820 64.3870
5.0354554857e+00 7.2859232838e-01 -1.4861115563e+01
110 119 88
2 4 727 309.2360 46.4810 13 621 234.7560 63.5430
4.5473618795e+00 6.1015330488e-01 -1.4298304579e+01
9 20 0
2 4 746 296.4720 41.9940 13 628 225.5140 58.5200
4.4765445950e+00 5.0256451043e-01 -1.4076078908e+01
4 7 2
2 4 766 299.5400 36.4730 13 647 229.3100 53.7870
3.9053555342e+00 1.9570582466e-01 -1.3429850746e+01
175 160 47
2 4 839 283.1550 17.0600 13 704 218.5890 35.7890
3.7681519848e+00 1.1317867137e-01 -1.3112203152e+01
147 131 33
2 4 861 284.2970 12.9770 13 724 221.1810 31.3080
3.4804838986e+00 6.8471594892e-01 -1.4147370826e+01
57 57 5
2 4 2147 230.0380 43.2980 13 2015 166.9310 55.5200
3.2879575781e+00 6.6278636968e-01 -1.4044591664e+01
193 187 97
2 4 2150 219.7700 41.8360 13 650 158.1610 53.5970
7.2508929767e+00 1.8532823531e+01 -4.7167294961e+01
184 202 126
5 4 2814 84.1720 234.7352 13 2628 -11.2270 233.0819 18 3531 -127.5680 224.3543 8 2663 -148.5200 215.4855 17 2685 -252.7725 226.8786
3.9335454862e+00 3.3314792637e-01 -1.3619148998e+01
112 99 3
2 4 3088 278.1010 26.0320 13 2872 212.8170 42.7920
4.2440343152e+00 2.5171361656e-01 -1.3581717754e+01
124 109 17
2 4 3098 301.7550 22.1370 13 2873 233.9990 40.7790
7.3207904565e+00 1.8169721946e+01 -4.7166685986e+01
82 98 23
5 4 3934 85.4350 229.9310 13 3713 -9.7300 228.2356 18 3984 -124.6100 219.1282 8 3695 -146.0150 210.6688 17 3753 -250.4538 221.8047
3.7256392890e+00 8.1318158516e-01 -1.4474160625e+01
7 10 1
2 4 4047 237.2430 49.7630 13 3404 171.8450 61.8140
5.4568718155e+00 2.3850690786e+00 -1.8317017921e+01
171 160 55
2 4 4316 242.4900 100.0300 13 3781 164.1400 109.5690
8.3883552427e-01 2.0369083613e+01 -4.8933145886e+01
173 207 126
3 13 2 -106.1200 237.4357 18 1739 -226.9350 229.1746 8 2662 -250.1209 217.5344
2.3935012539e+01 1.5313912984e+01 -4.3351901603e+01
162 152 98
3 13 8 244.8900 236.5586 18 55 120.3420 225.3862 8 62 97.8970 224.5137
9.6121641025e+00 1.9228784099e+01 -4.9448647512e+01
151 169 82
2 13 18 15.0100 231.3279 8 98 -122.1680 214.9654
1.9890260957e+00 1.5851730796e+01 -4.2949263246e+01
163 173 79
2 13 71 -80.1410 213.3192 8 167 -216.2630 193.6844
-4.9604943783e-01 1.5671201839e+01 -4.4563112313e+01
162 159 116
3 13 150 -118.4950 196.1246 18 197 -237.1652 186.3616 8 235 -257.3318 173.9815
-2.1500059761e+00 1.6398725951e+01 -4.6054215703e+01
2 9 0
3 13 154 -143.9870 195.0563 18 1829 -265.5038 185.2383 8 1794 -286.3303 171.8835
-3.1624049415e+00 1.3727961948e+01 -4.0452280303e+01
117 126 103
3 13 188 -164.7180 185.6278 18 236 -285.3367 175.5724 8 289 -304.6938 161.8040
-3.1624049415e+00 1.3727961948e+01 -4.0452280303e+01
117 126 103
3 13 189 -164.7180 185.6278 18 237 -285.3367 175.5724 8 290 -304.6938 161.8040
-1.8580349780e+00 1.5854600719e+01 -4.6569652674e+01
150 159 127
2 13 195 -137.6950 184.8393 8 296 -278.7053 161.4083
-3.8838603718e+00 1.2424968511e+01 -4.0345950405e+01
70 91 33
2 13 251 -174.5210 162.9075 8 1843 -313.4797 136.6410
-3.7892772838e+00 1.1374287093e+01 -3.9628153221e+01
78 96 52
2 13 294 -171.9210 148.6433 8 408 -308.7292 122.5470
-3.5047349283e+00 1.1208881052e+01 -4.0686648186e+01
4 13 0
2 13 317 -163.8370 140.6678 8 441 -299.7551 114.3430
3.0367832095e+00 1.9624164063e+01 -4.8109276856e+01
189 219 139
3 13 1656 -73.8940 235.9187 18 2861 -191.9850 227.3973 8 1712 -214.7540 216.5632
1.2567193772e+00 1.4560063617e+01 -3.9672765992e+01
56 67 0
3 13 1680 -89.2590 213.9698 18 1783 -204.8450 205.0232 8 163 -223.7136 194.2797
1.2567193772e+00 1.4560063617e+01 -3.9672765992e+01
56 67 0
3 13 1681 -89.2590 213.9698 18 1784 -204.8450 205.0232 8 164 -223.7136 194.2797
2.0992621141e+00 1.5810760778e+01 -4.3249498550e+01
123 129 25
3 13 1687 -78.1630 210.7087 18 1790 -194.4960 201.8223 8 1750 -214.1200 191.2890
-3.3002788874e+00 1.5201766796e+01 -4.0907554777e+01
84 85 9
2 13 1694 -169.6490 206.8732 8 1764 -312.4358 184.2800
-2.0368195032e+00 1.6267556555e+01 -4.5161795320e+01
64 70 21
3 13 1722 -143.2420 198.6600 18 1818 -264.5698 188.9523 8 1784 -285.2702 175.7059
-2.7429455310e+00 1.5575460607e+01 -4.4394064065e+01
18 32 0
3 13 1742 -154.1700 191.7793 18 1835 -275.6818 181.5808 8 1806 -296.2729 167.7296
-1.9833675864e+00 1.5965967118e+01 -4.6453029290e+01
8 21 0
3 13 1750 -140.0310 186.9549 18 1855 -260.6631 176.5962 8 1815 -281.4042 163.2297
-3.2008359984e+00 1.3530565479e+01 -4.0486582017e+01
7 19 1
3 13 1761 -164.7950 182.0412 18 1870 -285.3813 171.7560 8 1827 -304.4752 157.8744
-2.0379300461e+00 1.5544921654e+01 -4.6367692108e+01
1 8 0
3 13 1762 -140.0550 181.1875 18 2936 -260.3702 170.6684 8 2723 -280.8601 157.2392
-2.0379300461e+00 1.5544921654e+01 -4.6367692108e+01
1 8 0
3 13 1763 -140.0550 181.1875 18 2937 -260.3702 170.6684 8 2724 -280.8601 157.2392
-2.3601995145e+00 1.4930403032e+01 -4.6760754560e+01
156 166 109
3 13 1784 -143.1170 169.4947 18 1891 -263.0802 158.1954 8 2741 -283.4458 145.4298
-3.7922166898e+00 1.2359000801e+01 -4.0672626066e+01
13 31 0
2 13 1798 -171.8970 160.0161 8 1846 -310.5424 133.7760
-2.7432369499e+00 1.4627821828e+01 -4.3736304672e+01
159 182 130
2 13 2676 -153.0840 180.8667 8 2725 -293.6995 156.9562
-2.7432369499e+00 1.4627821828e+01 -4.3736304672e+01
159 182 130
2 13 2677 -153.0840 180.8667 8 2726 -293.6995 156.9562
-3.2403552903e+00 1.3166474631e+01 -4.0300286388e+01
157 170 126
2 13 2682 -164.9230 176.9838 8 2734 -304.0084 152.5566
1.2097353311e+01 5.2959538822e+00 -2.5059019603e+01
4 14 0
2 13 2692 252.9090 164.6993 18 293 142.1810 159.4167
-3.6248587517e+00 1.1132498210e+01 -4.0906571866e+01
74 86 54
2 13 2718 -165.2840 137.8520 8 2780 -301.3141 111.4420
1.6558112399e+01 6.8761015210e+00 -2.8716060289e+01
236 254 244
3 13 3296 297.8570 183.6006 18 2927 176.8190 176.4089 8 2695 160.3240 178.7096
-3.9258083601e+00 9.5253245292e+00 -3.9877785312e+01
87 107 54
3 13 3358 -169.1880 114.7720 18 3647 -286.4682 100.9640 8 3374 -302.5543 85.8680
7.7832649462e+00 1.4420750431e+00 -1.6991371682e+01
68 98 73
2 13 3370 298.0810 94.8540 18 3028 199.7790 97.1360
-1.9310304225e+00 1.6198524253e+01 -4.5804780542e+01
5 14 0
3 13 3739 -140.7210 193.9017 18 4014 -261.2314 183.9636 8 3717 -282.4649 171.1252
-2.4637971519e+00 1.5765199532e+01 -4.4793384843e+01
159 171 115
3 13 3742 -149.4800 192.8710 18 4016 -270.7371 182.6005 8 3720 -291.3858 168.8677
-2.8061316632e+00 1.8353267863e+01 -4.6113002636e+01
16 28 3
3 13 4027 -158.0460 221.5950 18 4299 -282.5774 213.3629 8 4215 -304.3380 199.7589
-1.3473027478e+00 1.7035509037e+01 -4.3899205626e+01
12 16 0
3 13 4028 -135.9410 219.5392 18 3988 -256.8169 210.6653 8 3700 -278.2164 197.7258
-2.5057507186e+00 1.5279833075e+01 -4.0479502954e+01
255 255 189
3 13 4029 -156.8090 213.0557 18 4305 -278.1239 204.2443 8 4005 -298.2732 190.6417
-3.5739270211e+00 1.1061950735e+01 -3.9334876994e+01
1 14 5
3 13 4058 -167.9000 144.9426 18 4514 -286.6374 133.4640 8 4249 -303.6718 119.2530
-3.8567227282e+00 1.0553617381e+01 -4.0392627429e+01
1 7 1
3 13 4064 -169.2720 130.3850 18 4344 -287.7526 116.9290 8 4052 -304.5950 102.7640
-2.7979919475e+00 1.5594816447e+01 -4.2808387211e+01
17 20 0
3 13 4239 -158.1880 201.4817 18 4497 -279.4639 192.5723 8 4222 -300.6016 178.3148
-3.0060389305e+00 1.4426833439e+01 -4.2609477122e+01
2 12 4
3 13 4349 -159.0670 184.8720 18 4503 -280.3384 173.5607 8 4232 -299.7393 159.0794
-5.9289546885e-01 1.9185301257e+00 -1.3086610500e+01
97 103 58
2 18 456 -166.5200 109.9270 17 1916 -198.3620 107.1910
-1.7038098768e+00 -1.9701084172e-01 -1.0909909805e+01
255 250 150
2 18 1157 -229.6547 -70.4510 17 2321 -203.2720 -82.0100
1.8697893954e+01 1.4240935268e+00 -3.0189797644e+01
72 103 68
2 18 2113 224.1600 60.1480 17 469 116.5400 77.9500
5.2909727174e+00 -3.6676174040e-01 -1.2476006428e+01
123 97 10
3 18 2186 271.0710 29.3580 8 2066 282.7320 39.0940 17 2030 212.9690 52.9470
4.3618301968e+00 -3.6887640728e-01 -1.2187390182e+01
141 110 27
2 18 2202 233.0870 20.0250 17 600 185.9650 42.1220
5.1051566792e+00 -5.6777029045e-01 -1.2063927294e+01
132 103 9
2 18 2210 284.6060 17.4590 17 596 229.0420 43.0580
-1.5815800152e+00 7.4864499095e-01 -1.2795077663e+01
207 176 59
2 18 2226 -228.2819 9.3320 17 2169 -247.7981 -1.5650
4.2684751028e+00 -9.4867065547e-01 -1.1083152832e+01
196 163 56
2 18 2297 296.3960 -15.2700 17 712 253.2180 14.7400
2.6262460203e+01 8.0813602897e+00 -3.1944051242e+01
152 204 166
3 18 2892 286.0890 194.5830 8 2675 262.5600 199.4173 17 2699 159.8090 205.8495
4.9770647835e+00 -2.8651664738e-01 -1.2494092932e+01
130 106 19
2 18 3138 252.1600 30.5940 8 2064 264.7300 39.6290
4.9770647835e+00 -2.8651664738e-01 -1.2494092932e+01
130 106 19
2 18 3139 252.1600 30.5940 8 2065 264.7300 39.6290
5.2274416533e+00 -4.1263506021e-01 -1.2499136874e+01
190 165 66
2 18 3153 267.4350 25.3360 8 2890 279.2280 35.1700
5.2274416533e+00 -4.1263506021e-01 -1.2499136874e+01
190 165 66
2 18 3154 267.4350 25.3360 8 2891 279.2280 35.1700
4.8455204260e+00 -4.8013716053e-01 -1.2044006801e+01
116 85 3
2 18 3164 269.6220 20.3850 8 2898 283.8210 30.4230
4.7733905026e+00 -3.3148378411e-01 -1.2346557187e+01
204 181 86
3 18 3714 248.5440 26.5050 8 2889 262.1600 35.5810 17 2861 196.3000 48.8260
3.7836137720e+00 -1.0112683974e+00 -1.0667171596e+01
195 158 51
2 18 3751 291.6790 -25.6120 17 3472 256.8920 3.8360
2.5327641656e+01 7.2300313660e+00 -2.9745379055e+01
159 216 175
3 18 4001 306.5000 193.1849 8 3699 283.2350 199.6429 17 3766 179.4350 205.7591
4.6198957020e+00 -4.1758332429e-01 -1.2168721349e+01
120 92 10
3 18 4121 249.5630 20.3760 8 3797 264.7560 29.6530 17 3866 199.5210 43.3890
-6.5140525097e-01 -4.1425518624e-01 -8.4063114526e+00
18 28 1
2 18 4166 -50.0550 -62.9780 17 3920 59.4830 -49.9550
-1.8715316628e+00 -1.0658495374e-01 -1.1090760234e+01
235 210 91
2 18 4168 -249.7306 -64.5660 17 4186 -229.0721 -79.4670
-1.6650062918e+00 1.7298121892e+00 -1.6061392035e+01
156 152 63
2 6 340 -166.0330 145.0575 17 653 -295.2005 28.9140
-2.3332802881e+00 -2.7506774669e-01 -1.0647923066e+01
254 220 100
2 6 1161 -214.1250 -54.4990 17 1230 -274.6792 -118.4960
-1.5083865682e-01 -1.1835803162e+00 -8.9164899876e+00
142 138 67
2 6 1665 118.2290 -170.3550 17 1294 109.4380 -137.2140
-1.6865886899e+00 1.3886639458e+00 -1.3340444035e+01
239 217 97
2 6 2155 -167.5600 133.8600 17 2058 -278.7112 41.1470
-4.4402373249e-01 8.5933678449e-01 -8.2823798246e+00
84 49 0
2 6 3160 64.3020 132.2010 17 2734 33.0810 168.9655
-2.3458251263e+00 6.8642489283e-02 -1.1285109034e+01
228 198 68
2 6 3341 -217.0200 -4.3510 17 3029 -293.7604 -78.9300
-1.8069100453e+00 3.5615350964e-01 -1.1995650241e+01
253 223 89
2 6 3860 -163.7840 42.1840 17 3510 -249.2832 -35.3650
-2.3698835583e+00 -7.1432065511e-01 -9.6341604487e+00
242 211 87
2 6 4052 -220.5508 -145.7650 17 3685 -246.4556 -192.4360
-6.0937368104e-01 1.0330445114e+00 -1.3585168197e+01
208 176 63
2 6 4260 -78.7100 118.5240 17 3872 -185.6270 31.5330
-1.8702080011e+00 8.2944389449e-01 -1.2874185850e+01
255 226 90
2 6 4275 -175.3410 86.3200 17 3885 -277.0228 -3.0410
-1.2795950661e+00 5.9047587878e-01 -1.2596980813e+01
248 212 76
2 6 4287 -120.4450 74.4230 17 3482 -213.7800 -5.7730
-2.1902945109e+00 6.4879314845e-01 -1.2412285404e+01
244 207 74
2 6 4292 -203.3780 64.7950 17 4154 -300.5087 -22.7830
-2.0144854922e+00 1.5227890027e-01 -1.1526023650e+01
255 224 91
2 6 4328 -182.3060 14.5610 17 3539 -259.5253 -59.2570
3.9148541906e-01 2.0835318465e+00 -1.2796997744e+01
87 82 45
2 6 4516 -4.4260 221.8968 17 4095 -122.8100 141.3347
-1.0652559031e-01 1.2667447486e+00 -1.3060473550e+01
154 147 76
2 6 4550 -37.1110 145.0061 17 3847 -145.3010 66.6800
-1.6525220846e+00 1.2324067394e+00 -1.3827166778e+01
245 213 78
2 6 4567 -161.7590 120.2670 17 4139 -274.3790 22.4610
5.7910789770e-01 -1.4163774338e+00 -9.1193070891e+00
201 194 106
2 6 4710 201.9260 -163.5290 17 3979 173.1180 -128.9170
1.3093730537e+00 -1.1218856740e+00 -9.8117392638e+00
230 222 131
2 6 4825 233.0570 -80.6440 17 4181 166.0830 -65.9400
-2.0801126562e+00 -4.9548990010e-01 -1.0260108850e+01
244 218 92
2 6 4920 -181.4290 -84.2110 17 4402 -225.4940 -136.5860
-1.3438798729e+00 5.1465880806e-01 -1.2533581196e+01
243 209 73
2 6 5002 -124.7520 66.9180 17 4456 -216.3090 -13.3550
-1.8692446035e+00 3.7320340591e-01 -6.1034200817e+00
206 165 49
2 6 5021 -299.1349 -225.4440 17 1 89.2190 238.5312
8.8941232761e-01 -1.5003696712e-01 -9.4991180830e+00
241 232 144
2 6 5043 195.2940 17.3050 17 4485 123.6310 26.7170
-1.1901755674e-01 9.7812408645e-01 -8.2102752323e+00
128 106 29
2 8 184 69.8300 189.8077 17 130 77.1560 200.5896
-2.8906008990e-01 9.6367870715e-01 -8.2636635322e+00
126 80 7
2 8 213 42.1370 180.5353 17 155 50.5600 190.6864
-3.5909457390e-01 9.3238905676e-01 -8.2580123490e+00
133 79 10
2 8 231 33.5440 174.3215 17 1785 43.1880 184.3953
3.8034240571e-01 2.3567372928e+00 -1.3026216114e+01
119 120 64
2 8 336 -77.9370 146.5528 17 255 -134.4650 154.9919
8.2211973411e-02 3.6195892681e+00 -1.8853224949e+01
133 123 44
2 8 464 -160.9570 108.4140 17 1901 -241.9703 113.5560
-4.0615929612e-01 1.6658080042e+00 -1.2858984933e+01
32 31 10
2 8 527 -119.4410 90.0310 17 419 -173.5980 95.3770
-1.0887961944e+00 1.6140182725e+00 -1.4608605706e+01
254 222 93
2 8 659 -179.9560 47.8750 17 2039 -245.7520 49.4220
3.6319880084e+00 -4.9612413816e-01 -1.1655992388e+01
197 159 58
2 8 785 236.9560 14.5780 17 2099 179.6880 26.8150
-5.6032867126e-01 -6.6155606158e-02 -8.5974978945e+00
25 31 4
2 8 839 27.6500 -1.5220 17 750 37.4970 4.8370
3.5443703573e+00 -9.0804001646e-01 -1.0783428732e+01
189 159 47
2 8 876 290.6740 -10.0180 17 748 234.4860 5.3420
-1.5427876806e+00 2.9006345295e-02 -1.1332988856e+01
191 167 45
2 8 1033 -165.9000 -51.8580 17 990 -201.6670 -53.5860
-2.2005561705e+00 -4.6170502599e-01 -1.0263070629e+01
252 218 92
2 8 1300 -222.4353 -126.0430 17 2435 -243.3695 -138.9150
-2.2628466554e+00 -5.4536412297e-01 -1.0103668174e+01
249 215 92
2 8 1346 -228.1154 -140.4780 17 1364 -245.9278 -154.9170
-2.4248853215e-01 9.6261867121e-01 -8.2417388487e+00
95 59 0
2 8 1767 50.4450 182.7215 17 1773 58.8130 193.1484
4.0950406263e-01 2.2764246876e+00 -1.3027471323e+01
129 126 78
2 8 1837 -74.3570 141.5226 17 277 -130.5160 149.1283
1.1157606271e-01 3.6655966236e+00 -1.8783896898e+01
241 230 142
2 8 1884 -159.8910 111.2280 17 2775 -240.8205 117.2080
7.9016713554e+00 -1.4563827031e-01 -1.7573856603e+01
124 99 16
2 8 2079 205.3050 32.1610 17 2052 127.0370 44.3940
4.3933794552e+00 -3.8659457894e-01 -1.2347963139e+01
187 156 58
2 8 2089 243.4230 25.9630 17 2062 180.1800 39.6320
4.0968077305e+00 -4.2504031345e-01 -1.2076590695e+01
186 152 44
2 8 2096 241.0650 22.0070 17 2077 180.0040 35.3760
3.0153889809e-02 5.3914080941e-01 -1.2839524446e+01
163 129 17
2 8 2117 -63.7700 13.3310 17 2120 -112.1300 17.2610
2.9584533652e+00 -8.2631563053e-01 -1.0831613093e+01
237 217 123
2 8 2194 247.7400 -16.6280 17 777 197.4310 -1.3270
-2.2679735005e+00 -5.2324335200e-01 -1.0139809491e+01
232 198 75
2 8 2422 -229.4759 -137.4600 17 3143 -248.2233 -151.8400
-2.3452751233e+00 -7.1946885007e-01 -9.7245552178e+00
241 216 91
2 8 2510 -234.5758 -173.1720 17 3210 -243.6590 -189.9640
-5.5848094672e-01 9.9989555704e-01 -8.4003206516e+00
238 153 7
2 8 2700 -7.3410 170.9261 17 3774 0.1940 181.7281
-7.1222296700e-01 7.1424683386e-01 -8.4319460458e+00
187 104 3
2 8 2766 -19.6090 120.0030 17 2765 -9.3880 129.4130
-8.2616612543e-01 6.2334413552e-01 -8.6820807983e+00
170 98 0
2 8 2805 -43.9800 90.9700 17 3396 -38.8360 99.3290
7.9910143660e-02 1.3332325093e+00 -1.2999197541e+01
65 62 3
2 8 2836 -78.7790 70.0210 17 2830 -131.3540 75.5360
7.9910143660e-02 1.3332325093e+00 -1.2999197541e+01
65 62 3
2 8 2837 -78.7790 70.0210 17 2831 -131.3540 75.5360
2.0610851004e-01 1.2372510957e+00 -1.3222053602e+01
66 67 5
2 8 2845 -71.5220 61.6600 17 1998 -124.8680 66.4060
2.0610851004e-01 1.2372510957e+00 -1.3222053602e+01
66 67 5
2 8 2846 -71.5220 61.6600 17 1999 -124.8680 66.4060
-1.4641518311e+00 2.7316700706e-01 -8.0462399561e+00
29 21 2
2 8 2892 -111.1800 33.3250 17 2064 -78.1070 38.1720
-4.4262692112e-01 7.4934497243e-01 -1.3192202775e+01
144 114 0
2 8 2919 -107.8040 16.5080 17 2884 -159.8650 18.9500
7.3778420940e-01 -5.9868261972e-01 -9.5756748415e+00
4 2 0
2 8 2994 139.7520 -40.0850 17 872 119.9320 -28.9550
-1.5799407308e+00 -2.3878419905e-02 -1.1316032442e+01
194 171 48
2 8 3020 -168.0840 -56.6610 17 2279 -203.5430 -61.4740
-8.0257539312e-01 5.6430607397e-01 -8.5489695027e+00
164 90 0
2 8 3370 -32.2490 88.2970 17 3833 -23.3000 96.5300
-8.4058821418e-01 4.4238641766e-01 -8.4965698520e+00
42 47 7
2 8 3383 -30.3230 70.0660 17 3416 -18.6630 77.6110
-1.4369880070e+00 1.3777174775e+00 -1.4065082677e+01
246 215 91
2 8 3414 -198.3920 33.9190 17 3870 -262.3181 34.3940
-3.0761564063e-01 3.8599128850e-01 -1.2470718897e+01
212 173 37
2 8 3438 -79.6150 -0.6180 17 3473 -124.9850 2.1520
3.3462143142e+00 -8.1861041983e-01 -1.0885137004e+01
207 180 67
2 8 3445 269.6910 -7.4960 17 2905 215.4510 6.4630
-1.8087386653e+00 2.9009935109e-01 -1.1897981704e+01
214 183 56
2 8 3467 -201.5930 -35.7990 17 3914 -246.5375 -41.5440
-6.0926015495e-01 -8.3877571225e-01 -8.4827058574e+00
49 55 17
2 8 3571 61.6390 -123.5690 17 3592 79.4030 -116.8690
-1.0483069946e+00 -1.3679988967e+00 -8.8369125730e+00
163 155 82
2 8 3666 0.2280 -223.5660 17 4051 17.8820 -220.7050
-7.4953954701e-01 6.7813556369e-01 -8.4423840979e+00
174 94 0
2 8 3752 -24.2170 112.4070 17 3809 -13.6920 122.0670
4.4204209230e-03 1.2969196049e+00 -1.3071549878e+01
54 61 15
2 8 3780 -84.5800 65.0510 17 4125 -137.5290 70.1980
4.1735665768e+00 -8.5502040176e-01 -1.1410780007e+01
211 181 69
2 8 3813 289.3060 -0.8830 17 3459 227.5210 16.2980
-1.6870860298e+00 4.9506108734e-01 -1.2290357259e+01
252 222 92
2 8 3825 -196.1370 -18.3820 17 4151 -245.0963 -21.7200
-2.0502413730e+00 2.4045355281e-01 -1.1544875522e+01
247 214 88
2 8 3847 -224.2558 -44.8730 17 4173 -267.1326 -51.3560
-1.8476469546e+00 -1.6114757251e-01 -1.0918211370e+01
244 215 88
2 8 3883 -190.5150 -78.1820 17 4189 -221.4095 -84.1280
-1.9204458625e+00 -2.5172644319e-01 -1.0800835966e+01
243 214 84
2 8 3886 -195.6390 -89.9130 17 4198 -224.6761 -97.6670
-7.9817782816e-01 5.2149528689e-01 -8.5474021473e+00
168 103 12
2 8 4063 -29.6660 82.0900 17 4111 -20.3630 89.6140
-5.6155495582e-02 1.4028675452e+00 -1.3039046857e+01
147 143 70
2 8 4071 -90.5540 72.4390 17 4297 -143.8500 77.5670
-5.6155495582e-02 1.4028675452e+00 -1.3039046857e+01
147 143 70
2 8 4072 -90.5540 72.4390 17 4298 -143.8500 77.5670
-5.6644639709e-01 2.5742271685e-01 -8.5181316794e+00
4 6 0
2 8 4081 17.4310 50.2120 17 4129 27.2660 56.8160
-1.8367755916e+00 -2.3864734461e-01 -1.0776729665e+01
232 202 84
2 8 4136 -186.3830 -86.5770 17 4333 -214.6380 -91.9350
6.0310867802e-01 -1.4138528066e+00 -9.0276306241e+00
200 194 106
2 8 4164 193.4470 -144.9260 17 4217 182.8870 -127.6940
-1.1226686234e+00 -1.0381460978e+00 -9.4339889031e+00
218 209 112
2 8 4174 -48.3880 -165.2450 17 4236 -46.6080 -165.9970
-1.0664594360e+00 -1.3386672622e+00 -8.9330711695e+00
166 159 79
2 8 4199 -8.3410 -216.8520 17 4356 6.7720 -215.1910
-8.7010874608e-01 5.6967795241e-01 -8.9325470089e+00
162 157 76
2 8 4263 -57.7100 71.8650 17 4117 -58.0000 79.8350
-4.9365360399e-01 2.1571406352e-01 -8.5249017924e+00
64 62 10
2 8 4271 29.2830 45.5860 17 4132 38.3970 53.3080
-7.6527958280e-01 2.0617399156e-01 -8.5337221782e+00
18 31 1
2 8 4272 -10.3840 35.1590 17 4305 1.4220 40.0070
-1.7443452159e+00 -1.4383447399e-01 -1.1024509280e+01
225 199 75
2 8 4286 -180.1590 -72.9610 17 4398 -212.0200 -78.7870
-9.2652922355e-01 -5.8812680939e-01 -9.0333243590e+00
61 70 27
2 8 4292 -23.7890 -97.8720 17 4433 -17.4400 -94.8240
-7.2362399778e-01 -6.5144544355e-01 -8.4255732320e+00
35 46 17
2 8 4293 40.1070 -100.7010 17 4334 60.2680 -92.5930
-6.0217065437e-01 1.0136461336e+00 -8.4834280082e+00
195 103 2
2 8 4341 -18.5920 167.0018 17 4366 -12.9530 177.5239
-8.6791689916e-01 -8.8825522508e-01 -8.4842279838e+00
36 47 17
2 8 4391 25.5010 -146.3160 17 4442 47.5730 -139.6520
-3.5688274147e-02 1.1692161154e+00 -1.3219720402e+01
153 146 66
2 8 4417 -87.1160 52.8930 17 4424 -140.4550 57.5930
-4.2463094832e-01 7.4958845660e-01 -1.3456269074e+01
168 131 13
2 8 4421 -109.7140 14.1240 17 4426 -163.3330 15.9280
-5.9360957967e-01 3.6946717648e-01 -8.5552503189e+00
9 18 0
2 8 4476 6.6410 64.3730 17 4477 15.0720 72.8980
4.3829933490e-01 -1.4956019236e+00 -8.8518387339e+00
200 194 106
2 8 4484 193.0870 -165.5170 17 4491 187.6420 -147.5600
-7.6953502955e-01 6.7073314970e-01 -8.6961225389e+00
186 107 2
2 8 4488 -38.2480 99.6240 17 4498 -34.1660 107.4460
