# Bundle file v0.3
20 451
0 0 0
0 0 0
0 0 0
0 0 0
0 0 0
6.5343541603e+02 -1.8592252747e-02 -2.3761930913e-02
9.9834022771e-01 -2.5796000918e-05 -5.7591571214e-02
-3.9515316064e-03 9.9761256863e-01 -6.8945981067e-02
5.7455853821e-02 6.9059121352e-02 9.9595665700e-01
-2.4007505083e-01 -6.6416820077e-01 3.0077526388e+00
0 0 0
0 0 0
0 0 0
0 0 0
0 0 0
0 0 0
0 0 0
0 0 0
0 0 0
0 0 0
6.4906337069e+02 -1.5003122435e-02 -2.1618397950e-02
9.9725499805e-01 -7.4029996345e-02 1.4242575582e-03
7.3752269432e-02 9.9485108656e-01 6.9512001313e-02
-6.5628973825e-03 -6.9216148507e-02 9.9758009862e-01
-6.0327581743e-02 7.1607255025e-01 3.2466216098e+00
0 0 0
0 0 0
0 0 0
0 0 0
0 0 0
6.4772494070e+02 2.0250560098e-03 -1.5007490805e-02
9.6064435478e-01 -1.6118497995e-01 2.2623400689e-01
1.9691922423e-01 9.6958291193e-01 -1.4536779566e-01
-1.9592152195e-01 1.8419657740e-01 9.6316477205e-01
2.8474007394e+00 -1.2474614294e+00 2.9461799884e+00
0 0 0
0 0 0
0 0 0
0 0 0
0 0 0
6.4538376100e+02 3.5764078046e-02 9.7707936244e-03
9.0604638863e-01 -2.6744796898e-01 3.2795049251e-01
2.4051511080e-01 9.6308359056e-01 1.2092344304e-01
-3.4818446709e-01 -3.0685199828e-02 9.3692368707e-01
3.4818008924e+00 1.2082957775e+00 2.2551248824e+00
0 0 0
0 0 0
0 0 0
0 0 0
0 0 0
0 0 0
0 0 0
0 0 0
0 0 0
0 0 0
0 0 0
0 0 0
0 0 0
0 0 0
0 0 0
0 0 0
0 0 0
0 0 0
0 0 0
0 0 0
6.4330862405e+02 -8.3515355977e-03 4.6128855265e-02
9.7839227554e-01 -1.6260399330e-01 1.2770472397e-01
1.5359928264e-01 9.8508822529e-01 7.7514184340e-02
-1.3840453581e-01 -5.6223925211e-02 9.8877856707e-01
1.0478138590e+00 7.8767475880e-01 2.9278864141e+00
0 0 0
0 0 0
0 0 0
0 0 0
0 0 0
0 0 0
0 0 0
0 0 0
0 0 0
0 0 0
0 0 0
0 0 0
0 0 0
0 0 0
0 0 0
0 0 0
0 0 0
0 0 0
0 0 0
0 0 0
6.4632922788e+02 -7.8399020626e-03 -1.9854676795e-02
9.2729743708e-01 -2.2473818636e-01 2.9935298692e-01
2.0261027506e-01 9.7378067348e-01 1.0344214034e-01
-3.1475155223e-01 -3.5269640604e-02 9.4851858855e-01
2.6095802103e+00 1.0340690448e+00 2.5913162378e+00
0 0 0
0 0 0
0 0 0
0 0 0
0 0 0
-2.7802700617e-01 1.3493690277e+00 -7.8251210187e+00
191 128 0
4 1 220 -9.0600 169.4142 4 131 -62.6070 208.1202 13 156 -58.9410 194.6927 18 1791 -39.5550 199.7604
-4.2576056983e-01 1.2959953636e+00 -7.8312584658e+00
168 104 10
3 1 244 -29.5560 161.5043 4 172 -82.3520 199.1125 13 192 -77.2770 185.3525
-4.2658384914e-01 1.2055299637e+00 -7.8107240309e+00
134 88 0
5 1 289 -30.1630 148.9600 4 223 -82.4230 186.9253 18 1844 -53.8390 179.4778 6 2122 72.5060 148.4805 8 239 27.5930 173.2213
-4.4845258975e-01 1.1742722411e+00 -7.8329744288e+00
123 77 0
5 1 303 -32.2840 144.9494 4 246 -84.7190 181.9092 13 233 -78.1440 168.5192 18 1862 -56.0470 174.4263 8 258 25.0180 167.5104
-5.7945824308e-01 6.7971313087e-01 -8.0209805654e+00
82 52 0
2 1 562 -46.9950 74.8550 4 495 -94.5220 107.0560
-2.7734598482e+00 8.4553348204e-01 -1.3140805970e+01
193 171 30
2 1 578 -144.4260 70.2760 4 790 -190.2360 28.7520
3.4002682601e+00 5.2699619090e-02 -1.3190284055e+01
206 181 60
2 1 789 256.4560 18.6790 4 895 215.8490 6.6700
-2.9301838900e+00 -3.0246505979e-01 -1.0827575364e+01
207 187 57
4 1 891 -208.2770 -17.2940 4 1098 -255.8249 -47.5790 6 2567 -220.3960 -50.8020 8 1217 -250.4061 -103.5480
-2.9301838900e+00 -3.0246505979e-01 -1.0827575364e+01
207 187 57
4 1 892 -208.2770 -17.2940 4 1099 -255.8249 -47.5790 6 2568 -220.3960 -50.8020 8 1218 -250.4061 -103.5480
2.2506430222e+00 -4.8142306457e-01 -1.1855872925e+01
226 213 110
2 1 933 201.4380 -25.1590 4 1043 166.8720 -31.8800
2.5025725947e+00 -5.2198785738e-01 -1.1826152873e+01
201 189 70
3 1 950 221.2340 -28.8540 4 1046 186.9650 -33.5770 13 2169 146.1690 -17.9520
-2.6602044272e+00 -4.4928884204e-01 -1.0647786540e+01
233 214 83
3 1 960 -191.8710 -31.1330 4 1138 -237.3866 -58.4390 13 1093 -253.8721 -79.5720
-2.4856297632e+00 -5.4674193886e-01 -1.0550769390e+01
218 210 83
2 1 996 -179.0260 -40.0840 4 1175 -225.7865 -66.7850
-2.8151204427e+00 -6.0592693041e-01 -1.0300261714e+01
238 210 84
2 1 1029 -214.7490 -47.8530 4 1196 -263.5258 -75.2370
2.0126892545e+00 -7.2207682895e-01 -1.1269277914e+01
219 225 139
2 1 1035 193.4530 -49.2450 4 1116 161.6910 -51.9080
1.1238858716e+00 -7.4363366395e-01 -9.6223697320e+00
28 36 20
3 1 1139 142.7150 -74.1240 4 2404 113.1990 -61.9430 13 1013 100.1000 -50.6750
1.1238858716e+00 -7.4363366395e-01 -9.6223697320e+00
28 36 20
3 1 1140 142.7150 -74.1240 4 2405 113.1990 -61.9430 13 1014 100.1000 -50.6750
6.5988661501e-02 1.2557999758e+00 -7.8438679187e+00
64 73 17
2 1 1904 37.9390 156.3511 4 1845 -13.2270 197.9445
-7.3057853143e-01 1.0672627827e+00 -8.0550416080e+00
166 101 0
2 1 1990 -65.5370 125.6160 4 1922 -117.9940 155.2416
-5.4333905573e-01 1.0256443524e+00 -7.9395409580e+00
72 44 0
2 1 1997 -43.5530 122.0610 4 320 -94.4040 156.4608
-6.2533004998e-01 8.0896501787e-01 -7.9726642930e+00
110 66 0
5 1 2077 -54.2190 92.1160 4 1971 -102.6910 125.5200 13 1883 -93.1040 114.0810 18 1966 -72.5280 116.9640 8 447 10.6700 112.4840
-2.9460047579e+00 9.0432630533e-01 -1.3261733626e+01
209 199 79
2 1 2119 -152.7120 73.7070 4 782 -199.6450 30.7750
-2.7840331360e+00 8.8858559965e-01 -1.3109513407e+01
238 219 87
3 1 2120 -145.2850 73.4640 4 2175 -192.4160 31.0020 13 2097 -231.3960 14.9510
-5.7210579080e-01 6.0398161469e-01 -8.0609945365e+00
56 37 0
4 1 2136 -45.3160 65.1920 4 2991 -92.4540 95.7050 13 2809 -82.1210 86.3660 18 530 -61.7910 88.3470
-2.7680689455e+00 7.0735163334e-01 -1.2887146769e+01
233 216 66
2 1 2146 -147.9640 61.8220 4 822 -194.9130 21.4540
-5.8074676777e-01 3.4649078021e-01 -8.1052881255e+00
38 43 9
3 1 2223 -45.7570 31.3510 4 3052 -90.2050 60.2020 13 2860 -78.1820 53.0900
3.5288223903e+00 1.7132587020e-01 -1.3515066024e+01
194 175 54
3 1 2233 257.9630 27.2460 4 2217 216.2120 12.8090 13 2900 161.8420 26.6110
-2.3750982811e+00 1.9669553571e-01 -1.2007849887e+01
205 186 47
4 1 2234 -137.0810 27.0400 4 2277 -183.7330 -7.6750 18 3241 -258.8520 -40.2810 8 3485 -210.7450 -49.2310
2.2467918435e+00 -4.4105521443e-01 -1.1867048583e+01
80 61 0
2 1 2366 200.6770 -22.0210 4 2339 166.4170 -28.8760
2.5488255366e+00 -5.0119427585e-01 -1.1818085314e+01
229 210 89
2 1 2382 224.7850 -27.0640 4 1042 190.3050 -31.6320
1.9658247154e+00 -7.7388247093e-01 -1.1179099145e+01
208 214 133
2 1 2437 191.4050 -54.4400 4 1131 159.9470 -56.5430
1.2748896505e+00 -6.4092961326e-01 -9.6626816115e+00
7 25 1
2 1 2459 158.4740 -63.7510 4 2375 125.9790 -50.9370
1.3594971592e+00 -1.2169062374e+00 -1.0278890631e+01
141 152 76
3 1 2552 154.2060 -105.8330 4 2498 127.9910 -103.6750 13 1129 110.5910 -87.4740
1.2681299408e+00 -1.5332966658e+00 -9.7297531600e+00
181 191 94
2 1 2655 154.6620 -148.4080 4 2597 132.1880 -141.8150
-1.3106798176e+00 -1.4068942814e+00 -8.3218093036e+00
214 221 141
2 1 2724 -127.9930 -177.9820 4 2668 -166.6540 -177.7220
2.9236464923e+00 2.3709980797e+00 -1.3406424017e+01
118 129 71
2 1 2936 223.9870 169.8799 4 2904 167.3920 148.1622
-2.2409405301e-01 1.2467394620e+00 -7.7974328395e+00
80 51 0
6 1 2953 -2.0850 155.6786 4 1849 -54.2260 195.9481 13 1759 -49.5780 183.6156 18 1820 -29.0480 188.6826 6 2101 101.0560 158.8477 8 205 50.2090 182.5872
1.2511827676e-01 1.2099465038e+00 -7.8303112326e+00
27 43 0
2 1 2963 46.2920 150.2981 4 2858 -4.7300 193.0318
-4.0381878048e-01 1.1651698274e+00 -7.8322925761e+00
80 52 0
3 1 2971 -26.0930 143.3247 4 2869 -78.5910 181.4138 13 1786 -71.5540 168.8262
-4.8636930534e-01 1.1121955931e+00 -7.8709630471e+00
73 46 0
3 1 2986 -36.9720 135.0650 4 2876 -88.6180 171.7523 13 1806 -81.5100 158.8876
-5.9842930419e-01 8.6120198543e-01 -7.9484825077e+00
92 47 0
3 1 3054 -50.5910 99.6760 4 2919 -100.3900 133.4320 13 2731 -90.9780 122.0030
-5.8583836233e-01 7.5442796677e-01 -7.9899182160e+00
90 50 0
2 1 3068 -48.4640 84.9830 4 2940 -96.5830 117.9560
-5.6988113079e-01 7.4357582638e-01 -8.0584521236e+00
112 80 23
2 1 3071 -44.6830 83.0220 4 3575 -93.5190 114.3560
-5.5207321408e-01 7.0977219862e-01 -8.0653149686e+00
58 30 0
3 1 3078 -42.6700 78.9260 4 3579 -90.7320 109.8580 13 3365 -81.3750 99.4020
-6.4059859312e-01 5.6372525820e-01 -8.0140930397e+00
88 63 12
6 1 3118 -54.8210 59.4390 4 3598 -101.8950 91.5050 13 2813 -90.2860 81.3720 18 3048 -68.0290 83.6050 6 2356 46.1080 47.7760 8 1954 15.8130 80.3400
-8.7958079598e-01 5.5682519252e-01 -8.0661146593e+00
36 40 4
3 1 3119 -84.3200 58.0220 4 3011 -132.7760 86.8150 13 2826 -121.6260 74.7210
3.5295099249e+00 1.5685882875e-01 -1.3324640958e+01
120 102 3
2 1 3163 262.2060 25.7550 4 2218 220.5760 13.2460
3.6110513619e+00 1.1863652454e-02 -1.3255267987e+01
192 169 50
2 1 3184 269.4050 16.0720 4 2242 227.6950 4.7220
-2.2838337588e+00 -1.3574912575e-01 -1.1370664670e+01
226 211 69
2 1 3208 -143.6060 -0.4930 4 3174 -188.5520 -30.3650
-2.6805234525e+00 -4.1262545268e-01 -1.0699194494e+01
160 141 10
4 1 3248 -191.7380 -27.3450 4 2383 -238.2941 -55.6260 13 3045 -254.7533 -76.3620 6 3420 -195.1220 -58.0660
-2.6845853826e+00 -4.1405542803e-01 -1.0710523642e+01
160 141 10
6 1 3249 -191.7380 -27.3450 4 2384 -238.2941 -55.6260 13 3046 -254.7533 -76.3620 18 3307 -287.8018 -98.3150 6 3421 -195.1220 -58.0660 8 3087 -223.4995 -107.4650
1.9769588756e+00 -6.9384168212e-01 -1.1248841524e+01
89 95 19
2 1 3274 190.5730 -47.1620 4 2370 159.4190 -49.8410
1.1241242136e+00 -5.9483466384e-01 -9.8054217349e+00
225 237 173
2 1 3293 140.2590 -56.7980 4 3727 108.8180 -47.3360
1.8944827039e+00 -8.1390617124e-01 -1.1055635976e+01
225 231 152
2 1 3296 187.4700 -59.1500 4 3221 157.1780 -60.5280
1.4089474982e+00 -1.1981912811e+00 -1.0234084730e+01
173 183 99
2 1 3362 159.5810 -105.2580 4 3279 133.3260 -101.9640
-1.3430548637e+00 -1.3591689357e+00 -8.4404284647e+00
63 72 6
3 1 3475 -127.9030 -167.9740 4 2651 -167.4180 -168.8130 13 2501 -140.3790 -175.9050
-2.8493232786e-01 1.2677258516e+00 -7.7807516424e+00
136 89 0
4 1 3657 -10.8360 158.6283 4 2848 -63.3200 199.2156 13 2667 -57.1220 186.7756 18 2895 -37.0700 191.4029
-1.9001176772e-01 1.2198941536e+00 -7.8072354562e+00
67 60 13
2 1 3659 2.9860 151.8012 4 3512 -49.4470 192.3640
-4.8478231964e-01 1.0433934571e+00 -7.8881772295e+00
59 50 3
4 1 3680 -36.3850 126.2230 4 2894 -88.7990 160.4410 13 3327 -78.5090 149.9370 8 2740 22.8000 147.7006
-6.0155737522e-01 9.5560522204e-01 -7.8921998478e+00
117 73 9
2 1 3693 -52.4060 113.1810 4 3546 -102.5130 148.4596
-2.7958635440e+00 7.7846114734e-01 -1.2933112020e+01
206 185 42
6 1 3742 -149.6270 66.0080 4 3090 -195.6510 25.1220 13 2925 -234.1872 8.2570 18 3739 -294.7354 -8.5070 6 4295 -212.3280 62.0740 8 3829 -254.6136 -19.5950
-7.7935949730e-01 5.5022558052e-01 -8.0291367389e+00
31 20 0
5 1 3748 -72.7440 57.4120 4 4022 -120.2370 87.7110 13 3814 -107.8810 76.6860 18 4082 -86.5010 78.3760 6 4314 27.6660 42.8150
-3.2724877548e+00 2.9301379878e-01 -1.1906881273e+01
228 206 69
2 1 3763 -204.0250 33.4000 4 3134 -252.1497 -4.6050
-3.1256474176e+00 2.5121551082e-01 -1.1889367984e+01
222 196 57
4 1 3768 -194.2990 30.5480 4 3137 -240.9404 -6.6120 13 3473 -273.0515 -27.8720 6 4628 -238.4348 8.4020
-8.8858263345e-02 2.1246530002e-01 -7.8467724496e+00
29 40 1
2 1 3784 16.2930 12.1550 4 3638 -24.3820 53.0420
1.2040921227e+00 -1.4383678572e+00 -9.7277121337e+00
162 173 81
3 1 3938 147.8160 -139.2090 4 3819 125.6050 -132.5460 13 3564 115.6130 -113.8210
-1.2217384675e+00 -1.1818754012e+00 -8.3501547985e+00
40 58 10
2 1 3958 -116.4640 -150.8160 4 3825 -156.5100 -146.6680
1.4032870981e+00 -1.5367224504e+00 -9.6720785169e+00
201 208 105
2 1 3960 168.2560 -150.5040 4 4174 147.9840 -141.9820
-3.7846328013e-01 1.2775142718e+00 -7.8173815526e+00
218 164 26
4 1 4098 -22.7700 159.2354 4 2850 -76.1200 197.7162 13 2673 -70.8120 184.2228 18 3556 -50.0910 189.6407
1.2947309452e-01 1.1328622531e+00 -7.8519552233e+00
23 40 4
2 1 4102 47.2050 139.0420 4 3964 -3.7160 181.5622
-6.4956466024e-01 9.6831630751e-01 -7.8725191309e+00
119 66 0
3 1 4125 -59.1640 114.9420 4 3987 -109.5470 150.5930 13 3771 -100.3910 137.7050
-6.7745748542e-01 8.7657460756e-01 -7.9145187800e+00
124 71 1
3 1 4141 -61.8160 102.0360 4 3996 -112.0420 135.4980 13 3775 -101.8510 124.4000
-5.3153026733e-01 7.8605522329e-01 -8.0261347572e+00
52 26 0
3 1 4155 -40.4290 88.8110 4 4008 -89.0360 121.4320 13 3779 -80.8620 110.9510
-6.3405692122e-01 7.7129848324e-01 -7.9617925728e+00
132 88 9
2 1 4157 -55.2500 87.4440 4 4305 -103.9590 120.6910
-4.8510359224e-01 7.3868154806e-01 -8.0051876544e+00
73 65 3
6 1 4163 -34.9600 82.3660 4 4009 -82.2660 116.4650 13 3783 -74.0370 106.8840 18 4348 -52.8340 109.4540 6 4599 64.4370 76.4690 8 3759 27.2000 105.9700
-6.8143115438e-01 5.2592970111e-01 -8.0005708984e+00
14 13 0
3 1 4175 -60.4670 54.3860 4 4024 -107.3310 86.1300 13 3815 -95.2160 76.1450
4.1833306926e+00 5.6852293205e-01 -1.4453938009e+01
121 110 23
3 1 4181 279.0900 51.7790 4 3656 233.4090 33.2410 13 3415 172.0120 47.2010
-6.7916990097e-01 4.6236944687e-01 -8.0397909042e+00
10 24 2
2 1 4185 -60.0030 46.1980 4 4029 -105.2350 76.6520
-5.1834573537e-01 -6.6044660367e-02 -7.7936843896e+00
15 28 0
2 1 4234 -42.9110 -26.0120 4 4353 -83.0150 10.1470
2.7912131024e+00 -5.9950430967e-01 -1.1741111932e+01
215 202 76
2 1 4237 245.0570 -35.2660 4 4086 211.0420 -37.6460
9.8117598312e-01 -4.1937119626e-01 -1.0024542969e+01
63 68 1
2 1 4239 122.7210 -37.0530 4 3714 91.1140 -31.3750
-8.1564465609e-01 -5.9289424622e-01 -7.9758968673e+00
16 36 2
2 1 4266 -77.5740 -91.3210 4 4103 -116.7840 -67.9040
-1.0252430710e+00 -8.8926029668e-01 -8.0750563048e+00
25 48 6
2 1 4298 -101.5410 -125.4150 4 4148 -140.2280 -110.1190
1.1386030825e+00 -1.4710063380e+00 -9.5404927034e+00
166 175 82
3 1 4312 145.2500 -147.8790 4 4170 122.1980 -139.3470 13 3568 115.3060 -119.5250
1.2999791187e+00 -1.5240647836e+00 -9.5167155986e+00
202 208 110
3 1 4319 161.1200 -154.3430 4 4173 141.1720 -142.9990 13 3571 131.5590 -122.8680
8.4386524180e-01 -1.5942370462e+00 -9.2323494702e+00
162 172 83
2 1 4330 118.1790 -169.1750 4 4198 98.1830 -160.3560
1.0691309058e+00 -1.7322406083e+00 -9.1088486963e+00
181 189 93
2 1 4347 143.4230 -188.1540 4 3858 127.2290 -176.6210
1.3913451134e-01 1.2998508012e+00 -7.8660117496e+00
35 12 10
2 1 4414 47.7080 162.0928 4 4469 -3.1700 203.4423
-3.3986117734e+00 -1.8070392582e-01 -1.0977463326e+01
247 223 91
3 1 4472 -240.3219 -5.4680 4 4368 -290.2869 -39.5690 6 4914 -266.3570 -47.0880
2.7027695694e+00 -3.9754566723e-01 -1.2139718460e+01
226 206 78
2 1 4482 229.6680 -17.0490 4 4364 193.8550 -23.7130
-3.8290573373e-01 -1.5869713972e-01 -7.8823378581e+00
20 37 1
3 1 4489 -22.4710 -37.3810 4 4510 -62.1570 -2.2210 13 4131 -41.4110 -5.3160
-2.9501762273e+00 -7.9775405319e-01 -9.9908594582e+00
237 217 86
3 1 4503 -236.5782 -69.1130 4 4133 -288.0295 -96.1720 13 4178 -295.8671 -121.4550
-7.9131586701e-01 -4.2480151405e-01 -7.8997152372e+00
15 32 0
2 1 4505 -76.8290 -71.5020 4 4372 -116.2990 -44.2440
-7.2630165337e-01 -4.5144287327e-01 -7.9887584352e+00
15 31 2
2 1 4507 -65.7230 -72.9520 4 4373 -105.5340 -47.3270
1.0328398171e+00 -7.7259426964e-01 -9.5499971148e+00
3 4 7
2 1 4514 134.6100 -78.3990 4 4384 105.5370 -66.6210
2.7325639683e-01 1.1288264298e+00 -8.1086536272e+00
67 67 4
2 1 4602 64.4690 133.8940 4 4639 16.5140 170.6728
-4.5412964352e-01 9.0195669180e-01 -7.9505462618e+00
64 60 5
6 1 4609 -32.1330 106.2470 4 4484 -80.7420 140.9188 13 4255 -72.6670 128.9610 18 4515 -52.3910 132.8060 6 4889 67.9380 100.6950 8 4246 28.3810 127.9380
-4.8168520234e-01 6.2499227472e-01 -8.0057255530e+00
71 68 7
5 1 4621 -34.6850 67.3170 4 4490 -81.5560 100.9790 13 4265 -70.8640 91.4540 18 4524 -49.2960 95.2130 6 4794 67.3620 61.8200
-4.8275347095e-01 6.2040851627e-01 -7.9954152591e+00
71 68 7
3 1 4622 -34.6850 67.3170 4 4491 -81.5560 100.9790 13 4266 -70.8640 91.4540
-4.8366548760e-01 6.2166181940e-01 -7.9981781739e+00
71 68 7
2 1 4623 -34.6850 67.3170 4 4492 -81.5560 100.9790
-6.9474873448e-01 5.9199309930e-01 -7.9970586236e+00
143 100 7
6 1 4626 -62.0910 63.3470 4 4493 -110.0480 94.9590 13 4267 -97.9540 84.4400 18 4528 -75.8400 86.4700 6 4798 39.5110 50.2480 8 4257 9.1350 83.1880
5.8248711512e-01 5.4078211165e-01 -8.5416173289e+00
63 64 0
2 1 4629 100.0890 55.5800 4 4595 57.3230 85.8440
-2.4971959560e+00 -4.9407705270e-01 -1.0622683002e+01
230 213 83
4 1 4640 -177.9320 -34.6100 4 4524 -225.0162 -62.1700 13 4300 -238.6986 -80.9380 18 4710 -267.6708 -101.5370
-2.7919997053e+00 -4.9443397273e-01 -1.0511848079e+01
188 163 34
4 1 4641 -206.8050 -36.2020 4 4382 -253.7294 -63.7790 13 4303 -268.6884 -86.2450 6 4918 -205.5800 -72.0010
-2.7871411775e+00 -4.9210018394e-01 -1.0499215501e+01
188 163 34
5 1 4642 -206.8050 -36.2020 4 4383 -253.7294 -63.7790 13 4304 -268.6884 -86.2450 18 4665 -299.0288 -108.6380 6 4919 -205.5800 -72.0010
3.0773596454e+00 -6.5472024097e-01 -1.1711618935e+01
184 153 30
3 1 4644 267.6790 -40.1760 4 4521 234.5030 -40.2940 13 4288 189.3320 -20.4100
5.1967407707e-01 -1.1668717333e+00 -9.1981709570e+00
76 82 12
3 1 4669 85.0520 -125.6940 4 4539 58.7110 -115.6520 13 4311 59.7710 -104.0760
-2.3649138172e+00 -1.3057386292e+00 -8.9340013311e+00
235 236 142
2 1 4672 -222.1919 -142.7990 4 4550 -271.1741 -160.1310
9.4346599235e-01 -1.4945506441e+00 -9.5580091873e+00
127 135 60
6 1 4675 124.9000 -148.9360 4 4543 102.4030 -141.9650 13 4180 97.1110 -125.4080 18 4433 91.4500 -117.3790 6 4832 176.7130 -108.3420 8 4143 149.1610 -108.4250
-5.5116173921e-01 8.8667491477e-01 -7.9646991103e+00
57 25 0
6 1 4714 -44.4280 104.6870 4 4585 -93.5490 138.2390 13 4359 -85.1010 125.9900 18 4634 -65.0650 128.5550 6 4963 54.1930 95.4660 8 4353 17.6230 121.1840
3.6912380343e+00 -1.6677017145e-01 -1.2901904560e+01
210 186 59
3 1 4725 282.3070 3.5770 4 4511 242.4620 -5.1180 13 4123 190.0130 11.4580
-2.1993835822e+00 -7.5572257596e-01 -1.0018039918e+01
239 243 146
2 1 4734 -169.1110 -65.5580 4 4532 -214.9240 -86.7440
-8.8751847492e-01 -9.3513388792e-01 -8.0265496465e+00
29 51 13
3 1 4743 -84.8840 -133.1070 4 4617 -122.6890 -116.1160 13 4390 -92.3750 -118.3260
-1.5283211820e-01 -1.9456923541e+00 -8.6094066367e+00
165 171 98
2 1 4757 12.1200 -229.5300 4 4673 -10.3870 -227.5740
-4.1847847568e-01 8.0577103713e-01 -7.9929624987e+00
58 57 0
6 1 4775 -26.1910 92.1890 4 4641 -74.6510 126.8530 13 4421 -66.3270 116.4750 18 4700 -46.4520 119.5060 6 4964 72.6900 87.7290 8 4354 33.5160 115.4970
-6.2249317114e-01 4.9771120965e-01 -8.0113788346e+00
6 12 0
2 1 4777 -52.4950 50.8630 4 4646 -99.1420 82.6330
-5.2331077143e-01 -5.5321109530e-01 -7.9719946080e+00
16 33 0
2 1 4781 -39.4530 -86.7830 4 4661 -77.0390 -59.4120
1.7985193994e+00 -1.4369995491e+00 -9.8881638607e+00
226 229 126
4 1 4787 203.2940 -137.0590 4 4618 181.0130 -125.4040 13 4386 162.4720 -101.7360 18 4573 144.4480 -90.4600
8.3635703061e-01 -1.7088503415e+00 -9.1086586229e+00
166 176 87
2 1 4794 119.4510 -185.4000 4 4668 99.9200 -175.9870
-4.8170169013e-01 -1.3059720954e+00 -8.4655877453e+00
84 86 21
3 1 4823 -26.9000 -162.9230 4 4716 -58.3050 -152.0810 13 4467 -35.5120 -150.1800
-2.4305951524e-01 -1.7786067033e+00 -8.5720363106e+00
34 49 8
5 1 4826 2.6740 -211.5900 4 4718 -23.6880 -208.4940 13 4471 -0.2460 -198.7580 18 4758 25.7140 -195.5950 8 4466 107.2880 -183.6570
6.5911560946e-01 6.8294422209e-01 -8.6635959434e+00
56 54 2
2 1 4836 107.7310 72.1960 4 4709 64.0060 100.2620
-1.0819998013e+00 -1.5570119488e+00 -8.2986777669e+00
26 38 0
2 1 4855 -100.0070 -197.0600 4 4739 -137.4520 -196.2270
-8.6235492462e-01 -1.2630588407e+00 -8.4661165413e+00
45 61 19
2 1 4870 -72.5490 -156.9010 4 4749 -105.9690 -151.3560
-2.4471627912e-01 1.2609720234e+00 -7.7936815096e+00
116 83 5
2 1 256 -5.0430 157.9044 13 193 -52.2510 185.3132
-3.4480749314e-01 1.2217108864e+00 -7.8037505673e+00
121 80 6
5 1 271 -17.7340 152.5898 13 1771 -67.0870 176.6150 18 1834 -44.9170 182.4467 6 304 85.4680 152.9395 8 224 37.7600 177.2564
-5.3779402133e-01 1.1885509241e+00 -7.8773416329e+00
122 66 4
2 1 301 -44.0520 145.4350 13 236 -89.8280 167.6775
-5.9612384781e-01 1.0140380760e+00 -7.9109021889e+00
105 61 9
2 1 388 -51.1630 120.7930 13 312 -93.9670 142.9636
-5.6296702464e-01 1.0025722514e+00 -7.9146635806e+00
90 58 6
3 1 394 -46.6360 119.0130 13 314 -89.1780 141.4730 18 334 -68.8240 146.3865
-2.5668295294e+00 1.3178969062e+00 -1.4050853507e+01
229 227 123
3 1 474 -117.7790 96.0320 13 702 -209.4760 35.9810 6 3189 -197.7360 103.6900
3.7949632584e-01 7.6532207631e-01 -8.4431719297e+00
70 71 4
2 1 526 76.4560 83.5160 13 427 25.4360 110.1010
-3.2661447543e+00 6.3235035568e-01 -1.2714898536e+01
215 203 86
2 1 626 -184.2410 56.9630 13 2149 -270.1149 -5.3240
-2.4954138730e+00 -6.0716257736e-01 -1.0281893039e+01
231 220 104
2 1 1033 -188.1360 -48.4230 13 1154 -244.5298 -92.9360
1.0069625001e+00 -1.5469080911e+00 -9.4674062465e+00
161 171 85
2 1 1427 132.2730 -157.2760 13 1297 106.3880 -130.2700
-4.7162775791e-01 1.1871052860e+00 -7.8501542515e+00
153 106 22
2 1 1931 -35.5330 145.9290 13 1782 -81.0060 169.7027
-3.2496985179e+00 -1.9714275399e-02 -1.1272838667e+01
253 233 100
2 1 2283 -219.9340 8.3360 13 2243 -295.4949 -50.1810
-3.2496985179e+00 -1.9714275399e-02 -1.1272838667e+01
253 233 100
2 1 2284 -219.9340 8.3360 13 2244 -295.4949 -50.1810
9.7980116201e-01 -1.4849230428e-01 -9.3963437647e+00
66 74 23
2 1 2354 132.4170 -17.3780 13 2120 82.3910 6.2520
9.0607712844e-01 -1.9404703145e-01 -9.2762425713e+00
69 70 2
2 1 2370 126.7820 -23.7470 13 2134 78.5550 1.9790
-2.9378255112e+00 -9.2003566063e-01 -9.5614566601e+00
235 212 89
3 1 2504 -252.6718 -87.2200 13 2430 -308.1023 -139.9660 8 2530 -237.8814 -177.0890
-9.5243445903e-01 -1.7895921593e+00 -8.4513246422e+00
66 73 28
2 1 2828 -82.3550 -217.0480 13 2595 -82.9560 -220.0500
-8.3549260334e-01 -1.8072071838e+00 -8.4929515183e+00
73 82 29
2 1 2830 -68.1830 -217.2980 13 3219 -68.1830 -218.1110
-6.2461479025e-01 1.0792701952e+00 -7.9610558731e+00
121 73 0
2 1 2994 -54.6210 129.2600 13 2701 -98.2990 148.4463
-3.2794880674e-01 6.2633876364e-01 -7.9694022670e+00
50 53 6
2 1 3104 -15.2360 68.8050 13 1922 -50.2200 95.2760
-3.8088721075e-01 -1.0088548278e-01 -7.9393924190e+00
13 29 3
2 1 3251 -21.4930 -28.7450 13 2945 -42.7800 1.9970
-3.7326629628e-01 1.0847085650e+00 -7.9301673706e+00
50 47 2
2 1 3679 -21.2530 130.5820 13 3318 -65.9570 154.5543
4.9475781729e-01 8.5287753372e-01 -8.5726378520e+00
55 53 3
2 1 3718 88.9330 93.7300 13 2744 34.7630 117.4210
-6.6105712641e-01 -3.8600027716e-01 -8.0212641035e+00
13 29 2
2 1 3858 -56.8610 -63.7700 13 3489 -73.5700 -41.6530
1.2911539629e+00 -1.4612197956e+00 -9.6575131871e+00
190 196 96
2 1 3950 158.0910 -143.9380 13 3566 125.3810 -114.7460
-1.2406477755e+00 -1.4199705777e+00 -8.5132693482e+00
50 68 26
2 1 3977 -114.6710 -171.7430 13 3167 -125.0620 -179.7170
-5.8071972494e-01 8.1744570636e-01 -8.0114644545e+00
107 71 3
2 1 4149 -47.2540 93.1270 13 3778 -87.7810 114.5160
-7.3661609719e-01 6.4842568159e-01 -8.0155595300e+00
116 72 2
3 1 4171 -66.4150 69.7230 13 3802 -105.6890 90.5950 18 4354 -83.3110 92.8810
-6.7534004137e-01 4.6116082338e-01 -7.9909445271e+00
10 24 2
2 1 4186 -60.0030 46.1980 13 3820 -92.6900 67.8940
-7.0756871207e-01 8.7719782053e-02 -8.1270698889e+00
4 15 1
2 1 4216 -60.3540 -2.3340 13 3849 -90.0990 17.8690
-4.7400430231e-01 -2.6784309530e-01 -7.8677547212e+00
17 33 2
2 1 4242 -34.5730 -52.1570 13 3868 -51.1940 -21.1960
7.5663684670e-01 -5.8141974154e-01 -9.2776666031e+00
77 76 10
2 1 4251 110.0650 -63.7230 13 3488 70.9970 -39.4730
-1.1378708122e+00 -1.2701998793e+00 -8.2779169595e+00
44 62 22
2 1 4326 -109.2610 -163.6950 13 4197 -116.6820 -164.0070
-4.0448271478e-01 2.2478316206e-01 -8.1697926275e+00
18 28 0
2 1 4464 -22.2110 16.0310 13 4113 -53.7130 39.3990
-5.7394298760e-01 1.3604053071e-01 -8.2825023644e+00
47 55 6
2 1 4634 -42.2930 6.0870 13 4280 -72.9170 23.3080
-2.8720554574e+00 -3.8416426991e-01 -1.0683072398e+01
244 223 95
5 1 4637 -208.0070 -25.2300 13 4299 -272.3666 -76.5660 18 4574 -307.0995 -99.3850 6 4916 -215.1620 -60.4600 8 4383 -243.3296 -110.0190
-2.7150660224e-01 -1.1927673008e-01 -7.8798011513e+00
18 31 0
2 1 4639 -7.2500 -32.4910 13 4285 -27.8450 2.6930
-1.2856231256e+00 -6.4602905464e-01 -8.6153457657e+00
231 236 136
2 1 4655 -118.2730 -81.0130 13 4306 -143.6990 -85.7000
-6.7259862517e-01 -5.9397012980e-01 -7.9303458869e+00
21 41 3
2 1 4659 -59.5090 -93.1700 13 4297 -71.0160 -69.0760
-5.2641122978e-01 4.5641422782e-01 -8.0754237448e+00
51 58 2
5 1 4720 -38.6750 45.4820 13 4364 -73.0260 68.9930 18 4643 -52.8380 70.9210 6 4900 61.4740 36.0150 8 4360 29.1820 67.9690
-5.2643731861e-01 2.5080987252e-01 -8.1487475253e+00
52 60 3
2 1 4814 -37.8750 19.1860 13 4457 -69.5320 40.8310
5.0277766007e-01 -5.1055901129e-01 -9.2104359559e+00
84 86 13
2 1 4842 83.3080 -56.6930 13 4482 46.8190 -36.8040
1.1051329037e+00 -6.7335287116e-01 -9.1546944363e+00
1 6 0
2 1 4851 148.7920 -75.8240 13 4483 110.4010 -42.9300
-1.8064107307e-01 1.2759271955e+00 -7.8042241585e+00
106 82 12
2 4 170 -48.4760 200.2017 13 179 -44.2890 187.8070
-4.1379810439e-01 1.1851749790e+00 -7.8161962264e+00
119 82 7
2 4 227 -80.0430 184.8494 13 223 -73.2530 171.9732
-5.4285133532e-01 8.5167808688e-01 -8.0234402826e+00
71 42 2
2 4 410 -91.1020 130.0960 13 387 -83.5090 119.0200
-3.1593539549e+00 4.9919235288e-01 -1.2198755159e+01
232 216 99
2 4 883 -236.5995 9.4760 13 883 -271.5069 -11.0980
2.8101932213e+00 -6.0854850389e-01 -1.1935560784e+01
215 203 82
2 4 1066 207.8090 -38.5600 13 935 165.2730 -21.0940
-2.7758071000e+00 -4.7331080099e-01 -1.0393912221e+01
194 170 46
2 4 1160 -256.9695 -62.6170 13 2320 -270.6324 -84.2320
-2.8446540294e+00 -6.4497751884e-01 -1.0197029955e+01
235 214 87
3 4 1213 -269.9818 -79.6960 13 1201 -280.5051 -103.0600 18 3352 -306.9214 -127.7490
-7.6817874005e-01 -1.7999631516e+00 -8.4284678088e+00
84 92 32
2 4 1721 -90.7300 -221.0720 13 1578 -60.3260 -217.2070
-1.2596950946e+00 -1.7624775415e+00 -8.3505390539e+00
167 169 82
2 4 1729 -156.4230 -223.7920 13 1618 -122.7910 -227.2610
7.2981596662e-02 1.3146112732e+00 -7.8369221696e+00
97 80 2
3 4 1830 -13.3430 206.2594 13 155 -12.5130 194.9830 8 166 78.7370 194.0531
-1.3785974940e-01 1.2822811884e+00 -7.7686988811e+00
154 125 38
2 4 1836 -42.8830 203.3531 13 1743 -38.4840 191.0627
-3.9657177538e-01 1.3009839399e+00 -7.8278946619e+00
147 89 0
2 4 1843 -78.4870 200.1059 13 1752 -73.4030 186.6881
-6.3547122176e-01 6.1349863424e-01 -8.0223541521e+00
100 65 0
3 4 2032 -101.4330 98.3450 13 1942 -90.9140 87.0330 18 526 -69.1810 89.4560
-2.6373258195e+00 9.9625923903e-01 -1.3305189676e+01
236 217 94
2 4 2159 -179.0190 37.2330 13 2908 -220.0538 22.1360
-2.6003989226e+00 1.7006581373e-04 -1.1615026975e+01
215 196 65
2 4 2311 -207.8500 -21.8920 13 983 -233.7775 -40.2940
-2.4420628829e-01 -1.8455265899e+00 -8.5504238506e+00
65 70 15
2 4 2776 -22.5550 -217.7060 13 2569 2.0370 -206.5380
-3.8045870319e-01 1.2792143673e+00 -7.8229506446e+00
220 170 41
2 4 2849 -76.1200 197.7162 13 2672 -70.8120 184.2228
-6.3393603964e-01 8.6372111331e-01 -7.9474041414e+00
122 73 4
3 4 2916 -105.1630 133.6410 13 2730 -95.5730 121.9370 18 1954 -74.5920 124.6810
-6.6502338367e-01 7.0941379926e-01 -7.9676607541e+00
131 83 13
4 4 2948 -107.6400 111.5500 13 2776 -96.5590 100.6030 18 3014 -74.4450 103.7580 8 1918 9.7770 99.3670
-7.2354804974e-01 6.8735610036e-01 -7.9741051159e+00
130 78 9
2 4 2961 -115.2310 107.7470 13 1919 -103.8180 97.0250
-8.2722272353e-01 6.8381380266e-01 -8.0106867507e+00
122 73 0
2 4 2964 -128.3300 105.2340 13 2787 -117.1610 93.5210
-6.0279971232e-01 6.3521550141e-01 -7.9944198816e+00
91 58 0
2 4 2970 -97.9290 101.4290 13 1930 -86.9270 91.7840
-7.2837414573e-01 4.9222179430e-01 -7.9314297081e+00
17 30 4
2 4 3017 -115.2660 83.1510 13 2828 -100.6580 72.3410
-5.3016250194e-01 -2.0532763809e-01 -7.8901654252e+00
8 26 2
2 4 3143 -82.4150 -10.7780 13 2971 -59.8010 -14.3450
-2.3547662534e+00 -1.9027944954e-01 -1.1714587513e+01
232 218 85
2 4 3184 -185.8070 -34.7790 13 3496 -210.2920 -52.5110
9.1512317118e-01 -1.3570643427e+00 -9.5832069075e+00
96 107 45
2 4 3329 97.7960 -128.1210 13 3092 91.6610 -112.5070
-8.6781035777e-01 -1.7624784384e+00 -8.6352184954e+00
52 60 13
2 4 3452 -99.8080 -210.2250 13 3208 -73.6380 -208.9450
-4.2330440713e-01 -1.8280150059e+00 -8.7132369679e+00
86 94 35
2 4 3457 -43.8320 -211.7180 13 3199 -21.1120 -204.2910
3.0029481023e-01 1.0918978717e+00 -7.8265633625e+00
80 76 11
2 4 3526 20.5810 179.1607 13 3306 21.5280 170.2534
-8.1222895558e-01 7.8053405809e-01 -8.0058250869e+00
138 84 0
2 4 3568 -127.1990 118.5770 13 3784 -117.1490 106.0910
-4.2819641243e-01 6.3505875184e-01 -8.0223973767e+00
70 71 14
2 4 3585 -73.8000 102.5420 13 3372 -64.4220 93.7320
-8.2254850891e-01 6.0366108211e-01 -8.0306915027e+00
125 85 8
3 4 3595 -126.4940 93.8540 13 3382 -114.8790 82.6750 18 4078 -93.4910 84.5720
3.1400111353e+00 -9.1263053283e-02 -1.3042450784e+01
216 198 70
2 4 3691 202.7190 -3.3030 13 2923 152.7210 10.4660
-3.0523712609e+00 -2.0586665931e-01 -1.1038872944e+01
238 220 94
2 4 3722 -259.8603 -39.9910 13 3505 -282.3609 -63.2840
-7.6515468765e-01 -5.3623941246e-01 -8.0093936458e+00
10 28 3
2 4 3735 -109.7060 -59.6990 13 3506 -84.3390 -63.1440
-7.2240020733e-01 -6.2606812580e-01 -7.9530979677e+00
27 45 17
2 4 3743 -104.2630 -72.3180 13 3523 -76.8160 -73.9290
-1.1727505048e-01 -1.7564525168e+00 -8.5800403658e+00
159 169 98
2 4 3893 -7.4470 -204.0020 13 3653 14.5890 -192.4340
8.6072246540e-02 1.1555255011e+00 -7.7806753216e+00
26 44 4
2 4 3958 -10.0020 188.0892 13 3298 -6.5910 177.0492
-6.6959891790e-02 1.0091921603e+00 -7.6384749049e+00
29 47 7
2 4 3973 -30.9790 173.5444 13 3760 -21.6730 161.5275
3.1468268066e+00 -7.8032953240e-01 -1.1636625173e+01
247 235 128
2 4 4094 242.4310 -49.6260 13 3476 198.3920 -28.5330
-2.5749053140e+00 -8.9900555768e-01 -9.8294012053e+00
248 247 155
2 4 4140 -257.0878 -104.9150 13 3919 -260.0719 -126.5550
-3.9222785226e-01 -1.1673108161e+00 -8.3997113695e+00
89 91 18
2 4 4162 -48.4180 -136.1240 13 3923 -26.8040 -131.0820
-1.3974499530e-01 -1.6995445322e+00 -8.5935427483e+00
38 50 0
4 4 4235 -10.4930 -197.0950 13 3977 10.3180 -185.4780 18 4466 34.1350 -182.0680 8 4178 112.9210 -170.6700
2.9727196613e+00 -4.7297915295e-01 -1.2165667947e+01
222 206 80
2 4 4365 213.2470 -27.9680 13 3863 168.0780 -10.9800
7.7347658467e-01 4.3637730852e-01 -8.8941260241e+00
59 59 0
2 4 4598 76.3250 67.3600 13 4272 64.0990 69.5260
3.4673544136e+00 -3.6883046678e-01 -1.2552843708e+01
190 155 25
2 4 4609 237.8820 -19.2760 13 4286 187.3170 -0.4130
-1.6432929334e+00 -3.8622158289e-01 -8.6642414534e+00
230 216 83
2 4 4750 -203.4520 -47.3970 13 4518 -191.3320 -61.6060
-4.3732711533e-01 1.2296910363e+00 -7.8383961631e+00
170 116 21
2 1 270 -31.1000 152.2993 18 1837 -56.8520 180.9921
-2.5210755488e+00 1.2588608272e+00 -1.4016440114e+01
214 202 73
2 1 485 -115.5660 92.8910 18 2203 -272.6364 19.4520
-7.9014504529e-01 2.7896672014e-01 -8.0522616038e+00
7 24 0
2 1 775 -72.8730 21.3900 18 703 -80.7190 42.8650
-2.7561089418e+00 -5.4830223669e-01 -1.0343040144e+01
239 211 85
3 1 1015 -209.5330 -44.0030 18 1315 -296.9528 -115.0430 6 1268 -201.6790 -78.7560
-4.1416946225e-01 1.1812424728e+00 -7.7976664496e+00
121 82 10
2 1 1932 -28.2950 146.0662 18 225 -51.3800 177.3846
8.3904025032e-02 1.1468056108e+00 -7.7547798943e+00
16 37 0
2 1 3663 41.1990 142.2896 18 1833 14.0620 183.1835
-2.6675407077e+00 -4.5406199210e-02 -1.1453264177e+01
200 180 45
4 1 3789 -170.9040 7.2500 18 3790 -285.1339 -63.7380 6 4643 -196.4660 -13.3060 8 3879 -230.3117 -74.1810
-2.3633995546e+00 -3.2830241405e-01 -1.0930084900e+01
234 218 77
3 1 3819 -160.7480 -18.7660 18 3810 -254.7290 -82.8070 6 4364 -166.4220 -39.0310
5.5332340592e-01 3.9487759891e-01 -8.6644906023e+00
65 66 0
2 1 4190 95.3010 38.0440 18 3073 48.8450 70.6050
-2.5343443596e+00 3.0614730181e-01 -1.2105749916e+01
231 214 72
2 1 4192 -147.7500 35.1220 18 4408 -272.9345 -34.9460
5.2035116900e-01 1.1217239144e-01 -8.8385435916e+00
78 80 7
2 1 4467 89.1630 6.9670 18 3707 46.1260 35.6050
-3.7419906186e-01 1.2409747698e+00 -7.7904045725e+00
151 106 0
3 4 1853 -75.7620 193.9802 18 2911 -46.5300 186.6037 8 2692 32.6420 178.9427
-5.5123265580e-01 3.1941748615e-01 -8.1188864350e+00
38 48 0
2 4 2116 -85.9490 56.9140 18 2130 -52.7650 51.6200
-6.3212104729e-01 9.2754223707e-01 -7.9352418185e+00
109 64 0
2 4 2911 -105.6370 142.6156 18 1932 -75.9200 133.8970
-7.6509234672e-01 6.3119122444e-01 -8.0004820147e+00
115 66 0
2 4 3587 -119.7490 99.4600 18 3658 -86.0810 89.9730
-1.4031735514e+00 -1.5054493807e+00 -8.2371189143e+00
220 226 128
2 4 4740 -181.2030 -195.9190 18 4775 -112.1740 -212.4440
-6.3487652429e-01 8.9802832734e-01 -7.9387983205e+00
114 67 0
2 13 359 -96.5420 126.4110 18 398 -75.4800 129.7330
-1.7834736363e+00 7.2909564077e-01 -1.3264037030e+01
203 184 55
2 13 792 -161.7230 13.6370 18 2257 -217.0050 0.2510
-2.0063257550e+00 -9.3854134357e-02 -1.1525993189e+01
215 203 87
2 13 980 -186.3470 -39.4740 18 1107 -224.4417 -55.2380
-2.4987766411e+00 -5.7655892270e-01 -1.0466361949e+01
227 213 101
2 13 1134 -241.1062 -88.8280 18 1299 -267.6925 -110.4690
2.4825969802e-01 1.1872589058e+00 -7.9160778234e+00
70 66 14
2 13 1769 11.1550 177.6649 18 210 26.0570 182.2990
-1.6553445827e+00 4.0056236292e-01 -6.6411957367e+00
78 82 4
2 13 1954 -278.4787 78.5070 18 3666 -202.2740 80.0580
-1.7227601163e+00 1.3198822524e-01 -1.2019810989e+01
177 166 48
4 13 2174 -161.9360 -21.0010 18 3235 -203.5100 -33.3390 6 3879 -121.5610 22.5900 8 2996 -158.3630 -40.6940
-2.5019226036e+00 -6.5039090188e-01 -1.0314673029e+01
253 253 154
2 13 2339 -243.8635 -96.9520 18 2560 -267.9349 -118.3990
3.6902157643e-01 -1.4496227124e+00 -9.2371238512e+00
77 83 33
2 13 2418 48.4030 -134.9760 18 2580 53.1430 -130.7500
-1.9062536333e-01 1.2232098441e+00 -7.8128827218e+00
73 65 9
4 13 2680 -44.6410 180.3562 18 2915 -24.2520 185.4737 6 3130 105.0280 155.6429 8 2691 53.9180 179.2779
4.8736877040e+00 -2.3745487283e-01 -1.3033470874e+01
95 104 53
2 13 2915 253.7850 17.5270 18 2190 187.5250 25.4430
-1.9699608206e+00 5.4823867266e-01 -1.2797683300e+01
195 176 48
3 13 2942 -176.1180 2.6750 18 3743 -229.5656 -12.2800 8 3456 -188.5870 -19.6530
-1.9847869933e+00 5.5951683165e-01 -1.2958790264e+01
195 176 48
2 13 2943 -176.1180 2.6750 18 3744 -229.5656 -12.2800
-2.0133987251e+00 1.3322962705e+00 -1.4487200701e+01
244 228 93
3 13 3424 -171.7470 39.5280 18 4117 -237.8908 26.1970 8 3809 -209.5800 14.1960
-3.0115727581e-01 -1.9395135241e+00 -8.5762301764e+00
140 150 79
3 13 3680 -2.6650 -217.6100 18 3956 22.6550 -216.5180 8 3650 106.5090 -204.7860
-2.0702309269e+00 9.3989685017e-01 -1.3513590237e+01
233 215 87
3 13 3847 -180.3970 21.6120 18 4128 -238.9141 9.2930 8 3817 -205.5710 -1.3540
-6.9868010532e-01 -6.7566437047e-01 -7.9616428631e+00
13 36 0
2 13 3894 -72.5880 -80.1610 18 4185 -36.9150 -81.0770
-4.2828465283e-01 -1.4515817714e+00 -8.5457500793e+00
59 62 5
2 13 3955 -27.0730 -163.7640 18 4244 -2.3670 -163.6960
-8.4960149154e-01 -5.0281739557e-01 -7.9691662346e+00
13 31 0
3 13 4153 -96.3440 -61.1650 18 4413 -62.0530 -62.4620 8 4121 30.5710 -58.2580
-6.3394935772e-01 5.1510078029e-01 -8.0510562311e+00
14 13 9
4 13 4363 -87.6800 74.4770 18 4642 -67.1520 76.7060 6 4898 47.3830 40.9820 8 4259 15.4550 73.7400
-2.5017526392e+00 -1.6523834226e-01 -1.1159089333e+01
238 220 94
3 13 4380 -231.9950 -52.7430 18 4707 -270.2417 -71.4160 8 4428 -212.4840 -78.1370
-2.2317029518e+00 -7.9539985876e-01 -1.0125134318e+01
243 247 162
2 13 4388 -219.7905 -106.3660 18 4713 -237.2871 -128.2500
1.4475718742e+00 -1.8954375217e+00 -8.7616656792e+00
205 217 117
2 13 4401 182.4320 -169.6750 18 4678 185.4160 -150.3630
-2.4767552865e-01 -1.9178154489e+00 -8.2832998251e+00
174 186 104
2 13 4475 7.4660 -223.5500 18 4760 41.8010 -219.6580
-4.0998254676e-01 1.5985084894e+00 -8.3376397728e+00
234 178 9
2 1 159 -21.3110 188.2665 6 2032 42.6490 197.5879
-1.7586891383e-01 1.2759824214e+00 -7.8040605316e+00
110 79 10
2 1 248 4.6490 159.6189 6 272 106.5430 164.2578
6.0430853167e+00 7.1786209077e-01 -1.7401428366e+01
83 85 75
2 1 625 316.9170 57.2690 6 373 200.4320 138.0360
-7.6517573838e-01 2.9451815615e-01 -8.0267532152e+00
10 22 4
2 1 762 -70.6140 24.1670 8 681 9.9280 43.5610
-2.9449169142e+00 -2.6999126330e-01 -1.0899213308e+01
245 225 94
2 1 885 -206.9240 -13.3650 6 1129 -221.7425 -46.9860
-2.9950209849e+00 -7.4886585781e-01 -9.9167814466e+00
206 177 47
2 1 1096 -244.3264 -66.0950 6 2726 -226.3967 -117.6530
-2.9153501342e-01 -1.7479366374e+00 -8.4983662483e+00
37 50 10
2 1 1665 -4.7470 -212.0010 6 2940 108.9870 -207.8690
-1.3874084621e-01 1.2916652749e+00 -7.7954939346e+00
157 118 27
2 1 1887 9.7860 162.1640 6 3123 111.9160 167.5461
-3.2422356965e+00 -6.6275980256e-02 -1.1266261591e+01
229 209 78
2 1 2294 -219.4630 5.0080 8 3063 -284.0890 -90.8440
-3.2827465427e+00 9.1693768949e-02 -1.1531614185e+01
233 210 73
2 1 3777 -214.5240 18.4010 6 4641 -253.0982 -11.7490
-2.6663925526e+00 -4.6076561236e-02 -1.1455034849e+01
200 180 45
3 1 3788 -170.9040 7.2500 6 4642 -196.4660 -13.3060 8 3878 -230.3117 -74.1810
1.2246922361e+00 -1.6238246794e+00 -9.3238740617e+00
198 209 107
2 1 4549 156.4450 -170.2840 6 4415 214.5450 -120.1170
-3.2869604287e+00 -4.3870286184e-01 -1.0475937785e+01
248 224 92
3 1 4638 -248.9502 -30.8000 6 4981 -255.7555 -78.4850 8 4433 -286.8950 -129.5920
1.0766300046e+00 -4.3465391319e-01 -9.3525461473e+00
228 234 136
2 1 4649 143.3400 -50.0410 8 4369 140.3990 -5.3260
-3.9559883354e-01 -1.7538661175e+00 -8.4755109348e+00
85 92 43
2 1 4693 -16.8140 -212.9400 6 4734 98.5910 -213.4840
4.5101789317e+00 -2.4954095621e-02 -1.3332393244e+01
195 182 71
2 4 2241 283.5410 6.2100 13 748 222.4070 24.9940
3.6639547543e+00 2.9142439340e-01 -1.3772931956e+01
168 147 40
2 4 3101 218.3780 19.6150 13 2891 162.0810 32.6680
3.5919845527e+00 3.4694186110e-01 -1.3785033315e+01
217 197 68
2 4 3661 213.4180 22.5170 13 2886 157.3610 35.1910
-3.2527855016e-01 1.2316097000e+00 -7.7870290012e+00
120 84 11
2 13 208 -63.1020 179.7715 6 298 87.9840 154.8899
-3.0145777401e-01 1.2184715190e+00 -7.8061452616e+00
90 64 0
3 13 210 -59.0120 178.6586 6 305 89.9760 152.4043 8 1778 41.7920 176.8412
9.9797295981e+00 2.2781311049e+00 -1.9633024323e+01
142 172 163
2 13 436 283.7150 108.7460 6 1988 282.1220 213.8857
-9.4990732714e-01 6.0130704339e-01 -8.1666059070e+00
38 51 4
2 13 546 -130.2050 76.8330 8 1976 -27.6490 72.2940
-2.1818745141e+00 -2.5061827479e-01 -1.1117422598e+01
217 205 88
3 13 1032 -205.0400 -55.5260 6 2525 -151.1410 -26.1940 8 1129 -181.4900 -78.4520
-3.1197315208e+00 -4.7956080443e-01 -1.0457668876e+01
187 172 43
2 13 1139 -301.7529 -90.0150 6 2635 -239.3456 -79.3310
1.0065541914e+01 2.3996110879e+00 -1.9820829373e+01
227 255 251
2 13 1891 282.0750 111.8820 6 3042 279.9340 217.5453
9.7560091442e+00 2.3411625447e+00 -1.9767158724e+01
128 161 140
3 13 1900 273.2170 108.6710 18 1988 174.6380 108.6590 6 1984 271.2940 214.3184
-2.7061739190e+00 8.9931784027e-02 -1.1514188662e+01
237 219 95
2 13 2200 -245.3243 -34.5270 8 2280 -236.7240 -63.7730
-3.3012492614e+00 -1.8154039538e-01 -1.0971188090e+01
244 232 96
3 13 2277 -306.7345 -64.7540 6 3940 -257.0572 -44.3310 8 3546 -289.6077 -102.8640
-2.2259864364e-01 -1.7513666680e+00 -8.5320331254e+00
40 54 18
2 13 2542 3.0240 -195.9790 8 2537 109.6830 -179.9200
-8.9506165603e-01 6.9257991907e-01 -8.1030160279e+00
135 90 0
2 13 2794 -125.6250 90.4280 6 3845 6.2250 60.6900
-2.0758741407e+00 -6.0382715416e-02 -1.1551828850e+01
236 217 96
2 13 3000 -191.6280 -37.7940 6 4341 -145.9440 -3.2700
-2.5452173164e+00 3.1585032451e-01 -1.2230101858e+01
234 214 91
2 13 3465 -222.5306 -17.4890 6 4619 -189.0410 26.2530
-2.0428077338e+00 8.9607589042e-02 -1.1876431921e+01
229 214 88
2 13 3472 -186.6270 -26.6690 6 4626 -145.9820 12.7930
1.2725228196e+00 -1.3934980841e+00 -9.7848819857e+00
185 197 110
2 13 3559 119.5200 -107.6150 6 3972 192.7590 -86.0890
-2.0754956988e+00 7.4910032147e-01 -1.3152946614e+01
216 197 69
2 13 3851 -182.7330 11.6090 6 4791 -157.7320 69.9420
-2.1566177790e+00 -1.7890897942e-01 -1.1356728584e+01
224 209 88
2 13 4378 -199.8150 -47.8290 8 4427 -182.3350 -73.0860
-6.7221930276e-01 2.3666239520e+00 -1.3844861989e+01
97 103 58
3 18 455 -166.5200 109.9270 6 2041 -86.4600 192.8697 8 1911 -141.4390 101.3240
-6.7166789791e-01 2.2480015853e+00 -1.3943524244e+01
13 21 0
3 18 490 -165.3610 101.1150 6 2058 -85.4220 184.0410 8 1932 -140.3440 92.9510
-1.4780426687e+00 1.4429587253e+00 -1.4643301906e+01
191 165 44
3 18 735 -205.3940 36.9910 6 443 -129.9020 121.4680 8 730 -179.1780 27.9410
-1.1938033326e+00 1.3571250820e+00 -1.4690831668e+01
215 186 68
2 18 748 -187.4610 34.8770 6 452 -111.4470 118.9320
-2.6444923984e+00 1.1584127894e+00 -1.3752414551e+01
197 182 80
3 18 838 -282.1266 13.3440 6 3206 -202.4110 91.9450 8 2147 -248.2631 1.6520
-1.8015844895e+00 7.6356944017e-01 -1.3324380111e+01
228 195 79
2 18 895 -218.7480 2.4520 8 867 -183.2120 -6.9070
-1.3376564194e+00 5.1696581492e-01 -1.2946065631e+01
179 159 45
3 18 920 -182.4780 -5.1560 6 2324 -102.3210 61.6490 8 882 -145.1040 -12.3280
-1.3376564194e+00 5.1696581492e-01 -1.2946065631e+01
179 159 45
3 18 921 -182.4780 -5.1560 6 2325 -102.3210 61.6490 8 883 -145.1040 -12.3280
4.3050945382e+00 -8.4604052738e-01 -1.1788254339e+01
192 159 60
2 18 933 212.4600 -8.6410 8 2150 236.5490 -0.0650
3.9391883242e+00 -8.9566821716e-01 -1.1549632563e+01
191 161 63
2 18 968 202.5800 -15.9280 6 2413 295.9680 24.1240
-1.7996076200e+00 7.6778293976e-02 -1.1957401593e+01
191 168 55
2 18 1049 -209.6750 -38.9200 6 908 -126.0130 16.7090
3.6847566987e+00 -1.2785817912e+00 -1.0739209018e+01
240 219 121
2 18 1059 229.6400 -42.2990 8 955 261.2150 -31.5880
5.7607161578e-01 -6.7506450990e-01 -9.1131644721e+00
88 84 13
2 18 1079 58.5820 -46.9340 6 3407 155.0130 -49.3780
-4.1270128156e-01 -1.8880485453e+00 -8.4690446821e+00
115 121 59
2 18 1655 14.2240 -216.6630 8 2578 98.9440 -205.6250
-2.9739402874e-01 -1.9255008356e+00 -8.4193240260e+00
157 159 89
2 18 1663 30.3490 -218.4130 8 1560 114.5760 -205.9750
-1.4254946044e-01 1.2852809789e+00 -7.7760259384e+00
160 126 36
2 18 1803 -18.7900 196.0313 8 1758 59.1790 189.8058
-6.3769505104e-01 2.2260498565e+00 -1.4134524529e+01
134 142 104
2 18 2009 -163.8560 97.3900 8 1939 -138.9290 88.8110
-1.0255794236e+00 8.6933603378e-01 -8.5899419842e+00
151 113 42
2 18 2014 -135.9860 96.0140 8 2807 -58.7800 90.1200
-1.3956483360e+00 1.8707261179e+00 -1.5526410231e+01
250 228 109
3 18 2126 -205.2910 53.8250 6 2131 -131.7000 144.6641 8 2054 -184.3900 43.0100
-1.4119438173e+00 1.8612554771e+00 -1.5541187855e+01
255 233 113
3 18 2128 -207.7600 51.4210 6 2130 -131.7000 144.6641 8 2053 -184.3900 43.0100
4.7072980752e+00 -5.7785342975e-01 -1.2135649543e+01
225 189 92
2 18 2225 215.9020 10.9510 8 2914 236.9270 18.7150
-1.0595585641e+00 6.2685264127e-01 -1.3178856079e+01
204 179 60
2 18 2242 -165.7940 4.3840 6 3232 -85.8170 73.4540
4.7401926821e+00 -8.5889588885e-01 -1.2116123439e+01
213 179 73
2 18 2269 222.4700 -6.1170 8 821 244.0380 3.5840
-2.9824096040e+00 8.2170852931e-01 -1.2969829847e+01
216 204 90
2 18 2272 -309.2647 -7.7380 8 2969 -270.0637 -21.3520
3.8906909382e+00 -9.8293324857e-01 -1.1404331450e+01
193 165 68
2 18 2310 207.5570 -21.4890 6 2435 300.0160 16.0660
3.8059583317e+00 -1.1713800526e+00 -1.0922549120e+01
189 162 62
2 18 2343 226.5250 -33.4770 8 2208 256.4830 -22.9620
-2.6371403007e+00 -1.6047702058e-03 -1.1421417221e+01
253 228 107
2 18 2405 -283.1100 -59.6340 8 2291 -228.5993 -69.4810
3.0867410131e-01 -8.8155306172e-01 -8.9866391165e+00
82 79 10
2 18 2438 43.6200 -74.4380 6 2638 136.6870 -80.2990
-2.6653686117e+00 -4.5241268805e-01 -1.0662708050e+01
236 211 85
2 18 2508 -285.8843 -101.5840 6 2591 -192.5860 -62.0460
-1.4829851004e-01 1.3139929975e+00 -7.7851674153e+00
142 96 0
2 18 2885 -20.7110 199.2494 8 2680 57.0480 192.7140
8.8641853014e-01 1.1237179998e+00 -8.2195626490e+00
43 50 15
2 18 2935 84.0400 171.3114 8 2704 144.2910 168.1168
2.7865600694e-01 6.2932436053e-01 -7.1962827953e+00
25 34 4
2 18 2965 86.8890 143.3524 6 647 227.1110 76.0840
-7.0311878638e-01 2.3183463761e+00 -1.3864393411e+01
28 36 0
2 18 3012 -167.9280 106.3640 6 3086 -88.3190 189.2914
-7.1860488863e-01 6.8506607246e-01 -7.9706246604e+00
128 79 0
2 18 3025 -80.8850 99.1630 8 2802 4.3470 94.7140
-8.9418959527e-01 7.0003472812e-01 -8.0885276200e+00
148 85 0
2 18 3036 -106.9070 93.3090 8 2811 -21.5890 88.6090
-1.8671140893e-01 1.2484953165e-01 -7.9094999124e+00
37 47 7
2 18 3124 5.4070 40.4780 8 690 86.9190 40.8510
5.4681988128e+00 -4.3222242958e-01 -1.3049653800e+01
144 116 36
2 18 3162 217.4470 20.8040 8 2903 233.5720 28.9830
-2.6110338379e+00 8.2200782660e-01 -1.3000017515e+01
242 216 93
2 18 3196 -280.2581 -3.0700 8 2961 -241.6147 -14.1120
1.2083648244e+00 -4.3409589598e-01 -9.0569650565e+00
28 32 5
2 18 3211 113.3620 -8.9050 8 2940 167.8330 -0.6570
-2.3201760646e+00 3.2488233626e-01 -1.2261095631e+01
255 229 110
2 18 3232 -254.7714 -30.4380 8 3471 -209.6150 -39.5560
4.7015240105e+00 -1.4711005260e+00 -1.1035669939e+01
198 162 50
2 18 3242 277.0130 -40.8820 8 2216 303.6920 -27.5520
3.7663104251e+00 -1.4547077379e+00 -1.0657639854e+01
213 195 83
2 18 3260 241.5780 -54.3630 8 992 273.5380 -41.0340
-1.0899163273e+00 -7.5300980893e-01 -8.1336983281e+00
49 61 24
2 18 3317 -90.3610 -103.3910 6 4038 10.7320 -135.9770
1.1411511362e+00 -1.4790291458e+00 -9.6043530767e+00
180 178 89
2 18 3326 106.6520 -110.5190 6 3985 191.2070 -101.0760
-1.0655622823e+00 -1.2092830377e+00 -8.1197072970e+00
34 48 13
2 18 3400 -73.3250 -163.9170 8 3602 23.1110 -156.0100
6.8038786477e-01 -1.9472221696e+00 -8.6158361559e+00
193 194 101
2 18 3427 123.8310 -182.1410 6 4119 206.7980 -193.7970
-7.4445540318e-01 1.1487775675e+00 -8.0803136622e+00
206 127 0
3 18 3594 -99.7350 154.3707 6 4562 16.4190 129.2760 8 3734 -18.7330 147.2503
-7.9178343226e-01 1.0907024588e+00 -8.0803400762e+00
218 141 3
3 18 3604 -105.1030 145.9523 6 4259 12.7320 119.7740 8 3739 -23.0690 139.1740
-8.4237390227e-01 9.0942525942e-01 -8.0822637304e+00
176 104 4
2 18 3626 -106.7870 121.5590 6 3817 9.7120 92.6590
-1.6916147685e+00 1.4643095159e+00 -1.4718202309e+01
241 216 95
2 18 3706 -219.0170 35.5720 8 3424 -192.5990 25.1350
5.5859455905e+00 -4.5913733526e-01 -1.2880590986e+01
126 101 21
2 18 3719 229.2020 22.1340 8 3416 245.4150 30.2990
-2.2653007933e+00 1.0845527175e+00 -1.4108412619e+01
253 227 106
2 18 3727 -252.4865 12.0660 8 3816 -221.3870 -0.9880
-2.2361471987e+00 9.1799295446e-01 -1.3372691596e+01
236 210 89
3 18 3729 -252.3949 5.3870 6 4283 -171.8120 80.1240 8 3818 -215.2680 -3.8510
-1.5980386113e+00 3.5306643364e-01 -1.2603026521e+01
236 215 93
3 18 3747 -197.7610 -17.7390 6 4311 -117.3590 44.6880 8 3833 -157.9820 -25.9950
4.9282646912e+00 -1.2824136305e+00 -1.1332264392e+01
191 153 46
2 18 3753 272.0250 -26.0930 8 3449 296.3270 -13.5520
1.0310454395e+00 -7.6336497139e-01 -9.5093501348e+00
2 8 0
2 18 3772 85.5070 -46.5260 6 3933 178.8610 -39.7310
-2.5774411045e+00 7.6354864420e-02 -1.1712666122e+01
255 231 110
2 18 3778 -276.4650 -52.3400 6 4333 -189.7320 1.8260
7.8275887416e-01 -1.7880614271e+00 -8.9743890803e+00
184 183 93
2 18 3882 111.0650 -156.2720 6 4074 194.7360 -159.5220
-2.4391444950e-01 -1.8811292884e+00 -8.4994780647e+00
94 95 35
2 18 3946 31.7170 -209.1030 8 3637 113.7670 -196.9580
-1.1954873740e+00 -1.5228027076e+00 -8.1748387392e+00
38 52 14
2 18 3947 -82.3230 -210.1200 8 3971 16.2990 -200.5820
-8.2606060226e-01 1.0451035243e+00 -8.0926260918e+00
188 114 0
3 18 4040 -107.8050 139.2700 6 4576 7.7790 112.2140 8 3743 -25.7550 132.2710
-7.1508816102e-01 9.2072031229e-01 -7.9167989580e+00
164 104 2
2 18 4045 -86.1730 132.2090 8 4037 -1.1320 126.2580
-4.3109694999e-01 6.7086510348e-01 -7.9887055116e+00
52 45 0
2 18 4068 -44.0670 102.4920 8 3762 36.9710 99.4630
-8.2326069227e-01 7.0340578208e-01 -8.0378201995e+00
117 61 0
3 18 4069 -96.7370 96.5570 6 4294 17.8790 63.4360 8 3769 -11.2660 92.7330
-1.2677805269e+00 1.4386364837e+00 -1.4681332862e+01
231 200 84
3 18 4107 -193.0910 38.6020 6 4565 -116.6980 123.2680 8 3795 -166.9650 30.0550
-1.3319606851e+00 1.2881353303e+00 -1.4442568732e+01
209 177 59
3 18 4111 -194.7700 31.3950 6 4573 -118.3240 113.8640 8 3803 -167.0500 22.8910
-2.0148829795e+00 1.3218192832e+00 -1.4476262285e+01
251 226 108
2 18 4116 -237.8908 26.1970 8 3808 -209.5800 14.1960
-1.4139874141e+00 1.0482082759e+00 -1.3868407185e+01
225 195 75
2 18 4120 -196.4040 20.8750 8 4091 -165.4150 12.9820
-2.3937211341e+00 7.6877130457e-01 -1.3130881070e+01
235 213 93
3 18 4138 -261.6622 -3.9900 6 4290 -181.6490 66.3620 8 3824 -224.8624 -15.0940
-2.0345509961e+00 6.1812135313e-01 -1.3005004968e+01
253 222 105
3 18 4139 -234.2717 -8.2350 6 4296 -152.7970 60.0240 8 3826 -196.1370 -18.3820
4.6307117576e+00 -8.8192480788e-01 -1.2079813411e+01
219 187 84
2 18 4142 218.6400 -9.2600 8 3435 240.6920 1.4740
-1.6660982793e+00 4.5128917003e-01 -1.2662115864e+01
226 204 82
3 18 4143 -203.9460 -12.2700 6 4610 -124.2190 51.0200 8 4106 -165.2490 -20.5500
-5.9757551069e-01 -2.7200201909e-01 -7.8602052720e+00
23 32 4
2 18 4149 -32.7300 -23.2570 8 3827 57.4130 -19.0800
-2.9003478613e+00 1.5810381049e-01 -1.1764681791e+01
246 229 97
2 18 4161 -305.9737 -51.8660 6 4634 -218.4290 3.7270
-8.0995820485e-01 -6.0374314847e-01 -8.0209934042e+00
27 37 12
2 18 4178 -55.4870 -74.2990 8 3873 36.3520 -70.4060
-7.0791110283e-01 -7.4697043574e-01 -7.9714913383e+00
33 45 6
2 18 4196 -35.9730 -90.4090 6 4023 65.9700 -130.5010
1.0718963147e+00 -1.7290035349e+00 -9.1231549906e+00
196 193 100
3 18 4228 127.9970 -139.4450 6 4427 212.3140 -140.6610 8 4154 189.5880 -128.6780
-6.1936057767e-01 7.8342019027e-01 -7.9683270907e+00
126 83 3
2 18 4345 -70.8310 113.9890 8 3753 12.6010 109.5080
-5.3224875035e-01 7.8357176509e-01 -8.0327428983e+00
49 23 0
3 18 4347 -61.4070 113.5110 6 4596 56.0390 81.9950 8 3754 19.5930 109.1550
-7.4210614465e-01 6.4665033928e-01 -7.9839681011e+00
118 70 4
3 18 4355 -83.3110 92.8810 6 4605 32.5490 57.0190 8 4055 2.3500 89.1690
-7.4210614465e-01 6.4665033928e-01 -7.9839681011e+00
118 70 4
3 18 4356 -83.3110 92.8810 6 4606 32.5490 57.0190 8 4056 2.3500 89.1690
-5.7727381428e-01 6.1430494359e-01 -8.0285942876e+00
74 44 0
3 18 4357 -62.2630 91.5530 6 4607 53.8720 57.0760 8 4059 20.4640 86.9940
-8.7490651803e-01 6.4913105228e-01 -8.0946863392e+00
144 89 0
3 18 4361 -102.6700 87.0920 6 4608 9.9480 54.7310 8 4064 -18.0380 82.6310
-9.1788986364e-01 6.0684710258e-01 -8.1328482860e+00
34 23 0
3 18 4365 -108.0350 79.6280 6 4612 4.1650 48.1390 8 4067 -23.2250 75.0600
-7.8382946201e-01 3.6410604191e-01 -8.0521061874e+00
31 48 16
3 18 4385 -82.0310 52.9290 6 4623 29.6380 17.4680 8 3787 5.1580 51.1010
-7.8382946201e-01 3.6410604191e-01 -8.0521061874e+00
31 48 16
3 18 4386 -82.0310 52.9290 6 4624 29.6380 17.4680 8 3788 5.1580 51.1010
-2.8423757446e-01 -1.2456069522e-01 -7.9316734051e+00
30 36 0
2 18 4396 0.4230 4.8160 6 4363 110.7280 -37.8240
-3.8377893249e-01 -1.5666558607e-01 -7.8860927454e+00
30 40 5
2 18 4399 -9.7390 -2.0370 8 3812 76.2070 1.9140
-4.6087865058e-01 -2.7912874820e-01 -7.9289646824e+00
29 39 4
3 18 4405 -17.6840 -21.0690 6 4377 91.3570 -63.3780 8 3453 69.7290 -16.3270
-8.5061693143e-01 -3.7752354522e-01 -7.9214451762e+00
33 46 14
2 18 4410 -64.8190 -45.8550 8 3845 28.4150 -41.6320
-8.1113595148e-01 -4.1043378903e-01 -7.8964792860e+00
18 28 1
2 18 4412 -57.8040 -49.0170 8 3848 35.5000 -44.2360
-9.6231091355e-01 -6.6100408225e-01 -8.0467673882e+00
21 32 0
2 18 4425 -74.6730 -87.3750 6 4691 28.8460 -124.0980
-8.5135758923e-01 -8.3059473175e-01 -8.0319822103e+00
29 47 9
2 18 4429 -54.3730 -105.3360 8 4140 39.0750 -101.2140
-2.6731661131e+00 -5.0104750278e-01 -1.0478638363e+01
239 214 89
3 18 4430 -287.4182 -107.6390 6 4668 -193.5200 -71.1530 8 4145 -220.3584 -115.6250
-1.6003997897e+00 -1.3437557851e+00 -9.0526024220e+00
233 228 136
2 18 4465 -152.0150 -182.1770 8 4179 -66.4800 -179.9030
-7.1607612145e-01 1.2111919669e+00 -8.0964059779e+00
228 149 4
3 18 4506 -98.5560 162.2930 6 4774 18.5960 139.0010 8 3729 -18.0660 154.3302
-7.5500047848e-01 1.0639721898e+00 -8.0467124487e+00
217 140 0
2 18 4510 -98.5100 145.1317 8 4243 -16.0840 137.5240
-6.6845527891e-01 -6.0252460100e-01 -7.9780432576e+00
34 48 12
3 18 4570 -36.2190 -69.4630 6 4833 68.3690 -110.1380 8 4285 55.0790 -65.3190
-6.2185247985e-01 -7.1277106876e-01 -7.9758415211e+00
30 38 1
2 18 4572 -26.4400 -83.0930 8 4287 63.9960 -76.8070
-9.2122825062e-01 -8.0280488773e-01 -8.0193300369e+00
1 15 0
2 18 4577 -63.2050 -104.8280 6 4840 37.1230 -142.3930
1.0203146732e+00 -1.8509850154e+00 -8.8414593025e+00
210 207 114
2 18 4587 141.4250 -158.0790 8 4303 205.2380 -142.8210
-6.7762919474e-01 3.4032800277e-01 -8.0291655713e+00
1 5 1
2 18 4645 -66.1110 53.5350 6 4908 45.1590 16.2010
-8.1951419851e-01 3.5336236616e-01 -8.0995522266e+00
30 50 15
3 18 4646 -87.5210 50.0800 6 4906 24.4720 15.5240 8 4361 -1.8200 47.2740
-8.1951419851e-01 3.5336236616e-01 -8.0995522266e+00
30 50 15
3 18 4647 -87.5210 50.0800 6 4907 24.4720 15.5240 8 4362 -1.8200 47.2740
4.0310895243e+00 -9.1832659760e-01 -1.1512073281e+01
186 156 56
2 18 4654 209.7840 -15.5830 8 4370 235.9930 -6.6980
-5.3675110888e-01 -5.7714055836e-01 -7.9841905565e+00
24 34 0
2 18 4659 -20.0510 -61.8970 8 4376 68.4000 -57.3720
1.0662803850e+00 -1.0130985839e+00 -9.5575396811e+00
17 20 3
3 18 4661 91.4830 -68.9500 6 4917 182.1630 -61.0290 8 4283 146.3470 -61.7550
1.1666270982e+00 -1.4906909146e+00 -9.5154309014e+00
195 191 100
2 18 4667 112.5420 -111.6350 6 4923 198.2960 -104.0000
-1.6127924883e+00 6.7253002086e-01 -1.3484260514e+01
237 215 93
2 18 4705 -204.2980 -1.6900 8 4424 -169.7510 -11.1690
-6.1192204575e-01 6.2155526695e-01 -8.0322798738e+00
103 64 0
2 6 750 48.9330 57.1130 8 540 15.8290 87.6380
-2.7733645067e+00 -2.1596708498e-01 -1.1092033598e+01
247 213 89
2 6 1086 -204.8960 -35.0760 8 1167 -236.7946 -91.2240
-2.9292142007e+00 -3.3123926173e-01 -1.0793021050e+01
254 226 104
2 6 1159 -219.7093 -53.9030 8 1230 -249.7896 -106.5440
-2.7311844868e+00 -5.1562024036e-01 -1.0413297138e+01
244 209 83
2 6 1249 -199.6880 -75.2540 8 1275 -225.5728 -119.6080
-1.1121593656e+00 -1.2972332530e+00 -9.2949353977e+00
100 98 38
2 6 1550 -11.6480 -147.7730 8 1385 -25.0850 -153.6080
6.6605858515e-02 1.2930864540e+00 -7.8306436590e+00
96 78 21
2 6 2084 137.6280 171.6877 8 179 79.6030 191.6790
-7.3592867545e-01 2.2408350481e+00 -1.6539744657e+01
232 214 112
2 6 2089 -102.1960 165.9605 8 617 -159.1350 58.9810
-5.2410632482e-01 1.2741273122e+00 -8.0847022691e+00
207 124 0
2 6 2117 44.9730 152.3212 8 1810 1.3160 166.5422
-6.8929661512e-01 1.8327244326e+00 -1.5697008216e+01
214 177 62
2 6 2124 -92.0170 148.1469 8 661 -146.5510 47.9320
-3.9860394189e-01 1.1933946641e+00 -7.8328322006e+00
123 77 5
2 6 2126 75.4140 146.0555 8 246 30.1260 170.7767
-1.3761081784e+00 1.4135471050e+00 -1.4641679910e+01
237 200 70
2 6 2180 -122.7270 120.6990 8 732 -172.9090 27.5020
-5.6883448256e-01 1.1624581135e+00 -1.4465889726e+01
114 90 24
2 6 2197 -70.4040 113.6410 8 2090 -121.2260 25.6420
-1.4666240086e+00 7.7060523904e-01 -1.3416846428e+01
215 178 43
2 6 2285 -116.5700 78.7220 8 838 -161.6620 -1.5680
-1.7536104863e+00 8.0439678571e-01 -1.3331874945e+01
230 189 55
2 6 2287 -136.5790 77.5030 8 2160 -180.7410 -3.4060
-1.6983746842e+00 7.8542054971e-01 -1.3455006763e+01
214 175 40
2 6 2288 -132.5720 77.0650 8 2167 -177.4600 -4.6200
-6.5803124452e-01 4.6827521291e-01 -1.2905879776e+01
205 163 27
2 6 2307 -54.8810 66.7260 8 2161 -98.4260 -4.0960
-2.1355422375e+00 7.1535956671e-01 -1.3012442498e+01
225 190 56
2 6 2314 -162.5500 65.8550 8 2189 -204.3640 -13.4460
-3.9613048230e-01 1.4838141315e-01 -7.6895570801e+00
35 39 6
2 6 2500 104.0870 -9.3360 8 2050 75.8780 43.6440
-2.8905661723e+00 -2.6314000211e-01 -1.0869821018e+01
199 168 41
2 6 2555 -216.9260 -45.4650 8 2350 -247.1688 -99.0670
-2.8905661723e+00 -2.6314000211e-01 -1.0869821018e+01
199 168 41
2 6 2556 -216.9260 -45.4650 8 2351 -247.1688 -99.0670
-1.4272126244e+00 2.4140247097e+00 -1.6660471334e+01
235 226 130
2 6 3121 -140.2710 169.2259 8 2016 -196.4940 58.9030
-7.6833776424e-01 9.5963049836e-01 -8.0287850684e+00
177 100 4
2 6 3193 19.8110 101.5840 8 1858 -13.0570 125.4650
-2.5440802924e+00 1.2633159243e+00 -1.4110708215e+01
215 187 68
2 6 3195 -195.5350 99.8200 8 2935 -242.9065 6.8430
-5.5561518058e-01 6.8505938859e-01 -8.0447010342e+00
63 33 0
2 6 3244 54.1810 67.6730 8 1927 20.0370 96.2430
-4.9318805314e-01 3.7226299681e-01 -1.2852483201e+01
198 160 28
2 6 3252 -41.2310 61.7390 8 2954 -86.1480 -7.0390
1.3277855376e+00 -3.4600607354e-01 -9.1835309808e+00
4 9 0
2 6 3326 218.4550 1.4730 8 2933 168.2480 7.9610
-1.9517817095e-01 -1.8479497558e+00 -8.4763851652e+00
153 153 90
2 6 3662 122.1790 -216.5750 8 3633 118.6670 -191.5270
-1.4380234025e+00 1.4628289671e+00 -1.4708010225e+01
199 164 36
2 6 3796 -127.3240 122.9910 8 3420 -177.5130 28.8120
-9.8437399463e-01 1.0328659456e+00 -1.4108649579e+01
213 175 50
2 6 3812 -92.0600 101.7510 8 2920 -140.2890 15.7650
-1.1466456455e+00 6.9100831643e-01 -1.3328235622e+01
185 148 18
2 6 3827 -93.7450 77.0130 8 2942 -138.6280 -0.8930
-2.6329645555e+00 9.4499456378e-01 -1.3318810585e+01
230 193 60
2 6 3829 -201.0650 76.7040 8 3446 -244.5199 -8.8520
4.3147650532e+00 -5.4565621134e-01 -1.2392264343e+01
191 155 43
2 6 3847 278.6340 57.0420 8 2121 207.6940 13.2600
4.3930918712e+00 -6.3541529025e-01 -1.2216531563e+01
194 153 39
2 6 3852 291.7100 51.2500 8 2130 219.0310 10.6660
5.5695847956e-01 2.7300546854e+00 -1.3813818232e+01
7 1 5
2 6 4198 -11.8690 228.6242 8 3347 -75.1510 135.7250
-6.6163944344e-01 1.2215730054e+00 -8.0670293377e+00
189 103 0
2 6 4250 27.5340 141.9445 8 3326 -11.4020 158.2327
-3.1084788290e+00 1.5275432995e-01 -1.1662194525e+01
241 206 76
2 6 4339 -237.3999 -1.3150 8 3868 -273.7475 -68.7340
-3.0389270867e+00 8.1800429898e-02 -1.1584823068e+01
236 201 73
2 6 4343 -230.2735 -7.1410 8 3504 -266.6965 -72.6600
-3.2479858797e+00 -8.1719342608e-03 -1.1310970759e+01
255 227 97
2 6 4353 -250.8815 -22.1310 8 3526 -285.5990 -85.6350
6.2070315315e-01 -1.6837606399e+00 -9.1959129290e+00
174 167 87
2 6 4430 165.8680 -144.8200 8 4158 147.9180 -136.6650
-5.1280909210e-01 1.2075636903e+00 -7.8495172952e+00
99 30 0
2 6 4548 58.0000 145.4334 8 4015 15.6690 169.4888
-1.9923028782e+00 1.5126228889e+00 -1.4879666320e+01
245 213 78
2 6 4566 -161.7590 120.2670 8 3802 -211.7920 22.7020
-8.1839642122e-01 6.1326545176e-01 -8.0242100983e+00
130 81 4
2 6 4611 21.2320 50.5920 8 4066 -7.2700 81.6700
-1.9545663609e+00 2.0464166496e-01 -1.2105301910e+01
228 199 61
2 6 4620 -140.5810 25.3900 8 3844 -178.1980 -40.6180
-2.8939568804e+00 2.6333862462e-01 -1.1773548656e+01
236 203 72
2 6 4625 -220.4195 12.6870 8 3858 -255.8266 -55.1480
-1.2851632299e+00 8.8812057090e-01 -1.3609947780e+01
209 172 40
2 6 4787 -106.9780 88.9950 8 3811 -152.9520 6.9740
-1.7175194767e+00 -1.3804380663e+00 -9.1341235928e+00
238 232 138
2 6 4846 -72.5190 -179.2530 8 4313 -80.2160 -187.4480
-1.7097975922e+00 -1.1938464221e+00 -9.5241613565e+00
229 223 127
2 6 4931 -80.5850 -143.7350 8 4307 -93.1380 -161.4020
-8.0187560330e-01 -3.6088337045e-01 -8.2379442094e+00
1 8 0
2 6 4979 36.5320 -73.9530 8 4374 18.0590 -40.8550
-2.9787332445e+00 -5.0083105106e-01 -1.0449721916e+01
251 220 98
2 6 4982 -224.3769 -78.3040 8 4431 -251.8029 -125.6740
1.6392745552e-02 -2.1759725690e+00 -8.8692565103e+00
190 181 102
2 6 5020 130.6660 -222.9640 8 4498 126.2960 -211.7090
-1.8795686499e+00 8.2703947285e-01 -1.3310474332e+01
214 170 37
2 6 5027 -145.4270 77.4410 8 4458 -189.8040 -3.7760
-3.0451299787e+00 -9.6436454210e-02 -1.1318097483e+01
254 226 101
2 6 5034 -229.9576 -26.0640 8 4481 -264.6503 -87.7900
