# Bundle file v0.3
20 225
0 0 0
0 0 0
0 0 0
0 0 0
0 0 0
5.5739397851e+02 -5.1308049631e-02 3.0808275536e-02
9.9965727460e-01 4.3203148821e-03 -2.5819918929e-02
-5.0673337657e-03 9.9956839760e-01 -2.8936839036e-02
2.5683758734e-02 2.9057759793e-02 9.9924771260e-01
6.5628150457e-02 -2.4502292413e-01 6.3790117599e-02
0 0 0
0 0 0
0 0 0
0 0 0
0 0 0
0 0 0
0 0 0
0 0 0
0 0 0
0 0 0
5.5932925118e+02 -2.3608221150e-02 -7.5843821045e-02
9.9669342990e-01 -7.1184497224e-02 3.9178746052e-02
6.7813579315e-02 9.9436208444e-01 8.1519098977e-02
-4.4760755665e-02 -7.8592699359e-02 9.9590143205e-01
3.8755036693e-02 8.3568165340e-01 2.5995227512e-01
0 0 0
0 0 0
0 0 0
0 0 0
0 0 0
0 0 0
0 0 0
0 0 0
0 0 0
0 0 0
0 0 0
0 0 0
0 0 0
0 0 0
0 0 0
0 0 0
0 0 0
0 0 0
0 0 0
0 0 0
0 0 0
0 0 0
0 0 0
0 0 0
0 0 0
0 0 0
0 0 0
0 0 0
0 0 0
0 0 0
0 0 0
0 0 0
0 0 0
0 0 0
0 0 0
0 0 0
0 0 0
0 0 0
0 0 0
0 0 0
5.4818710066e+02 -3.9836542715e-02 -7.4171559931e-03
9.7649135604e-01 -1.5992705024e-01 1.4452671096e-01
1.4794030603e-01 9.8486905626e-01 9.0258561213e-02
-1.5677467088e-01 -6.6755378984e-02 9.8537577703e-01
8.3738369232e-01 8.9123870181e-01 -2.1719883327e-02
0 0 0
0 0 0
0 0 0
0 0 0
0 0 0
0 0 0
0 0 0
0 0 0
0 0 0
0 0 0
0 0 0
0 0 0
0 0 0
0 0 0
0 0 0
0 0 0
0 0 0
0 0 0
0 0 0
0 0 0
0 0 0
0 0 0
0 0 0
0 0 0
0 0 0
0 0 0
0 0 0
0 0 0
0 0 0
0 0 0
-3.2752091729e-01 1.8646216287e+00 -5.9826793687e+00
191 128 0
3 1 220 -9.0600 169.4142 4 131 -62.6070 208.1202 13 156 -58.9410 194.6927
-5.4212044226e-01 1.7842652063e+00 -5.9951897407e+00
168 104 10
3 1 244 -29.5560 161.5043 4 172 -82.3520 199.1125 13 192 -77.2770 185.3525
-5.4760276920e-01 1.6477306981e+00 -5.9851220329e+00
134 88 0
2 1 289 -30.1630 148.9600 4 223 -82.4230 186.9253
-5.7745523175e-01 1.6192439944e+00 -6.0469481368e+00
123 77 0
3 1 303 -32.2840 144.9494 4 246 -84.7190 181.9092 13 233 -78.1440 168.5192
-7.5766982751e-01 8.9741905234e-01 -6.3106207956e+00
82 52 0
2 1 562 -46.9950 74.8550 4 495 -94.5220 107.0560
-5.5958272909e+00 2.1026203480e+00 -1.9296961847e+01
193 171 30
2 1 578 -144.4260 70.2760 4 790 -190.2360 28.7520
7.9660842674e+00 3.6566259486e-01 -1.8594131468e+01
206 181 60
2 1 789 256.4560 18.6790 4 895 215.8490 6.6700
-4.9351197651e+00 -5.0797057322e-01 -1.2074061109e+01
207 187 57
2 1 891 -208.2770 -17.2940 4 1098 -255.8249 -47.5790
-4.9351197651e+00 -5.0797057322e-01 -1.2074061109e+01
207 187 57
2 1 892 -208.2770 -17.2940 4 1099 -255.8249 -47.5790
4.7741273739e+00 -8.0114824331e-01 -1.4495705403e+01
226 213 110
2 1 933 201.4380 -25.1590 4 1043 166.8720 -31.8800
5.2771842318e+00 -8.8236326326e-01 -1.4470400620e+01
201 189 70
3 1 950 221.2340 -28.8540 4 1046 186.9650 -33.5770 13 2169 146.1690 -17.9520
-4.4185533454e+00 -7.6987377504e-01 -1.1680422007e+01
233 214 83
3 1 960 -191.8710 -31.1330 4 1138 -237.3866 -58.4390 13 1093 -253.8721 -79.5720
-4.0763608992e+00 -9.3770472367e-01 -1.1424969239e+01
218 210 83
2 1 996 -179.0260 -40.0840 4 1175 -225.7865 -66.7850
-4.5959849681e+00 -1.0407801537e+00 -1.0875810068e+01
238 210 84
2 1 1029 -214.7490 -47.8530 4 1196 -263.5258 -75.2370
4.0782080304e+00 -1.2474383925e+00 -1.2943513179e+01
219 225 139
2 1 1035 193.4530 -49.2450 4 1116 161.6910 -51.9080
2.0467295718e+00 -1.2304213535e+00 -9.2038219948e+00
28 36 20
3 1 1139 142.7150 -74.1240 4 2404 113.1990 -61.9430 13 1013 100.1000 -50.6750
2.0467295718e+00 -1.2304213535e+00 -9.2038219948e+00
28 36 20
3 1 1140 142.7150 -74.1240 4 2405 113.1990 -61.9430 13 1014 100.1000 -50.6750
2.0403765757e+01 -2.3183058537e+01 5.9885683422e+01
153 162 94
3 1 1763 -173.6510 232.9844 4 1935 -222.2276 144.8302 13 2724 -311.1054 127.4170
8.7490057099e+00 -1.4075062858e+01 3.7639379761e+01
6 11 0
2 1 1768 -114.3160 227.4945 4 1949 -162.8100 137.4160
8.7490057099e+00 -1.4075062858e+01 3.7639379761e+01
6 11 0
2 1 1769 -114.3160 227.4945 4 1950 -162.8100 137.4160
8.3309063999e+00 -1.3547479304e+01 3.6672861704e+01
107 113 80
2 1 1774 -111.6280 225.0981 4 1955 -159.6380 134.8800
1.7628595518e-01 1.7215412005e+00 -5.9734376631e+00
64 73 17
2 1 1904 37.9390 156.3511 4 1845 -13.2270 197.9445
1.5506959257e+01 -1.3731271055e+01 5.7655114410e+01
56 67 2
3 1 1915 -134.5340 150.6304 4 2091 -179.4550 67.7120 13 2864 -260.6888 50.7880
-9.8675747534e-01 1.4794601697e+00 -6.3830228410e+00
166 101 0
2 1 1990 -65.5370 125.6160 4 1922 -117.9940 155.2416
-7.0941852278e-01 1.3996726200e+00 -6.1772039799e+00
72 44 0
2 1 1997 -43.5530 122.0610 4 320 -94.4040 156.4608
-8.2392866098e-01 1.0760626325e+00 -6.2078949534e+00
110 66 0
3 1 2077 -54.2190 92.1160 4 1971 -102.6910 125.5200 13 1883 -93.1040 114.0810
-6.0535338252e+00 2.2733931199e+00 -1.9801614629e+01
209 199 79
2 1 2119 -152.7120 73.7070 4 782 -199.6450 30.7750
-5.5761036724e+00 2.1754595693e+00 -1.9086084747e+01
238 219 87
3 1 2120 -145.2850 73.4640 4 2175 -192.4160 31.0020 13 2097 -231.3960 14.9510
-7.4677998747e-01 7.9295382244e-01 -6.3841341839e+00
56 37 0
3 1 2136 -45.3160 65.1920 4 2991 -92.4540 95.7050 13 2809 -82.1210 86.3660
-5.4579541769e+00 1.7297932195e+00 -1.8335709152e+01
233 216 66
2 1 2146 -147.9640 61.8220 4 822 -194.9130 21.4540
-7.5562208024e-01 4.1320639417e-01 -6.4500589603e+00
38 43 9
3 1 2223 -45.7570 31.3510 4 3052 -90.2050 60.2020 13 2860 -78.1820 53.0900
8.6416831053e+00 6.8058436950e-01 -2.0039561344e+01
194 175 54
3 1 2233 257.9630 27.2460 4 2217 216.2120 12.8090 13 2900 161.8420 26.6110
-4.3619234020e+00 5.3036131495e-01 -1.5611009300e+01
205 186 47
2 1 2234 -137.0810 27.0400 4 2277 -183.7330 -7.6750
4.7704830712e+00 -7.2270569093e-01 -1.4523057999e+01
80 61 0
2 1 2366 200.6770 -22.0210 4 2339 166.4170 -28.8760
5.3356182004e+00 -8.3836176643e-01 -1.4367003019e+01
229 210 89
2 1 2382 224.7850 -27.0640 4 1042 190.3050 -31.6320
3.9585384523e+00 -1.3399010403e+00 -1.2720317203e+01
208 214 133
2 1 2437 191.4050 -54.4400 4 1131 159.9470 -56.5430
2.2979808641e+00 -1.0617519385e+00 -9.2545259631e+00
7 25 1
2 1 2459 158.4740 -63.7510 4 2375 125.9790 -50.9370
2.6037303400e+00 -2.0681996123e+00 -1.0633206576e+01
141 152 76
3 1 2552 154.2060 -105.8330 4 2498 127.9910 -103.6750 13 1129 110.5910 -87.4740
2.3323895749e+00 -2.5534696704e+00 -9.5116364179e+00
181 191 94
2 1 2655 154.6620 -148.4080 4 2597 132.1880 -141.8150
-1.8359323914e+00 -2.1926823169e+00 -6.8858052611e+00
214 221 141
2 1 2724 -127.9930 -177.9820 4 2668 -166.6540 -177.7220
7.1014518653e+00 5.5616670785e+00 -1.9361046409e+01
118 129 71
2 1 2936 223.9870 169.8799 4 2904 167.3920 148.1622
-2.4937117271e-01 1.7091015227e+00 -5.9412230202e+00
80 51 0
3 1 2953 -2.0850 155.6786 4 1849 -54.2260 195.9481 13 1759 -49.5780 183.6156
2.6136789921e-01 1.6513726041e+00 -5.9465487972e+00
27 43 0
2 1 2963 46.2920 150.2981 4 2858 -4.7300 193.0318
-5.0877186136e-01 1.5908724355e+00 -5.9957480096e+00
80 52 0
3 1 2971 -26.0930 143.3247 4 2869 -78.5910 181.4138 13 1786 -71.5540 168.8262
-6.2784318391e-01 1.5180858430e+00 -6.0623600873e+00
73 46 0
3 1 2986 -36.9720 135.0650 4 2876 -88.6180 171.7523 13 1806 -81.5100 158.8876
-7.8789914667e-01 1.1570593041e+00 -6.1925045155e+00
92 47 0
3 1 3054 -50.5910 99.6760 4 2919 -100.3900 133.4320 13 2731 -90.9780 122.0030
-7.6815816239e-01 1.0045123620e+00 -6.2606134622e+00
90 50 0
2 1 3068 -48.4640 84.9830 4 2940 -96.5830 117.9560
-7.4396428278e-01 9.9598161861e-01 -6.3716655513e+00
112 80 23
2 1 3071 -44.6830 83.0220 4 3575 -93.5190 114.3560
-7.1733615409e-01 9.4671805199e-01 -6.3821482173e+00
58 30 0
3 1 3078 -42.6700 78.9260 4 3579 -90.7320 109.8580 13 3365 -81.3750 99.4020
-8.4358489323e-01 7.2409123439e-01 -6.2874996543e+00
88 63 12
3 1 3118 -54.8210 59.4390 4 3598 -101.8950 91.5050 13 2813 -90.2860 81.3720
-1.1972003543e+00 7.1894423935e-01 -6.3955254455e+00
36 40 4
3 1 3119 -84.3200 58.0220 4 3011 -132.7760 86.8150 13 2826 -121.6260 74.7210
8.3563114957e+00 6.0978845445e-01 -1.9048466628e+01
120 102 3
2 1 3163 262.2060 25.7550 4 2218 220.5760 13.2460
8.4812274349e+00 2.8393743467e-01 -1.8804720300e+01
192 169 50
2 1 3184 269.4050 16.0720 4 2242 227.6950 4.7220
-3.9198660028e+00 -1.7783848805e-01 -1.3488386977e+01
226 211 69
2 1 3208 -143.6060 -0.4930 4 3174 -188.5520 -30.3650
-4.4684836035e+00 -7.0513635274e-01 -1.1801176010e+01
160 141 10
3 1 3248 -191.7380 -27.3450 4 2383 -238.2941 -55.6260 13 3045 -254.7533 -76.3620
-4.4684836035e+00 -7.0513635274e-01 -1.1801176010e+01
160 141 10
3 1 3249 -191.7380 -27.3450 4 2384 -238.2941 -55.6260 13 3046 -254.7533 -76.3620
4.0029268694e+00 -1.1944031488e+00 -1.2889418902e+01
89 95 19
2 1 3274 190.5730 -47.1620 4 2370 159.4190 -49.8410
2.0804466454e+00 -9.8896922970e-01 -9.5580419485e+00
225 237 173
2 1 3293 140.2590 -56.7980 4 3727 108.8180 -47.3360
3.7832680975e+00 -1.4079695439e+00 -1.2416827562e+01
225 231 152
2 1 3296 187.4700 -59.1500 4 3221 157.1780 -60.5280
2.6808140711e+00 -2.0342678173e+00 -1.0545666114e+01
173 183 99
2 1 3362 159.5810 -105.2580 4 3279 133.3260 -101.9640
-1.8871630359e+00 -2.1267959542e+00 -7.0736588872e+00
63 72 6
3 1 3475 -127.9030 -167.9740 4 2651 -167.4180 -168.8130 13 2501 -140.3790 -175.9050
-3.3665382067e-01 1.7196386883e+00 -5.8677296627e+00
136 89 0
3 1 3657 -10.8360 158.6283 4 2848 -63.3200 199.2156 13 2667 -57.1220 186.7756
-1.9787344208e-01 1.6647689121e+00 -5.9348462007e+00
67 60 13
2 1 3659 2.9860 151.8012 4 3512 -49.4470 192.3640
-6.2383962127e-01 1.4161653186e+00 -6.0804679401e+00
59 50 3
3 1 3680 -36.3850 126.2230 4 2894 -88.7990 160.4410 13 3327 -78.5090 149.9370
-7.9438013991e-01 1.2900848072e+00 -6.1040515896e+00
117 73 9
2 1 3693 -52.4060 113.1810 4 3546 -102.5130 148.4596
-5.5085109278e+00 1.8692736076e+00 -1.8394026479e+01
206 185 42
3 1 3742 -149.6270 66.0080 4 3090 -195.6510 25.1220 13 2925 -234.1872 8.2570
-1.0458399975e+00 7.0139458967e-01 -6.3079701074e+00
31 20 0
3 1 3748 -72.7440 57.4120 4 4022 -120.2370 87.7110 13 3814 -107.8810 76.6860
-6.0698165544e+00 6.9471556766e-01 -1.5172151163e+01
228 206 69
2 1 3763 -204.0250 33.4000 4 3134 -252.1497 -4.6050
-5.7747797639e+00 6.1699577886e-01 -1.5143877772e+01
222 196 57
3 1 3768 -194.2990 30.5480 4 3137 -240.9404 -6.6120 13 3473 -273.0515 -27.8720
-4.3592504842e-02 2.0044726695e-01 -5.9982695045e+00
29 40 1
2 1 3784 16.2930 12.1550 4 3638 -24.3820 53.0420
2.2139145545e+00 -2.3850516739e+00 -9.4609439111e+00
162 173 81
3 1 3938 147.8160 -139.2090 4 3819 125.6050 -132.5460 13 3564 115.6130 -113.8210
-1.7025565278e+00 -1.8550931981e+00 -6.9178896036e+00
40 58 10
2 1 3958 -116.4640 -150.8160 4 3825 -156.5100 -146.6680
2.5453644159e+00 -2.5534774514e+00 -9.3899133714e+00
201 208 105
2 1 3960 168.2560 -150.5040 4 4174 147.9840 -141.9820
2.0546033063e+01 -1.5380348490e+01 5.5408282219e+01
89 95 20
2 1 4089 -189.6800 172.3577 4 4025 -237.0883 85.0300
-4.7371502779e-01 1.7571724145e+00 -5.9794726059e+00
218 164 26
3 1 4098 -22.7700 159.2354 4 2850 -76.1200 197.7162 13 2673 -70.8120 184.2228
1.6285874911e+01 -1.3405231924e+01 5.8292970292e+01
106 125 59
3 1 4100 -140.4920 146.1808 4 4037 -185.0270 63.0430 13 3830 -265.8943 45.3110
2.6935405781e-01 1.5410690152e+00 -5.9809045838e+00
23 40 4
2 1 4102 47.2050 139.0420 4 3964 -3.7160 181.5622
-8.6414786821e-01 1.3054043595e+00 -6.0716398685e+00
119 66 0
3 1 4125 -59.1640 114.9420 4 3987 -109.5470 150.5930 13 3771 -100.3910 137.7050
-9.0364959245e-01 1.1752941276e+00 -6.1403980822e+00
124 71 1
3 1 4141 -61.8160 102.0360 4 3996 -112.0420 135.4980 13 3775 -101.8510 124.4000
-6.8837408740e-01 1.0554851768e+00 -6.3170967928e+00
52 26 0
3 1 4155 -40.4290 88.8110 4 4008 -89.0360 121.4320 13 3779 -80.8620 110.9510
-8.3941361084e-01 1.0264291083e+00 -6.2182187949e+00
132 88 9
2 1 4157 -55.2500 87.4440 4 4305 -103.9590 120.6910
-6.1888087972e-01 9.7972851000e-01 -6.2618335827e+00
73 65 3
3 1 4163 -34.9600 82.3660 4 4009 -82.2660 116.4650 13 3783 -74.0370 106.8840
-9.0538565297e-01 6.6822135484e-01 -6.2802954967e+00
14 13 0
3 1 4175 -60.4670 54.3860 4 4024 -107.3310 86.1300 13 3815 -95.2160 76.1450
1.1264901251e+01 1.8315206235e+00 -2.4016133659e+01
121 110 23
3 1 4181 279.0900 51.7790 4 3656 233.4090 33.2410 13 3415 172.0120 47.2010
-9.0213612736e-01 5.7863928823e-01 -6.3489374647e+00
10 24 2
2 1 4185 -60.0030 46.1980 4 4029 -105.2350 76.6520
-6.6417087959e-01 -2.0579919839e-01 -5.9449139164e+00
15 28 0
2 1 4234 -42.9110 -26.0120 4 4353 -83.0150 10.1470
5.7702322831e+00 -1.0270075290e+00 -1.4147441242e+01
215 202 76
2 1 4237 245.0570 -35.2660 4 4086 211.0420 -37.6460
1.8847466389e+00 -6.9809737112e-01 -1.0020229607e+01
63 68 1
2 1 4239 122.7210 -37.0530 4 3714 91.1140 -31.3750
-1.0922944883e+00 -9.6834462377e-01 -6.2622348229e+00
16 36 2
2 1 4266 -77.5740 -91.3210 4 4103 -116.7840 -67.9040
-1.3997790195e+00 -1.4052001524e+00 -6.4386271798e+00
25 48 6
2 1 4298 -101.5410 -125.4150 4 4148 -140.2280 -110.1190
2.0668460880e+00 -2.4173209434e+00 -9.0812816354e+00
166 175 82
3 1 4312 145.2500 -147.8790 4 4170 122.1980 -139.3470 13 3568 115.3060 -119.5250
2.3277425417e+00 -2.5028429620e+00 -9.0314010451e+00
202 208 110
3 1 4319 161.1200 -154.3430 4 4173 141.1720 -142.9990 13 3571 131.5590 -122.8680
1.5405918092e+00 -2.5896476390e+00 -8.5269391244e+00
162 172 83
2 1 4330 118.1790 -169.1750 4 4198 98.1830 -160.3560
1.8871341268e+00 -2.8031242430e+00 -8.3073044334e+00
181 189 93
2 1 4347 143.4230 -188.1540 4 3858 127.2290 -176.6210
1.5986506329e+01 -1.6970601527e+01 5.7734515653e+01
75 71 1
3 1 4409 -139.1370 181.8866 4 4319 -185.3220 97.3520 13 4086 -268.5102 80.8530
2.8415591447e-01 1.7896589425e+00 -6.0032937399e+00
35 12 10
2 1 4414 47.7080 162.0928 4 4469 -3.1700 203.4423
-5.8823984031e+00 -2.7261909782e-01 -1.2561545163e+01
247 223 91
2 1 4472 -240.3219 -5.4680 4 4368 -290.2869 -39.5690
5.8085152937e+00 -6.3311088921e-01 -1.5279382403e+01
226 206 78
2 1 4482 229.6680 -17.0490 4 4364 193.8550 -23.7130
-4.6657418040e-01 -3.3541628855e-01 -6.0830861921e+00
20 37 1
3 1 4489 -22.4710 -37.3810 4 4510 -62.1570 -2.2210 13 4131 -41.4110 -5.3160
-4.7657848630e+00 -1.3663779210e+00 -1.0241890191e+01
237 217 86
3 1 4503 -236.5782 -69.1130 4 4133 -288.0295 -96.1720 13 4178 -295.8671 -121.4550
-1.0570331622e+00 -7.2367468103e-01 -6.1348996139e+00
15 32 0
2 1 4505 -76.8290 -71.5020 4 4372 -116.2990 -44.2440
-9.6297470347e-01 -7.6180560567e-01 -6.2772284300e+00
15 31 2
2 1 4507 -65.7230 -72.9520 4 4373 -105.5340 -47.3270
1.8827175466e+00 -1.2750489925e+00 -9.0553882970e+00
3 4 7
2 1 4514 134.6100 -78.3990 4 4384 105.5370 -66.6210
1.7646196764e+01 -1.4737876503e+01 4.1566505850e+01
93 113 60
2 1 4584 -219.3690 215.0127 4 4488 -266.4507 121.3760
5.0016249657e-01 1.5729916305e+00 -6.3916317557e+00
67 67 4
2 1 4602 64.4690 133.8940 4 4639 16.5140 170.6728
-5.7850208217e-01 1.2268795719e+00 -6.2073290160e+00
64 60 5
3 1 4609 -32.1330 106.2470 4 4484 -80.7420 140.9188 13 4255 -72.6670 128.9610
-6.1561603695e-01 8.0772643847e-01 -6.2640801926e+00
71 68 7
3 1 4621 -34.6850 67.3170 4 4490 -81.5560 100.9790 13 4265 -70.8640 91.4540
-6.1561603695e-01 8.0772643847e-01 -6.2640801926e+00
71 68 7
3 1 4622 -34.6850 67.3170 4 4491 -81.5560 100.9790 13 4266 -70.8640 91.4540
-6.1639272049e-01 8.0913514535e-01 -6.2655747489e+00
71 68 7
2 1 4623 -34.6850 67.3170 4 4492 -81.5560 100.9790
-9.2427257236e-01 7.6512934782e-01 -6.2718708641e+00
143 100 7
3 1 4626 -62.0910 63.3470 4 4493 -110.0480 94.9590 13 4267 -97.9540 84.4400
1.0063267211e+00 7.4351000705e-01 -7.1098865854e+00
63 64 0
2 1 4629 100.0890 55.5800 4 4595 57.3230 85.8440
-4.1332181387e+00 -8.4840719657e-01 -1.1649851051e+01
230 213 83
3 1 4640 -177.9320 -34.6100 4 4524 -225.0162 -62.1700 13 4300 -238.6986 -80.9380
-4.6048225620e+00 -8.5033433251e-01 -1.1334640279e+01
188 163 34
3 1 4641 -206.8050 -36.2020 4 4382 -253.7294 -63.7790 13 4303 -268.6884 -86.2450
-4.6048225620e+00 -8.5033433251e-01 -1.1334640279e+01
188 163 34
3 1 4642 -206.8050 -36.2020 4 4383 -253.7294 -63.7790 13 4304 -268.6884 -86.2450
6.3328835378e+00 -1.1361547477e+00 -1.4102269348e+01
184 153 30
3 1 4644 267.6790 -40.1760 4 4521 234.5030 -40.2940 13 4288 189.3320 -20.4100
1.0056639182e+00 -1.8902999693e+00 -8.4075347317e+00
76 82 12
3 1 4669 85.0520 -125.6940 4 4539 58.7110 -115.6520 13 4311 59.7710 -104.0760
-3.5460982151e+00 -2.1134210365e+00 -8.0549882692e+00
235 236 142
2 1 4672 -222.1919 -142.7990 4 4550 -271.1741 -160.1310
1.7534219179e+00 -2.4510414350e+00 -9.1273865085e+00
127 135 60
3 1 4675 124.9000 -148.9360 4 4543 102.4030 -141.9650 13 4180 97.1110 -125.4080
1.9187208362e+01 -1.2798663227e+01 4.6136264666e+01
82 97 42
2 1 4707 -214.5660 172.3709 4 4597 -261.1484 81.5520
-7.1859434898e-01 1.2147284309e+00 -6.2311479333e+00
57 25 0
3 1 4714 -44.4280 104.6870 4 4585 -93.5490 138.2390 13 4359 -85.1010 125.9900
8.4376825551e+00 -1.2801014233e-01 -1.7743984756e+01
210 186 59
3 1 4725 282.3070 3.5770 4 4511 242.4620 -5.1180 13 4123 190.0130 11.4580
-3.4595180147e+00 -1.2802475967e+00 -1.0192803773e+01
239 243 146
2 1 4734 -169.1110 -65.5580 4 4532 -214.9240 -86.7440
-1.1939484719e+00 -1.4663310551e+00 -6.3420496598e+00
29 51 13
3 1 4743 -84.8840 -133.1070 4 4617 -122.6890 -116.1160 13 4390 -92.3750 -118.3260
-8.8449709144e-02 -3.0601896852e+00 -7.4199342548e+00
165 171 98
2 1 4757 12.1200 -229.5300 4 4673 -10.3870 -227.5740
2.1890249535e+01 -1.3478499153e+01 5.5602650239e+01
45 60 5
2 1 4767 -202.2830 152.7990 4 4648 -248.8965 65.1550
-5.2258179451e-01 1.0817193910e+00 -6.2453128981e+00
58 57 0
3 1 4775 -26.1910 92.1890 4 4641 -74.6510 126.8530 13 4421 -66.3270 116.4750
-8.1898886533e-01 6.2803664068e-01 -6.2971376393e+00
6 12 0
2 1 4777 -52.4950 50.8630 4 4646 -99.1420 82.6330
-6.6631128901e-01 -9.0908297029e-01 -6.2438047691e+00
16 33 0
2 1 4781 -39.4530 -86.7830 4 4661 -77.0390 -59.4120
3.2035643181e+00 -2.3781231110e+00 -9.6389576656e+00
226 229 126
3 1 4787 203.2940 -137.0590 4 4618 181.0130 -125.4040 13 4386 162.4720 -101.7360
1.5118995474e+00 -2.7610357893e+00 -8.3039513395e+00
166 176 87
2 1 4794 119.4510 -185.4000 4 4668 99.9200 -175.9870
-5.9345118604e-01 -2.0450025323e+00 -7.0914578598e+00
84 86 21
3 1 4823 -26.9000 -162.9230 4 4716 -58.3050 -152.0810 13 4467 -35.5120 -150.1800
-2.2651332734e-01 -2.8187836764e+00 -7.4249372328e+00
34 49 8
3 1 4826 2.6740 -211.5900 4 4718 -23.6880 -208.4940 13 4471 -0.2460 -198.7580
1.1379566491e+00 9.7317059843e-01 -7.3174385711e+00
56 54 2
2 1 4836 107.7310 72.1960 4 4709 64.0060 100.2620
-1.4929900343e+00 -2.4142412840e+00 -6.8441413982e+00
26 38 0
2 1 4855 -100.0070 -197.0600 4 4739 -137.4520 -196.2270
-1.1684213449e+00 -1.9853372690e+00 -7.1164648711e+00
45 61 19
2 1 4870 -72.5490 -156.9010 4 4749 -105.9690 -151.3560
-2.7927633667e-01 1.7271821242e+00 -5.9273630019e+00
116 83 5
2 1 256 -5.0430 157.9044 13 193 -52.2510 185.3132
-4.2991240333e-01 1.7272939535e+00 -6.1348080400e+00
121 80 6
2 1 271 -17.7340 152.5898 13 1771 -67.0870 176.6150
-7.0390086660e-01 1.6314460154e+00 -6.0733193997e+00
122 66 4
2 1 301 -44.0520 145.4350 13 236 -89.8280 167.6775
-7.8675553989e-01 1.3775679850e+00 -6.1292394145e+00
105 61 9
2 1 388 -51.1630 120.7930 13 312 -93.9670 142.9636
-7.3765066332e-01 1.3593876477e+00 -6.1401188043e+00
90 58 6
2 1 394 -46.6360 119.0130 13 314 -89.1780 141.4730
-5.6059168805e+00 3.5596334721e+00 -2.3241427776e+01
229 227 123
2 1 474 -117.7790 96.0320 13 702 -209.4760 35.9810
6.9317839324e-01 1.0797435849e+00 -6.9924120940e+00
70 71 4
2 1 526 76.4560 83.5160 13 427 25.4360 110.1010
-6.4532138199e+00 1.5283069071e+00 -1.7768255012e+01
215 203 86
2 1 626 -184.2410 56.9630 13 2149 -270.1149 -5.3240
-4.0299192147e+00 -1.0406158834e+00 -1.0809244198e+01
231 220 104
2 1 1033 -188.1360 -48.4230 13 1154 -244.5298 -92.9360
1.8388565815e+00 -2.5309325170e+00 -8.9412634513e+00
161 171 85
2 1 1427 132.2730 -157.2760 13 1297 106.3880 -130.2700
-6.0766621524e-01 1.6255477313e+00 -6.0270487335e+00
153 106 22
2 1 1931 -35.5330 145.9290 13 1782 -81.0060 169.7027
-5.7543873947e+00 2.8911249599e-02 -1.3372804504e+01
253 233 100
2 1 2283 -219.9340 8.3360 13 2243 -295.4949 -50.1810
-5.7543873947e+00 2.8911249599e-02 -1.3372804504e+01
253 233 100
2 1 2284 -219.9340 8.3360 13 2244 -295.4949 -50.1810
1.7658055894e+00 -2.6733220969e-01 -8.7435455388e+00
66 74 23
2 1 2354 132.4170 -17.3780 13 2120 82.3910 6.2520
1.6260881311e+00 -3.4439059824e-01 -8.5119812849e+00
69 70 2
2 1 2370 126.7820 -23.7470 13 2134 78.5550 1.9790
-4.7404213254e+00 -1.5861732532e+00 -9.5792189019e+00
235 212 89
2 1 2504 -252.6718 -87.2200 13 2430 -308.1023 -139.9660
-1.3016972620e+00 -2.7849399671e+00 -7.1200626899e+00
66 73 28
2 1 2828 -82.3550 -217.0480 13 2595 -82.9560 -220.0500
-1.1256441875e+00 -2.8168596789e+00 -7.1906605829e+00
73 82 29
2 1 2830 -68.1830 -217.2980 13 3219 -68.1830 -218.1110
-8.2902594313e-01 1.4811697480e+00 -6.2126821379e+00
121 73 0
2 1 2994 -54.6210 129.2600 13 2701 -98.2990 148.4463
-3.8995667543e-01 8.1458484730e-01 -6.2164261553e+00
50 53 6
2 1 3104 -15.2360 68.8050 13 1922 -50.2200 95.2760
-4.6273532730e-01 -2.4947884212e-01 -6.1716326114e+00
13 29 3
2 1 3251 -21.4930 -28.7450 13 2945 -42.7800 1.9970
-4.6110427463e-01 1.4863671509e+00 -6.1546874407e+00
50 47 2
2 1 3679 -21.2530 130.5820 13 3318 -65.9570 154.5543
8.8288636902e-01 1.2309556932e+00 -7.2156462697e+00
55 53 3
2 1 3718 88.9330 93.7300 13 2744 34.7630 117.4210
-8.6701849377e-01 -6.6344824214e-01 -6.3136880318e+00
13 29 2
2 1 3858 -56.8610 -63.7700 13 3489 -73.5700 -41.6530
2.3412395976e+00 -2.4130036235e+00 -9.3070756938e+00
190 196 96
2 1 3950 158.0910 -143.9380 13 3566 125.3810 -114.7460
-1.7371039915e+00 -2.2249947685e+00 -7.2039618944e+00
50 68 26
2 1 3977 -114.6710 -171.7430 13 3167 -125.0620 -179.7170
-7.6121370406e-01 1.0997362045e+00 -6.2934821840e+00
107 71 3
2 1 4149 -47.2540 93.1270 13 3778 -87.7810 114.5160
-9.8900845436e-01 8.4956019417e-01 -6.3184914238e+00
116 72 2
2 1 4171 -66.4150 69.7230 13 3802 -105.6890 90.5950
-8.9575085790e-01 5.7191132863e-01 -6.2603184476e+00
10 24 2
2 1 4186 -60.0030 46.1980 13 3820 -92.6900 67.8940
-9.3950266562e-01 3.2638774662e-02 -6.4874033990e+00
4 15 1
2 1 4216 -60.3540 -2.3340 13 3849 -90.0990 17.8690
-5.9796507563e-01 -4.9332362112e-01 -6.0584564739e+00
17 33 2
2 1 4242 -34.5730 -52.1570 13 3868 -51.1940 -21.1960
1.3897975423e+00 -9.6176281524e-01 -8.5308901978e+00
77 76 10
2 1 4251 110.0650 -63.7230 13 3488 70.9970 -39.4730
-1.5693582012e+00 -1.9756344661e+00 -6.7772231481e+00
44 62 22
2 1 4326 -109.2610 -163.6950 13 4197 -116.6820 -164.0070
-4.9380313371e-01 2.3894402619e-01 -6.5525637947e+00
18 28 0
2 1 4464 -22.2110 16.0310 13 4113 -53.7130 39.3990
-7.4219224950e-01 1.1336573102e-01 -6.7480749294e+00
47 55 6
2 1 4634 -42.2930 6.0870 13 4280 -72.9170 23.3080
-4.7541377791e+00 -6.5477663677e-01 -1.1632807484e+01
244 223 95
2 1 4637 -208.0070 -25.2300 13 4299 -272.3666 -76.5660
-3.0589611564e-01 -2.7759166207e-01 -6.0722785930e+00
18 31 0
2 1 4639 -7.2500 -32.4910 13 4285 -27.8450 2.6930
-1.8112600520e+00 -1.0558607214e+00 -7.3496220565e+00
231 236 136
2 1 4655 -118.2730 -81.0130 13 4306 -143.6990 -85.7000
-8.8220917658e-01 -9.6498979816e-01 -6.1667819581e+00
21 41 3
2 1 4659 -59.5090 -93.1700 13 4297 -71.0160 -69.0760
-6.7056992888e-01 5.7273615023e-01 -6.3559776375e+00
51 58 2
2 1 4720 -38.6750 45.4820 13 4364 -73.0260 68.9930
-6.7433521739e-01 2.7535370282e-01 -6.5199843578e+00
52 60 3
2 1 4814 -37.8750 19.1860 13 4457 -69.5320 40.8310
9.7579741511e-01 -8.4910969844e-01 -8.4096039766e+00
84 86 13
2 1 4842 83.3080 -56.6930 13 4482 46.8190 -36.8040
1.9217502855e+00 -1.1042400480e+00 -8.2742912955e+00
1 6 0
2 1 4851 148.7920 -75.8240 13 4483 110.4010 -42.9300
-1.8583673920e-01 1.7566975413e+00 -5.9510859871e+00
106 82 12
2 4 170 -48.4760 200.2017 13 179 -44.2890 187.8070
-5.2391945278e-01 1.6205308909e+00 -5.9758513911e+00
119 82 7
2 4 227 -80.0430 184.8494 13 223 -73.2530 171.9732
-7.0567957308e-01 1.1531341300e+00 -6.3157298069e+00
71 42 2
2 4 410 -91.1020 130.0960 13 387 -83.5090 119.0200
-5.9772195972e+00 1.1530480693e+00 -1.6071281453e+01
232 216 99
2 4 883 -236.5995 9.4760 13 883 -271.5069 -11.0980
6.0083238762e+00 -1.0548255506e+00 -1.4913424115e+01
215 203 82
2 4 1066 207.8090 -38.5600 13 935 165.2730 -21.0940
-4.5624030937e+00 -8.1344097463e-01 -1.1109767883e+01
194 170 46
2 4 1160 -256.9695 -62.6170 13 2320 -270.6324 -84.2320
-4.6167343481e+00 -1.1107864860e+00 -1.0636183405e+01
235 214 87
2 4 1213 -269.9818 -79.6960 13 1201 -280.5051 -103.0600
-1.0220102735e+00 -2.7825867282e+00 -7.0232873870e+00
84 92 32
2 4 1721 -90.7300 -221.0720 13 1578 -60.3260 -217.2070
-1.7550780367e+00 -2.7207034725e+00 -6.9062009940e+00
167 169 82
2 4 1729 -156.4230 -223.7920 13 1618 -122.7910 -227.2610
1.8627285381e-01 1.8250538594e+00 -5.9991345288e+00
97 80 2
2 4 1830 -13.3430 206.2594 13 155 -12.5130 194.9830
-1.2514621179e-01 1.7615125736e+00 -5.8933731467e+00
154 125 38
2 4 1836 -42.8830 203.3531 13 1743 -38.4840 191.0627
-4.9979973567e-01 1.7935203626e+00 -5.9930933769e+00
147 89 0
2 4 1843 -78.4870 200.1059 13 1752 -73.4030 186.6881
-8.4057284906e-01 8.0865997261e-01 -6.3411628654e+00
100 65 0
2 4 2032 -101.4330 98.3450 13 1942 -90.9140 87.0330
-5.2756729397e+00 2.4307851425e+00 -1.9564851730e+01
236 217 94
2 4 2159 -179.0190 37.2330 13 2908 -220.0538 22.1360
-4.5752311478e+00 8.6451193122e-02 -1.4122458372e+01
215 196 65
2 4 2311 -207.8500 -21.8920 13 983 -233.7775 -40.2940
-2.3217430837e-01 -2.8666633853e+00 -7.2182624030e+00
65 70 15
2 4 2776 -22.5550 -217.7060 13 2569 2.0370 -206.5380
-4.7622921578e-01 1.7608613110e+00 -5.9850965228e+00
220 170 41
2 4 2849 -76.1200 197.7162 13 2672 -70.8120 184.2228
-8.3818434820e-01 1.1576784516e+00 -6.1783599717e+00
122 73 4
2 4 2916 -105.1630 133.6410 13 2730 -95.5730 121.9370
-8.8302342618e-01 9.3148705757e-01 -6.2218540381e+00
131 83 13
2 4 2948 -107.6400 111.5500 13 2776 -96.5590 100.6030
-9.6819357923e-01 9.0294279106e-01 -6.2393710159e+00
130 78 9
2 4 2961 -115.2310 107.7470 13 1919 -103.8180 97.0250
-1.1199308388e+00 9.0035817429e-01 -6.3011539629e+00
122 73 0
2 4 2964 -128.3300 105.2340 13 2787 -117.1610 93.5210
-7.9140539583e-01 8.2968221856e-01 -6.2703574458e+00
91 58 0
2 4 2970 -97.9290 101.4290 13 1930 -86.9270 91.7840
-9.7272536593e-01 6.1262767042e-01 -6.1708726256e+00
17 30 4
2 4 3017 -115.2660 83.1510 13 2828 -100.6580 72.3410
-6.7954617072e-01 -4.0274117976e-01 -6.1071380516e+00
8 26 2
2 4 3143 -82.4150 -10.7780 13 2971 -59.8010 -14.3450
-4.1092806217e+00 -2.7299941989e-01 -1.4314589671e+01
232 218 85
2 4 3184 -185.8070 -34.7790 13 3496 -210.2920 -52.5110
1.6967011988e+00 -2.2279459526e+00 -9.1290828051e+00
96 107 45
2 4 3329 97.7960 -128.1210 13 3092 91.6610 -112.5070
-1.1752101909e+00 -2.7520804207e+00 -7.3856230887e+00
52 60 13
2 4 3452 -99.8080 -210.2250 13 3208 -73.6380 -208.9450
-4.9891643606e-01 -2.8609880156e+00 -7.5089956363e+00
86 94 35
2 4 3457 -43.8320 -211.7180 13 3199 -21.1120 -204.2910
5.1913663284e-01 1.4980881403e+00 -5.9799535524e+00
80 76 11
2 4 3526 20.5810 179.1607 13 3306 21.5280 170.2534
-1.0992020356e+00 1.0426780329e+00 -6.2926399131e+00
138 84 0
2 4 3568 -127.1990 118.5770 13 3784 -117.1490 106.0910
-5.3563395118e-01 8.3449822352e-01 -6.3132255673e+00
70 71 14
2 4 3585 -73.8000 102.5420 13 3372 -64.4220 93.7320
-1.1134456964e+00 7.8457660160e-01 -6.3418630730e+00
125 85 8
2 4 3595 -126.4940 93.8540 13 3382 -114.8790 82.6750
7.4691846078e+00 5.6072914124e-02 -1.8546301090e+01
216 198 70
2 4 3691 202.7190 -3.3030 13 2923 152.7210 10.4660
-5.2902440372e+00 -3.2597906227e-01 -1.2753581166e+01
238 220 94
2 4 3722 -259.8603 -39.9910 13 3505 -282.3609 -63.2840
-1.0178944431e+00 -8.8401743579e-01 -6.3067123485e+00
10 28 3
2 4 3735 -109.7060 -59.6990 13 3506 -84.3390 -63.1440
-9.5483630907e-01 -1.0138666558e+00 -6.2163455616e+00
27 45 17
2 4 3743 -104.2630 -72.3180 13 3523 -76.8160 -73.9290
-3.9181542201e-02 -2.7351619314e+00 -7.2653625676e+00
159 169 98
2 4 3893 -7.4470 -204.0020 13 3653 14.5890 -192.4340
2.0230820934e-01 1.5810514220e+00 -5.9098202117e+00
26 44 4
2 4 3958 -10.0020 188.0892 13 3298 -6.5910 177.0492
-2.6949391780e-02 1.3452205749e+00 -5.6901994503e+00
29 47 7
2 4 3973 -30.9790 173.5444 13 3760 -21.6730 161.5275
6.5434705071e+00 -1.3854935247e+00 -1.4113966999e+01
247 235 128
2 4 4094 242.4310 -49.6260 13 3476 198.3920 -28.5330
-4.0598690853e+00 -1.5189245709e+00 -9.8226037649e+00
248 247 155
2 4 4140 -257.0878 -104.9150 13 3919 -260.0719 -126.5550
-4.6214683063e-01 -1.8291172146e+00 -6.9572216345e+00
89 91 18
2 4 4162 -48.4180 -136.1240 13 3923 -26.8040 -131.0820
-7.0004084818e-02 -2.6639883076e+00 -7.3402459328e+00
38 50 0
2 4 4235 -10.4930 -197.0950 13 3977 10.3180 -185.4780
6.4909108633e+00 -7.8493622565e-01 -1.5625345341e+01
222 206 80
2 4 4365 213.2470 -27.9680 13 3863 168.0780 -10.9800
1.3601216407e+00 6.3457748048e-01 -7.8171971360e+00
59 59 0
2 4 4598 76.3250 67.3600 13 4272 64.0990 69.5260
7.8653413014e+00 -5.6298767250e-01 -1.6959010149e+01
190 155 25
2 4 4609 237.8820 -19.2760 13 4286 187.3170 -0.4130
-2.3612299645e+00 -6.6647534348e-01 -7.4502983529e+00
230 216 83
2 4 4750 -203.4520 -47.3970 13 4518 -191.3320 -61.6060
