# Bundle file v0.3
20 254
0 0 0
0 0 0
0 0 0
0 0 0
0 0 0
5.7960379860e+02 -1.7672232313e-02 6.1638703636e-03
9.9981824287e-01 -1.8079220769e-03 -1.8979268982e-02
9.7918344712e-04 9.9904927395e-01 -4.3584279540e-02
1.9040021878e-02 4.3557773600e-02 9.9886945990e-01
2.5934664395e-01 -3.8606567895e-01 5.2854975694e+00
0 0 0
0 0 0
0 0 0
0 0 0
0 0 0
0 0 0
0 0 0
0 0 0
0 0 0
0 0 0
5.8175570216e+02 -6.5533642863e-03 -5.2514921285e-02
9.9608286666e-01 -7.6720213431e-02 4.3965118045e-02
7.3366535937e-02 9.9460067499e-01 7.3395154500e-02
-4.9358628002e-02 -6.9882087480e-02 9.9633338782e-01
5.7941586314e-01 7.4703704828e-01 5.3396981753e+00
0 0 0
0 0 0
0 0 0
0 0 0
0 0 0
0 0 0
0 0 0
0 0 0
0 0 0
0 0 0
0 0 0
0 0 0
0 0 0
0 0 0
0 0 0
0 0 0
0 0 0
0 0 0
0 0 0
0 0 0
0 0 0
0 0 0
0 0 0
0 0 0
0 0 0
0 0 0
0 0 0
0 0 0
0 0 0
0 0 0
0 0 0
0 0 0
0 0 0
0 0 0
0 0 0
0 0 0
0 0 0
0 0 0
0 0 0
0 0 0
5.7094255360e+02 -1.1567924198e-02 -8.6161327437e-03
9.7443909423e-01 -1.6463184311e-01 1.5285551307e-01
1.5334485928e-01 9.8468205801e-01 8.2985533498e-02
-1.6417614252e-01 -5.7424740954e-02 9.8475813952e-01
1.5101792819e+00 8.5041461164e-01 5.1074134488e+00
0 0 0
0 0 0
0 0 0
0 0 0
0 0 0
0 0 0
0 0 0
0 0 0
0 0 0
0 0 0
0 0 0
0 0 0
0 0 0
0 0 0
0 0 0
0 0 0
0 0 0
0 0 0
0 0 0
0 0 0
5.7526072020e+02 -4.6533976907e-02 -1.5600314706e-02
9.2634131226e-01 -2.2782221428e-01 2.9998135255e-01
2.0447532178e-01 9.7295168112e-01 1.0749357651e-01
-3.1635678589e-01 -3.8236957132e-02 9.4786935763e-01
2.8025528090e+00 1.0867063266e+00 4.7630631931e+00
0 0 0
0 0 0
0 0 0
0 0 0
0 0 0
-4.5097264519e-01 8.1016200945e-01 -7.9475745769e+00
191 128 0
4 1 220 -9.0600 169.4142 4 131 -62.6070 208.1202 13 156 -58.9410 194.6927 18 1791 -39.5550 199.7604
-5.4337662637e-01 7.7650564759e-01 -7.9541770251e+00
168 104 10
3 1 244 -29.5560 161.5043 4 172 -82.3520 199.1125 13 192 -77.2770 185.3525
-5.4519982631e-01 7.1516614409e-01 -7.9360843489e+00
134 88 0
3 1 289 -30.1630 148.9600 4 223 -82.4230 186.9253 18 1844 -53.8390 179.4778
-5.5756823303e-01 6.9909496959e-01 -7.9536148804e+00
123 77 0
4 1 303 -32.2840 144.9494 4 246 -84.7190 181.9092 13 233 -78.1440 168.5192 18 1862 -56.0470 174.4263
-6.3754623240e-01 3.9452028533e-01 -8.0849747723e+00
82 52 0
2 1 562 -46.9950 74.8550 4 495 -94.5220 107.0560
-2.4131467898e+00 7.5413987153e-01 -1.2939010160e+01
193 171 30
2 1 578 -144.4260 70.2760 4 790 -190.2360 28.7520
2.7544870695e+00 6.7139591686e-02 -1.2679182635e+01
206 181 60
2 1 789 256.4560 18.6790 4 895 215.8490 6.6700
-2.3037412135e+00 -2.1774995402e-01 -1.0382564593e+01
207 187 57
2 1 891 -208.2770 -17.2940 4 1098 -255.8249 -47.5790
-2.3037412135e+00 -2.1774995402e-01 -1.0382564593e+01
207 187 57
2 1 892 -208.2770 -17.2940 4 1099 -255.8249 -47.5790
1.5969997200e+00 -3.6523178553e-01 -1.1258643963e+01
226 213 110
2 1 933 201.4380 -25.1590 4 1043 166.8720 -31.8800
1.7969668335e+00 -3.9852568156e-01 -1.1251921543e+01
201 189 70
3 1 950 221.2340 -28.8540 4 1046 186.9650 -33.5770 13 2169 146.1690 -17.9520
-2.1068691891e+00 -3.2468197274e-01 -1.0239682774e+01
233 214 83
3 1 960 -191.8710 -31.1330 4 1138 -237.3866 -58.4390 13 1093 -253.8721 -79.5720
-1.9712812289e+00 -3.9356785379e-01 -1.0136472128e+01
218 210 83
2 1 996 -179.0260 -40.0840 4 1175 -225.7865 -66.7850
-2.1907893157e+00 -4.3293224033e-01 -9.9253375451e+00
238 210 84
2 1 1029 -214.7490 -47.8530 4 1196 -263.5258 -75.2370
1.3394696169e+00 -5.4054154220e-01 -1.0689033678e+01
219 225 139
2 1 1035 193.4530 -49.2450 4 1116 161.6910 -51.9080
5.4448771330e-01 -5.2842640492e-01 -9.2596181824e+00
28 36 20
3 1 1139 142.7150 -74.1240 4 2404 113.1990 -61.9430 13 1013 100.1000 -50.6750
5.4448771330e-01 -5.2842640492e-01 -9.2596181824e+00
28 36 20
3 1 1140 142.7150 -74.1240 4 2405 113.1990 -61.9430 13 1014 100.1000 -50.6750
-2.3502775399e-01 7.4896474504e-01 -7.9449515400e+00
64 73 17
2 1 1904 37.9390 156.3511 4 1845 -13.2270 197.9445
-7.3322540669e-01 6.4290228547e-01 -8.1175979541e+00
166 101 0
2 1 1990 -65.5370 125.6160 4 1922 -117.9940 155.2416
-6.1583234312e-01 6.1073327494e-01 -8.0304605773e+00
72 44 0
2 1 1997 -43.5530 122.0610 4 320 -94.4040 156.4608
-6.6658708654e-01 4.7349370134e-01 -8.0492418698e+00
110 66 0
4 1 2077 -54.2190 92.1160 4 1971 -102.6910 125.5200 13 1883 -93.1040 114.0810 18 1966 -72.5280 116.9640
-2.5742353008e+00 8.1338195260e-01 -1.3103237057e+01
209 199 79
2 1 2119 -152.7120 73.7070 4 782 -199.6450 30.7750
-2.4151609299e+00 7.8665009826e-01 -1.2888110656e+01
238 219 87
3 1 2120 -145.2850 73.4640 4 2175 -192.4160 31.0020 13 2097 -231.3960 14.9510
-6.3241738700e-01 3.4751466380e-01 -8.1117023836e+00
56 37 0
4 1 2136 -45.3160 65.1920 4 2991 -92.4540 95.7050 13 2809 -82.1210 86.3660 18 530 -61.7910 88.3470
-2.3810675247e+00 6.2215305704e-01 -1.2618581164e+01
233 216 66
2 1 2146 -147.9640 61.8220 4 822 -194.9130 21.4540
-6.3756112380e-01 1.8580255418e-01 -8.1428247724e+00
38 43 9
3 1 2223 -45.7570 31.3510 4 3052 -90.2050 60.2020 13 2860 -78.1820 53.0900
2.9721364823e+00 1.7661103324e-01 -1.3152548907e+01
194 175 54
3 1 2233 257.9630 27.2460 4 2217 216.2120 12.8090 13 2900 161.8420 26.6110
-1.9787595052e+00 1.7162113203e-01 -1.1557339369e+01
205 186 47
3 1 2234 -137.0810 27.0400 4 2277 -183.7330 -7.6750 18 3241 -258.8520 -40.2810
1.5956809593e+00 -3.3415716156e-01 -1.1269831255e+01
80 61 0
2 1 2366 200.6770 -22.0210 4 2339 166.4170 -28.8760
1.8201744177e+00 -3.8077132952e-01 -1.1209656258e+01
229 210 89
2 1 2382 224.7850 -27.0640 4 1042 190.3050 -31.6320
1.2937597798e+00 -5.7751265070e-01 -1.0605376913e+01
208 214 133
2 1 2437 191.4050 -54.4400 4 1131 159.9470 -56.5430
6.4866913168e-01 -4.5809104700e-01 -9.2770481201e+00
7 25 1
2 1 2459 158.4740 -63.7510 4 2375 125.9790 -50.9370
7.6312750574e-01 -8.7568750145e-01 -9.8180321717e+00
141 152 76
3 1 2552 154.2060 -105.8330 4 2498 127.9910 -103.6750 13 1129 110.5910 -87.4740
6.5603472915e-01 -1.0784634707e+00 -9.3714398352e+00
181 191 94
2 1 2655 154.6620 -148.4080 4 2597 132.1880 -141.8150
-1.1043198020e+00 -9.2935569770e-01 -8.3281768157e+00
214 221 141
2 1 2724 -127.9930 -177.9820 4 2668 -166.6540 -177.7220
2.4038134399e+00 2.0262148774e+00 -1.2924693657e+01
118 129 71
2 1 2936 223.9870 169.8799 4 2904 167.3920 148.1622
-4.1806206570e-01 7.4537385193e-01 -7.9323577276e+00
80 51 0
4 1 2953 -2.0850 155.6786 4 1849 -54.2260 195.9481 13 1759 -49.5780 183.6156 18 1820 -29.0480 188.6826
-1.9862259700e-01 7.1906387354e-01 -7.9331391378e+00
27 43 0
2 1 2963 46.2920 150.2981 4 2858 -4.7300 193.0318
-5.2969605715e-01 6.9385332976e-01 -7.9534723869e+00
80 52 0
3 1 2971 -26.0930 143.3247 4 2869 -78.5910 181.4138 13 1786 -71.5540 168.8262
-5.8083833930e-01 6.6228041300e-01 -7.9817408737e+00
73 46 0
3 1 2986 -36.9720 135.0650 4 2876 -88.6180 171.7523 13 1806 -81.5100 158.8876
-6.5025316556e-01 5.0690378837e-01 -8.0361773450e+00
92 47 0
3 1 3054 -50.5910 99.6760 4 2919 -100.3900 133.4320 13 2731 -90.9780 122.0030
-6.4195008846e-01 4.4088504074e-01 -8.0642852014e+00
90 50 0
2 1 3068 -48.4640 84.9830 4 2940 -96.5830 117.9560
-6.3103903072e-01 4.3612840013e-01 -8.1109606808e+00
112 80 23
2 1 3071 -44.6830 83.0220 4 3575 -93.5190 114.3560
-6.1975533289e-01 4.1492130214e-01 -8.1154786241e+00
58 30 0
3 1 3078 -42.6700 78.9260 4 3579 -90.7320 109.8580 13 3365 -81.3750 99.4020
-6.7526030683e-01 3.2060689656e-01 -8.0764562378e+00
88 63 12
4 1 3118 -54.8210 59.4390 4 3598 -101.8950 91.5050 13 2813 -90.2860 81.3720 18 3048 -68.0290 83.6050
-8.2637460525e-01 3.1841176267e-01 -8.1224381940e+00
36 40 4
3 1 3119 -84.3200 58.0220 4 3011 -132.7760 86.8150 13 2826 -121.6260 74.7210
2.8912014515e+00 1.5663800953e-01 -1.2830395619e+01
120 102 3
2 1 3163 262.2060 25.7550 4 2218 220.5760 13.2460
2.9423488260e+00 3.3584140007e-02 -1.2744612668e+01
192 169 50
2 1 3184 269.4050 16.0720 4 2242 227.6950 4.7220
-1.8732998804e+00 -9.2841872049e-02 -1.0911136159e+01
226 211 69
2 1 3208 -143.6060 -0.4930 4 3174 -188.5520 -30.3650
-2.1247119944e+00 -2.9846368761e-01 -1.0285690848e+01
160 141 10
3 1 3248 -191.7380 -27.3450 4 2383 -238.2941 -55.6260 13 3045 -254.7533 -76.3620
-2.1277337555e+00 -2.9927737390e-01 -1.0294562479e+01
160 141 10
4 1 3249 -191.7380 -27.3450 4 2384 -238.2941 -55.6260 13 3046 -254.7533 -76.3620 18 3307 -287.8018 -98.3150
1.3104055037e+00 -5.1908575581e-01 -1.0670321404e+01
89 95 19
2 1 3274 190.5730 -47.1620 4 2370 159.4190 -49.8410
5.5657373511e-01 -4.2776903001e-01 -9.3985098567e+00
225 237 173
2 1 3293 140.2590 -56.7980 4 3727 108.8180 -47.3360
1.2267576227e+00 -6.0477212857e-01 -1.0492482585e+01
225 231 152
2 1 3296 187.4700 -59.1500 4 3221 157.1780 -60.5280
7.9408825556e-01 -8.6088677826e-01 -9.7774243721e+00
173 183 99
2 1 3362 159.5810 -105.2580 4 3279 133.3260 -101.9640
-1.1244700196e+00 -9.0110455239e-01 -8.4074584180e+00
63 72 6
3 1 3475 -127.9030 -167.9740 4 2651 -167.4180 -168.8130 13 2501 -140.3790 -175.9050
-4.5627391317e-01 7.5663051764e-01 -7.9177112473e+00
136 89 0
4 1 3657 -10.8360 158.6283 4 2848 -63.3200 199.2156 13 2667 -57.1220 186.7756 18 2895 -37.0700 191.4029
-3.9618173245e-01 7.2599448146e-01 -7.9287802478e+00
67 60 13
2 1 3659 2.9860 151.8012 4 3512 -49.4470 192.3640
-5.7939939373e-01 6.1857136702e-01 -7.9892318930e+00
59 50 3
3 1 3680 -36.3850 126.2230 4 2894 -88.7990 160.4410 13 3327 -78.5090 149.9370
-6.5303781732e-01 5.6479174428e-01 -7.9993343449e+00
117 73 9
2 1 3693 -52.4060 113.1810 4 3546 -102.5130 148.4596
-2.4002847840e+00 6.7791938196e-01 -1.2641135943e+01
206 185 42
4 1 3742 -149.6270 66.0080 4 3090 -195.6510 25.1220 13 2925 -234.1872 8.2570 18 3739 -294.7354 -8.5070
-7.6286476380e-01 3.1247621426e-01 -8.0909428218e+00
31 20 0
4 1 3748 -72.7440 57.4120 4 4022 -120.2370 87.7110 13 3814 -107.8810 76.6860 18 4082 -86.5010 78.3760
-2.6840443551e+00 2.4854085883e-01 -1.1517910433e+01
228 206 69
2 1 3763 -204.0250 33.4000 4 3134 -252.1497 -4.6050
-2.5720790352e+00 2.1799807288e-01 -1.1512654817e+01
222 196 57
3 1 3768 -194.2990 30.5480 4 3137 -240.9404 -6.6120 13 3473 -273.0515 -27.8720
-3.3344599331e-01 9.5667692169e-02 -7.9493060418e+00
29 40 1
2 1 3784 16.2930 12.1550 4 3638 -24.3820 53.0420
6.0890489655e-01 -1.0097809116e+00 -9.3571821550e+00
162 173 81
3 1 3938 147.8160 -139.2090 4 3819 125.6050 -132.5460 13 3564 115.6130 -113.8210
-1.0464103804e+00 -7.8547641300e-01 -8.3407618241e+00
40 58 10
2 1 3958 -116.4640 -150.8160 4 3825 -156.5100 -146.6680
7.4549930154e-01 -1.0794412468e+00 -9.3239606229e+00
201 208 105
2 1 3960 168.2560 -150.5040 4 4174 147.9840 -141.9820
-5.1402385993e-01 7.6413501793e-01 -7.9433023299e+00
218 164 26
4 1 4098 -22.7700 159.2354 4 2850 -76.1200 197.7162 13 2673 -70.8120 184.2228 18 3556 -50.0910 189.6407
-1.9539124452e-01 6.7141719235e-01 -7.9470760510e+00
23 40 4
2 1 4102 47.2050 139.0420 4 3964 -3.7160 181.5622
-6.8309167729e-01 5.7178163201e-01 -7.9857714710e+00
119 66 0
3 1 4125 -59.1640 114.9420 4 3987 -109.5470 150.5930 13 3771 -100.3910 137.7050
-7.0018352607e-01 5.1549673372e-01 -8.0146482497e+00
124 71 1
3 1 4141 -61.8160 102.0360 4 3996 -112.0420 135.4980 13 3775 -101.8510 124.4000
-6.0726201696e-01 4.6198107770e-01 -8.0881204672e+00
52 26 0
3 1 4155 -40.4290 88.8110 4 4008 -89.0360 121.4320 13 3779 -80.8620 110.9510
-6.7267051908e-01 4.5080946225e-01 -8.0465858723e+00
132 88 9
2 1 4157 -55.2500 87.4440 4 4305 -103.9590 120.6910
-5.7793780158e-01 4.2960027618e-01 -8.0657203775e+00
73 65 3
4 1 4163 -34.9600 82.3660 4 4009 -82.2660 116.4650 13 3783 -74.0370 106.8840 18 4348 -52.8340 109.4540
-7.0195576885e-01 2.9689378416e-01 -8.0724118688e+00
14 13 0
3 1 4175 -60.4670 54.3860 4 4024 -107.3310 86.1300 13 3815 -95.2160 76.1450
3.8153241378e+00 5.6401623903e-01 -1.4386135219e+01
121 110 23
3 1 4181 279.0900 51.7790 4 3656 233.4090 33.2410 13 3415 172.0120 47.2010
-7.0033737039e-01 2.5782457162e-01 -8.1002427030e+00
10 24 2
2 1 4185 -60.0030 46.1980 4 4029 -105.2350 76.6520
-6.0246025791e-01 -7.7707424714e-02 -7.9266436600e+00
15 28 0
2 1 4234 -42.9110 -26.0120 4 4353 -83.0150 10.1470
1.9939568254e+00 -4.5605925532e-01 -1.1126206247e+01
215 202 76
2 1 4237 245.0570 -35.2660 4 4086 211.0420 -37.6460
4.7373512027e-01 -3.0739636092e-01 -9.5828454466e+00
63 68 1
2 1 4239 122.7210 -37.0530 4 3714 91.1140 -31.3750
-7.8734982785e-01 -4.0644041212e-01 -8.0620562837e+00
16 36 2
2 1 4266 -77.5740 -91.3210 4 4103 -116.7840 -67.9040
-9.1961166656e-01 -5.9385070115e-01 -8.1386271007e+00
25 48 6
2 1 4298 -101.5410 -125.4150 4 4148 -140.2280 -110.1190
5.4964852502e-01 -1.0242991846e+00 -9.2056173108e+00
166 175 82
3 1 4312 145.2500 -147.8790 4 4170 122.1980 -139.3470 13 3568 115.3060 -119.5250
6.5832318507e-01 -1.0603112009e+00 -9.1844597480e+00
202 208 110
3 1 4319 161.1200 -154.3430 4 4173 141.1720 -142.9990 13 3571 131.5590 -122.8680
3.3153161963e-01 -1.0979512044e+00 -8.9838097489e+00
162 172 83
2 1 4330 118.1790 -169.1750 4 4198 98.1830 -160.3560
4.7734165793e-01 -1.1889973692e+00 -8.8942787002e+00
181 189 93
2 1 4347 143.4230 -188.1540 4 3858 127.2290 -176.6210
-1.8846561693e-01 7.7744008228e-01 -7.9578154594e+00
35 12 10
2 1 4414 47.7080 162.0928 4 4469 -3.1700 203.4423
-2.6700419583e+00 -1.2189202190e-01 -1.0565828025e+01
247 223 91
2 1 4472 -240.3219 -5.4680 4 4368 -290.2869 -39.5690
1.9909660499e+00 -3.0245022223e-01 -1.1536669244e+01
226 206 78
2 1 4482 229.6680 -17.0490 4 4364 193.8550 -23.7130
-5.1692576669e-01 -1.3496640586e-01 -7.9845048035e+00
20 37 1
3 1 4489 -22.4710 -37.3810 4 4510 -62.1570 -2.2210 13 4131 -41.4110 -5.3160
-2.2737916032e+00 -5.6569498049e-01 -9.6843041660e+00
237 217 86
3 1 4503 -236.5782 -69.1130 4 4133 -288.0295 -96.1720 13 4178 -295.8671 -121.4550
-7.7224512435e-01 -3.0077928660e-01 -8.0079235606e+00
15 32 0
2 1 4505 -76.8290 -71.5020 4 4372 -116.2990 -44.2440
-7.3097329436e-01 -3.1785359182e-01 -8.0675488635e+00
15 31 2
2 1 4507 -65.7230 -72.9520 4 4373 -105.5340 -47.3270
4.7619142572e-01 -5.4635322086e-01 -9.1980856734e+00
3 4 7
2 1 4514 134.6100 -78.3990 4 4384 105.5370 -66.6210
-9.5981719538e-02 6.7964614822e-01 -8.1198930460e+00
67 67 4
2 1 4602 64.4690 133.8940 4 4639 16.5140 170.6728
-5.5949199323e-01 5.3354210922e-01 -8.0360771904e+00
64 60 5
4 1 4609 -32.1330 106.2470 4 4484 -80.7420 140.9188 13 4255 -72.6670 128.9610 18 4515 -52.3910 132.8060
-5.7707648573e-01 3.5646292334e-01 -8.0646694931e+00
71 68 7
4 1 4621 -34.6850 67.3170 4 4490 -81.5560 100.9790 13 4265 -70.8640 91.4540 18 4524 -49.2960 95.2130
-5.7704746684e-01 3.5614752559e-01 -8.0648438168e+00
71 68 7
3 1 4622 -34.6850 67.3170 4 4491 -81.5560 100.9790 13 4266 -70.8640 91.4540
-5.7740211211e-01 3.5679553139e-01 -8.0655186427e+00
71 68 7
2 1 4623 -34.6850 67.3170 4 4492 -81.5560 100.9790
-7.0994571175e-01 3.3866257516e-01 -8.0707691236e+00
143 100 7
4 1 4626 -62.0910 63.3470 4 4493 -110.0480 94.9590 13 4267 -97.9540 84.4400 18 4528 -75.8400 86.4700
1.1823339068e-01 3.1734559500e-01 -8.4162294981e+00
63 64 0
2 1 4629 100.0890 55.5800 4 4595 57.3230 85.8440
-1.9811521373e+00 -3.5656222546e-01 -1.0193013454e+01
230 213 83
4 1 4640 -177.9320 -34.6100 4 4524 -225.0162 -62.1700 13 4300 -238.6986 -80.9380 18 4710 -267.6708 -101.5370
-2.1879194022e+00 -3.5608158776e-01 -1.0106874552e+01
188 163 34
3 1 4641 -206.8050 -36.2020 4 4382 -253.7294 -63.7790 13 4303 -268.6884 -86.2450
-2.1825191871e+00 -3.5453754889e-01 -1.0092148584e+01
188 163 34
4 1 4642 -206.8050 -36.2020 4 4383 -253.7294 -63.7790 13 4304 -268.6884 -86.2450 18 4665 -299.0288 -108.6380
2.2155950652e+00 -5.0024077552e-01 -1.1107118723e+01
184 153 30
3 1 4644 267.6790 -40.1760 4 4521 234.5030 -40.2940 13 4288 189.3320 -20.4100
1.0922958281e-01 -8.0407308127e-01 -8.9401524255e+00
76 82 12
3 1 4669 85.0520 -125.6940 4 4539 58.7110 -115.6520 13 4311 59.7710 -104.0760
-1.8064962235e+00 -8.8225210115e-01 -8.8043192208e+00
235 236 142
2 1 4672 -222.1919 -142.7990 4 4550 -271.1741 -160.1310
4.2598346276e-01 -1.0461209680e+00 -9.2600564594e+00
127 135 60
4 1 4675 124.9000 -148.9360 4 4543 102.4030 -141.9650 13 4180 97.1110 -125.4080 18 4433 91.4500 -117.3790
-6.1974467607e-01 5.2876204508e-01 -8.0511432916e+00
57 25 0
4 1 4714 -44.4280 104.6870 4 4585 -93.5490 138.2390 13 4359 -85.1010 125.9900 18 4634 -65.0650 128.5550
2.9487439669e+00 -1.1902868278e-01 -1.2380026550e+01
210 186 59
3 1 4725 282.3070 3.5770 4 4511 242.4620 -5.1180 13 4123 190.0130 11.4580
-1.7399983844e+00 -5.3487773609e-01 -9.6600226841e+00
239 243 146
2 1 4734 -169.1110 -65.5580 4 4532 -214.9240 -86.7440
-8.3210761911e-01 -6.2130718445e-01 -8.0981482487e+00
29 51 13
3 1 4743 -84.8840 -133.1070 4 4617 -122.6890 -116.1160 13 4390 -92.3750 -118.3260
-3.5742728288e-01 -1.3013406673e+00 -8.5416746312e+00
165 171 98
2 1 4757 12.1200 -229.5300 4 4673 -10.3870 -227.5740
-5.3645786944e-01 4.7371634934e-01 -8.0629381305e+00
58 57 0
4 1 4775 -26.1910 92.1890 4 4641 -74.6510 126.8530 13 4421 -66.3270 116.4750 18 4700 -46.4520 119.5060
-6.6479090047e-01 2.7925923839e-01 -8.0784829258e+00
6 12 0
2 1 4777 -52.4950 50.8630 4 4646 -99.1420 82.6330
-6.0391347809e-01 -3.8203529831e-01 -8.0524219881e+00
16 33 0
2 1 4781 -39.4530 -86.7830 4 4661 -77.0390 -59.4120
1.0458540387e+00 -1.0235344564e+00 -9.5075904123e+00
226 229 126
4 1 4787 203.2940 -137.0590 4 4618 181.0130 -125.4040 13 4386 162.4720 -101.7360 18 4573 144.4480 -90.4600
3.1976056045e-01 -1.1709250490e+00 -8.8935390267e+00
166 176 87
2 1 4794 119.4510 -185.4000 4 4668 99.9200 -175.9870
-5.7147326177e-01 -8.6975790087e-01 -8.4073914552e+00
84 86 21
3 1 4823 -26.9000 -162.9230 4 4716 -58.3050 -152.0810 13 4467 -35.5120 -150.1800
-4.1530448508e-01 -1.1868395313e+00 -8.5052747229e+00
34 49 8
4 1 4826 2.6740 -211.5900 4 4718 -23.6880 -208.4940 13 4471 -0.2460 -198.7580 18 4758 25.7140 -195.5950
1.7421818923e-01 4.1280789770e-01 -8.5027651645e+00
56 54 2
2 1 4836 107.7310 72.1960 4 4709 64.0060 100.2620
-9.5900610084e-01 -1.0260135476e+00 -8.3111508897e+00
26 38 0
2 1 4855 -100.0070 -197.0600 4 4739 -137.4520 -196.2270
-8.1696329922e-01 -8.4234538984e-01 -8.4201930192e+00
45 61 19
2 1 4870 -72.5490 -156.9010 4 4749 -105.9690 -151.3560
-4.3090632707e-01 7.5220279367e-01 -7.9240010382e+00
116 83 5
2 1 256 -5.0430 157.9044 13 193 -52.2510 185.3132
-4.9400306656e-01 7.3663898936e-01 -7.9653183091e+00
121 80 6
3 1 271 -17.7340 152.5898 13 1771 -67.0870 176.6150 18 1834 -44.9170 182.4467
-6.1308636150e-01 7.1065647946e-01 -7.9867070058e+00
122 66 4
2 1 301 -44.0520 145.4350 13 236 -89.8280 167.6775
-6.4929786089e-01 6.0185252153e-01 -8.0100307287e+00
105 61 9
2 1 388 -51.1630 120.7930 13 312 -93.9670 142.9636
-6.2831101420e-01 5.9427006811e-01 -8.0105504839e+00
90 58 6
3 1 394 -46.6360 119.0130 13 314 -89.1780 141.4730 18 334 -68.8240 146.3865
-2.3470587663e+00 1.2521548045e+00 -1.4242535508e+01
229 227 123
2 1 474 -117.7790 96.0320 13 702 -209.4760 35.9810
-1.4557529210e-02 4.6207547682e-01 -8.3673150647e+00
70 71 4
2 1 526 76.4560 83.5160 13 427 25.4360 110.1010
-2.7732990667e+00 5.5198474367e-01 -1.2426711137e+01
215 203 86
2 1 626 -184.2410 56.9630 13 2149 -270.1149 -5.3240
-1.9651886599e+00 -4.3521965673e-01 -9.9058708399e+00
231 220 104
2 1 1033 -188.1360 -48.4230 13 1154 -244.5298 -92.9360
4.5480761340e-01 -1.0722260392e+00 -9.1502435919e+00
161 171 85
2 1 1427 132.2730 -157.2760 13 1297 106.3880 -130.2700
-5.7198236571e-01 7.0845324964e-01 -7.9667992049e+00
153 106 22
2 1 1931 -35.5330 145.9290 13 1782 -81.0060 169.7027
-2.6005692238e+00 -4.9899652497e-03 -1.0863204020e+01
253 233 100
2 1 2283 -219.9340 8.3360 13 2243 -295.4949 -50.1810
-2.6005692238e+00 -4.9899652497e-03 -1.0863204020e+01
253 233 100
2 1 2284 -219.9340 8.3360 13 2244 -295.4949 -50.1810
4.3201435802e-01 -1.2302313753e-01 -9.0794971584e+00
66 74 23
2 1 2354 132.4170 -17.3780 13 2120 82.3910 6.2520
3.7411904135e-01 -1.5414824189e-01 -8.9856424315e+00
69 70 2
2 1 2370 126.7820 -23.7470 13 2134 78.5550 1.9790
-2.2730301903e+00 -6.5554489714e-01 -9.4152086531e+00
235 212 89
2 1 2504 -252.6718 -87.2200 13 2430 -308.1023 -139.9660
-8.7522786040e-01 -1.1839609148e+00 -8.4246747938e+00
66 73 28
2 1 2828 -82.3550 -217.0480 13 2595 -82.9560 -220.0500
-7.9964458863e-01 -1.1975437484e+00 -8.4526275016e+00
73 82 29
2 1 2830 -68.1830 -217.2980 13 3219 -68.1830 -218.1110
-6.6666502794e-01 6.4531247016e-01 -8.0458109345e+00
121 73 0
2 1 2994 -54.6210 129.2600 13 2701 -98.2990 148.4463
-4.8015386637e-01 3.5897064574e-01 -8.0443783529e+00
50 53 6
2 1 3104 -15.2360 68.8050 13 1922 -50.2200 95.2760
-5.1458348218e-01 -9.8439873733e-02 -8.0235419468e+00
13 29 3
2 1 3251 -21.4930 -28.7450 13 2945 -42.7800 1.9970
-5.0897873746e-01 6.4727836082e-01 -8.0199626888e+00
50 47 2
2 1 3679 -21.2530 130.5820 13 3318 -65.9570 154.5543
6.6246729238e-02 5.2355907451e-01 -8.4601053575e+00
55 53 3
2 1 3718 88.9330 93.7300 13 2744 34.7630 117.4210
-6.8930359246e-01 -2.7649642776e-01 -8.0861346050e+00
13 29 2
2 1 3858 -56.8610 -63.7700 13 3489 -73.5700 -41.6530
6.6239469275e-01 -1.0220185893e+00 -9.2948993985e+00
190 196 96
2 1 3950 158.0910 -143.9380 13 3566 125.3810 -114.7460
-1.0597508559e+00 -9.4420881025e-01 -8.4638592179e+00
50 68 26
2 1 3977 -114.6710 -171.7430 13 3167 -125.0620 -179.7170
-6.3849352019e-01 4.8134468093e-01 -8.0787575993e+00
107 71 3
2 1 4149 -47.2540 93.1270 13 3778 -87.7810 114.5160
-7.3625286084e-01 3.7395273019e-01 -8.0801787085e+00
116 72 2
3 1 4171 -66.4150 69.7230 13 3802 -105.6890 90.5950 18 4354 -83.3110 92.8810
-6.9824976387e-01 2.5573351911e-01 -8.0645496688e+00
10 24 2
2 1 4186 -60.0030 46.1980 13 3820 -92.6900 67.8940
-7.1750729169e-01 2.2605432300e-02 -8.1597795857e+00
4 15 1
2 1 4216 -60.3540 -2.3340 13 3849 -90.0990 17.8690
-5.7403324452e-01 -2.0287168076e-01 -7.9761499944e+00
17 33 2
2 1 4242 -34.5730 -52.1570 13 3868 -51.1940 -21.1960
2.7337478438e-01 -4.1387614255e-01 -8.9928008167e+00
77 76 10
2 1 4251 110.0650 -63.7230 13 3488 70.9970 -39.4730
-9.9138805548e-01 -8.3963489851e-01 -8.2868773163e+00
44 62 22
2 1 4326 -109.2610 -163.6950 13 4197 -116.6820 -164.0070
-5.2515766479e-01 1.0963812646e-01 -8.1853323709e+00
18 28 0
2 1 4464 -22.2110 16.0310 13 4113 -53.7130 39.3990
-6.3123261634e-01 5.5215054921e-02 -8.2686205170e+00
47 55 6
2 1 4634 -42.2930 6.0870 13 4280 -72.9170 23.3080
-2.2497436409e+00 -2.7641866725e-01 -1.0240835910e+01
244 223 95
3 1 4637 -208.0070 -25.2300 13 4299 -272.3666 -76.5660 18 4574 -307.0995 -99.3850
-4.4736311631e-01 -1.1051115153e-01 -7.9804155882e+00
18 31 0
2 1 4639 -7.2500 -32.4910 13 4285 -27.8450 2.6930
-1.0875783407e+00 -4.4466997967e-01 -8.5251047618e+00
231 236 136
2 1 4655 -118.2730 -81.0130 13 4306 -143.6990 -85.7000
-6.9745309082e-01 -4.0626365876e-01 -8.0243107083e+00
21 41 3
2 1 4659 -59.5090 -93.1700 13 4297 -71.0160 -69.0760
-6.0224712009e-01 2.5748397412e-01 -8.1262316263e+00
51 58 2
3 1 4720 -38.6750 45.4820 13 4364 -73.0260 68.9930 18 4643 -52.8380 70.9210
-6.0271321404e-01 1.2595088440e-01 -8.1725099702e+00
52 60 3
2 1 4814 -37.8750 19.1860 13 4457 -69.5320 40.8310
9.9788157437e-02 -3.6535959074e-01 -8.9460573882e+00
84 86 13
2 1 4842 83.3080 -56.6930 13 4482 46.8190 -36.8040
4.9756210998e-01 -4.7445118197e-01 -8.8860567345e+00
1 6 0
2 1 4851 148.7920 -75.8240 13 4483 110.4010 -42.9300
-3.9041685276e-01 7.6343006078e-01 -7.9324554328e+00
106 82 12
2 4 170 -48.4760 200.2017 13 179 -44.2890 187.8070
-5.3606316345e-01 7.0630890391e-01 -7.9442251534e+00
119 82 7
2 4 227 -80.0430 184.8494 13 223 -73.2530 171.9732
-6.1435468443e-01 5.0370645739e-01 -8.0875810985e+00
71 42 2
2 4 410 -91.1020 130.0960 13 387 -83.5090 119.0200
-2.6316710939e+00 4.2240000702e-01 -1.1848859834e+01
232 216 99
2 4 883 -236.5995 9.4760 13 883 -271.5069 -11.0980
2.0748372132e+00 -4.6847788817e-01 -1.1405587197e+01
215 203 82
2 4 1066 207.8090 -38.5600 13 935 165.2730 -21.0940
-2.1777173113e+00 -3.4051291559e-01 -1.0029577621e+01
194 170 46
2 4 1160 -256.9695 -62.6170 13 2320 -270.6324 -84.2320
-2.2111620458e+00 -4.6136961011e-01 -9.8527451448e+00
235 214 87
3 4 1213 -269.9818 -79.6960 13 1201 -280.5051 -103.0600 18 3352 -306.9214 -127.7490
-7.5591767998e-01 -1.1818312468e+00 -8.3747856717e+00
84 92 32
2 4 1721 -90.7300 -221.0720 13 1578 -60.3260 -217.2070
-1.0694769260e+00 -1.1541299793e+00 -8.3319975645e+00
167 169 82
2 4 1729 -156.4230 -223.7920 13 1618 -122.7910 -227.2610
-2.3038728230e-01 7.9058903657e-01 -7.9514869683e+00
97 80 2
2 4 1830 -13.3430 206.2594 13 155 -12.5130 194.9830
-3.6447753438e-01 7.6588307916e-01 -7.9076511099e+00
154 125 38
2 4 1836 -42.8830 203.3531 13 1743 -38.4840 191.0627
-5.2501906208e-01 7.7989915725e-01 -7.9522935252e+00
147 89 0
2 4 1843 -78.4870 200.1059 13 1752 -73.4030 186.6881
-6.7262028335e-01 3.5216409821e-01 -8.0849416546e+00
100 65 0
3 4 2032 -101.4330 98.3450 13 1942 -90.9140 87.0330 18 526 -69.1810 89.4560
-2.2996595893e+00 8.8347555670e-01 -1.3081737876e+01
236 217 94
2 4 2159 -179.0190 37.2330 13 2908 -220.0538 22.1360
-2.1292771602e+00 1.2830298670e-02 -1.1166600314e+01
215 196 65
2 4 2311 -207.8500 -21.8920 13 983 -233.7775 -40.2940
-4.1852703941e-01 -1.2184422308e+00 -8.4521329929e+00
65 70 15
2 4 2776 -22.5550 -217.7060 13 2569 2.0370 -206.5380
-5.1503978231e-01 7.6595664288e-01 -7.9485697423e+00
220 170 41
2 4 2849 -76.1200 197.7162 13 2672 -70.8120 184.2228
-6.7219938931e-01 5.0762870214e-01 -8.0337380789e+00
122 73 4
3 4 2916 -105.1630 133.6410 13 2730 -95.5730 121.9370 18 1954 -74.5920 124.6810
-6.9154694892e-01 4.1013016831e-01 -8.0453535170e+00
131 83 13
3 4 2948 -107.6400 111.5500 13 2776 -96.5590 100.6030 18 3014 -74.4450 103.7580
-7.2842052101e-01 3.9810899975e-01 -8.0560999990e+00
130 78 9
2 4 2961 -115.2310 107.7470 13 1919 -103.8180 97.0250
-7.9329301210e-01 3.9696116170e-01 -8.0833074320e+00
122 73 0
2 4 2964 -128.3300 105.2340 13 2787 -117.1610 93.5210
-6.5250675389e-01 3.6585218511e-01 -8.0678116542e+00
91 58 0
2 4 2970 -97.9290 101.4290 13 1930 -86.9270 91.7840
-7.3178090223e-01 2.7405698595e-01 -8.0261188820e+00
17 30 4
2 4 3017 -115.2660 83.1510 13 2828 -100.6580 72.3410
-6.0888108141e-01 -1.6372760081e-01 -7.9934426302e+00
8 26 2
2 4 3143 -82.4150 -10.7780 13 2971 -59.8010 -14.3450
-1.9443673512e+00 -1.3266680797e-01 -1.1244662358e+01
232 218 85
2 4 3184 -185.8070 -34.7790 13 3496 -210.2920 -52.5110
3.9654394217e-01 -9.4531887227e-01 -9.2303779796e+00
96 107 45
2 4 3329 97.7960 -128.1210 13 3092 91.6610 -112.5070
-8.1897353819e-01 -1.1668506711e+00 -8.5266616930e+00
52 60 13
2 4 3452 -99.8080 -210.2250 13 3208 -73.6380 -208.9450
-5.3101128480e-01 -1.2141091442e+00 -8.5742933828e+00
86 94 35
2 4 3457 -43.8320 -211.7180 13 3199 -21.1120 -204.2910
-8.8338326809e-02 6.4998270416e-01 -7.9406013196e+00
80 76 11
2 4 3526 20.5810 179.1607 13 3306 21.5280 170.2534
-7.8389675380e-01 4.5794555105e-01 -8.0800384605e+00
138 84 0
2 4 3568 -127.1990 118.5770 13 3784 -117.1490 106.0910
-5.4237615409e-01 3.6670437026e-01 -8.0843701362e+00
70 71 14
2 4 3585 -73.8000 102.5420 13 3372 -64.4220 93.7320
-7.8972378752e-01 3.4568408896e-01 -8.0914044676e+00
125 85 8
3 4 3595 -126.4940 93.8540 13 3382 -114.8790 82.6750 18 4078 -93.4910 84.5720
2.5687539565e+00 -4.9427518639e-02 -1.2669281889e+01
216 198 70
2 4 3691 202.7190 -3.3030 13 2923 152.7210 10.4660
-2.4361149999e+00 -1.4527360935e-01 -1.0649343431e+01
238 220 94
2 4 3722 -259.8603 -39.9910 13 3505 -282.3609 -63.2840
-7.5487469434e-01 -3.7075963608e-01 -8.0788169558e+00
10 28 3
2 4 3735 -109.7060 -59.6990 13 3506 -84.3390 -63.1440
-7.2855369310e-01 -4.2667923083e-01 -8.0394448463e+00
27 45 17
2 4 3743 -104.2630 -72.3180 13 3523 -76.8160 -73.9290
-3.3592476297e-01 -1.1629609583e+00 -8.4714354097e+00
159 169 98
2 4 3893 -7.4470 -204.0020 13 3653 14.5890 -192.4340
-2.2425497591e-01 6.8736244316e-01 -7.9122751378e+00
26 44 4
2 4 3958 -10.0020 188.0892 13 3298 -6.5910 177.0492
-3.2391944364e-01 5.8947993743e-01 -7.8184652945e+00
29 47 7
2 4 3973 -30.9790 173.5444 13 3760 -21.6730 161.5275
2.2893490221e+00 -5.9868041896e-01 -1.1094591794e+01
247 235 128
2 4 4094 242.4310 -49.6260 13 3476 198.3920 -28.5330
-1.9974666391e+00 -6.3229232963e-01 -9.5297799448e+00
248 247 155
2 4 4140 -257.0878 -104.9150 13 3919 -260.0719 -126.5550
-5.1539539351e-01 -7.7754104516e-01 -8.3467322349e+00
89 91 18
2 4 4162 -48.4180 -136.1240 13 3923 -26.8040 -131.0820
-3.4883349917e-01 -1.1315915386e+00 -8.5002469048e+00
38 50 0
3 4 4235 -10.4930 -197.0950 13 3977 10.3180 -185.4780 18 4466 34.1350 -182.0680
2.2489436486e+00 -3.6404946992e-01 -1.1655156683e+01
222 206 80
2 4 4365 213.2470 -27.9680 13 3863 168.0780 -10.9800
2.6577514129e-01 2.6348819671e-01 -8.7027725447e+00
59 59 0
2 4 4598 76.3250 67.3600 13 4272 64.0990 69.5260
2.7399713140e+00 -2.8309910195e-01 -1.2094905340e+01
190 155 25
2 4 4609 237.8820 -19.2760 13 4286 187.3170 -0.4130
-1.3191995452e+00 -2.7650446091e-01 -8.5671767271e+00
230 216 83
2 4 4750 -203.4520 -47.3970 13 4518 -191.3320 -61.6060
-5.5070215544e-01 7.3466069542e-01 -7.9572791246e+00
170 116 21
2 1 270 -31.1000 152.2993 18 1837 -56.8520 180.9921
-2.2551850685e+00 1.1742044071e+00 -1.3980772073e+01
214 202 73
2 1 485 -115.5660 92.8910 18 2203 -272.6364 19.4520
-7.6955068974e-01 1.4217798960e-01 -8.1056059612e+00
7 24 0
2 1 775 -72.8730 21.3900 18 703 -80.7190 42.8650
-2.1426108557e+00 -3.9657936317e-01 -9.9103776718e+00
239 211 85
2 1 1015 -209.5330 -44.0030 18 1315 -296.9528 -115.0430
-5.3694965820e-01 7.0239044347e-01 -7.9297136713e+00
121 82 10
2 1 1932 -28.2950 146.0662 18 225 -51.3800 177.3846
-2.2624678337e-01 6.8040368712e-01 -7.8992011437e+00
16 37 0
2 1 3663 41.1990 142.2896 18 1833 14.0620 183.1835
-2.1701026143e+00 -1.9909451765e-02 -1.1016940013e+01
200 180 45
2 1 3789 -170.9040 7.2500 18 3790 -285.1339 -63.7380
-1.8903102739e+00 -2.3891170171e-01 -1.0416935177e+01
234 218 77
2 1 3819 -160.7480 -18.7660 18 3810 -254.7290 -82.8070
1.1092976619e-01 2.2877494721e-01 -8.5472730411e+00
65 66 0
2 1 4190 95.3010 38.0440 18 3073 48.8450 70.6050
-2.1057095631e+00 2.6174462562e-01 -1.1649047241e+01
231 214 72
2 1 4192 -147.7500 35.1220 18 4408 -272.9345 -34.9460
9.6879321484e-02 4.6058938994e-02 -8.6772731560e+00
78 80 7
2 1 4467 89.1630 6.9670 18 3707 46.1260 35.6050
-5.1209919868e-01 7.3355449209e-01 -7.9080575638e+00
151 106 0
2 4 1853 -75.7620 193.9802 18 2911 -46.5300 186.6037
-6.1883615140e-01 1.6886195569e-01 -8.1517224742e+00
38 48 0
2 4 2116 -85.9490 56.9140 18 2130 -52.7650 51.6200
-6.7098935314e-01 5.4744539116e-01 -8.0255619506e+00
109 64 0
2 4 2911 -105.6370 142.6156 18 1932 -75.9200 133.8970
-7.5372741083e-01 3.6235969682e-01 -8.0705997280e+00
115 66 0
2 4 3587 -119.7490 99.4600 18 3658 -86.0810 89.9730
-1.1578917348e+00 -9.8561509243e-01 -8.2510801719e+00
220 226 128
2 4 4740 -181.2030 -195.9190 18 4775 -112.1740 -212.4440
-6.7320872875e-01 5.2836562753e-01 -8.0259301391e+00
114 67 0
2 13 359 -96.5420 126.4110 18 398 -75.4800 129.7330
-1.5572649224e+00 6.3517452726e-01 -1.2840223131e+01
203 184 55
2 13 792 -161.7230 13.6370 18 2257 -217.0050 0.2510
-1.6577043753e+00 -6.3476064286e-02 -1.0972044031e+01
215 203 87
2 13 980 -186.3470 -39.4740 18 1107 -224.4417 -55.2380
-1.9702927424e+00 -4.1466952581e-01 -1.0038103205e+01
227 213 101
2 13 1134 -241.1062 -88.8280 18 1299 -267.6925 -110.4690
-1.1519397993e-01 7.1719560837e-01 -8.0134818616e+00
70 66 14
2 13 1769 11.1550 177.6649 18 210 26.0570 182.2990
-1.2830687859e+00 1.8963905186e-01 -7.1979190856e+00
78 82 4
2 13 1954 -278.4787 78.5070 18 3666 -202.2740 80.0580
-1.4522555610e+00 1.0558247880e-01 -1.1347908521e+01
177 166 48
2 13 2174 -161.9360 -21.0010 18 3235 -203.5100 -33.3390
-1.9641795503e+00 -4.6551881508e-01 -9.9066463299e+00
253 253 154
2 13 2339 -243.8635 -96.9520 18 2560 -267.9349 -118.3990
1.4102240956e-02 -9.9751315356e-01 -8.9931643572e+00
77 83 33
2 13 2418 48.4030 -134.9760 18 2580 53.1430 -130.7500
-3.9709146796e-01 7.3020953560e-01 -7.9375810884e+00
73 65 9
2 13 2680 -44.6410 180.3562 18 2915 -24.2520 185.4737
4.3236199233e+00 -1.7500672201e-01 -1.3040207000e+01
95 104 53
2 13 2915 253.7850 17.5270 18 2190 187.5250 25.4430
-1.7090959737e+00 4.8315894914e-01 -1.2498796384e+01
195 176 48
2 13 2942 -176.1180 2.6750 18 3743 -229.5656 -12.2800
-1.7090959737e+00 4.8315894914e-01 -1.2498796384e+01
195 176 48
2 13 2943 -176.1180 2.6750 18 3744 -229.5656 -12.2800
-1.8231190196e+00 1.2669614108e+00 -1.4483981871e+01
244 228 93
2 13 3424 -171.7470 39.5280 18 4117 -237.8908 26.1970
-4.4460633610e-01 -1.3019805533e+00 -8.5437349834e+00
140 150 79
2 13 3680 -2.6650 -217.6100 18 3956 22.6550 -216.5180
-1.7922488421e+00 8.0586077890e-01 -1.2998554727e+01
233 215 87
2 13 3847 -180.3970 21.6120 18 4128 -238.9141 9.2930
-7.1356409883e-01 -4.5695656425e-01 -8.0478661728e+00
13 36 0
2 13 3894 -72.5880 -80.1610 18 4185 -36.9150 -81.0770
-5.3550737709e-01 -9.6608863636e-01 -8.4643018760e+00
59 62 5
2 13 3955 -27.0730 -163.7640 18 4244 -2.3670 -163.6960
-8.0802574712e-01 -3.4880905525e-01 -8.0455318422e+00
13 31 0
2 13 4153 -96.3440 -61.1650 18 4413 -62.0530 -62.4620
-6.6685302604e-01 2.9651541742e-01 -8.1250942866e+00
14 13 9
2 13 4363 -87.6800 74.4770 18 4642 -67.1520 76.7060
-2.0229466083e+00 -1.2332652161e-01 -1.0712720031e+01
238 220 94
2 13 4380 -231.9950 -52.7430 18 4707 -270.2417 -71.4160
-1.7608124546e+00 -5.6366061948e-01 -9.7210627525e+00
243 247 162
2 13 4388 -219.7905 -106.3660 18 4713 -237.2871 -128.2500
7.1914227764e-01 -1.2897192238e+00 -8.6379714643e+00
205 217 117
2 13 4401 182.4320 -169.6750 18 4678 185.4160 -150.3630
-4.2451480705e-01 -1.2588239384e+00 -8.2799442094e+00
174 186 104
2 13 4475 7.4660 -223.5500 18 4760 41.8010 -219.6580
